#
# A fatal error has been detected by the Java Runtime Environment:
#
#  EXCEPTION_ACCESS_VIOLATION (0xc0000005) at pc=0x000000006e7814a6, pid=9300, tid=7288
#
# JRE version: Java(TM) SE Runtime Environment 18.9 (11.0.8+10) (build 11.0.8+10-LTS)
# Java VM: Java HotSpot(TM) 64-Bit Server VM 18.9 (11.0.8+10-LTS, mixed mode, tiered, compressed oops, g1 gc, windows-amd64)
# Problematic frame:
# C  [JavaController.dll+0x14a6]
#
# No core dump will be written. Minidumps are not enabled by default on client versions of Windows
#
# If you would like to submit a bug report, please visit:
#   https://bugreport.java.com/bugreport/crash.jsp
# The crash happened outside the Java Virtual Machine in native code.
# See problematic frame for where to report the bug.
#

---------------  S U M M A R Y ------------

Command Line: -Djava.library.path=C:/Users/15149/AppData/Local/Programs/Webots/lib/controller/java T06Controller

Host: Intel(R) Core(TM) i3-8145U CPU @ 2.10GHz, 4 cores, 7G,  Windows 10 , 64 bit Build 18362 (10.0.18362.1082)
Time: Fri Nov 13 13:29:53 2020 Eastern Standard Time elapsed time: 1 seconds (0d 0h 0m 1s)

---------------  T H R E A D  ---------------

Current thread (0x00000216cf7bb800):  JavaThread "main" [_thread_in_native, id=7288, stack(0x0000004d0cd00000,0x0000004d0ce00000)]

Stack: [0x0000004d0cd00000,0x0000004d0ce00000],  sp=0x0000004d0cdff240,  free space=1020k
Native frames: (J=compiled Java code, j=interpreted, Vv=VM code, C=native code)
C  [JavaController.dll+0x14a6]

Java frames: (J=compiled Java code, j=interpreted, Vv=VM code)
j  com.cyberbotics.webots.controller.wrapperJNI.Camera_getImage(JLcom/cyberbotics/webots/controller/Camera;)[I+0
j  com.cyberbotics.webots.controller.Camera.getImage()[I+5
j  simlejos.hardware.sensor.EV3ColorSensor$RedMode.fetchSample([FI)V+17
j  ca.mcgill.ecse211.project.LightLocalizer.lightSensorSample(I)I+22
j  ca.mcgill.ecse211.project.LightLocalizer.passBlackLine()V+1
j  ca.mcgill.ecse211.project.LightLocalizer.localizeForFinal()V+3
j  ca.mcgill.ecse211.project.Navigation.crossBridge(Lca/mcgill/ecse211/playingfield/Point;Lca/mcgill/ecse211/playingfield/Point;Lca/mcgill/ecse211/playingfield/Point;)V+143
j  ca.mcgill.ecse211.project.Main.main([Ljava/lang/String;)V+68
j  T06Controller.main([Ljava/lang/String;)V+1
v  ~StubRoutines::call_stub

siginfo: EXCEPTION_ACCESS_VIOLATION (0xc0000005), reading address 0x0000000000000000


Register to memory mapping:

RIP=0x000000006e7814a6 JavaController.dll
RAX=0x0 is NULL
RBX=0x0 is NULL
RCX=0x0000000000000001 is an unknown value
RDX=0x0000000000000006 is an unknown value
RSP=0x0000004d0cdff240 is pointing into the stack for thread: 0x00000216cf7bb800
RBP=0x0000000000000001 is an unknown value
RSI=0x00000216cf7bbb40 points into unknown readable memory: 00 2d 77 cb fe 7f 00 00
RDI=0x00000216cd6550b0 points into unknown readable memory: 38 5d 63 8a 00 00 00 00
R8 =0x00000216cd621540 points into unknown readable memory: 00 00 00 00 65 78 74 00
R9 =0x000000008a635d48 is pointing into object: [I 
{0x000000008a635d38} - klass: {type array int}
 - length: 1
R10=0x0 is NULL
R11=0x0000004d0cdff220 is pointing into the stack for thread: 0x00000216cf7bb800
R12=0x0 is NULL
R13={method} {0x00000216edfab4f0} 'Camera_getImage' '(JLcom/cyberbotics/webots/controller/Camera;)[I' in 'com/cyberbotics/webots/controller/wrapperJNI'
R14=0x0000004d0cdff390 is pointing into the stack for thread: 0x00000216cf7bb800
R15=0x00000216cf7bb800 is a thread


Registers:
RAX=0x0000000000000000, RBX=0x0000000000000000, RCX=0x0000000000000001, RDX=0x0000000000000006
RSP=0x0000004d0cdff240, RBP=0x0000000000000001, RSI=0x00000216cf7bbb40, RDI=0x00000216cd6550b0
R8 =0x00000216cd621540, R9 =0x000000008a635d48, R10=0x0000000000000000, R11=0x0000004d0cdff220
R12=0x0000000000000000, R13=0x00000216edfab4e8, R14=0x0000004d0cdff390, R15=0x00000216cf7bb800
RIP=0x000000006e7814a6, EFLAGS=0x0000000000010202

Top of Stack: (sp=0x0000004d0cdff240)
0x0000004d0cdff240:   0000000000000000 0000000000000001
0x0000004d0cdff250:   00000216cf7bbb40 00000216cd6550b0
0x0000004d0cdff260:   00000216ee8744c0 00000216ee8744c0
0x0000004d0cdff270:   00000216cf7bbb40 0000000000000000
0x0000004d0cdff280:   0000000000000001 000000006e7820a8
0x0000004d0cdff290:   00000216ee8744c0 00000000000004e8
0x0000004d0cdff2a0:   00000216edfab4e8 00000216d7bcee80
0x0000004d0cdff2b0:   0000004d0cdffa00 00000216edfab4e8
0x0000004d0cdff2c0:   00000000000004e8 000000000000062b
0x0000004d0cdff2d0:   0000004d0cdff360 00000216d7bcf037
0x0000004d0cdff2e0:   000000000000062b 00000216d7bced32
0x0000004d0cdff2f0:   00000216cf7bb800 00000216edfab4e8
0x0000004d0cdff300:   0000004d0cdff360 00000000000004e8
0x0000004d0cdff310:   00000216d7bcecd6 0000004d0cdff318
0x0000004d0cdff320:   00000216edfab4e8 0000004d0cdff390
0x0000004d0cdff330:   00000216edfc0410 0000000000000000 

Instructions: (pc=0x000000006e7814a6)
0x000000006e781486:   00 48 89 fa 48 89 f1 ff 90 d8 05 00 00 49 89 c0
0x000000006e781496:   48 85 c0 74 3c 85 ed 7e 17 89 e9 b8 00 00 00 00
0x000000006e7814a6:   8b 14 83 41 89 14 80 48 83 c0 01 48 39 c8 75 f0
0x000000006e7814b6:   48 8b 06 41 b9 00 00 00 00 48 89 fa 48 89 f1 ff 


Stack slot to memory mapping:
stack at sp + 0 slots: 0x0 is NULL
stack at sp + 1 slots: 0x0000000000000001 is an unknown value
stack at sp + 2 slots: 0x00000216cf7bbb40 points into unknown readable memory: 00 2d 77 cb fe 7f 00 00
stack at sp + 3 slots: 0x00000216cd6550b0 points into unknown readable memory: 38 5d 63 8a 00 00 00 00
stack at sp + 4 slots: 0x00000216ee8744c0 points into unknown readable memory: 40 8c f5 64 00 00 00 00
stack at sp + 5 slots: 0x00000216ee8744c0 points into unknown readable memory: 40 8c f5 64 00 00 00 00
stack at sp + 6 slots: 0x00000216cf7bbb40 points into unknown readable memory: 00 2d 77 cb fe 7f 00 00
stack at sp + 7 slots: 0x0 is NULL


---------------  P R O C E S S  ---------------

Threads class SMR info:
_java_thread_list=0x00000216ee6ac150, length=12, elements={
0x00000216cf7bb800, 0x00000216edafe800, 0x00000216edb2c800, 0x00000216edb3e000,
0x00000216edb40800, 0x00000216edb4a800, 0x00000216edb53000, 0x00000216edb50000,
0x00000216ee610000, 0x00000216ee611800, 0x00000216ee6a4800, 0x00000216ee85a800
}

Java Threads: ( => current thread )
=>0x00000216cf7bb800 JavaThread "main" [_thread_in_native, id=7288, stack(0x0000004d0cd00000,0x0000004d0ce00000)]
  0x00000216edafe800 JavaThread "Reference Handler" daemon [_thread_blocked, id=11532, stack(0x0000004d0d400000,0x0000004d0d500000)]
  0x00000216edb2c800 JavaThread "Finalizer" daemon [_thread_blocked, id=11464, stack(0x0000004d0d500000,0x0000004d0d600000)]
  0x00000216edb3e000 JavaThread "Signal Dispatcher" daemon [_thread_blocked, id=2468, stack(0x0000004d0d600000,0x0000004d0d700000)]
  0x00000216edb40800 JavaThread "Attach Listener" daemon [_thread_blocked, id=15380, stack(0x0000004d0d700000,0x0000004d0d800000)]
  0x00000216edb4a800 JavaThread "C2 CompilerThread0" daemon [_thread_in_native, id=9440, stack(0x0000004d0d800000,0x0000004d0d900000)]
  0x00000216edb53000 JavaThread "C1 CompilerThread0" daemon [_thread_blocked, id=3216, stack(0x0000004d0d900000,0x0000004d0da00000)]
  0x00000216edb50000 JavaThread "Sweeper thread" daemon [_thread_blocked, id=6512, stack(0x0000004d0da00000,0x0000004d0db00000)]
  0x00000216ee610000 JavaThread "Service Thread" daemon [_thread_blocked, id=8964, stack(0x0000004d0db00000,0x0000004d0dc00000)]
  0x00000216ee611800 JavaThread "Common-Cleaner" daemon [_thread_blocked, id=7920, stack(0x0000004d0dd00000,0x0000004d0de00000)]
  0x00000216ee6a4800 JavaThread "Thread-0" [_thread_in_native, id=13704, stack(0x0000004d0de00000,0x0000004d0df00000)]
  0x00000216ee85a800 JavaThread "Thread-1" [_thread_blocked, id=16040, stack(0x0000004d0df00000,0x0000004d0e000000)]

Other Threads:
  0x00000216edafc000 VMThread "VM Thread" [stack: 0x0000004d0d300000,0x0000004d0d400000] [id=2144]
  0x00000216ee610800 WatcherThread [stack: 0x0000004d0dc00000,0x0000004d0dd00000] [id=10948]
  0x00000216cf7ce000 GCTaskThread "GC Thread#0" [stack: 0x0000004d0ce00000,0x0000004d0cf00000] [id=13964]
  0x00000216cf7ff800 ConcurrentGCThread "G1 Main Marker" [stack: 0x0000004d0cf00000,0x0000004d0d000000] [id=104]
  0x00000216cf806000 ConcurrentGCThread "G1 Conc#0" [stack: 0x0000004d0d000000,0x0000004d0d100000] [id=6348]
  0x00000216ed970800 ConcurrentGCThread "G1 Refine#0" [stack: 0x0000004d0d100000,0x0000004d0d200000] [id=8432]
  0x00000216ed971800 ConcurrentGCThread "G1 Young RemSet Sampling" [stack: 0x0000004d0d200000,0x0000004d0d300000] [id=3016]

Threads with active compile tasks:
C2 CompilerThread0   1195  550       4       jdk.internal.org.objectweb.asm.Frame::execute (2264 bytes)

VM state:not at safepoint (normal execution)

VM Mutex/Monitor currently owned by a thread: None

Heap address: 0x0000000082e00000, size: 2002 MB, Compressed Oops mode: 32-bit
Narrow klass base: 0x0000000000000000, Narrow klass shift: 3
Compressed class space size: 1073741824 Address: 0x0000000100000000

Heap:
 garbage-first heap   total 129024K, used 5120K [0x0000000082e00000, 0x0000000100000000)
  region size 1024K, 6 young (6144K), 0 survivors (0K)
 Metaspace       used 7640K, capacity 7884K, committed 8064K, reserved 1056768K
  class space    used 696K, capacity 781K, committed 896K, reserved 1048576K
Heap Regions: E=young(eden), S=young(survivor), O=old, HS=humongous(starts), HC=humongous(continues), CS=collection set, F=free, A=archive, TAMS=top-at-mark-start (previous, next)
|   0|0x0000000082e00000, 0x0000000082e00000, 0x0000000082f00000|  0%| F|  |TAMS 0x0000000082e00000, 0x0000000082e00000| Untracked 
|   1|0x0000000082f00000, 0x0000000082f00000, 0x0000000083000000|  0%| F|  |TAMS 0x0000000082f00000, 0x0000000082f00000| Untracked 
|   2|0x0000000083000000, 0x0000000083000000, 0x0000000083100000|  0%| F|  |TAMS 0x0000000083000000, 0x0000000083000000| Untracked 
|   3|0x0000000083100000, 0x0000000083100000, 0x0000000083200000|  0%| F|  |TAMS 0x0000000083100000, 0x0000000083100000| Untracked 
|   4|0x0000000083200000, 0x0000000083200000, 0x0000000083300000|  0%| F|  |TAMS 0x0000000083200000, 0x0000000083200000| Untracked 
|   5|0x0000000083300000, 0x0000000083300000, 0x0000000083400000|  0%| F|  |TAMS 0x0000000083300000, 0x0000000083300000| Untracked 
|   6|0x0000000083400000, 0x0000000083400000, 0x0000000083500000|  0%| F|  |TAMS 0x0000000083400000, 0x0000000083400000| Untracked 
|   7|0x0000000083500000, 0x0000000083500000, 0x0000000083600000|  0%| F|  |TAMS 0x0000000083500000, 0x0000000083500000| Untracked 
|   8|0x0000000083600000, 0x0000000083600000, 0x0000000083700000|  0%| F|  |TAMS 0x0000000083600000, 0x0000000083600000| Untracked 
|   9|0x0000000083700000, 0x0000000083700000, 0x0000000083800000|  0%| F|  |TAMS 0x0000000083700000, 0x0000000083700000| Untracked 
|  10|0x0000000083800000, 0x0000000083800000, 0x0000000083900000|  0%| F|  |TAMS 0x0000000083800000, 0x0000000083800000| Untracked 
|  11|0x0000000083900000, 0x0000000083900000, 0x0000000083a00000|  0%| F|  |TAMS 0x0000000083900000, 0x0000000083900000| Untracked 
|  12|0x0000000083a00000, 0x0000000083a00000, 0x0000000083b00000|  0%| F|  |TAMS 0x0000000083a00000, 0x0000000083a00000| Untracked 
|  13|0x0000000083b00000, 0x0000000083b00000, 0x0000000083c00000|  0%| F|  |TAMS 0x0000000083b00000, 0x0000000083b00000| Untracked 
|  14|0x0000000083c00000, 0x0000000083c00000, 0x0000000083d00000|  0%| F|  |TAMS 0x0000000083c00000, 0x0000000083c00000| Untracked 
|  15|0x0000000083d00000, 0x0000000083d00000, 0x0000000083e00000|  0%| F|  |TAMS 0x0000000083d00000, 0x0000000083d00000| Untracked 
|  16|0x0000000083e00000, 0x0000000083e00000, 0x0000000083f00000|  0%| F|  |TAMS 0x0000000083e00000, 0x0000000083e00000| Untracked 
|  17|0x0000000083f00000, 0x0000000083f00000, 0x0000000084000000|  0%| F|  |TAMS 0x0000000083f00000, 0x0000000083f00000| Untracked 
|  18|0x0000000084000000, 0x0000000084000000, 0x0000000084100000|  0%| F|  |TAMS 0x0000000084000000, 0x0000000084000000| Untracked 
|  19|0x0000000084100000, 0x0000000084100000, 0x0000000084200000|  0%| F|  |TAMS 0x0000000084100000, 0x0000000084100000| Untracked 
|  20|0x0000000084200000, 0x0000000084200000, 0x0000000084300000|  0%| F|  |TAMS 0x0000000084200000, 0x0000000084200000| Untracked 
|  21|0x0000000084300000, 0x0000000084300000, 0x0000000084400000|  0%| F|  |TAMS 0x0000000084300000, 0x0000000084300000| Untracked 
|  22|0x0000000084400000, 0x0000000084400000, 0x0000000084500000|  0%| F|  |TAMS 0x0000000084400000, 0x0000000084400000| Untracked 
|  23|0x0000000084500000, 0x0000000084500000, 0x0000000084600000|  0%| F|  |TAMS 0x0000000084500000, 0x0000000084500000| Untracked 
|  24|0x0000000084600000, 0x0000000084600000, 0x0000000084700000|  0%| F|  |TAMS 0x0000000084600000, 0x0000000084600000| Untracked 
|  25|0x0000000084700000, 0x0000000084700000, 0x0000000084800000|  0%| F|  |TAMS 0x0000000084700000, 0x0000000084700000| Untracked 
|  26|0x0000000084800000, 0x0000000084800000, 0x0000000084900000|  0%| F|  |TAMS 0x0000000084800000, 0x0000000084800000| Untracked 
|  27|0x0000000084900000, 0x0000000084900000, 0x0000000084a00000|  0%| F|  |TAMS 0x0000000084900000, 0x0000000084900000| Untracked 
|  28|0x0000000084a00000, 0x0000000084a00000, 0x0000000084b00000|  0%| F|  |TAMS 0x0000000084a00000, 0x0000000084a00000| Untracked 
|  29|0x0000000084b00000, 0x0000000084b00000, 0x0000000084c00000|  0%| F|  |TAMS 0x0000000084b00000, 0x0000000084b00000| Untracked 
|  30|0x0000000084c00000, 0x0000000084c00000, 0x0000000084d00000|  0%| F|  |TAMS 0x0000000084c00000, 0x0000000084c00000| Untracked 
|  31|0x0000000084d00000, 0x0000000084d00000, 0x0000000084e00000|  0%| F|  |TAMS 0x0000000084d00000, 0x0000000084d00000| Untracked 
|  32|0x0000000084e00000, 0x0000000084e00000, 0x0000000084f00000|  0%| F|  |TAMS 0x0000000084e00000, 0x0000000084e00000| Untracked 
|  33|0x0000000084f00000, 0x0000000084f00000, 0x0000000085000000|  0%| F|  |TAMS 0x0000000084f00000, 0x0000000084f00000| Untracked 
|  34|0x0000000085000000, 0x0000000085000000, 0x0000000085100000|  0%| F|  |TAMS 0x0000000085000000, 0x0000000085000000| Untracked 
|  35|0x0000000085100000, 0x0000000085100000, 0x0000000085200000|  0%| F|  |TAMS 0x0000000085100000, 0x0000000085100000| Untracked 
|  36|0x0000000085200000, 0x0000000085200000, 0x0000000085300000|  0%| F|  |TAMS 0x0000000085200000, 0x0000000085200000| Untracked 
|  37|0x0000000085300000, 0x0000000085300000, 0x0000000085400000|  0%| F|  |TAMS 0x0000000085300000, 0x0000000085300000| Untracked 
|  38|0x0000000085400000, 0x0000000085400000, 0x0000000085500000|  0%| F|  |TAMS 0x0000000085400000, 0x0000000085400000| Untracked 
|  39|0x0000000085500000, 0x0000000085500000, 0x0000000085600000|  0%| F|  |TAMS 0x0000000085500000, 0x0000000085500000| Untracked 
|  40|0x0000000085600000, 0x0000000085600000, 0x0000000085700000|  0%| F|  |TAMS 0x0000000085600000, 0x0000000085600000| Untracked 
|  41|0x0000000085700000, 0x0000000085700000, 0x0000000085800000|  0%| F|  |TAMS 0x0000000085700000, 0x0000000085700000| Untracked 
|  42|0x0000000085800000, 0x0000000085800000, 0x0000000085900000|  0%| F|  |TAMS 0x0000000085800000, 0x0000000085800000| Untracked 
|  43|0x0000000085900000, 0x0000000085900000, 0x0000000085a00000|  0%| F|  |TAMS 0x0000000085900000, 0x0000000085900000| Untracked 
|  44|0x0000000085a00000, 0x0000000085a00000, 0x0000000085b00000|  0%| F|  |TAMS 0x0000000085a00000, 0x0000000085a00000| Untracked 
|  45|0x0000000085b00000, 0x0000000085b00000, 0x0000000085c00000|  0%| F|  |TAMS 0x0000000085b00000, 0x0000000085b00000| Untracked 
|  46|0x0000000085c00000, 0x0000000085c00000, 0x0000000085d00000|  0%| F|  |TAMS 0x0000000085c00000, 0x0000000085c00000| Untracked 
|  47|0x0000000085d00000, 0x0000000085d00000, 0x0000000085e00000|  0%| F|  |TAMS 0x0000000085d00000, 0x0000000085d00000| Untracked 
|  48|0x0000000085e00000, 0x0000000085e00000, 0x0000000085f00000|  0%| F|  |TAMS 0x0000000085e00000, 0x0000000085e00000| Untracked 
|  49|0x0000000085f00000, 0x0000000085f00000, 0x0000000086000000|  0%| F|  |TAMS 0x0000000085f00000, 0x0000000085f00000| Untracked 
|  50|0x0000000086000000, 0x0000000086000000, 0x0000000086100000|  0%| F|  |TAMS 0x0000000086000000, 0x0000000086000000| Untracked 
|  51|0x0000000086100000, 0x0000000086100000, 0x0000000086200000|  0%| F|  |TAMS 0x0000000086100000, 0x0000000086100000| Untracked 
|  52|0x0000000086200000, 0x0000000086200000, 0x0000000086300000|  0%| F|  |TAMS 0x0000000086200000, 0x0000000086200000| Untracked 
|  53|0x0000000086300000, 0x0000000086300000, 0x0000000086400000|  0%| F|  |TAMS 0x0000000086300000, 0x0000000086300000| Untracked 
|  54|0x0000000086400000, 0x0000000086400000, 0x0000000086500000|  0%| F|  |TAMS 0x0000000086400000, 0x0000000086400000| Untracked 
|  55|0x0000000086500000, 0x0000000086500000, 0x0000000086600000|  0%| F|  |TAMS 0x0000000086500000, 0x0000000086500000| Untracked 
|  56|0x0000000086600000, 0x0000000086600000, 0x0000000086700000|  0%| F|  |TAMS 0x0000000086600000, 0x0000000086600000| Untracked 
|  57|0x0000000086700000, 0x0000000086700000, 0x0000000086800000|  0%| F|  |TAMS 0x0000000086700000, 0x0000000086700000| Untracked 
|  58|0x0000000086800000, 0x0000000086800000, 0x0000000086900000|  0%| F|  |TAMS 0x0000000086800000, 0x0000000086800000| Untracked 
|  59|0x0000000086900000, 0x0000000086900000, 0x0000000086a00000|  0%| F|  |TAMS 0x0000000086900000, 0x0000000086900000| Untracked 
|  60|0x0000000086a00000, 0x0000000086a00000, 0x0000000086b00000|  0%| F|  |TAMS 0x0000000086a00000, 0x0000000086a00000| Untracked 
|  61|0x0000000086b00000, 0x0000000086b00000, 0x0000000086c00000|  0%| F|  |TAMS 0x0000000086b00000, 0x0000000086b00000| Untracked 
|  62|0x0000000086c00000, 0x0000000086c00000, 0x0000000086d00000|  0%| F|  |TAMS 0x0000000086c00000, 0x0000000086c00000| Untracked 
|  63|0x0000000086d00000, 0x0000000086d00000, 0x0000000086e00000|  0%| F|  |TAMS 0x0000000086d00000, 0x0000000086d00000| Untracked 
|  64|0x0000000086e00000, 0x0000000086e00000, 0x0000000086f00000|  0%| F|  |TAMS 0x0000000086e00000, 0x0000000086e00000| Untracked 
|  65|0x0000000086f00000, 0x0000000086f00000, 0x0000000087000000|  0%| F|  |TAMS 0x0000000086f00000, 0x0000000086f00000| Untracked 
|  66|0x0000000087000000, 0x0000000087000000, 0x0000000087100000|  0%| F|  |TAMS 0x0000000087000000, 0x0000000087000000| Untracked 
|  67|0x0000000087100000, 0x0000000087100000, 0x0000000087200000|  0%| F|  |TAMS 0x0000000087100000, 0x0000000087100000| Untracked 
|  68|0x0000000087200000, 0x0000000087200000, 0x0000000087300000|  0%| F|  |TAMS 0x0000000087200000, 0x0000000087200000| Untracked 
|  69|0x0000000087300000, 0x0000000087300000, 0x0000000087400000|  0%| F|  |TAMS 0x0000000087300000, 0x0000000087300000| Untracked 
|  70|0x0000000087400000, 0x0000000087400000, 0x0000000087500000|  0%| F|  |TAMS 0x0000000087400000, 0x0000000087400000| Untracked 
|  71|0x0000000087500000, 0x0000000087500000, 0x0000000087600000|  0%| F|  |TAMS 0x0000000087500000, 0x0000000087500000| Untracked 
|  72|0x0000000087600000, 0x0000000087600000, 0x0000000087700000|  0%| F|  |TAMS 0x0000000087600000, 0x0000000087600000| Untracked 
|  73|0x0000000087700000, 0x0000000087700000, 0x0000000087800000|  0%| F|  |TAMS 0x0000000087700000, 0x0000000087700000| Untracked 
|  74|0x0000000087800000, 0x0000000087800000, 0x0000000087900000|  0%| F|  |TAMS 0x0000000087800000, 0x0000000087800000| Untracked 
|  75|0x0000000087900000, 0x0000000087900000, 0x0000000087a00000|  0%| F|  |TAMS 0x0000000087900000, 0x0000000087900000| Untracked 
|  76|0x0000000087a00000, 0x0000000087a00000, 0x0000000087b00000|  0%| F|  |TAMS 0x0000000087a00000, 0x0000000087a00000| Untracked 
|  77|0x0000000087b00000, 0x0000000087b00000, 0x0000000087c00000|  0%| F|  |TAMS 0x0000000087b00000, 0x0000000087b00000| Untracked 
|  78|0x0000000087c00000, 0x0000000087c00000, 0x0000000087d00000|  0%| F|  |TAMS 0x0000000087c00000, 0x0000000087c00000| Untracked 
|  79|0x0000000087d00000, 0x0000000087d00000, 0x0000000087e00000|  0%| F|  |TAMS 0x0000000087d00000, 0x0000000087d00000| Untracked 
|  80|0x0000000087e00000, 0x0000000087e00000, 0x0000000087f00000|  0%| F|  |TAMS 0x0000000087e00000, 0x0000000087e00000| Untracked 
|  81|0x0000000087f00000, 0x0000000087f00000, 0x0000000088000000|  0%| F|  |TAMS 0x0000000087f00000, 0x0000000087f00000| Untracked 
|  82|0x0000000088000000, 0x0000000088000000, 0x0000000088100000|  0%| F|  |TAMS 0x0000000088000000, 0x0000000088000000| Untracked 
|  83|0x0000000088100000, 0x0000000088100000, 0x0000000088200000|  0%| F|  |TAMS 0x0000000088100000, 0x0000000088100000| Untracked 
|  84|0x0000000088200000, 0x0000000088200000, 0x0000000088300000|  0%| F|  |TAMS 0x0000000088200000, 0x0000000088200000| Untracked 
|  85|0x0000000088300000, 0x0000000088300000, 0x0000000088400000|  0%| F|  |TAMS 0x0000000088300000, 0x0000000088300000| Untracked 
|  86|0x0000000088400000, 0x0000000088400000, 0x0000000088500000|  0%| F|  |TAMS 0x0000000088400000, 0x0000000088400000| Untracked 
|  87|0x0000000088500000, 0x0000000088500000, 0x0000000088600000|  0%| F|  |TAMS 0x0000000088500000, 0x0000000088500000| Untracked 
|  88|0x0000000088600000, 0x0000000088600000, 0x0000000088700000|  0%| F|  |TAMS 0x0000000088600000, 0x0000000088600000| Untracked 
|  89|0x0000000088700000, 0x0000000088700000, 0x0000000088800000|  0%| F|  |TAMS 0x0000000088700000, 0x0000000088700000| Untracked 
|  90|0x0000000088800000, 0x0000000088800000, 0x0000000088900000|  0%| F|  |TAMS 0x0000000088800000, 0x0000000088800000| Untracked 
|  91|0x0000000088900000, 0x0000000088900000, 0x0000000088a00000|  0%| F|  |TAMS 0x0000000088900000, 0x0000000088900000| Untracked 
|  92|0x0000000088a00000, 0x0000000088a00000, 0x0000000088b00000|  0%| F|  |TAMS 0x0000000088a00000, 0x0000000088a00000| Untracked 
|  93|0x0000000088b00000, 0x0000000088b00000, 0x0000000088c00000|  0%| F|  |TAMS 0x0000000088b00000, 0x0000000088b00000| Untracked 
|  94|0x0000000088c00000, 0x0000000088c00000, 0x0000000088d00000|  0%| F|  |TAMS 0x0000000088c00000, 0x0000000088c00000| Untracked 
|  95|0x0000000088d00000, 0x0000000088d00000, 0x0000000088e00000|  0%| F|  |TAMS 0x0000000088d00000, 0x0000000088d00000| Untracked 
|  96|0x0000000088e00000, 0x0000000088e00000, 0x0000000088f00000|  0%| F|  |TAMS 0x0000000088e00000, 0x0000000088e00000| Untracked 
|  97|0x0000000088f00000, 0x0000000088f00000, 0x0000000089000000|  0%| F|  |TAMS 0x0000000088f00000, 0x0000000088f00000| Untracked 
|  98|0x0000000089000000, 0x0000000089000000, 0x0000000089100000|  0%| F|  |TAMS 0x0000000089000000, 0x0000000089000000| Untracked 
|  99|0x0000000089100000, 0x0000000089100000, 0x0000000089200000|  0%| F|  |TAMS 0x0000000089100000, 0x0000000089100000| Untracked 
| 100|0x0000000089200000, 0x0000000089200000, 0x0000000089300000|  0%| F|  |TAMS 0x0000000089200000, 0x0000000089200000| Untracked 
| 101|0x0000000089300000, 0x0000000089300000, 0x0000000089400000|  0%| F|  |TAMS 0x0000000089300000, 0x0000000089300000| Untracked 
| 102|0x0000000089400000, 0x0000000089400000, 0x0000000089500000|  0%| F|  |TAMS 0x0000000089400000, 0x0000000089400000| Untracked 
| 103|0x0000000089500000, 0x0000000089500000, 0x0000000089600000|  0%| F|  |TAMS 0x0000000089500000, 0x0000000089500000| Untracked 
| 104|0x0000000089600000, 0x0000000089600000, 0x0000000089700000|  0%| F|  |TAMS 0x0000000089600000, 0x0000000089600000| Untracked 
| 105|0x0000000089700000, 0x0000000089700000, 0x0000000089800000|  0%| F|  |TAMS 0x0000000089700000, 0x0000000089700000| Untracked 
| 106|0x0000000089800000, 0x0000000089800000, 0x0000000089900000|  0%| F|  |TAMS 0x0000000089800000, 0x0000000089800000| Untracked 
| 107|0x0000000089900000, 0x0000000089900000, 0x0000000089a00000|  0%| F|  |TAMS 0x0000000089900000, 0x0000000089900000| Untracked 
| 108|0x0000000089a00000, 0x0000000089a00000, 0x0000000089b00000|  0%| F|  |TAMS 0x0000000089a00000, 0x0000000089a00000| Untracked 
| 109|0x0000000089b00000, 0x0000000089b00000, 0x0000000089c00000|  0%| F|  |TAMS 0x0000000089b00000, 0x0000000089b00000| Untracked 
| 110|0x0000000089c00000, 0x0000000089c00000, 0x0000000089d00000|  0%| F|  |TAMS 0x0000000089c00000, 0x0000000089c00000| Untracked 
| 111|0x0000000089d00000, 0x0000000089d00000, 0x0000000089e00000|  0%| F|  |TAMS 0x0000000089d00000, 0x0000000089d00000| Untracked 
| 112|0x0000000089e00000, 0x0000000089e00000, 0x0000000089f00000|  0%| F|  |TAMS 0x0000000089e00000, 0x0000000089e00000| Untracked 
| 113|0x0000000089f00000, 0x0000000089f00000, 0x000000008a000000|  0%| F|  |TAMS 0x0000000089f00000, 0x0000000089f00000| Untracked 
| 114|0x000000008a000000, 0x000000008a000000, 0x000000008a100000|  0%| F|  |TAMS 0x000000008a000000, 0x000000008a000000| Untracked 
| 115|0x000000008a100000, 0x000000008a100000, 0x000000008a200000|  0%| F|  |TAMS 0x000000008a100000, 0x000000008a100000| Untracked 
| 116|0x000000008a200000, 0x000000008a200000, 0x000000008a300000|  0%| F|  |TAMS 0x000000008a200000, 0x000000008a200000| Untracked 
| 117|0x000000008a300000, 0x000000008a300000, 0x000000008a400000|  0%| F|  |TAMS 0x000000008a300000, 0x000000008a300000| Untracked 
| 118|0x000000008a400000, 0x000000008a400000, 0x000000008a500000|  0%| F|  |TAMS 0x000000008a400000, 0x000000008a400000| Untracked 
| 119|0x000000008a500000, 0x000000008a500000, 0x000000008a600000|  0%| F|  |TAMS 0x000000008a500000, 0x000000008a500000| Untracked 
| 120|0x000000008a600000, 0x000000008a6483c0, 0x000000008a700000| 28%| E|  |TAMS 0x000000008a600000, 0x000000008a600000| Complete 
| 121|0x000000008a700000, 0x000000008a800000, 0x000000008a800000|100%| E|CS|TAMS 0x000000008a700000, 0x000000008a700000| Complete 
| 122|0x000000008a800000, 0x000000008a900000, 0x000000008a900000|100%| E|CS|TAMS 0x000000008a800000, 0x000000008a800000| Complete 
| 123|0x000000008a900000, 0x000000008aa00000, 0x000000008aa00000|100%| E|CS|TAMS 0x000000008a900000, 0x000000008a900000| Complete 
| 124|0x000000008aa00000, 0x000000008ab00000, 0x000000008ab00000|100%| E|CS|TAMS 0x000000008aa00000, 0x000000008aa00000| Complete 
| 125|0x000000008ab00000, 0x000000008ac00000, 0x000000008ac00000|100%| E|CS|TAMS 0x000000008ab00000, 0x000000008ab00000| Complete 

Card table byte_map: [0x00000216e6fb0000,0x00000216e73a0000] _byte_map_base: 0x00000216e6b99000

Marking Bits (Prev, Next): (CMBitMap*) 0x00000216cf7f7178, (CMBitMap*) 0x00000216cf7f71b0
 Prev Bits: [0x00000216e7790000, 0x00000216e96d8000)
 Next Bits: [0x00000216e96e0000, 0x00000216eb628000)

Polling page: 0x00000216cef90000

Metaspace:

Usage:
  Non-class:      6.94 MB capacity,     6.78 MB ( 98%) used,   142.59 KB (  2%) free+waste,    16.63 KB ( <1%) overhead. 
      Class:    781.00 KB capacity,   696.41 KB ( 89%) used,    75.84 KB ( 10%) free+waste,     8.75 KB (  1%) overhead. 
       Both:      7.70 MB capacity,     7.46 MB ( 97%) used,   218.42 KB (  3%) free+waste,    25.38 KB ( <1%) overhead. 

Virtual space:
  Non-class space:        8.00 MB reserved,       7.00 MB ( 88%) committed 
      Class space:        1.00 GB reserved,     896.00 KB ( <1%) committed 
             Both:        1.01 GB reserved,       7.88 MB ( <1%) committed 

Chunk freelists:
   Non-Class:  128 bytes
       Class:  0 bytes
        Both:  128 bytes

CodeHeap 'non-profiled nmethods': size=120064Kb used=150Kb max_used=150Kb free=119913Kb
 bounds [0x00000216df680000, 0x00000216df8f0000, 0x00000216e6bc0000]
CodeHeap 'profiled nmethods': size=120000Kb used=941Kb max_used=941Kb free=119058Kb
 bounds [0x00000216d8150000, 0x00000216d83c0000, 0x00000216df680000]
CodeHeap 'non-nmethods': size=5696Kb used=1100Kb max_used=1116Kb free=4595Kb
 bounds [0x00000216d7bc0000, 0x00000216d7e30000, 0x00000216d8150000]
 total_blobs=990 nmethods=580 adapters=322
 compilation: enabled
              stopped_count=0, restarted_count=0
 full_count=0

Compilation events (10 events):
Event: 1.152 Thread 0x00000216edb53000  578       3       java.util.concurrent.locks.AbstractQueuedSynchronizer::enq (37 bytes)
Event: 1.157 Thread 0x00000216edb53000 nmethod 578 0x00000216d8233c10 code [0x00000216d8234040, 0x00000216d8235e50]
Event: 1.157 Thread 0x00000216edb53000  581   !   3       simlejos.ExecutionController::waitUntilNextStep (48 bytes)
Event: 1.159 Thread 0x00000216edb53000 nmethod 581 0x00000216d8236890 code [0x00000216d8236ae0, 0x00000216d82371f0]
Event: 1.159 Thread 0x00000216edb53000  573       3       java.lang.Double::isNaN (12 bytes)
Event: 1.160 Thread 0x00000216edb53000 nmethod 573 0x00000216d8237590 code [0x00000216d8237740, 0x00000216d82378f8]
Event: 1.160 Thread 0x00000216edb53000  575       3       com.cyberbotics.webots.controller.PositionSensor::getValue (9 bytes)
Event: 1.161 Thread 0x00000216edb53000 nmethod 575 0x00000216d8237990 code [0x00000216d8237b40, 0x00000216d8237cd0]
Event: 1.161 Thread 0x00000216edb53000  577       3       java.lang.Math::round (70 bytes)
Event: 1.162 Thread 0x00000216edb53000 nmethod 577 0x00000216d8237d90 code [0x00000216d8237f40, 0x00000216d82381b8]

GC Heap History (0 events):
No events

Deoptimization events (1 events):
Event: 0.091 Thread 0x00000216cf7bb800 Uncommon trap: reason=unstable_if action=reinterpret pc=0x00000216df6844fc method=java.lang.String.hashCode()I @ 14 c2

Classes redefined (0 events):
No events

Internal exceptions (5 events):
Event: 1.088 Thread 0x00000216cf7bb800 Exception <a 'java/lang/NoSuchMethodError'{0x000000008a7967f0}: java.lang.invoke.DirectMethodHandle$Holder.invokeStatic(Ljava/lang/Object;Ljava/lang/Object;Ljava/lang/Object;Ljava/lang/Object;Ljava/lang/Object;Ljava/lang/Object;Ljava/lang/Object;Ljava/lan
Event: 1.092 Thread 0x00000216cf7bb800 Exception <a 'java/lang/NoSuchMethodError'{0x000000008a7a43a8}: java.lang.invoke.DirectMethodHandle$Holder.invokeStatic(Ljava/lang/Object;Ljava/lang/Object;Ljava/lang/Object;Ljava/lang/Object;Ljava/lang/Object;Ljava/lang/Object;Ljava/lang/Object;Ljava/lan
Event: 1.093 Thread 0x00000216cf7bb800 Exception <a 'java/lang/NoSuchMethodError'{0x000000008a7b20d0}: java.lang.invoke.DirectMethodHandle$Holder.invokeSpecial(Ljava/lang/Object;Ljava/lang/Object;IILjava/lang/Object;Ljava/lang/Object;Ljava/lang/Object;)Ljava/lang/Object;> (0x000000008a7b20d0) 
Event: 1.093 Thread 0x00000216cf7bb800 Exception <a 'java/lang/NoSuchMethodError'{0x000000008a7b5658}: java.lang.invoke.DelegatingMethodHandle$Holder.reinvoke_L(Ljava/lang/Object;IILjava/lang/Object;Ljava/lang/Object;Ljava/lang/Object;)Ljava/lang/Object;> (0x000000008a7b5658) thrown at [./open
Event: 1.094 Thread 0x00000216cf7bb800 Exception <a 'java/lang/NoSuchMethodError'{0x000000008a7c35c0}: java.lang.invoke.DirectMethodHandle$Holder.invokeStatic(Ljava/lang/Object;Ljava/lang/Object;Ljava/lang/Object;Ljava/lang/Object;Ljava/lang/Object;Ljava/lang/Object;I)Ljava/lang/Object;> (0x00

Events (10 events):
Event: 1.099 loading class java/lang/invoke/BoundMethodHandle$Species_LLLIIL
Event: 1.099 loading class java/lang/invoke/BoundMethodHandle$Species_LLLIIL done
Event: 1.101 loading class java/lang/invoke/BoundMethodHandle$Species_LLLIILL
Event: 1.101 loading class java/lang/invoke/BoundMethodHandle$Species_LLLIILL done
Event: 1.103 loading class java/lang/invoke/BoundMethodHandle$Species_LLLIILLL
Event: 1.103 loading class java/lang/invoke/BoundMethodHandle$Species_LLLIILLL done
Event: 1.105 loading class java/lang/StrictMath
Event: 1.105 loading class java/lang/StrictMath done
Event: 1.131 loading class ca/mcgill/ecse211/project/LightLocalizer
Event: 1.131 loading class ca/mcgill/ecse211/project/LightLocalizer done


Dynamic libraries:
0x00007ff6cd620000 - 0x00007ff6cd62f000 	C:\Program Files\Java\jdk-11.0.8\bin\javaw.exe
0x00007fff463a0000 - 0x00007fff46590000 	C:\windows\SYSTEM32\ntdll.dll
0x00007fff455f0000 - 0x00007fff456a2000 	C:\windows\System32\KERNEL32.DLL
0x00007fff43dd0000 - 0x00007fff44075000 	C:\windows\System32\KERNELBASE.dll
0x00007fff43330000 - 0x00007fff4342a000 	C:\windows\System32\ucrtbase.dll
0x00007fff3b700000 - 0x00007fff3b715000 	C:\Program Files\Java\jdk-11.0.8\bin\VCRUNTIME140.dll
0x00007fff390f0000 - 0x00007fff39108000 	C:\Program Files\Java\jdk-11.0.8\bin\jli.dll
0x00007fff452e0000 - 0x00007fff45383000 	C:\windows\System32\ADVAPI32.dll
0x00007fff44680000 - 0x00007fff4471e000 	C:\windows\System32\msvcrt.dll
0x00007fff44f10000 - 0x00007fff44fa7000 	C:\windows\System32\sechost.dll
0x00007fff45050000 - 0x00007fff45170000 	C:\windows\System32\RPCRT4.dll
0x00007fff44720000 - 0x00007fff448b5000 	C:\windows\System32\USER32.dll
0x00007fff44420000 - 0x00007fff44441000 	C:\windows\System32\win32u.dll
0x00007fff45410000 - 0x00007fff45436000 	C:\windows\System32\GDI32.dll
0x00007fff2ea90000 - 0x00007fff2ed14000 	C:\windows\WinSxS\amd64_microsoft.windows.common-controls_6595b64144ccf1df_6.0.18362.1082_none_9e8193e1e45b25c1\COMCTL32.dll
0x00007fff441d0000 - 0x00007fff44366000 	C:\windows\System32\gdi32full.dll
0x00007fff44130000 - 0x00007fff441ce000 	C:\windows\System32\msvcp_win.dll
0x00007fff44990000 - 0x00007fff44cc5000 	C:\windows\System32\combase.dll
0x00007fff43460000 - 0x00007fff434e0000 	C:\windows\System32\bcryptPrimitives.dll
0x00007fff3a970000 - 0x00007fff3a97a000 	C:\windows\SYSTEM32\VERSION.dll
0x00007fff45020000 - 0x00007fff4504e000 	C:\windows\System32\IMM32.DLL
0x00007ffef7ba0000 - 0x00007ffef7c3b000 	C:\Program Files\Java\jdk-11.0.8\bin\msvcp140.dll
0x00007ffecadc0000 - 0x00007ffecb8a6000 	C:\Program Files\Java\jdk-11.0.8\bin\server\jvm.dll
0x00007fff457f0000 - 0x00007fff457f8000 	C:\windows\System32\PSAPI.DLL
0x00007fff28760000 - 0x00007fff28769000 	C:\windows\SYSTEM32\WSOCK32.dll
0x00007fff40940000 - 0x00007fff40964000 	C:\windows\SYSTEM32\WINMM.dll
0x00007fff45250000 - 0x00007fff452bf000 	C:\windows\System32\WS2_32.dll
0x00007fff405a0000 - 0x00007fff405cd000 	C:\windows\SYSTEM32\WINMMBASE.dll
0x00007fff440e0000 - 0x00007fff4412a000 	C:\windows\System32\cfgmgr32.dll
0x00007fff432c0000 - 0x00007fff432d1000 	C:\windows\System32\kernel.appcore.dll
0x00007fff3b660000 - 0x00007fff3b670000 	C:\Program Files\Java\jdk-11.0.8\bin\verify.dll
0x00007fff41b80000 - 0x00007fff41d74000 	C:\windows\SYSTEM32\DBGHELP.DLL
0x00007fff30140000 - 0x00007fff3016a000 	C:\windows\SYSTEM32\dbgcore.DLL
0x00007fff390c0000 - 0x00007fff390e8000 	C:\Program Files\Java\jdk-11.0.8\bin\java.dll
0x00007fff390b0000 - 0x00007fff390ba000 	C:\Program Files\Java\jdk-11.0.8\bin\jimage.dll
0x00007fff38fd0000 - 0x00007fff38fe6000 	C:\Program Files\Java\jdk-11.0.8\bin\zip.dll
0x00007fff45800000 - 0x00007fff45ee7000 	C:\windows\System32\SHELL32.dll
0x00007fff44e00000 - 0x00007fff44ea9000 	C:\windows\System32\shcore.dll
0x00007fff43500000 - 0x00007fff43c80000 	C:\windows\System32\windows.storage.dll
0x00007fff43300000 - 0x00007fff43323000 	C:\windows\System32\profapi.dll
0x00007fff43270000 - 0x00007fff432ba000 	C:\windows\System32\powrprof.dll
0x00007fff43260000 - 0x00007fff43270000 	C:\windows\System32\UMPDC.dll
0x00007fff44620000 - 0x00007fff44672000 	C:\windows\System32\shlwapi.dll
0x00007fff434e0000 - 0x00007fff434f7000 	C:\windows\System32\cryptsp.dll
0x00007fff22fb0000 - 0x00007fff22fc9000 	C:\Program Files\Java\jdk-11.0.8\bin\net.dll
0x00007fff3a990000 - 0x00007fff3aa80000 	C:\windows\SYSTEM32\WINHTTP.dll
0x00007fff42a50000 - 0x00007fff42ab7000 	C:\windows\system32\mswsock.dll
0x00007fff21f50000 - 0x00007fff21f62000 	C:\Program Files\Java\jdk-11.0.8\bin\nio.dll
0x000000006e780000 - 0x000000006e7c0000 	C:\Users\15149\AppData\Local\Programs\Webots\lib\controller\java\JavaController.dll
0x0000000061440000 - 0x000000006145c000 	C:\Users\15149\AppData\Local\Programs\Webots\msys64\mingw64\bin\cpp\libgcc_s_seh-1.dll
0x000000006fc40000 - 0x000000006fdf1000 	C:\Users\15149\AppData\Local\Programs\Webots\msys64\mingw64\bin\cpp\libstdc++-6.dll
0x0000000064940000 - 0x0000000064956000 	C:\Users\15149\AppData\Local\Programs\Webots\msys64\mingw64\bin\cpp\libwinpthread-1.dll
0x0000000064f40000 - 0x0000000064fac000 	C:\Users\15149\AppData\Local\Programs\Webots\lib\controller\CppController.dll
0x000000006aa40000 - 0x000000006aac8000 	C:\Users\15149\AppData\Local\Programs\Webots\lib\controller\Controller.dll
0x0000000063e00000 - 0x0000000063e1b000 	C:\Users\15149\AppData\Local\Programs\Webots\RESOUR~1\projects\plugins\ROBOT_~1\generic\generic.dll

dbghelp: loaded successfully - version: 4.0.5 - missing functions: none
symbol engine: initialized successfully - sym options: 0x614 - pdb path: .;C:\Program Files\Java\jdk-11.0.8\bin;C:\windows\SYSTEM32;C:\windows\WinSxS\amd64_microsoft.windows.common-controls_6595b64144ccf1df_6.0.18362.1082_none_9e8193e1e45b25c1;C:\Program Files\Java\jdk-11.0.8\bin\server;C:\Users\15149\AppData\Local\Programs\Webots\lib\controller\java;C:\Users\15149\AppData\Local\Programs\Webots\msys64\mingw64\bin\cpp;C:\Users\15149\AppData\Local\Programs\Webots\lib\controller;C:\Users\15149\AppData\Local\Programs\Webots\RESOUR~1\projects\plugins\ROBOT_~1\generic

VM Arguments:
jvm_args: -Djava.library.path=C:/Users/15149/AppData/Local/Programs/Webots/lib/controller/java 
java_command: T06Controller
java_class_path (initial): C:/Users/15149/AppData/Local/Programs/Webots/lib/controller/java/Controller.jar;C:/Users/15149/Desktop/DPMFIN~2/PROJEC~1/CONTRO~1/T06CON~1/;..\lib\simlejos.jar;..\lib\EV3WiFiClient.jar
Launcher Type: SUN_STANDARD

[Global flags]
     intx CICompilerCount                          = 3                                         {product} {ergonomic}
     uint ConcGCThreads                            = 1                                         {product} {ergonomic}
     uint G1ConcRefinementThreads                  = 4                                         {product} {ergonomic}
   size_t G1HeapRegionSize                         = 1048576                                   {product} {ergonomic}
    uintx GCDrainStackTargetSize                   = 64                                        {product} {ergonomic}
   size_t InitialHeapSize                          = 132120576                                 {product} {ergonomic}
   size_t MarkStackSize                            = 4194304                                   {product} {ergonomic}
   size_t MaxHeapSize                              = 2099249152                                {product} {ergonomic}
   size_t MaxNewSize                               = 1259339776                                {product} {ergonomic}
   size_t MinHeapDeltaBytes                        = 1048576                                   {product} {ergonomic}
    uintx NonNMethodCodeHeapSize                   = 5830732                                {pd product} {ergonomic}
    uintx NonProfiledCodeHeapSize                  = 122913754                              {pd product} {ergonomic}
    uintx ProfiledCodeHeapSize                     = 122913754                              {pd product} {ergonomic}
    uintx ReservedCodeCacheSize                    = 251658240                              {pd product} {ergonomic}
     bool SegmentedCodeCache                       = true                                      {product} {ergonomic}
     bool UseCompressedClassPointers               = true                                 {lp64_product} {ergonomic}
     bool UseCompressedOops                        = true                                 {lp64_product} {ergonomic}
     bool UseG1GC                                  = true                                      {product} {ergonomic}
     bool UseLargePagesIndividualAllocation        = false                                  {pd product} {ergonomic}

Logging:
Log output configuration:
 #0: stdout all=warning uptime,level,tags
 #1: stderr all=off uptime,level,tags

Environment Variables:
CLASSPATH=..\lib\simlejos.jar;..\lib\EV3WiFiClient.jar
PATH=C:\Users\15149\AppData\Local\Programs\Webots\msys64\mingw64\bin\cpp;C:\Program Files\Common Files\Oracle\Java\javapath;C:\Program Files (x86)\Common Files\Oracle\Java\javapath;C:\windows\system32;C:\windows;C:\windows\System32\Wbem;C:\windows\System32\WindowsPowerShell\v1.0\;C:\windows\System32\OpenSSH\;C:\Program Files (x86)\PharosSystems\Core;C:\MinGW\bin;C:\Program Files\leJOS EV3\bin;C:\Program Files\MATLAB\R2017b\bin;C:\Program Files\Git\cmd;C:\Users\15149\AppData\Local\Microsoft\WindowsApps;C:\Program Files\Java\jdk-11.0.8\bin;C:\Users\15149\AppData\Local\Programs\Webots\lib\controller
USERNAME=15149
OS=Windows_NT
PROCESSOR_IDENTIFIER=Intel64 Family 6 Model 142 Stepping 12, GenuineIntel



---------------  S Y S T E M  ---------------

OS: Windows 10 , 64 bit Build 18362 (10.0.18362.1082)

CPU:total 4 (initial active 4) (2 cores per cpu, 2 threads per core) family 6 model 142 stepping 12, cmov, cx8, fxsr, mmx, sse, sse2, sse3, ssse3, sse4.1, sse4.2, popcnt, avx, avx2, aes, clmul, erms, 3dnowpref, lzcnt, ht, tsc, tscinvbit, bmi1, bmi2, adx, fma

Memory: 4k page, system-wide physical 8003M (1330M free)
TotalPageFile size 15427M (AvailPageFile size 6127M)
current process WorkingSet (physical memory assigned to process): 50M, peak: 50M
current process commit charge ("private bytes"): 207M, peak: 207M

vm_info: Java HotSpot(TM) 64-Bit Server VM (11.0.8+10-LTS) for windows-amd64 JRE (11.0.8+10-LTS), built on Jun 16 2020 05:53:08 by "mach5one" with unknown MS VC++:1916

END.
