#
# A fatal error has been detected by the Java Runtime Environment:
#
#  EXCEPTION_ACCESS_VIOLATION (0xc0000005) at pc=0x000000006e7814a6, pid=3540, tid=18724
#
# JRE version: Java(TM) SE Runtime Environment 18.9 (11.0.8+10) (build 11.0.8+10-LTS)
# Java VM: Java HotSpot(TM) 64-Bit Server VM 18.9 (11.0.8+10-LTS, mixed mode, tiered, compressed oops, g1 gc, windows-amd64)
# Problematic frame:
# C  [JavaController.dll+0x14a6]
#
# No core dump will be written. Minidumps are not enabled by default on client versions of Windows
#
# If you would like to submit a bug report, please visit:
#   https://bugreport.java.com/bugreport/crash.jsp
# The crash happened outside the Java Virtual Machine in native code.
# See problematic frame for where to report the bug.
#

---------------  S U M M A R Y ------------

Command Line: -Djava.library.path=C:/Users/denni/AppData/Local/Programs/Webots/lib/controller/java T06Controller

Host: Intel(R) Core(TM) i5-8265U CPU @ 1.60GHz, 8 cores, 7G,  Windows 10 , 64 bit Build 18362 (10.0.18362.1082)
Time: Thu Nov 12 12:48:02 2020 ??2?¡À¨º¡Á?¨º¡À?? elapsed time: 46 seconds (0d 0h 0m 46s)

---------------  T H R E A D  ---------------

Current thread (0x000001ab36cf7800):  JavaThread "main" [_thread_in_native, id=18724, stack(0x0000006132d00000,0x0000006132e00000)]

Stack: [0x0000006132d00000,0x0000006132e00000],  sp=0x0000006132dff150,  free space=1020k
Native frames: (J=compiled Java code, j=interpreted, Vv=VM code, C=native code)
C  [JavaController.dll+0x14a6]

Java frames: (J=compiled Java code, j=interpreted, Vv=VM code)
J 426  com.cyberbotics.webots.controller.wrapperJNI.Camera_getImage(JLcom/cyberbotics/webots/controller/Camera;)[I (0 bytes) @ 0x000001ab48416815 [0x000001ab484167c0+0x0000000000000055]
J 432 c1 simlejos.hardware.sensor.EV3ColorSensor$RedMode.fetchSample([FI)V (89 bytes) @ 0x000001ab40f5360c [0x000001ab40f53180+0x000000000000048c]
j  ca.mcgill.ecse211.project.Navigation.lineCorrection(II)V+49
j  ca.mcgill.ecse211.project.Navigation.goStraightFor(IZ)Z+227
j  ca.mcgill.ecse211.project.Navigation.travelTo(Lca/mcgill/ecse211/playingfield/Point;Z)Z+179
j  ca.mcgill.ecse211.project.Navigation.moveInSearchZone(Lca/mcgill/ecse211/playingfield/Region;Lca/mcgill/ecse211/playingfield/Region;)V+138
j  ca.mcgill.ecse211.project.Main.main([Ljava/lang/String;)V+184
j  T06Controller.main([Ljava/lang/String;)V+1
v  ~StubRoutines::call_stub

siginfo: EXCEPTION_ACCESS_VIOLATION (0xc0000005), reading address 0x0000000000000000


Register to memory mapping:

RIP=0x000000006e7814a6 JavaController.dll
RAX=0x0 is NULL
RBX=0x0 is NULL
RCX=0x0000000000000001 is an unknown value
RDX=0x0000000000000006 is an unknown value
RSP=0x0000006132dff150 is pointing into the stack for thread: 0x000001ab36cf7800
RBP=0x0000000000000001 is an unknown value
RSI=0x000001ab36cf7b40 points into unknown readable memory: 00 2d e5 12 fc 7f 00 00
RDI=0x000001ab578f1f70 points into unknown readable memory: b8 1b 31 89 00 00 00 00
R8 =0x000001ab58d31d30 points into unknown readable memory: 00 00 00 00 00 00 00 00
R9 =0x0000000089311bc8 is pointing into object: [I 
{0x0000000089311bb8} - klass: {type array int}
 - length: 1
R10=0x0 is NULL
R11=0x0000006132dff130 is pointing into the stack for thread: 0x000001ab36cf7800
R12=0x0 is NULL
R13=0x0000000088b64af8 is an oop: java.util.concurrent.locks.ReentrantLock$NonfairSync 
{0x0000000088b64af8} - klass: 'java/util/concurrent/locks/ReentrantLock$NonfairSync'
R14=0x0000006132dff240 is pointing into the stack for thread: 0x000001ab36cf7800
R15=0x000001ab36cf7800 is a thread


Registers:
RAX=0x0000000000000000, RBX=0x0000000000000000, RCX=0x0000000000000001, RDX=0x0000000000000006
RSP=0x0000006132dff150, RBP=0x0000000000000001, RSI=0x000001ab36cf7b40, RDI=0x000001ab578f1f70
R8 =0x000001ab58d31d30, R9 =0x0000000089311bc8, R10=0x0000000000000000, R11=0x0000006132dff130
R12=0x0000000000000000, R13=0x0000000088b64af8, R14=0x0000006132dff240, R15=0x000001ab36cf7800
RIP=0x000000006e7814a6, EFLAGS=0x0000000000010202

Top of Stack: (sp=0x0000006132dff150)
0x0000006132dff150:   0000000000000000 0000000000000001
0x0000006132dff160:   000001ab36cf7b40 000001ab578f1f70
0x0000006132dff170:   000001ab36e3d230 000001ab36e3d230
0x0000006132dff180:   000001ab36cf7b40 0000000000000000
0x0000006132dff190:   0000000000000001 000000006e7820a8
0x0000006132dff1a0:   000001ab36e3d230 00007ffc54591e93
0x0000006132dff1b0:   0000006132dff230 000001ab58d31bb0
0x0000006132dff1c0:   0000000000000008 000001ab57fa08f0
0x0000006132dff1d0:   0000000088b73208 000001ab36e3d230
0x0000006132dff1e0:   0000006132dff250 000001ab484168b5
0x0000006132dff1f0:   0000006132dff280 00007ffc12a39e48
0x0000006132dff200:   0000000000000001 0000006132dff280
0x0000006132dff210:   0000000100000430 0000000088b73208
0x0000006132dff220:   0000006132dff280 000001ab36cf7800
0x0000006132dff230:   0000006132dff260 0000000000000000
0x0000006132dff240:   0000000088b62fb0 000000006aa53700 

Instructions: (pc=0x000000006e7814a6)
0x000000006e781486:   00 48 89 fa 48 89 f1 ff 90 d8 05 00 00 49 89 c0
0x000000006e781496:   48 85 c0 74 3c 85 ed 7e 17 89 e9 b8 00 00 00 00
0x000000006e7814a6:   8b 14 83 41 89 14 80 48 83 c0 01 48 39 c8 75 f0
0x000000006e7814b6:   48 8b 06 41 b9 00 00 00 00 48 89 fa 48 89 f1 ff 


Stack slot to memory mapping:
stack at sp + 0 slots: 0x0 is NULL
stack at sp + 1 slots: 0x0000000000000001 is an unknown value
stack at sp + 2 slots: 0x000001ab36cf7b40 points into unknown readable memory: 00 2d e5 12 fc 7f 00 00
stack at sp + 3 slots: 0x000001ab578f1f70 points into unknown readable memory: b8 1b 31 89 00 00 00 00
stack at sp + 4 slots: 0x000001ab36e3d230 points into unknown readable memory: 40 8c f5 64 00 00 00 00
stack at sp + 5 slots: 0x000001ab36e3d230 points into unknown readable memory: 40 8c f5 64 00 00 00 00
stack at sp + 6 slots: 0x000001ab36cf7b40 points into unknown readable memory: 00 2d e5 12 fc 7f 00 00
stack at sp + 7 slots: 0x0 is NULL


---------------  P R O C E S S  ---------------

Threads class SMR info:
_java_thread_list=0x000001ab58433690, length=12, elements={
0x000001ab36cf7800, 0x000001ab57914000, 0x000001ab5791d000, 0x000001ab57936800,
0x000001ab581eb800, 0x000001ab581f5800, 0x000001ab581f9800, 0x000001ab58203000,
0x000001ab58389800, 0x000001ab58378000, 0x000001ab58429000, 0x000001ab583ae000
}

Java Threads: ( => current thread )
=>0x000001ab36cf7800 JavaThread "main" [_thread_in_native, id=18724, stack(0x0000006132d00000,0x0000006132e00000)]
  0x000001ab57914000 JavaThread "Reference Handler" daemon [_thread_blocked, id=2880, stack(0x0000006133400000,0x0000006133500000)]
  0x000001ab5791d000 JavaThread "Finalizer" daemon [_thread_blocked, id=19840, stack(0x0000006133500000,0x0000006133600000)]
  0x000001ab57936800 JavaThread "Signal Dispatcher" daemon [_thread_blocked, id=12056, stack(0x0000006133600000,0x0000006133700000)]
  0x000001ab581eb800 JavaThread "Attach Listener" daemon [_thread_blocked, id=12732, stack(0x0000006133700000,0x0000006133800000)]
  0x000001ab581f5800 JavaThread "C2 CompilerThread0" daemon [_thread_blocked, id=20404, stack(0x0000006133800000,0x0000006133900000)]
  0x000001ab581f9800 JavaThread "C1 CompilerThread0" daemon [_thread_blocked, id=17536, stack(0x0000006133900000,0x0000006133a00000)]
  0x000001ab58203000 JavaThread "Sweeper thread" daemon [_thread_blocked, id=17984, stack(0x0000006133a00000,0x0000006133b00000)]
  0x000001ab58389800 JavaThread "Service Thread" daemon [_thread_blocked, id=19580, stack(0x0000006133b00000,0x0000006133c00000)]
  0x000001ab58378000 JavaThread "Common-Cleaner" daemon [_thread_blocked, id=20212, stack(0x0000006133d00000,0x0000006133e00000)]
  0x000001ab58429000 JavaThread "Thread-0" [_thread_in_native, id=5832, stack(0x0000006133e00000,0x0000006133f00000)]
  0x000001ab583ae000 JavaThread "Thread-1" [_thread_blocked, id=13396, stack(0x0000006133f00000,0x0000006134000000)]

Other Threads:
  0x000001ab578f0800 VMThread "VM Thread" [stack: 0x0000006133300000,0x0000006133400000] [id=6136]
  0x000001ab583b1800 WatcherThread [stack: 0x0000006133c00000,0x0000006133d00000] [id=19556]
  0x000001ab36d0d000 GCTaskThread "GC Thread#0" [stack: 0x0000006132e00000,0x0000006132f00000] [id=13016]
  0x000001ab58a9d800 GCTaskThread "GC Thread#1" [stack: 0x0000006134000000,0x0000006134100000] [id=1184]
  0x000001ab58a9e000 GCTaskThread "GC Thread#2" [stack: 0x0000006134100000,0x0000006134200000] [id=13880]
  0x000001ab58a9f000 GCTaskThread "GC Thread#3" [stack: 0x0000006134200000,0x0000006134300000] [id=20376]
  0x000001ab58a9f800 GCTaskThread "GC Thread#4" [stack: 0x0000006134300000,0x0000006134400000] [id=17476]
  0x000001ab58aa0800 GCTaskThread "GC Thread#5" [stack: 0x0000006134400000,0x0000006134500000] [id=20440]
  0x000001ab36d3f800 ConcurrentGCThread "G1 Main Marker" [stack: 0x0000006132f00000,0x0000006133000000] [id=2996]
  0x000001ab36d45000 ConcurrentGCThread "G1 Conc#0" [stack: 0x0000006133000000,0x0000006133100000] [id=720]
  0x000001ab36dcd800 ConcurrentGCThread "G1 Refine#0" [stack: 0x0000006133100000,0x0000006133200000] [id=7656]
  0x000001ab5775a800 ConcurrentGCThread "G1 Young RemSet Sampling" [stack: 0x0000006133200000,0x0000006133300000] [id=17772]

Threads with active compile tasks:

VM state:not at safepoint (normal execution)

VM Mutex/Monitor currently owned by a thread: None

Heap address: 0x0000000082600000, size: 2010 MB, Compressed Oops mode: 32-bit
Narrow klass base: 0x0000000000000000, Narrow klass shift: 3
Compressed class space size: 1073741824 Address: 0x0000000100000000

Heap:
 garbage-first heap   total 129024K, used 18829K [0x0000000082600000, 0x0000000100000000)
  region size 1024K, 20 young (20480K), 2 survivors (2048K)
 Metaspace       used 8055K, capacity 8248K, committed 8448K, reserved 1056768K
  class space    used 699K, capacity 745K, committed 768K, reserved 1048576K
Heap Regions: E=young(eden), S=young(survivor), O=old, HS=humongous(starts), HC=humongous(continues), CS=collection set, F=free, A=archive, TAMS=top-at-mark-start (previous, next)
|   0|0x0000000082600000, 0x0000000082600000, 0x0000000082700000|  0%| F|  |TAMS 0x0000000082600000, 0x0000000082600000| Untracked 
|   1|0x0000000082700000, 0x0000000082700000, 0x0000000082800000|  0%| F|  |TAMS 0x0000000082700000, 0x0000000082700000| Untracked 
|   2|0x0000000082800000, 0x0000000082800000, 0x0000000082900000|  0%| F|  |TAMS 0x0000000082800000, 0x0000000082800000| Untracked 
|   3|0x0000000082900000, 0x0000000082900000, 0x0000000082a00000|  0%| F|  |TAMS 0x0000000082900000, 0x0000000082900000| Untracked 
|   4|0x0000000082a00000, 0x0000000082a00000, 0x0000000082b00000|  0%| F|  |TAMS 0x0000000082a00000, 0x0000000082a00000| Untracked 
|   5|0x0000000082b00000, 0x0000000082b00000, 0x0000000082c00000|  0%| F|  |TAMS 0x0000000082b00000, 0x0000000082b00000| Untracked 
|   6|0x0000000082c00000, 0x0000000082c00000, 0x0000000082d00000|  0%| F|  |TAMS 0x0000000082c00000, 0x0000000082c00000| Untracked 
|   7|0x0000000082d00000, 0x0000000082d00000, 0x0000000082e00000|  0%| F|  |TAMS 0x0000000082d00000, 0x0000000082d00000| Untracked 
|   8|0x0000000082e00000, 0x0000000082e00000, 0x0000000082f00000|  0%| F|  |TAMS 0x0000000082e00000, 0x0000000082e00000| Untracked 
|   9|0x0000000082f00000, 0x0000000082f00000, 0x0000000083000000|  0%| F|  |TAMS 0x0000000082f00000, 0x0000000082f00000| Untracked 
|  10|0x0000000083000000, 0x0000000083000000, 0x0000000083100000|  0%| F|  |TAMS 0x0000000083000000, 0x0000000083000000| Untracked 
|  11|0x0000000083100000, 0x0000000083100000, 0x0000000083200000|  0%| F|  |TAMS 0x0000000083100000, 0x0000000083100000| Untracked 
|  12|0x0000000083200000, 0x0000000083200000, 0x0000000083300000|  0%| F|  |TAMS 0x0000000083200000, 0x0000000083200000| Untracked 
|  13|0x0000000083300000, 0x0000000083300000, 0x0000000083400000|  0%| F|  |TAMS 0x0000000083300000, 0x0000000083300000| Untracked 
|  14|0x0000000083400000, 0x0000000083400000, 0x0000000083500000|  0%| F|  |TAMS 0x0000000083400000, 0x0000000083400000| Untracked 
|  15|0x0000000083500000, 0x0000000083500000, 0x0000000083600000|  0%| F|  |TAMS 0x0000000083500000, 0x0000000083500000| Untracked 
|  16|0x0000000083600000, 0x0000000083600000, 0x0000000083700000|  0%| F|  |TAMS 0x0000000083600000, 0x0000000083600000| Untracked 
|  17|0x0000000083700000, 0x0000000083700000, 0x0000000083800000|  0%| F|  |TAMS 0x0000000083700000, 0x0000000083700000| Untracked 
|  18|0x0000000083800000, 0x0000000083800000, 0x0000000083900000|  0%| F|  |TAMS 0x0000000083800000, 0x0000000083800000| Untracked 
|  19|0x0000000083900000, 0x0000000083900000, 0x0000000083a00000|  0%| F|  |TAMS 0x0000000083900000, 0x0000000083900000| Untracked 
|  20|0x0000000083a00000, 0x0000000083a00000, 0x0000000083b00000|  0%| F|  |TAMS 0x0000000083a00000, 0x0000000083a00000| Untracked 
|  21|0x0000000083b00000, 0x0000000083b00000, 0x0000000083c00000|  0%| F|  |TAMS 0x0000000083b00000, 0x0000000083b00000| Untracked 
|  22|0x0000000083c00000, 0x0000000083c00000, 0x0000000083d00000|  0%| F|  |TAMS 0x0000000083c00000, 0x0000000083c00000| Untracked 
|  23|0x0000000083d00000, 0x0000000083d00000, 0x0000000083e00000|  0%| F|  |TAMS 0x0000000083d00000, 0x0000000083d00000| Untracked 
|  24|0x0000000083e00000, 0x0000000083e00000, 0x0000000083f00000|  0%| F|  |TAMS 0x0000000083e00000, 0x0000000083e00000| Untracked 
|  25|0x0000000083f00000, 0x0000000083f00000, 0x0000000084000000|  0%| F|  |TAMS 0x0000000083f00000, 0x0000000083f00000| Untracked 
|  26|0x0000000084000000, 0x0000000084000000, 0x0000000084100000|  0%| F|  |TAMS 0x0000000084000000, 0x0000000084000000| Untracked 
|  27|0x0000000084100000, 0x0000000084100000, 0x0000000084200000|  0%| F|  |TAMS 0x0000000084100000, 0x0000000084100000| Untracked 
|  28|0x0000000084200000, 0x0000000084200000, 0x0000000084300000|  0%| F|  |TAMS 0x0000000084200000, 0x0000000084200000| Untracked 
|  29|0x0000000084300000, 0x0000000084300000, 0x0000000084400000|  0%| F|  |TAMS 0x0000000084300000, 0x0000000084300000| Untracked 
|  30|0x0000000084400000, 0x0000000084400000, 0x0000000084500000|  0%| F|  |TAMS 0x0000000084400000, 0x0000000084400000| Untracked 
|  31|0x0000000084500000, 0x0000000084500000, 0x0000000084600000|  0%| F|  |TAMS 0x0000000084500000, 0x0000000084500000| Untracked 
|  32|0x0000000084600000, 0x0000000084600000, 0x0000000084700000|  0%| F|  |TAMS 0x0000000084600000, 0x0000000084600000| Untracked 
|  33|0x0000000084700000, 0x0000000084700000, 0x0000000084800000|  0%| F|  |TAMS 0x0000000084700000, 0x0000000084700000| Untracked 
|  34|0x0000000084800000, 0x0000000084800000, 0x0000000084900000|  0%| F|  |TAMS 0x0000000084800000, 0x0000000084800000| Untracked 
|  35|0x0000000084900000, 0x0000000084900000, 0x0000000084a00000|  0%| F|  |TAMS 0x0000000084900000, 0x0000000084900000| Untracked 
|  36|0x0000000084a00000, 0x0000000084a00000, 0x0000000084b00000|  0%| F|  |TAMS 0x0000000084a00000, 0x0000000084a00000| Untracked 
|  37|0x0000000084b00000, 0x0000000084b00000, 0x0000000084c00000|  0%| F|  |TAMS 0x0000000084b00000, 0x0000000084b00000| Untracked 
|  38|0x0000000084c00000, 0x0000000084c00000, 0x0000000084d00000|  0%| F|  |TAMS 0x0000000084c00000, 0x0000000084c00000| Untracked 
|  39|0x0000000084d00000, 0x0000000084d00000, 0x0000000084e00000|  0%| F|  |TAMS 0x0000000084d00000, 0x0000000084d00000| Untracked 
|  40|0x0000000084e00000, 0x0000000084e00000, 0x0000000084f00000|  0%| F|  |TAMS 0x0000000084e00000, 0x0000000084e00000| Untracked 
|  41|0x0000000084f00000, 0x0000000084f00000, 0x0000000085000000|  0%| F|  |TAMS 0x0000000084f00000, 0x0000000084f00000| Untracked 
|  42|0x0000000085000000, 0x0000000085000000, 0x0000000085100000|  0%| F|  |TAMS 0x0000000085000000, 0x0000000085000000| Untracked 
|  43|0x0000000085100000, 0x0000000085100000, 0x0000000085200000|  0%| F|  |TAMS 0x0000000085100000, 0x0000000085100000| Untracked 
|  44|0x0000000085200000, 0x0000000085200000, 0x0000000085300000|  0%| F|  |TAMS 0x0000000085200000, 0x0000000085200000| Untracked 
|  45|0x0000000085300000, 0x0000000085300000, 0x0000000085400000|  0%| F|  |TAMS 0x0000000085300000, 0x0000000085300000| Untracked 
|  46|0x0000000085400000, 0x0000000085400000, 0x0000000085500000|  0%| F|  |TAMS 0x0000000085400000, 0x0000000085400000| Untracked 
|  47|0x0000000085500000, 0x0000000085500000, 0x0000000085600000|  0%| F|  |TAMS 0x0000000085500000, 0x0000000085500000| Untracked 
|  48|0x0000000085600000, 0x0000000085600000, 0x0000000085700000|  0%| F|  |TAMS 0x0000000085600000, 0x0000000085600000| Untracked 
|  49|0x0000000085700000, 0x0000000085700000, 0x0000000085800000|  0%| F|  |TAMS 0x0000000085700000, 0x0000000085700000| Untracked 
|  50|0x0000000085800000, 0x0000000085800000, 0x0000000085900000|  0%| F|  |TAMS 0x0000000085800000, 0x0000000085800000| Untracked 
|  51|0x0000000085900000, 0x0000000085900000, 0x0000000085a00000|  0%| F|  |TAMS 0x0000000085900000, 0x0000000085900000| Untracked 
|  52|0x0000000085a00000, 0x0000000085a00000, 0x0000000085b00000|  0%| F|  |TAMS 0x0000000085a00000, 0x0000000085a00000| Untracked 
|  53|0x0000000085b00000, 0x0000000085b00000, 0x0000000085c00000|  0%| F|  |TAMS 0x0000000085b00000, 0x0000000085b00000| Untracked 
|  54|0x0000000085c00000, 0x0000000085c00000, 0x0000000085d00000|  0%| F|  |TAMS 0x0000000085c00000, 0x0000000085c00000| Untracked 
|  55|0x0000000085d00000, 0x0000000085d00000, 0x0000000085e00000|  0%| F|  |TAMS 0x0000000085d00000, 0x0000000085d00000| Untracked 
|  56|0x0000000085e00000, 0x0000000085e00000, 0x0000000085f00000|  0%| F|  |TAMS 0x0000000085e00000, 0x0000000085e00000| Untracked 
|  57|0x0000000085f00000, 0x0000000085f00000, 0x0000000086000000|  0%| F|  |TAMS 0x0000000085f00000, 0x0000000085f00000| Untracked 
|  58|0x0000000086000000, 0x0000000086000000, 0x0000000086100000|  0%| F|  |TAMS 0x0000000086000000, 0x0000000086000000| Untracked 
|  59|0x0000000086100000, 0x0000000086100000, 0x0000000086200000|  0%| F|  |TAMS 0x0000000086100000, 0x0000000086100000| Untracked 
|  60|0x0000000086200000, 0x0000000086200000, 0x0000000086300000|  0%| F|  |TAMS 0x0000000086200000, 0x0000000086200000| Untracked 
|  61|0x0000000086300000, 0x0000000086300000, 0x0000000086400000|  0%| F|  |TAMS 0x0000000086300000, 0x0000000086300000| Untracked 
|  62|0x0000000086400000, 0x0000000086400000, 0x0000000086500000|  0%| F|  |TAMS 0x0000000086400000, 0x0000000086400000| Untracked 
|  63|0x0000000086500000, 0x0000000086500000, 0x0000000086600000|  0%| F|  |TAMS 0x0000000086500000, 0x0000000086500000| Untracked 
|  64|0x0000000086600000, 0x0000000086600000, 0x0000000086700000|  0%| F|  |TAMS 0x0000000086600000, 0x0000000086600000| Untracked 
|  65|0x0000000086700000, 0x0000000086700000, 0x0000000086800000|  0%| F|  |TAMS 0x0000000086700000, 0x0000000086700000| Untracked 
|  66|0x0000000086800000, 0x0000000086800000, 0x0000000086900000|  0%| F|  |TAMS 0x0000000086800000, 0x0000000086800000| Untracked 
|  67|0x0000000086900000, 0x0000000086900000, 0x0000000086a00000|  0%| F|  |TAMS 0x0000000086900000, 0x0000000086900000| Untracked 
|  68|0x0000000086a00000, 0x0000000086a00000, 0x0000000086b00000|  0%| F|  |TAMS 0x0000000086a00000, 0x0000000086a00000| Untracked 
|  69|0x0000000086b00000, 0x0000000086b00000, 0x0000000086c00000|  0%| F|  |TAMS 0x0000000086b00000, 0x0000000086b00000| Untracked 
|  70|0x0000000086c00000, 0x0000000086c00000, 0x0000000086d00000|  0%| F|  |TAMS 0x0000000086c00000, 0x0000000086c00000| Untracked 
|  71|0x0000000086d00000, 0x0000000086d00000, 0x0000000086e00000|  0%| F|  |TAMS 0x0000000086d00000, 0x0000000086d00000| Untracked 
|  72|0x0000000086e00000, 0x0000000086e00000, 0x0000000086f00000|  0%| F|  |TAMS 0x0000000086e00000, 0x0000000086e00000| Untracked 
|  73|0x0000000086f00000, 0x0000000086f00000, 0x0000000087000000|  0%| F|  |TAMS 0x0000000086f00000, 0x0000000086f00000| Untracked 
|  74|0x0000000087000000, 0x0000000087000000, 0x0000000087100000|  0%| F|  |TAMS 0x0000000087000000, 0x0000000087000000| Untracked 
|  75|0x0000000087100000, 0x0000000087100000, 0x0000000087200000|  0%| F|  |TAMS 0x0000000087100000, 0x0000000087100000| Untracked 
|  76|0x0000000087200000, 0x0000000087200000, 0x0000000087300000|  0%| F|  |TAMS 0x0000000087200000, 0x0000000087200000| Untracked 
|  77|0x0000000087300000, 0x0000000087300000, 0x0000000087400000|  0%| F|  |TAMS 0x0000000087300000, 0x0000000087300000| Untracked 
|  78|0x0000000087400000, 0x0000000087400000, 0x0000000087500000|  0%| F|  |TAMS 0x0000000087400000, 0x0000000087400000| Untracked 
|  79|0x0000000087500000, 0x0000000087500000, 0x0000000087600000|  0%| F|  |TAMS 0x0000000087500000, 0x0000000087500000| Untracked 
|  80|0x0000000087600000, 0x0000000087600000, 0x0000000087700000|  0%| F|  |TAMS 0x0000000087600000, 0x0000000087600000| Untracked 
|  81|0x0000000087700000, 0x0000000087700000, 0x0000000087800000|  0%| F|  |TAMS 0x0000000087700000, 0x0000000087700000| Untracked 
|  82|0x0000000087800000, 0x0000000087800000, 0x0000000087900000|  0%| F|  |TAMS 0x0000000087800000, 0x0000000087800000| Untracked 
|  83|0x0000000087900000, 0x0000000087900000, 0x0000000087a00000|  0%| F|  |TAMS 0x0000000087900000, 0x0000000087900000| Untracked 
|  84|0x0000000087a00000, 0x0000000087a00000, 0x0000000087b00000|  0%| F|  |TAMS 0x0000000087a00000, 0x0000000087a00000| Untracked 
|  85|0x0000000087b00000, 0x0000000087b00000, 0x0000000087c00000|  0%| F|  |TAMS 0x0000000087b00000, 0x0000000087b00000| Untracked 
|  86|0x0000000087c00000, 0x0000000087c00000, 0x0000000087d00000|  0%| F|  |TAMS 0x0000000087c00000, 0x0000000087c00000| Untracked 
|  87|0x0000000087d00000, 0x0000000087d00000, 0x0000000087e00000|  0%| F|  |TAMS 0x0000000087d00000, 0x0000000087d00000| Untracked 
|  88|0x0000000087e00000, 0x0000000087e00000, 0x0000000087f00000|  0%| F|  |TAMS 0x0000000087e00000, 0x0000000087e00000| Untracked 
|  89|0x0000000087f00000, 0x0000000087f00000, 0x0000000088000000|  0%| F|  |TAMS 0x0000000087f00000, 0x0000000087f00000| Untracked 
|  90|0x0000000088000000, 0x0000000088000000, 0x0000000088100000|  0%| F|  |TAMS 0x0000000088000000, 0x0000000088000000| Untracked 
|  91|0x0000000088100000, 0x0000000088100000, 0x0000000088200000|  0%| F|  |TAMS 0x0000000088100000, 0x0000000088100000| Untracked 
|  92|0x0000000088200000, 0x0000000088200000, 0x0000000088300000|  0%| F|  |TAMS 0x0000000088200000, 0x0000000088200000| Untracked 
|  93|0x0000000088300000, 0x0000000088300000, 0x0000000088400000|  0%| F|  |TAMS 0x0000000088300000, 0x0000000088300000| Untracked 
|  94|0x0000000088400000, 0x0000000088400000, 0x0000000088500000|  0%| F|  |TAMS 0x0000000088400000, 0x0000000088400000| Untracked 
|  95|0x0000000088500000, 0x0000000088500000, 0x0000000088600000|  0%| F|  |TAMS 0x0000000088500000, 0x0000000088500000| Untracked 
|  96|0x0000000088600000, 0x0000000088600000, 0x0000000088700000|  0%| F|  |TAMS 0x0000000088600000, 0x0000000088600000| Untracked 
|  97|0x0000000088700000, 0x0000000088700000, 0x0000000088800000|  0%| F|  |TAMS 0x0000000088700000, 0x0000000088700000| Untracked 
|  98|0x0000000088800000, 0x0000000088800000, 0x0000000088900000|  0%| F|  |TAMS 0x0000000088800000, 0x0000000088800000| Untracked 
|  99|0x0000000088900000, 0x0000000088900000, 0x0000000088a00000|  0%| F|  |TAMS 0x0000000088900000, 0x0000000088900000| Untracked 
| 100|0x0000000088a00000, 0x0000000088a63548, 0x0000000088b00000| 38%| S|CS|TAMS 0x0000000088a00000, 0x0000000088a00000| Complete 
| 101|0x0000000088b00000, 0x0000000088c00000, 0x0000000088c00000|100%| S|CS|TAMS 0x0000000088b00000, 0x0000000088b00000| Complete 
| 102|0x0000000088c00000, 0x0000000088c00000, 0x0000000088d00000|  0%| F|  |TAMS 0x0000000088c00000, 0x0000000088c00000| Untracked 
| 103|0x0000000088d00000, 0x0000000088d00000, 0x0000000088e00000|  0%| F|  |TAMS 0x0000000088d00000, 0x0000000088d00000| Untracked 
| 104|0x0000000088e00000, 0x0000000088e00000, 0x0000000088f00000|  0%| F|  |TAMS 0x0000000088e00000, 0x0000000088e00000| Untracked 
| 105|0x0000000088f00000, 0x0000000088f00000, 0x0000000089000000|  0%| F|  |TAMS 0x0000000088f00000, 0x0000000088f00000| Untracked 
| 106|0x0000000089000000, 0x0000000089000000, 0x0000000089100000|  0%| F|  |TAMS 0x0000000089000000, 0x0000000089000000| Untracked 
| 107|0x0000000089100000, 0x0000000089100000, 0x0000000089200000|  0%| F|  |TAMS 0x0000000089100000, 0x0000000089100000| Untracked 
| 108|0x0000000089200000, 0x0000000089280800, 0x0000000089300000| 50%| E|  |TAMS 0x0000000089200000, 0x0000000089200000| Complete 
| 109|0x0000000089300000, 0x0000000089400000, 0x0000000089400000|100%| E|CS|TAMS 0x0000000089300000, 0x0000000089300000| Complete 
| 110|0x0000000089400000, 0x0000000089500000, 0x0000000089500000|100%| E|CS|TAMS 0x0000000089400000, 0x0000000089400000| Complete 
| 111|0x0000000089500000, 0x0000000089600000, 0x0000000089600000|100%| E|CS|TAMS 0x0000000089500000, 0x0000000089500000| Complete 
| 112|0x0000000089600000, 0x0000000089700000, 0x0000000089700000|100%| E|CS|TAMS 0x0000000089600000, 0x0000000089600000| Complete 
| 113|0x0000000089700000, 0x0000000089800000, 0x0000000089800000|100%| E|CS|TAMS 0x0000000089700000, 0x0000000089700000| Complete 
| 114|0x0000000089800000, 0x0000000089900000, 0x0000000089900000|100%| E|CS|TAMS 0x0000000089800000, 0x0000000089800000| Complete 
| 115|0x0000000089900000, 0x0000000089a00000, 0x0000000089a00000|100%| E|CS|TAMS 0x0000000089900000, 0x0000000089900000| Complete 
| 116|0x0000000089a00000, 0x0000000089b00000, 0x0000000089b00000|100%| E|CS|TAMS 0x0000000089a00000, 0x0000000089a00000| Complete 
| 117|0x0000000089b00000, 0x0000000089c00000, 0x0000000089c00000|100%| E|CS|TAMS 0x0000000089b00000, 0x0000000089b00000| Complete 
| 118|0x0000000089c00000, 0x0000000089d00000, 0x0000000089d00000|100%| E|CS|TAMS 0x0000000089c00000, 0x0000000089c00000| Complete 
| 119|0x0000000089d00000, 0x0000000089e00000, 0x0000000089e00000|100%| E|CS|TAMS 0x0000000089d00000, 0x0000000089d00000| Complete 
| 120|0x0000000089e00000, 0x0000000089f00000, 0x0000000089f00000|100%| E|CS|TAMS 0x0000000089e00000, 0x0000000089e00000| Complete 
| 121|0x0000000089f00000, 0x000000008a000000, 0x000000008a000000|100%| E|CS|TAMS 0x0000000089f00000, 0x0000000089f00000| Complete 
| 122|0x000000008a000000, 0x000000008a100000, 0x000000008a100000|100%| E|CS|TAMS 0x000000008a000000, 0x000000008a000000| Complete 
| 123|0x000000008a100000, 0x000000008a200000, 0x000000008a200000|100%| E|CS|TAMS 0x000000008a100000, 0x000000008a100000| Complete 
| 124|0x000000008a200000, 0x000000008a300000, 0x000000008a300000|100%| E|CS|TAMS 0x000000008a200000, 0x000000008a200000| Complete 
| 125|0x000000008a300000, 0x000000008a400000, 0x000000008a400000|100%| E|CS|TAMS 0x000000008a300000, 0x000000008a300000| Complete 

Card table byte_map: [0x000001ab50760000,0x000001ab50b50000] _byte_map_base: 0x000001ab5034d000

Marking Bits (Prev, Next): (CMBitMap*) 0x000001ab36d36e38, (CMBitMap*) 0x000001ab36d36e70
 Prev Bits: [0x000001ab50f40000, 0x000001ab52ea8000)
 Next Bits: [0x000001ab52eb0000, 0x000001ab54e18000)

Polling page: 0x000001ab36ab0000

Metaspace:

Usage:
  Non-class:      7.33 MB capacity,     7.18 MB ( 98%) used,   140.34 KB (  2%) free+waste,     6.38 KB ( <1%) overhead. 
      Class:    745.00 KB capacity,   699.39 KB ( 94%) used,    42.92 KB (  6%) free+waste,     2.69 KB ( <1%) overhead. 
       Both:      8.05 MB capacity,     7.87 MB ( 98%) used,   183.26 KB (  2%) free+waste,     9.06 KB ( <1%) overhead. 

Virtual space:
  Non-class space:        8.00 MB reserved,       7.50 MB ( 94%) committed 
      Class space:        1.00 GB reserved,     768.00 KB ( <1%) committed 
             Both:        1.01 GB reserved,       8.25 MB ( <1%) committed 

Chunk freelists:
   Non-Class:  6.13 KB
       Class:  2.88 KB
        Both:  9.00 KB

CodeHeap 'non-profiled nmethods': size=120000Kb used=284Kb max_used=284Kb free=119715Kb
 bounds [0x000001ab483e0000, 0x000001ab48650000, 0x000001ab4f910000]
CodeHeap 'profiled nmethods': size=120000Kb used=787Kb max_used=787Kb free=119212Kb
 bounds [0x000001ab40eb0000, 0x000001ab41120000, 0x000001ab483e0000]
CodeHeap 'non-nmethods': size=5760Kb used=1100Kb max_used=1116Kb free=4659Kb
 bounds [0x000001ab40910000, 0x000001ab40b80000, 0x000001ab40eb0000]
 total_blobs=919 nmethods=507 adapters=324
 compilation: enabled
              stopped_count=0, restarted_count=0
 full_count=0

Compilation events (10 events):
Event: 36.185 Thread 0x000001ab581f5800  503       4       ca.mcgill.ecse211.project.UltrasonicLocalizer::readUsDistanceRaw (46 bytes)
Event: 36.212 Thread 0x000001ab581f5800 nmethod 503 0x000001ab48423b90 code [0x000001ab48423de0, 0x000001ab48424af0]
Event: 36.379 Thread 0x000001ab581f5800  504       4       ca.mcgill.ecse211.project.UltrasonicLocalizer::readUsDistanceRawTop (46 bytes)
Event: 36.409 Thread 0x000001ab581f5800 nmethod 504 0x000001ab48425290 code [0x000001ab484254e0, 0x000001ab484261f0]
Event: 38.155 Thread 0x000001ab581f9800  505   !   3       sun.nio.cs.DoubleByte$Encoder::encodeArrayLoop (409 bytes)
Event: 38.160 Thread 0x000001ab581f9800 nmethod 505 0x000001ab40f6ed90 code [0x000001ab40f6f560, 0x000001ab40f73010]
Event: 43.045 Thread 0x000001ab581f5800  506 % !   4       simlejos.robotics.RegulatedMotor::waitUntilTargetReached @ 78 (107 bytes)
Event: 43.050 Thread 0x000001ab581f5800 nmethod 506% 0x000001ab48426990 code [0x000001ab48426b80, 0x000001ab48426df0]
Event: 45.279 Thread 0x000001ab581f9800  507       3       java.nio.ByteBuffer::position (8 bytes)
Event: 45.279 Thread 0x000001ab581f9800 nmethod 507 0x000001ab40f74a90 code [0x000001ab40f74c40, 0x000001ab40f74df0]

GC Heap History (2 events):
Event: 25.772 GC heap before
{Heap before GC invocations=0 (full 0):
 garbage-first heap   total 129024K, used 24576K [0x0000000082600000, 0x0000000100000000)
  region size 1024K, 24 young (24576K), 0 survivors (0K)
 Metaspace       used 8042K, capacity 8248K, committed 8448K, reserved 1056768K
  class space    used 699K, capacity 745K, committed 768K, reserved 1048576K
}
Event: 25.774 GC heap after
{Heap after GC invocations=1 (full 0):
 garbage-first heap   total 129024K, used 1421K [0x0000000082600000, 0x0000000100000000)
  region size 1024K, 2 young (2048K), 2 survivors (2048K)
 Metaspace       used 8042K, capacity 8248K, committed 8448K, reserved 1056768K
  class space    used 699K, capacity 745K, committed 768K, reserved 1048576K
}

Deoptimization events (10 events):
Event: 5.246 Thread 0x000001ab58429000 Uncommon trap: reason=unstable_if action=reinterpret pc=0x000001ab48402940 method=java.util.concurrent.locks.AbstractQueuedSynchronizer.enq(Ljava/util/concurrent/locks/AbstractQueuedSynchronizer$Node;)Ljava/util/concurrent/locks/AbstractQueuedSynchronizer
Event: 6.338 Thread 0x000001ab583ae000 Uncommon trap: reason=unstable_if action=reinterpret pc=0x000001ab48407bbc method=java.util.concurrent.locks.ReentrantLock$FairSync.tryAcquire(I)Z @ 10 c2
Event: 6.338 Thread 0x000001ab583ae000 Uncommon trap: reason=class_check action=maybe_recompile pc=0x000001ab4840c4ac method=java.util.concurrent.locks.AbstractQueuedSynchronizer.acquireQueued(Ljava/util/concurrent/locks/AbstractQueuedSynchronizer$Node;I)Z @ 19 c2
Event: 6.338 Thread 0x000001ab583ae000 Uncommon trap: reason=unstable_if action=reinterpret pc=0x000001ab48408790 method=java.util.concurrent.locks.AbstractQueuedSynchronizer.hasQueuedPredecessors()Z @ 6 c2
Event: 6.338 Thread 0x000001ab583ae000 Uncommon trap: reason=unstable_if action=reinterpret pc=0x000001ab484066fc method=java.util.concurrent.locks.AbstractQueuedSynchronizer.hasQueuedPredecessors()Z @ 6 c2
Event: 7.313 Thread 0x000001ab36cf7800 Uncommon trap: reason=unstable_if action=reinterpret pc=0x000001ab48419c04 method=ca.mcgill.ecse211.project.LightLocalizer.isBlack(II)Z @ 13 c2
Event: 11.159 Thread 0x000001ab583ae000 Uncommon trap: reason=class_check action=maybe_recompile pc=0x000001ab4840c4ac method=java.util.concurrent.locks.AbstractQueuedSynchronizer.acquireQueued(Ljava/util/concurrent/locks/AbstractQueuedSynchronizer$Node;I)Z @ 19 c2
Event: 11.185 Thread 0x000001ab583ae000 Uncommon trap: reason=class_check action=maybe_recompile pc=0x000001ab4840c4ac method=java.util.concurrent.locks.AbstractQueuedSynchronizer.acquireQueued(Ljava/util/concurrent/locks/AbstractQueuedSynchronizer$Node;I)Z @ 19 c2
Event: 17.203 Thread 0x000001ab36cf7800 Uncommon trap: reason=unstable_if action=reinterpret pc=0x000001ab4841ee50 method=java.lang.Math.round(D)J @ 31 c2
Event: 29.980 Thread 0x000001ab583ae000 Uncommon trap: reason=class_check action=maybe_recompile pc=0x000001ab4840c4ac method=java.util.concurrent.locks.AbstractQueuedSynchronizer.acquireQueued(Ljava/util/concurrent/locks/AbstractQueuedSynchronizer$Node;I)Z @ 19 c2

Classes redefined (0 events):
No events

Internal exceptions (0 events):
No events

Events (10 events):
Event: 30.746 Thread 0x000001ab36cf7800 DEOPT PACKING pc=0x000001ab40f6ca14 sp=0x0000006132dff2d0
Event: 30.746 Thread 0x000001ab36cf7800 DEOPT UNPACKING pc=0x000001ab40938d4e sp=0x0000006132dfe7d8 mode 0
Event: 35.033 Thread 0x000001ab36cf7800 DEOPT PACKING pc=0x000001ab40f6ca14 sp=0x0000006132dff2e0
Event: 35.034 Thread 0x000001ab36cf7800 DEOPT UNPACKING pc=0x000001ab40938d4e sp=0x0000006132dfe7e8 mode 0
Event: 38.606 Thread 0x000001ab36cf7800 DEOPT PACKING pc=0x000001ab40f6ca14 sp=0x0000006132dff2d0
Event: 38.606 Thread 0x000001ab36cf7800 DEOPT UNPACKING pc=0x000001ab40938d4e sp=0x0000006132dfe7d8 mode 0
Event: 41.290 Thread 0x000001ab36cf7800 DEOPT PACKING pc=0x000001ab40f6ca14 sp=0x0000006132dff2e0
Event: 41.291 Thread 0x000001ab36cf7800 DEOPT UNPACKING pc=0x000001ab40938d4e sp=0x0000006132dfe7e8 mode 0
Event: 43.045 Thread 0x000001ab36cf7800 DEOPT PACKING pc=0x000001ab40f6ca14 sp=0x0000006132dff2e0
Event: 43.045 Thread 0x000001ab36cf7800 DEOPT UNPACKING pc=0x000001ab40938d4e sp=0x0000006132dfe7e8 mode 0


Dynamic libraries:
0x00007ff785170000 - 0x00007ff78517f000 	C:\Program Files\Java\jdk-11.0.8\bin\javaw.exe
0x00007ffc56960000 - 0x00007ffc56b50000 	C:\WINDOWS\SYSTEM32\ntdll.dll
0x00007ffc55060000 - 0x00007ffc55112000 	C:\WINDOWS\System32\KERNEL32.DLL
0x00007ffc54550000 - 0x00007ffc547f5000 	C:\WINDOWS\System32\KERNELBASE.dll
0x00007ffc538f0000 - 0x00007ffc539ea000 	C:\WINDOWS\System32\ucrtbase.dll
0x00007ffc33a40000 - 0x00007ffc33a55000 	C:\Program Files\Java\jdk-11.0.8\bin\VCRUNTIME140.dll
0x00007ffc3acf0000 - 0x00007ffc3ad08000 	C:\Program Files\Java\jdk-11.0.8\bin\jli.dll
0x00007ffc55180000 - 0x00007ffc55223000 	C:\WINDOWS\System32\ADVAPI32.dll
0x00007ffc54fc0000 - 0x00007ffc5505e000 	C:\WINDOWS\System32\msvcrt.dll
0x00007ffc55400000 - 0x00007ffc55497000 	C:\WINDOWS\System32\sechost.dll
0x00007ffc56750000 - 0x00007ffc56870000 	C:\WINDOWS\System32\RPCRT4.dll
0x00007ffc54a10000 - 0x00007ffc54ba5000 	C:\WINDOWS\System32\USER32.dll
0x00007ffc54800000 - 0x00007ffc54821000 	C:\WINDOWS\System32\win32u.dll
0x00007ffc56870000 - 0x00007ffc56896000 	C:\WINDOWS\System32\GDI32.dll
0x00007ffc543b0000 - 0x00007ffc54546000 	C:\WINDOWS\System32\gdi32full.dll
0x00007ffc54310000 - 0x00007ffc543ae000 	C:\WINDOWS\System32\msvcp_win.dll
0x00007ffc3b950000 - 0x00007ffc3bbd4000 	C:\WINDOWS\WinSxS\amd64_microsoft.windows.common-controls_6595b64144ccf1df_6.0.18362.1082_none_9e8193e1e45b25c1\COMCTL32.dll
0x00007ffc54bb0000 - 0x00007ffc54ee5000 	C:\WINDOWS\System32\combase.dll
0x00007ffc539f0000 - 0x00007ffc53a70000 	C:\WINDOWS\System32\bcryptPrimitives.dll
0x00007ffc4c2a0000 - 0x00007ffc4c2aa000 	C:\WINDOWS\SYSTEM32\VERSION.dll
0x00007ffc55a90000 - 0x00007ffc55abe000 	C:\WINDOWS\System32\IMM32.DLL
0x00007ffc209a0000 - 0x00007ffc20a3b000 	C:\Program Files\Java\jdk-11.0.8\bin\msvcp140.dll
0x00007ffc124a0000 - 0x00007ffc12f86000 	C:\Program Files\Java\jdk-11.0.8\bin\server\jvm.dll
0x00007ffc555d0000 - 0x00007ffc555d8000 	C:\WINDOWS\System32\PSAPI.DLL
0x00007ffc4c410000 - 0x00007ffc4c419000 	C:\WINDOWS\SYSTEM32\WSOCK32.dll
0x00007ffc50fb0000 - 0x00007ffc50fd4000 	C:\WINDOWS\SYSTEM32\WINMM.dll
0x00007ffc568b0000 - 0x00007ffc5691f000 	C:\WINDOWS\System32\WS2_32.dll
0x00007ffc50f80000 - 0x00007ffc50fad000 	C:\WINDOWS\SYSTEM32\winmmbase.dll
0x00007ffc53b20000 - 0x00007ffc53b6a000 	C:\WINDOWS\System32\cfgmgr32.dll
0x00007ffc53830000 - 0x00007ffc53841000 	C:\WINDOWS\System32\kernel.appcore.dll
0x00007ffc4c350000 - 0x00007ffc4c360000 	C:\Program Files\Java\jdk-11.0.8\bin\verify.dll
0x00007ffc51fc0000 - 0x00007ffc521b4000 	C:\WINDOWS\SYSTEM32\DBGHELP.DLL
0x00007ffc459a0000 - 0x00007ffc459ca000 	C:\WINDOWS\SYSTEM32\dbgcore.DLL
0x00007ffc23620000 - 0x00007ffc23648000 	C:\Program Files\Java\jdk-11.0.8\bin\java.dll
0x00007ffc4ba90000 - 0x00007ffc4ba9a000 	C:\Program Files\Java\jdk-11.0.8\bin\jimage.dll
0x00007ffc33a20000 - 0x00007ffc33a36000 	C:\Program Files\Java\jdk-11.0.8\bin\zip.dll
0x00007ffc55bf0000 - 0x00007ffc562d7000 	C:\WINDOWS\System32\SHELL32.dll
0x00007ffc55520000 - 0x00007ffc555c9000 	C:\WINDOWS\System32\shcore.dll
0x00007ffc53b70000 - 0x00007ffc542f0000 	C:\WINDOWS\System32\windows.storage.dll
0x00007ffc538a0000 - 0x00007ffc538c3000 	C:\WINDOWS\System32\profapi.dll
0x00007ffc53850000 - 0x00007ffc5389a000 	C:\WINDOWS\System32\powrprof.dll
0x00007ffc53820000 - 0x00007ffc53830000 	C:\WINDOWS\System32\UMPDC.dll
0x00007ffc55120000 - 0x00007ffc55172000 	C:\WINDOWS\System32\shlwapi.dll
0x00007ffc542f0000 - 0x00007ffc54307000 	C:\WINDOWS\System32\cryptsp.dll
0x00007ffc280a0000 - 0x00007ffc280b9000 	C:\Program Files\Java\jdk-11.0.8\bin\net.dll
0x00007ffc51280000 - 0x00007ffc51370000 	C:\WINDOWS\SYSTEM32\WINHTTP.dll
0x00007ffc53060000 - 0x00007ffc530c7000 	C:\WINDOWS\system32\mswsock.dll
0x00007ffc27f10000 - 0x00007ffc27f22000 	C:\Program Files\Java\jdk-11.0.8\bin\nio.dll
0x000000006e780000 - 0x000000006e7c0000 	C:\Users\denni\AppData\Local\Programs\Webots\lib\controller\java\JavaController.dll
0x000000006fc40000 - 0x000000006fdf1000 	C:\Users\denni\AppData\Local\Programs\Webots\msys64\mingw64\bin\cpp\libstdc++-6.dll
0x0000000061440000 - 0x000000006145c000 	C:\Users\denni\AppData\Local\Programs\Webots\msys64\mingw64\bin\cpp\libgcc_s_seh-1.dll
0x0000000064940000 - 0x0000000064956000 	C:\Users\denni\AppData\Local\Programs\Webots\msys64\mingw64\bin\cpp\libwinpthread-1.dll
0x0000000064f40000 - 0x0000000064fac000 	C:\Users\denni\AppData\Local\Programs\Webots\lib\controller\CppController.dll
0x000000006aa40000 - 0x000000006aac8000 	C:\Users\denni\AppData\Local\Programs\Webots\lib\controller\Controller.dll
0x0000000063e00000 - 0x0000000063e1b000 	C:\Users\denni\AppData\Local\Programs\Webots\RESOUR~1\projects\plugins\ROBOT_~1\generic\generic.dll

dbghelp: loaded successfully - version: 4.0.5 - missing functions: none
symbol engine: initialized successfully - sym options: 0x614 - pdb path: .;C:\Program Files\Java\jdk-11.0.8\bin;C:\WINDOWS\SYSTEM32;C:\WINDOWS\WinSxS\amd64_microsoft.windows.common-controls_6595b64144ccf1df_6.0.18362.1082_none_9e8193e1e45b25c1;C:\Program Files\Java\jdk-11.0.8\bin\server;C:\Users\denni\AppData\Local\Programs\Webots\lib\controller\java;C:\Users\denni\AppData\Local\Programs\Webots\msys64\mingw64\bin\cpp;C:\Users\denni\AppData\Local\Programs\Webots\lib\controller;C:\Users\denni\AppData\Local\Programs\Webots\RESOUR~1\projects\plugins\ROBOT_~1\generic

VM Arguments:
jvm_args: -Djava.library.path=C:/Users/denni/AppData/Local/Programs/Webots/lib/controller/java 
java_command: T06Controller
java_class_path (initial): C:/Users/denni/AppData/Local/Programs/Webots/lib/controller/java/Controller.jar;C:/Users/denni/Desktop/School/MCGILL/ECSE21~1/WORKSP~1/LAB_FI~1/PROJEC~1/CONTRO~1/T06CON~1/;..\lib\simlejos.jar;..\lib\EV3WiFiClient.jar
Launcher Type: SUN_STANDARD

[Global flags]
     intx CICompilerCount                          = 4                                         {product} {ergonomic}
     uint ConcGCThreads                            = 2                                         {product} {ergonomic}
     uint G1ConcRefinementThreads                  = 8                                         {product} {ergonomic}
   size_t G1HeapRegionSize                         = 1048576                                   {product} {ergonomic}
    uintx GCDrainStackTargetSize                   = 64                                        {product} {ergonomic}
   size_t InitialHeapSize                          = 132120576                                 {product} {ergonomic}
   size_t MarkStackSize                            = 4194304                                   {product} {ergonomic}
   size_t MaxHeapSize                              = 2107637760                                {product} {ergonomic}
   size_t MaxNewSize                               = 1264582656                                {product} {ergonomic}
   size_t MinHeapDeltaBytes                        = 1048576                                   {product} {ergonomic}
    uintx NonNMethodCodeHeapSize                   = 5836300                                {pd product} {ergonomic}
    uintx NonProfiledCodeHeapSize                  = 122910970                              {pd product} {ergonomic}
    uintx ProfiledCodeHeapSize                     = 122910970                              {pd product} {ergonomic}
    uintx ReservedCodeCacheSize                    = 251658240                              {pd product} {ergonomic}
     bool SegmentedCodeCache                       = true                                      {product} {ergonomic}
     bool UseCompressedClassPointers               = true                                 {lp64_product} {ergonomic}
     bool UseCompressedOops                        = true                                 {lp64_product} {ergonomic}
     bool UseG1GC                                  = true                                      {product} {ergonomic}
     bool UseLargePagesIndividualAllocation        = false                                  {pd product} {ergonomic}

Logging:
Log output configuration:
 #0: stdout all=warning uptime,level,tags
 #1: stderr all=off uptime,level,tags

Environment Variables:
JAVA_HOME=C:\Program Files\Java\jdk-11.0.8
CLASSPATH=..\lib\simlejos.jar;..\lib\EV3WiFiClient.jar
PATH=C:\Users\denni\AppData\Local\Programs\Webots\msys64\mingw64\bin\cpp;C:\Program Files\Common Files\Oracle\Java\javapath;C:\Windows\system32;C:\Windows;C:\Windows\System32\Wbem;C:\Windows\System32\WindowsPowerShell\v1.0\;C:\Windows\System32\OpenSSH\;C:\Program Files (x86)\NVIDIA Corporation\PhysX\Common;C:\WINDOWS\system32;C:\WINDOWS;C:\WINDOWS\System32\Wbem;C:\WINDOWS\System32\WindowsPowerShell\v1.0\;C:\WINDOWS\System32\OpenSSH\;C:\Program Files\Git\cmd;C:\Program Files\Microsoft SQL Server\130\Tools\Binn\;C:\Users\denni\AppData\Local\Microsoft\WindowsApps;C:\Users\denni\AppData\Local\GitHubDesktop\bin;C:\intelFPGA\18.0\modelsim_ase\win32aloem;C:\Users\denni\AppData\Roaming\Dashlane\6.2035.0.38627\bin\Firefox_Extension\{442718d9-475e-452a-b3e1-fb1ee16b8e9f}\components;C:\Users\denni\AppData\Roaming\Dashlane\6.2035.0.38627\ucrt;C:\Users\denni\AppData\Roaming\Dashlane\6.2035.0.38627\bin\Qt;C:\Users\denni\AppData\Roaming\Dashlane\6.2035.0.38627\bin\Ssl;C:\Program Files\Java\jdk-11.0.8\bin;C:\Users\denni\AppData\Local\Programs\Webots\lib\controller
USERNAME=denni
OS=Windows_NT
PROCESSOR_IDENTIFIER=Intel64 Family 6 Model 142 Stepping 11, GenuineIntel



---------------  S Y S T E M  ---------------

OS: Windows 10 , 64 bit Build 18362 (10.0.18362.1082)

CPU:total 8 (initial active 8) (4 cores per cpu, 2 threads per core) family 6 model 142 stepping 11, cmov, cx8, fxsr, mmx, sse, sse2, sse3, ssse3, sse4.1, sse4.2, popcnt, avx, avx2, aes, clmul, erms, 3dnowpref, lzcnt, ht, tsc, tscinvbit, bmi1, bmi2, adx, fma

Memory: 4k page, system-wide physical 8037M (2318M free)
TotalPageFile size 11493M (AvailPageFile size 3392M)
current process WorkingSet (physical memory assigned to process): 63M, peak: 66M
current process commit charge ("private bytes"): 207M, peak: 212M

vm_info: Java HotSpot(TM) 64-Bit Server VM (11.0.8+10-LTS) for windows-amd64 JRE (11.0.8+10-LTS), built on Jun 16 2020 05:53:08 by "mach5one" with unknown MS VC++:1916

END.
