#
# A fatal error has been detected by the Java Runtime Environment:
#
#  EXCEPTION_ACCESS_VIOLATION (0xc0000005) at pc=0x000000006e7814a6, pid=11272, tid=11488
#
# JRE version: Java(TM) SE Runtime Environment 18.9 (11.0.8+10) (build 11.0.8+10-LTS)
# Java VM: Java HotSpot(TM) 64-Bit Server VM 18.9 (11.0.8+10-LTS, mixed mode, tiered, compressed oops, g1 gc, windows-amd64)
# Problematic frame:
# C  [JavaController.dll+0x14a6]
#
# No core dump will be written. Minidumps are not enabled by default on client versions of Windows
#
# If you would like to submit a bug report, please visit:
#   https://bugreport.java.com/bugreport/crash.jsp
# The crash happened outside the Java Virtual Machine in native code.
# See problematic frame for where to report the bug.
#

---------------  S U M M A R Y ------------

Command Line: -Djava.library.path=C:/Users/denni/AppData/Local/Programs/Webots/lib/controller/java T06Controller

Host: Intel(R) Core(TM) i5-8265U CPU @ 1.60GHz, 8 cores, 7G,  Windows 10 , 64 bit Build 18362 (10.0.18362.1082)
Time: Thu Nov 12 13:01:32 2020 ??2?¡À¨º¡Á?¨º¡À?? elapsed time: 41 seconds (0d 0h 0m 41s)

---------------  T H R E A D  ---------------

Current thread (0x000001e0a4c08800):  JavaThread "main" [_thread_in_native, id=11488, stack(0x0000006256100000,0x0000006256200000)]

Stack: [0x0000006256100000,0x0000006256200000],  sp=0x00000062561fee10,  free space=1019k
Native frames: (J=compiled Java code, j=interpreted, Vv=VM code, C=native code)
C  [JavaController.dll+0x14a6]

Java frames: (J=compiled Java code, j=interpreted, Vv=VM code)
J 409  com.cyberbotics.webots.controller.wrapperJNI.Camera_getImage(JLcom/cyberbotics/webots/controller/Camera;)[I (0 bytes) @ 0x000001e0b4b19095 [0x000001e0b4b19040+0x0000000000000055]
J 464 c2 simlejos.hardware.sensor.EV3ColorSensor$RedMode.fetchSample([FI)V (89 bytes) @ 0x000001e0b4b21110 [0x000001e0b4b20fa0+0x0000000000000170]
j  ca.mcgill.ecse211.project.Navigation.lineCorrection(II)V+61
j  ca.mcgill.ecse211.project.Navigation.goStraightFor(IZ)Z+227
j  ca.mcgill.ecse211.project.Navigation.travelTo(Lca/mcgill/ecse211/playingfield/Point;Z)Z+179
j  ca.mcgill.ecse211.project.Navigation.moveInSearchZone(Lca/mcgill/ecse211/playingfield/Region;Lca/mcgill/ecse211/playingfield/Region;)V+138
j  ca.mcgill.ecse211.project.Main.main([Ljava/lang/String;)V+184
j  T06Controller.main([Ljava/lang/String;)V+1
v  ~StubRoutines::call_stub

siginfo: EXCEPTION_ACCESS_VIOLATION (0xc0000005), reading address 0x0000000000000000


Register to memory mapping:

RIP=0x000000006e7814a6 JavaController.dll
RAX=0x0 is NULL
RBX=0x0 is NULL
RCX=0x0000000000000001 is an unknown value
RDX=0x0000000000000006 is an unknown value
RSP=0x00000062561fee10 is pointing into the stack for thread: 0x000001e0a4c08800
RBP=0x0000000000000001 is an unknown value
RSI=0x000001e0a4c08b40 points into unknown readable memory: 00 2d e5 12 fc 7f 00 00
RDI=0x000001e0c3843f10 points into unknown readable memory: f0 61 d4 89 00 00 00 00
R8 =0x000001e0c49e7880 points into unknown readable memory: 00 00 00 00 00 00 00 00
R9 =0x0000000089d46200 is an oop: java.util.concurrent.CyclicBarrier$Generation 
{0x0000000089d46200} - klass: 'java/util/concurrent/CyclicBarrier$Generation'
R10=0x0 is NULL
R11=0x00000062561fedf0 is pointing into the stack for thread: 0x000001e0a4c08800
R12=0x0 is NULL
R13=0x0000000088b83c88 is an oop: java.util.concurrent.locks.ReentrantLock$NonfairSync 
{0x0000000088b83c88} - klass: 'java/util/concurrent/locks/ReentrantLock$NonfairSync'
R14=0x00000062561fef00 is pointing into the stack for thread: 0x000001e0a4c08800
R15=0x000001e0a4c08800 is a thread


Registers:
RAX=0x0000000000000000, RBX=0x0000000000000000, RCX=0x0000000000000001, RDX=0x0000000000000006
RSP=0x00000062561fee10, RBP=0x0000000000000001, RSI=0x000001e0a4c08b40, RDI=0x000001e0c3843f10
R8 =0x000001e0c49e7880, R9 =0x0000000089d46200, R10=0x0000000000000000, R11=0x00000062561fedf0
R12=0x0000000000000000, R13=0x0000000088b83c88, R14=0x00000062561fef00, R15=0x000001e0a4c08800
RIP=0x000000006e7814a6, EFLAGS=0x0000000000010202

Top of Stack: (sp=0x00000062561fee10)
0x00000062561fee10:   0000000000000000 0000000000000001
0x00000062561fee20:   000001e0a4c08b40 000001e0c3843f10
0x00000062561fee30:   000001e0a2bfd570 000001e0a2bfd570
0x00000062561fee40:   000001e0a4c08b40 0000000000000000
0x00000062561fee50:   0000000000000001 000000006e7820a8
0x00000062561fee60:   000001e0a2bfd570 00007ffc12ba3696
0x00000062561fee70:   00000062561fef10 000000006e7820bd
0x00000062561fee80:   000001e0a2bfd470 0000000088b01ab8
0x00000062561fee90:   000001e0c3edf4f0 000001e0ad019e03
0x00000062561feea0:   00000062561fef10 000001e0b4b19135
0x00000062561feeb0:   00000062561feee0 000000006aa50000
0x00000062561feec0:   0000000000000000 00007ffc12bbc500
0x00000062561feed0:   000001e0a4c08800 0000000088b01550
0x00000062561feee0:   0000000089d461c0 0000000000000000
0x00000062561feef0:   0000000000000000 000001e0a4c08800
0x00000062561fef00:   0000000088b01570 000001e0a4c14cc0 

Instructions: (pc=0x000000006e7814a6)
0x000000006e781486:   00 48 89 fa 48 89 f1 ff 90 d8 05 00 00 49 89 c0
0x000000006e781496:   48 85 c0 74 3c 85 ed 7e 17 89 e9 b8 00 00 00 00
0x000000006e7814a6:   8b 14 83 41 89 14 80 48 83 c0 01 48 39 c8 75 f0
0x000000006e7814b6:   48 8b 06 41 b9 00 00 00 00 48 89 fa 48 89 f1 ff 


Stack slot to memory mapping:
stack at sp + 0 slots: 0x0 is NULL
stack at sp + 1 slots: 0x0000000000000001 is an unknown value
stack at sp + 2 slots: 0x000001e0a4c08b40 points into unknown readable memory: 00 2d e5 12 fc 7f 00 00
stack at sp + 3 slots: 0x000001e0c3843f10 points into unknown readable memory: f0 61 d4 89 00 00 00 00
stack at sp + 4 slots: 0x000001e0a2bfd570 points into unknown readable memory: 40 8c f5 64 00 00 00 00
stack at sp + 5 slots: 0x000001e0a2bfd570 points into unknown readable memory: 40 8c f5 64 00 00 00 00
stack at sp + 6 slots: 0x000001e0a4c08b40 points into unknown readable memory: 00 2d e5 12 fc 7f 00 00
stack at sp + 7 slots: 0x0 is NULL


---------------  P R O C E S S  ---------------

Threads class SMR info:
_java_thread_list=0x000001e0c4a0ab20, length=12, elements={
0x000001e0a4c08800, 0x000001e0c3865800, 0x000001e0c386f000, 0x000001e0c388a800,
0x000001e0c388c800, 0x000001e0c388d800, 0x000001e0c414b000, 0x000001e0c4150000,
0x000001e0c42d6800, 0x000001e0c42db800, 0x000001e0a2a11800, 0x000001e0c4a02000
}

Java Threads: ( => current thread )
=>0x000001e0a4c08800 JavaThread "main" [_thread_in_native, id=11488, stack(0x0000006256100000,0x0000006256200000)]
  0x000001e0c3865800 JavaThread "Reference Handler" daemon [_thread_blocked, id=19084, stack(0x0000006256800000,0x0000006256900000)]
  0x000001e0c386f000 JavaThread "Finalizer" daemon [_thread_blocked, id=10508, stack(0x0000006256900000,0x0000006256a00000)]
  0x000001e0c388a800 JavaThread "Signal Dispatcher" daemon [_thread_blocked, id=18020, stack(0x0000006256a00000,0x0000006256b00000)]
  0x000001e0c388c800 JavaThread "Attach Listener" daemon [_thread_blocked, id=13052, stack(0x0000006256b00000,0x0000006256c00000)]
  0x000001e0c388d800 JavaThread "C2 CompilerThread0" daemon [_thread_blocked, id=11280, stack(0x0000006256c00000,0x0000006256d00000)]
  0x000001e0c414b000 JavaThread "C1 CompilerThread0" daemon [_thread_blocked, id=5056, stack(0x0000006256d00000,0x0000006256e00000)]
  0x000001e0c4150000 JavaThread "Sweeper thread" daemon [_thread_blocked, id=13452, stack(0x0000006256e00000,0x0000006256f00000)]
  0x000001e0c42d6800 JavaThread "Service Thread" daemon [_thread_blocked, id=5528, stack(0x0000006256f00000,0x0000006257000000)]
  0x000001e0c42db800 JavaThread "Common-Cleaner" daemon [_thread_blocked, id=14496, stack(0x0000006257100000,0x0000006257200000)]
  0x000001e0a2a11800 JavaThread "Thread-0" [_thread_in_native, id=7520, stack(0x0000006257200000,0x0000006257300000)]
  0x000001e0c4a02000 JavaThread "Thread-1" [_thread_blocked, id=17720, stack(0x0000006257300000,0x0000006257400000)]

Other Threads:
  0x000001e0c3843800 VMThread "VM Thread" [stack: 0x0000006256700000,0x0000006256800000] [id=13908]
  0x000001e0c42db000 WatcherThread [stack: 0x0000006257000000,0x0000006257100000] [id=6648]
  0x000001e0a4c1c800 GCTaskThread "GC Thread#0" [stack: 0x0000006256200000,0x0000006256300000] [id=13020]
  0x000001e0c4dcc800 GCTaskThread "GC Thread#1" [stack: 0x0000006257400000,0x0000006257500000] [id=11088]
  0x000001e0c4978800 GCTaskThread "GC Thread#2" [stack: 0x0000006257500000,0x0000006257600000] [id=3636]
  0x000001e0c4979000 GCTaskThread "GC Thread#3" [stack: 0x0000006257600000,0x0000006257700000] [id=2716]
  0x000001e0c4979800 GCTaskThread "GC Thread#4" [stack: 0x0000006257700000,0x0000006257800000] [id=2648]
  0x000001e0c4d86800 GCTaskThread "GC Thread#5" [stack: 0x0000006257800000,0x0000006257900000] [id=11144]
  0x000001e0a4c4f000 ConcurrentGCThread "G1 Main Marker" [stack: 0x0000006256300000,0x0000006256400000] [id=13568]
  0x000001e0a4c51000 ConcurrentGCThread "G1 Conc#0" [stack: 0x0000006256400000,0x0000006256500000] [id=17852]
  0x000001e0c36a8800 ConcurrentGCThread "G1 Refine#0" [stack: 0x0000006256500000,0x0000006256600000] [id=11240]
  0x000001e0c36ac000 ConcurrentGCThread "G1 Young RemSet Sampling" [stack: 0x0000006256600000,0x0000006256700000] [id=10548]

Threads with active compile tasks:

VM state:not at safepoint (normal execution)

VM Mutex/Monitor currently owned by a thread: None

Heap address: 0x0000000082600000, size: 2010 MB, Compressed Oops mode: 32-bit
Narrow klass base: 0x0000000000000000, Narrow klass shift: 3
Compressed class space size: 1073741824 Address: 0x0000000100000000

Heap:
 garbage-first heap   total 129024K, used 8597K [0x0000000082600000, 0x0000000100000000)
  region size 1024K, 10 young (10240K), 2 survivors (2048K)
 Metaspace       used 8051K, capacity 8248K, committed 8448K, reserved 1056768K
  class space    used 699K, capacity 745K, committed 768K, reserved 1048576K
Heap Regions: E=young(eden), S=young(survivor), O=old, HS=humongous(starts), HC=humongous(continues), CS=collection set, F=free, A=archive, TAMS=top-at-mark-start (previous, next)
|   0|0x0000000082600000, 0x0000000082600000, 0x0000000082700000|  0%| F|  |TAMS 0x0000000082600000, 0x0000000082600000| Untracked 
|   1|0x0000000082700000, 0x0000000082700000, 0x0000000082800000|  0%| F|  |TAMS 0x0000000082700000, 0x0000000082700000| Untracked 
|   2|0x0000000082800000, 0x0000000082800000, 0x0000000082900000|  0%| F|  |TAMS 0x0000000082800000, 0x0000000082800000| Untracked 
|   3|0x0000000082900000, 0x0000000082900000, 0x0000000082a00000|  0%| F|  |TAMS 0x0000000082900000, 0x0000000082900000| Untracked 
|   4|0x0000000082a00000, 0x0000000082a00000, 0x0000000082b00000|  0%| F|  |TAMS 0x0000000082a00000, 0x0000000082a00000| Untracked 
|   5|0x0000000082b00000, 0x0000000082b00000, 0x0000000082c00000|  0%| F|  |TAMS 0x0000000082b00000, 0x0000000082b00000| Untracked 
|   6|0x0000000082c00000, 0x0000000082c00000, 0x0000000082d00000|  0%| F|  |TAMS 0x0000000082c00000, 0x0000000082c00000| Untracked 
|   7|0x0000000082d00000, 0x0000000082d00000, 0x0000000082e00000|  0%| F|  |TAMS 0x0000000082d00000, 0x0000000082d00000| Untracked 
|   8|0x0000000082e00000, 0x0000000082e00000, 0x0000000082f00000|  0%| F|  |TAMS 0x0000000082e00000, 0x0000000082e00000| Untracked 
|   9|0x0000000082f00000, 0x0000000082f00000, 0x0000000083000000|  0%| F|  |TAMS 0x0000000082f00000, 0x0000000082f00000| Untracked 
|  10|0x0000000083000000, 0x0000000083000000, 0x0000000083100000|  0%| F|  |TAMS 0x0000000083000000, 0x0000000083000000| Untracked 
|  11|0x0000000083100000, 0x0000000083100000, 0x0000000083200000|  0%| F|  |TAMS 0x0000000083100000, 0x0000000083100000| Untracked 
|  12|0x0000000083200000, 0x0000000083200000, 0x0000000083300000|  0%| F|  |TAMS 0x0000000083200000, 0x0000000083200000| Untracked 
|  13|0x0000000083300000, 0x0000000083300000, 0x0000000083400000|  0%| F|  |TAMS 0x0000000083300000, 0x0000000083300000| Untracked 
|  14|0x0000000083400000, 0x0000000083400000, 0x0000000083500000|  0%| F|  |TAMS 0x0000000083400000, 0x0000000083400000| Untracked 
|  15|0x0000000083500000, 0x0000000083500000, 0x0000000083600000|  0%| F|  |TAMS 0x0000000083500000, 0x0000000083500000| Untracked 
|  16|0x0000000083600000, 0x0000000083600000, 0x0000000083700000|  0%| F|  |TAMS 0x0000000083600000, 0x0000000083600000| Untracked 
|  17|0x0000000083700000, 0x0000000083700000, 0x0000000083800000|  0%| F|  |TAMS 0x0000000083700000, 0x0000000083700000| Untracked 
|  18|0x0000000083800000, 0x0000000083800000, 0x0000000083900000|  0%| F|  |TAMS 0x0000000083800000, 0x0000000083800000| Untracked 
|  19|0x0000000083900000, 0x0000000083900000, 0x0000000083a00000|  0%| F|  |TAMS 0x0000000083900000, 0x0000000083900000| Untracked 
|  20|0x0000000083a00000, 0x0000000083a00000, 0x0000000083b00000|  0%| F|  |TAMS 0x0000000083a00000, 0x0000000083a00000| Untracked 
|  21|0x0000000083b00000, 0x0000000083b00000, 0x0000000083c00000|  0%| F|  |TAMS 0x0000000083b00000, 0x0000000083b00000| Untracked 
|  22|0x0000000083c00000, 0x0000000083c00000, 0x0000000083d00000|  0%| F|  |TAMS 0x0000000083c00000, 0x0000000083c00000| Untracked 
|  23|0x0000000083d00000, 0x0000000083d00000, 0x0000000083e00000|  0%| F|  |TAMS 0x0000000083d00000, 0x0000000083d00000| Untracked 
|  24|0x0000000083e00000, 0x0000000083e00000, 0x0000000083f00000|  0%| F|  |TAMS 0x0000000083e00000, 0x0000000083e00000| Untracked 
|  25|0x0000000083f00000, 0x0000000083f00000, 0x0000000084000000|  0%| F|  |TAMS 0x0000000083f00000, 0x0000000083f00000| Untracked 
|  26|0x0000000084000000, 0x0000000084000000, 0x0000000084100000|  0%| F|  |TAMS 0x0000000084000000, 0x0000000084000000| Untracked 
|  27|0x0000000084100000, 0x0000000084100000, 0x0000000084200000|  0%| F|  |TAMS 0x0000000084100000, 0x0000000084100000| Untracked 
|  28|0x0000000084200000, 0x0000000084200000, 0x0000000084300000|  0%| F|  |TAMS 0x0000000084200000, 0x0000000084200000| Untracked 
|  29|0x0000000084300000, 0x0000000084300000, 0x0000000084400000|  0%| F|  |TAMS 0x0000000084300000, 0x0000000084300000| Untracked 
|  30|0x0000000084400000, 0x0000000084400000, 0x0000000084500000|  0%| F|  |TAMS 0x0000000084400000, 0x0000000084400000| Untracked 
|  31|0x0000000084500000, 0x0000000084500000, 0x0000000084600000|  0%| F|  |TAMS 0x0000000084500000, 0x0000000084500000| Untracked 
|  32|0x0000000084600000, 0x0000000084600000, 0x0000000084700000|  0%| F|  |TAMS 0x0000000084600000, 0x0000000084600000| Untracked 
|  33|0x0000000084700000, 0x0000000084700000, 0x0000000084800000|  0%| F|  |TAMS 0x0000000084700000, 0x0000000084700000| Untracked 
|  34|0x0000000084800000, 0x0000000084800000, 0x0000000084900000|  0%| F|  |TAMS 0x0000000084800000, 0x0000000084800000| Untracked 
|  35|0x0000000084900000, 0x0000000084900000, 0x0000000084a00000|  0%| F|  |TAMS 0x0000000084900000, 0x0000000084900000| Untracked 
|  36|0x0000000084a00000, 0x0000000084a00000, 0x0000000084b00000|  0%| F|  |TAMS 0x0000000084a00000, 0x0000000084a00000| Untracked 
|  37|0x0000000084b00000, 0x0000000084b00000, 0x0000000084c00000|  0%| F|  |TAMS 0x0000000084b00000, 0x0000000084b00000| Untracked 
|  38|0x0000000084c00000, 0x0000000084c00000, 0x0000000084d00000|  0%| F|  |TAMS 0x0000000084c00000, 0x0000000084c00000| Untracked 
|  39|0x0000000084d00000, 0x0000000084d00000, 0x0000000084e00000|  0%| F|  |TAMS 0x0000000084d00000, 0x0000000084d00000| Untracked 
|  40|0x0000000084e00000, 0x0000000084e00000, 0x0000000084f00000|  0%| F|  |TAMS 0x0000000084e00000, 0x0000000084e00000| Untracked 
|  41|0x0000000084f00000, 0x0000000084f00000, 0x0000000085000000|  0%| F|  |TAMS 0x0000000084f00000, 0x0000000084f00000| Untracked 
|  42|0x0000000085000000, 0x0000000085000000, 0x0000000085100000|  0%| F|  |TAMS 0x0000000085000000, 0x0000000085000000| Untracked 
|  43|0x0000000085100000, 0x0000000085100000, 0x0000000085200000|  0%| F|  |TAMS 0x0000000085100000, 0x0000000085100000| Untracked 
|  44|0x0000000085200000, 0x0000000085200000, 0x0000000085300000|  0%| F|  |TAMS 0x0000000085200000, 0x0000000085200000| Untracked 
|  45|0x0000000085300000, 0x0000000085300000, 0x0000000085400000|  0%| F|  |TAMS 0x0000000085300000, 0x0000000085300000| Untracked 
|  46|0x0000000085400000, 0x0000000085400000, 0x0000000085500000|  0%| F|  |TAMS 0x0000000085400000, 0x0000000085400000| Untracked 
|  47|0x0000000085500000, 0x0000000085500000, 0x0000000085600000|  0%| F|  |TAMS 0x0000000085500000, 0x0000000085500000| Untracked 
|  48|0x0000000085600000, 0x0000000085600000, 0x0000000085700000|  0%| F|  |TAMS 0x0000000085600000, 0x0000000085600000| Untracked 
|  49|0x0000000085700000, 0x0000000085700000, 0x0000000085800000|  0%| F|  |TAMS 0x0000000085700000, 0x0000000085700000| Untracked 
|  50|0x0000000085800000, 0x0000000085800000, 0x0000000085900000|  0%| F|  |TAMS 0x0000000085800000, 0x0000000085800000| Untracked 
|  51|0x0000000085900000, 0x0000000085900000, 0x0000000085a00000|  0%| F|  |TAMS 0x0000000085900000, 0x0000000085900000| Untracked 
|  52|0x0000000085a00000, 0x0000000085a00000, 0x0000000085b00000|  0%| F|  |TAMS 0x0000000085a00000, 0x0000000085a00000| Untracked 
|  53|0x0000000085b00000, 0x0000000085b00000, 0x0000000085c00000|  0%| F|  |TAMS 0x0000000085b00000, 0x0000000085b00000| Untracked 
|  54|0x0000000085c00000, 0x0000000085c00000, 0x0000000085d00000|  0%| F|  |TAMS 0x0000000085c00000, 0x0000000085c00000| Untracked 
|  55|0x0000000085d00000, 0x0000000085d00000, 0x0000000085e00000|  0%| F|  |TAMS 0x0000000085d00000, 0x0000000085d00000| Untracked 
|  56|0x0000000085e00000, 0x0000000085e00000, 0x0000000085f00000|  0%| F|  |TAMS 0x0000000085e00000, 0x0000000085e00000| Untracked 
|  57|0x0000000085f00000, 0x0000000085f00000, 0x0000000086000000|  0%| F|  |TAMS 0x0000000085f00000, 0x0000000085f00000| Untracked 
|  58|0x0000000086000000, 0x0000000086000000, 0x0000000086100000|  0%| F|  |TAMS 0x0000000086000000, 0x0000000086000000| Untracked 
|  59|0x0000000086100000, 0x0000000086100000, 0x0000000086200000|  0%| F|  |TAMS 0x0000000086100000, 0x0000000086100000| Untracked 
|  60|0x0000000086200000, 0x0000000086200000, 0x0000000086300000|  0%| F|  |TAMS 0x0000000086200000, 0x0000000086200000| Untracked 
|  61|0x0000000086300000, 0x0000000086300000, 0x0000000086400000|  0%| F|  |TAMS 0x0000000086300000, 0x0000000086300000| Untracked 
|  62|0x0000000086400000, 0x0000000086400000, 0x0000000086500000|  0%| F|  |TAMS 0x0000000086400000, 0x0000000086400000| Untracked 
|  63|0x0000000086500000, 0x0000000086500000, 0x0000000086600000|  0%| F|  |TAMS 0x0000000086500000, 0x0000000086500000| Untracked 
|  64|0x0000000086600000, 0x0000000086600000, 0x0000000086700000|  0%| F|  |TAMS 0x0000000086600000, 0x0000000086600000| Untracked 
|  65|0x0000000086700000, 0x0000000086700000, 0x0000000086800000|  0%| F|  |TAMS 0x0000000086700000, 0x0000000086700000| Untracked 
|  66|0x0000000086800000, 0x0000000086800000, 0x0000000086900000|  0%| F|  |TAMS 0x0000000086800000, 0x0000000086800000| Untracked 
|  67|0x0000000086900000, 0x0000000086900000, 0x0000000086a00000|  0%| F|  |TAMS 0x0000000086900000, 0x0000000086900000| Untracked 
|  68|0x0000000086a00000, 0x0000000086a00000, 0x0000000086b00000|  0%| F|  |TAMS 0x0000000086a00000, 0x0000000086a00000| Untracked 
|  69|0x0000000086b00000, 0x0000000086b00000, 0x0000000086c00000|  0%| F|  |TAMS 0x0000000086b00000, 0x0000000086b00000| Untracked 
|  70|0x0000000086c00000, 0x0000000086c00000, 0x0000000086d00000|  0%| F|  |TAMS 0x0000000086c00000, 0x0000000086c00000| Untracked 
|  71|0x0000000086d00000, 0x0000000086d00000, 0x0000000086e00000|  0%| F|  |TAMS 0x0000000086d00000, 0x0000000086d00000| Untracked 
|  72|0x0000000086e00000, 0x0000000086e00000, 0x0000000086f00000|  0%| F|  |TAMS 0x0000000086e00000, 0x0000000086e00000| Untracked 
|  73|0x0000000086f00000, 0x0000000086f00000, 0x0000000087000000|  0%| F|  |TAMS 0x0000000086f00000, 0x0000000086f00000| Untracked 
|  74|0x0000000087000000, 0x0000000087000000, 0x0000000087100000|  0%| F|  |TAMS 0x0000000087000000, 0x0000000087000000| Untracked 
|  75|0x0000000087100000, 0x0000000087100000, 0x0000000087200000|  0%| F|  |TAMS 0x0000000087100000, 0x0000000087100000| Untracked 
|  76|0x0000000087200000, 0x0000000087200000, 0x0000000087300000|  0%| F|  |TAMS 0x0000000087200000, 0x0000000087200000| Untracked 
|  77|0x0000000087300000, 0x0000000087300000, 0x0000000087400000|  0%| F|  |TAMS 0x0000000087300000, 0x0000000087300000| Untracked 
|  78|0x0000000087400000, 0x0000000087400000, 0x0000000087500000|  0%| F|  |TAMS 0x0000000087400000, 0x0000000087400000| Untracked 
|  79|0x0000000087500000, 0x0000000087500000, 0x0000000087600000|  0%| F|  |TAMS 0x0000000087500000, 0x0000000087500000| Untracked 
|  80|0x0000000087600000, 0x0000000087600000, 0x0000000087700000|  0%| F|  |TAMS 0x0000000087600000, 0x0000000087600000| Untracked 
|  81|0x0000000087700000, 0x0000000087700000, 0x0000000087800000|  0%| F|  |TAMS 0x0000000087700000, 0x0000000087700000| Untracked 
|  82|0x0000000087800000, 0x0000000087800000, 0x0000000087900000|  0%| F|  |TAMS 0x0000000087800000, 0x0000000087800000| Untracked 
|  83|0x0000000087900000, 0x0000000087900000, 0x0000000087a00000|  0%| F|  |TAMS 0x0000000087900000, 0x0000000087900000| Untracked 
|  84|0x0000000087a00000, 0x0000000087a00000, 0x0000000087b00000|  0%| F|  |TAMS 0x0000000087a00000, 0x0000000087a00000| Untracked 
|  85|0x0000000087b00000, 0x0000000087b00000, 0x0000000087c00000|  0%| F|  |TAMS 0x0000000087b00000, 0x0000000087b00000| Untracked 
|  86|0x0000000087c00000, 0x0000000087c00000, 0x0000000087d00000|  0%| F|  |TAMS 0x0000000087c00000, 0x0000000087c00000| Untracked 
|  87|0x0000000087d00000, 0x0000000087d00000, 0x0000000087e00000|  0%| F|  |TAMS 0x0000000087d00000, 0x0000000087d00000| Untracked 
|  88|0x0000000087e00000, 0x0000000087e00000, 0x0000000087f00000|  0%| F|  |TAMS 0x0000000087e00000, 0x0000000087e00000| Untracked 
|  89|0x0000000087f00000, 0x0000000087f00000, 0x0000000088000000|  0%| F|  |TAMS 0x0000000087f00000, 0x0000000087f00000| Untracked 
|  90|0x0000000088000000, 0x0000000088000000, 0x0000000088100000|  0%| F|  |TAMS 0x0000000088000000, 0x0000000088000000| Untracked 
|  91|0x0000000088100000, 0x0000000088100000, 0x0000000088200000|  0%| F|  |TAMS 0x0000000088100000, 0x0000000088100000| Untracked 
|  92|0x0000000088200000, 0x0000000088200000, 0x0000000088300000|  0%| F|  |TAMS 0x0000000088200000, 0x0000000088200000| Untracked 
|  93|0x0000000088300000, 0x0000000088300000, 0x0000000088400000|  0%| F|  |TAMS 0x0000000088300000, 0x0000000088300000| Untracked 
|  94|0x0000000088400000, 0x0000000088400000, 0x0000000088500000|  0%| F|  |TAMS 0x0000000088400000, 0x0000000088400000| Untracked 
|  95|0x0000000088500000, 0x0000000088500000, 0x0000000088600000|  0%| F|  |TAMS 0x0000000088500000, 0x0000000088500000| Untracked 
|  96|0x0000000088600000, 0x0000000088600000, 0x0000000088700000|  0%| F|  |TAMS 0x0000000088600000, 0x0000000088600000| Untracked 
|  97|0x0000000088700000, 0x0000000088700000, 0x0000000088800000|  0%| F|  |TAMS 0x0000000088700000, 0x0000000088700000| Untracked 
|  98|0x0000000088800000, 0x0000000088800000, 0x0000000088900000|  0%| F|  |TAMS 0x0000000088800000, 0x0000000088800000| Untracked 
|  99|0x0000000088900000, 0x0000000088900000, 0x0000000088a00000|  0%| F|  |TAMS 0x0000000088900000, 0x0000000088900000| Untracked 
| 100|0x0000000088a00000, 0x0000000088a65460, 0x0000000088b00000| 39%| S|CS|TAMS 0x0000000088a00000, 0x0000000088a00000| Complete 
| 101|0x0000000088b00000, 0x0000000088c00000, 0x0000000088c00000|100%| S|CS|TAMS 0x0000000088b00000, 0x0000000088b00000| Complete 
| 102|0x0000000088c00000, 0x0000000088c00000, 0x0000000088d00000|  0%| F|  |TAMS 0x0000000088c00000, 0x0000000088c00000| Untracked 
| 103|0x0000000088d00000, 0x0000000088d00000, 0x0000000088e00000|  0%| F|  |TAMS 0x0000000088d00000, 0x0000000088d00000| Untracked 
| 104|0x0000000088e00000, 0x0000000088e00000, 0x0000000088f00000|  0%| F|  |TAMS 0x0000000088e00000, 0x0000000088e00000| Untracked 
| 105|0x0000000088f00000, 0x0000000088f00000, 0x0000000089000000|  0%| F|  |TAMS 0x0000000088f00000, 0x0000000088f00000| Untracked 
| 106|0x0000000089000000, 0x0000000089000000, 0x0000000089100000|  0%| F|  |TAMS 0x0000000089000000, 0x0000000089000000| Untracked 
| 107|0x0000000089100000, 0x0000000089100000, 0x0000000089200000|  0%| F|  |TAMS 0x0000000089100000, 0x0000000089100000| Untracked 
| 108|0x0000000089200000, 0x0000000089200000, 0x0000000089300000|  0%| F|  |TAMS 0x0000000089200000, 0x0000000089200000| Untracked 
| 109|0x0000000089300000, 0x0000000089300000, 0x0000000089400000|  0%| F|  |TAMS 0x0000000089300000, 0x0000000089300000| Untracked 
| 110|0x0000000089400000, 0x0000000089400000, 0x0000000089500000|  0%| F|  |TAMS 0x0000000089400000, 0x0000000089400000| Untracked 
| 111|0x0000000089500000, 0x0000000089500000, 0x0000000089600000|  0%| F|  |TAMS 0x0000000089500000, 0x0000000089500000| Untracked 
| 112|0x0000000089600000, 0x0000000089600000, 0x0000000089700000|  0%| F|  |TAMS 0x0000000089600000, 0x0000000089600000| Untracked 
| 113|0x0000000089700000, 0x0000000089700000, 0x0000000089800000|  0%| F|  |TAMS 0x0000000089700000, 0x0000000089700000| Untracked 
| 114|0x0000000089800000, 0x0000000089800000, 0x0000000089900000|  0%| F|  |TAMS 0x0000000089800000, 0x0000000089800000| Untracked 
| 115|0x0000000089900000, 0x0000000089900000, 0x0000000089a00000|  0%| F|  |TAMS 0x0000000089900000, 0x0000000089900000| Untracked 
| 116|0x0000000089a00000, 0x0000000089a00000, 0x0000000089b00000|  0%| F|  |TAMS 0x0000000089a00000, 0x0000000089a00000| Untracked 
| 117|0x0000000089b00000, 0x0000000089b00000, 0x0000000089c00000|  0%| F|  |TAMS 0x0000000089b00000, 0x0000000089b00000| Untracked 
| 118|0x0000000089c00000, 0x0000000089c80800, 0x0000000089d00000| 50%| E|  |TAMS 0x0000000089c00000, 0x0000000089c00000| Complete 
| 119|0x0000000089d00000, 0x0000000089e00000, 0x0000000089e00000|100%| E|CS|TAMS 0x0000000089d00000, 0x0000000089d00000| Complete 
| 120|0x0000000089e00000, 0x0000000089f00000, 0x0000000089f00000|100%| E|CS|TAMS 0x0000000089e00000, 0x0000000089e00000| Complete 
| 121|0x0000000089f00000, 0x000000008a000000, 0x000000008a000000|100%| E|CS|TAMS 0x0000000089f00000, 0x0000000089f00000| Complete 
| 122|0x000000008a000000, 0x000000008a100000, 0x000000008a100000|100%| E|CS|TAMS 0x000000008a000000, 0x000000008a000000| Complete 
| 123|0x000000008a100000, 0x000000008a200000, 0x000000008a200000|100%| E|CS|TAMS 0x000000008a100000, 0x000000008a100000| Complete 
| 124|0x000000008a200000, 0x000000008a300000, 0x000000008a300000|100%| E|CS|TAMS 0x000000008a200000, 0x000000008a200000| Complete 
| 125|0x000000008a300000, 0x000000008a400000, 0x000000008a400000|100%| E|CS|TAMS 0x000000008a300000, 0x000000008a300000| Complete 

Card table byte_map: [0x000001e0bc740000,0x000001e0bcb30000] _byte_map_base: 0x000001e0bc32d000

Marking Bits (Prev, Next): (CMBitMap*) 0x000001e0a4c461f8, (CMBitMap*) 0x000001e0a4c46230
 Prev Bits: [0x000001e0bcf20000, 0x000001e0bee88000)
 Next Bits: [0x000001e0bee90000, 0x000001e0c0df8000)

Polling page: 0x000001e0a43e0000

Metaspace:

Usage:
  Non-class:      7.33 MB capacity,     7.18 MB ( 98%) used,   144.09 KB (  2%) free+waste,     6.38 KB ( <1%) overhead. 
      Class:    745.00 KB capacity,   699.39 KB ( 94%) used,    42.92 KB (  6%) free+waste,     2.69 KB ( <1%) overhead. 
       Both:      8.05 MB capacity,     7.86 MB ( 98%) used,   187.02 KB (  2%) free+waste,     9.06 KB ( <1%) overhead. 

Virtual space:
  Non-class space:        8.00 MB reserved,       7.50 MB ( 94%) committed 
      Class space:        1.00 GB reserved,     768.00 KB ( <1%) committed 
             Both:        1.01 GB reserved,       8.25 MB ( <1%) committed 

Chunk freelists:
   Non-Class:  6.13 KB
       Class:  2.88 KB
        Both:  9.00 KB

CodeHeap 'non-profiled nmethods': size=120000Kb used=298Kb max_used=298Kb free=119701Kb
 bounds [0x000001e0b4ae0000, 0x000001e0b4d50000, 0x000001e0bc010000]
CodeHeap 'profiled nmethods': size=120000Kb used=735Kb max_used=735Kb free=119264Kb
 bounds [0x000001e0ad5b0000, 0x000001e0ad820000, 0x000001e0b4ae0000]
CodeHeap 'non-nmethods': size=5760Kb used=1099Kb max_used=1118Kb free=4660Kb
 bounds [0x000001e0ad010000, 0x000001e0ad280000, 0x000001e0ad5b0000]
 total_blobs=900 nmethods=488 adapters=324
 compilation: enabled
              stopped_count=0, restarted_count=0
 full_count=0

Compilation events (10 events):
Event: 38.485 Thread 0x000001e0c388d800  484       4       ca.mcgill.ecse211.project.UltrasonicLocalizer::readUsDistanceRaw (46 bytes)
Event: 38.513 Thread 0x000001e0c388d800 nmethod 484 0x000001e0b4b27510 code [0x000001e0b4b27760, 0x000001e0b4b28490]
Event: 38.513 Thread 0x000001e0c388d800  485       4       ca.mcgill.ecse211.project.UltrasonicLocalizer::readUsDistanceRawTop (46 bytes)
Event: 38.538 Thread 0x000001e0c388d800 nmethod 485 0x000001e0b4b28c10 code [0x000001e0b4b28e60, 0x000001e0b4b29b90]
Event: 40.574 Thread 0x000001e0c414b000  486       3       java.nio.ByteBuffer::position (8 bytes)
Event: 40.574 Thread 0x000001e0c414b000 nmethod 486 0x000001e0ad667710 code [0x000001e0ad6678c0, 0x000001e0ad667a70]
Event: 40.574 Thread 0x000001e0c414b000  487       3       java.nio.CharBuffer::position (8 bytes)
Event: 40.575 Thread 0x000001e0c414b000 nmethod 487 0x000001e0ad667b10 code [0x000001e0ad667cc0, 0x000001e0ad667e70]
Event: 41.133 Thread 0x000001e0c388d800  488   !   4       simlejos.ExecutionController::performPhysicsStep (60 bytes)
Event: 41.135 Thread 0x000001e0c388d800 nmethod 488 0x000001e0b4b2a310 code [0x000001e0b4b2a4e0, 0x000001e0b4b2a6f0]

GC Heap History (2 events):
Event: 34.472 GC heap before
{Heap before GC invocations=0 (full 0):
 garbage-first heap   total 129024K, used 24576K [0x0000000082600000, 0x0000000100000000)
  region size 1024K, 24 young (24576K), 0 survivors (0K)
 Metaspace       used 8048K, capacity 8248K, committed 8448K, reserved 1056768K
  class space    used 699K, capacity 745K, committed 768K, reserved 1048576K
}
Event: 34.475 GC heap after
{Heap after GC invocations=1 (full 0):
 garbage-first heap   total 129024K, used 1429K [0x0000000082600000, 0x0000000100000000)
  region size 1024K, 2 young (2048K), 2 survivors (2048K)
 Metaspace       used 8048K, capacity 8248K, committed 8448K, reserved 1056768K
  class space    used 699K, capacity 745K, committed 768K, reserved 1048576K
}

Deoptimization events (10 events):
Event: 13.682 Thread 0x000001e0a2a11800 Uncommon trap: reason=unstable_if action=reinterpret pc=0x000001e0b4b02cf0 method=java.util.concurrent.locks.AbstractQueuedSynchronizer.isOnSyncQueue(Ljava/util/concurrent/locks/AbstractQueuedSynchronizer$Node;)Z @ 22 c2
Event: 13.828 Thread 0x000001e0c4a02000 Uncommon trap: reason=unstable_if action=reinterpret pc=0x000001e0b4b0ec24 method=java.util.concurrent.locks.AbstractQueuedSynchronizer.enq(Ljava/util/concurrent/locks/AbstractQueuedSynchronizer$Node;)Ljava/util/concurrent/locks/AbstractQueuedSynchronizer
Event: 16.718 Thread 0x000001e0a4c08800 Uncommon trap: reason=unstable_if action=reinterpret pc=0x000001e0b4b09260 method=java.util.concurrent.locks.ReentrantLock$FairSync.tryAcquire(I)Z @ 10 c2
Event: 16.718 Thread 0x000001e0a4c08800 Uncommon trap: reason=class_check action=maybe_recompile pc=0x000001e0b4b0f978 method=java.util.concurrent.locks.AbstractQueuedSynchronizer.acquireQueued(Ljava/util/concurrent/locks/AbstractQueuedSynchronizer$Node;I)Z @ 19 c2
Event: 16.718 Thread 0x000001e0c4a02000 Uncommon trap: reason=unstable_if action=reinterpret pc=0x000001e0b4b0aaf4 method=java.util.concurrent.locks.AbstractQueuedSynchronizer.hasQueuedPredecessors()Z @ 6 c2
Event: 16.719 Thread 0x000001e0a4c08800 Uncommon trap: reason=unstable_if action=reinterpret pc=0x000001e0b4b095fc method=java.util.concurrent.locks.AbstractQueuedSynchronizer.hasQueuedPredecessors()Z @ 6 c2
Event: 16.719 Thread 0x000001e0c4a02000 Uncommon trap: reason=class_check action=maybe_recompile pc=0x000001e0b4b0f978 method=java.util.concurrent.locks.AbstractQueuedSynchronizer.acquireQueued(Ljava/util/concurrent/locks/AbstractQueuedSynchronizer$Node;I)Z @ 19 c2
Event: 19.972 Thread 0x000001e0c4a02000 Uncommon trap: reason=class_check action=maybe_recompile pc=0x000001e0b4b0f978 method=java.util.concurrent.locks.AbstractQueuedSynchronizer.acquireQueued(Ljava/util/concurrent/locks/AbstractQueuedSynchronizer$Node;I)Z @ 19 c2
Event: 22.292 Thread 0x000001e0c4a02000 Uncommon trap: reason=unstable_if action=reinterpret pc=0x000001e0b4b060e0 method=java.lang.Math.round(D)J @ 31 c2
Event: 31.763 Thread 0x000001e0c4a02000 Uncommon trap: reason=class_check action=maybe_recompile pc=0x000001e0b4b0f978 method=java.util.concurrent.locks.AbstractQueuedSynchronizer.acquireQueued(Ljava/util/concurrent/locks/AbstractQueuedSynchronizer$Node;I)Z @ 19 c2

Classes redefined (0 events):
No events

Internal exceptions (0 events):
No events

Events (10 events):
Event: 34.475 Executing VM operation: RevokeBias
Event: 34.476 Executing VM operation: RevokeBias done
Event: 34.476 Executing VM operation: RevokeBias
Event: 34.476 Executing VM operation: RevokeBias done
Event: 34.476 Executing VM operation: RevokeBias
Event: 34.476 Executing VM operation: RevokeBias done
Event: 35.707 Thread 0x000001e0a4c08800 DEOPT PACKING pc=0x000001e0ad665484 sp=0x00000062561fef60
Event: 35.707 Thread 0x000001e0a4c08800 DEOPT UNPACKING pc=0x000001e0ad038d4e sp=0x00000062561fe468 mode 0
Event: 37.704 Thread 0x000001e0a4c08800 DEOPT PACKING pc=0x000001e0ad665484 sp=0x00000062561fef60
Event: 37.704 Thread 0x000001e0a4c08800 DEOPT UNPACKING pc=0x000001e0ad038d4e sp=0x00000062561fe468 mode 0


Dynamic libraries:
0x00007ff785170000 - 0x00007ff78517f000 	C:\Program Files\Java\jdk-11.0.8\bin\javaw.exe
0x00007ffc56960000 - 0x00007ffc56b50000 	C:\WINDOWS\SYSTEM32\ntdll.dll
0x00007ffc55060000 - 0x00007ffc55112000 	C:\WINDOWS\System32\KERNEL32.DLL
0x00007ffc54550000 - 0x00007ffc547f5000 	C:\WINDOWS\System32\KERNELBASE.dll
0x00007ffc538f0000 - 0x00007ffc539ea000 	C:\WINDOWS\System32\ucrtbase.dll
0x00007ffc33a40000 - 0x00007ffc33a55000 	C:\Program Files\Java\jdk-11.0.8\bin\VCRUNTIME140.dll
0x00007ffc3acf0000 - 0x00007ffc3ad08000 	C:\Program Files\Java\jdk-11.0.8\bin\jli.dll
0x00007ffc55180000 - 0x00007ffc55223000 	C:\WINDOWS\System32\ADVAPI32.dll
0x00007ffc54fc0000 - 0x00007ffc5505e000 	C:\WINDOWS\System32\msvcrt.dll
0x00007ffc55400000 - 0x00007ffc55497000 	C:\WINDOWS\System32\sechost.dll
0x00007ffc56750000 - 0x00007ffc56870000 	C:\WINDOWS\System32\RPCRT4.dll
0x00007ffc54a10000 - 0x00007ffc54ba5000 	C:\WINDOWS\System32\USER32.dll
0x00007ffc54800000 - 0x00007ffc54821000 	C:\WINDOWS\System32\win32u.dll
0x00007ffc56870000 - 0x00007ffc56896000 	C:\WINDOWS\System32\GDI32.dll
0x00007ffc543b0000 - 0x00007ffc54546000 	C:\WINDOWS\System32\gdi32full.dll
0x00007ffc54310000 - 0x00007ffc543ae000 	C:\WINDOWS\System32\msvcp_win.dll
0x00007ffc3b950000 - 0x00007ffc3bbd4000 	C:\WINDOWS\WinSxS\amd64_microsoft.windows.common-controls_6595b64144ccf1df_6.0.18362.1082_none_9e8193e1e45b25c1\COMCTL32.dll
0x00007ffc54bb0000 - 0x00007ffc54ee5000 	C:\WINDOWS\System32\combase.dll
0x00007ffc539f0000 - 0x00007ffc53a70000 	C:\WINDOWS\System32\bcryptPrimitives.dll
0x00007ffc4c2a0000 - 0x00007ffc4c2aa000 	C:\WINDOWS\SYSTEM32\VERSION.dll
0x00007ffc55a90000 - 0x00007ffc55abe000 	C:\WINDOWS\System32\IMM32.DLL
0x00007ffc209a0000 - 0x00007ffc20a3b000 	C:\Program Files\Java\jdk-11.0.8\bin\msvcp140.dll
0x00007ffc124a0000 - 0x00007ffc12f86000 	C:\Program Files\Java\jdk-11.0.8\bin\server\jvm.dll
0x00007ffc555d0000 - 0x00007ffc555d8000 	C:\WINDOWS\System32\PSAPI.DLL
0x00007ffc50fb0000 - 0x00007ffc50fd4000 	C:\WINDOWS\SYSTEM32\WINMM.dll
0x00007ffc4c410000 - 0x00007ffc4c419000 	C:\WINDOWS\SYSTEM32\WSOCK32.dll
0x00007ffc568b0000 - 0x00007ffc5691f000 	C:\WINDOWS\System32\WS2_32.dll
0x00007ffc50f80000 - 0x00007ffc50fad000 	C:\WINDOWS\SYSTEM32\winmmbase.dll
0x00007ffc53b20000 - 0x00007ffc53b6a000 	C:\WINDOWS\System32\cfgmgr32.dll
0x00007ffc53830000 - 0x00007ffc53841000 	C:\WINDOWS\System32\kernel.appcore.dll
0x00007ffc4c350000 - 0x00007ffc4c360000 	C:\Program Files\Java\jdk-11.0.8\bin\verify.dll
0x00007ffc51fc0000 - 0x00007ffc521b4000 	C:\WINDOWS\SYSTEM32\DBGHELP.DLL
0x00007ffc459a0000 - 0x00007ffc459ca000 	C:\WINDOWS\SYSTEM32\dbgcore.DLL
0x00007ffc23620000 - 0x00007ffc23648000 	C:\Program Files\Java\jdk-11.0.8\bin\java.dll
0x00007ffc4ba90000 - 0x00007ffc4ba9a000 	C:\Program Files\Java\jdk-11.0.8\bin\jimage.dll
0x00007ffc33a20000 - 0x00007ffc33a36000 	C:\Program Files\Java\jdk-11.0.8\bin\zip.dll
0x00007ffc55bf0000 - 0x00007ffc562d7000 	C:\WINDOWS\System32\SHELL32.dll
0x00007ffc55520000 - 0x00007ffc555c9000 	C:\WINDOWS\System32\shcore.dll
0x00007ffc53b70000 - 0x00007ffc542f0000 	C:\WINDOWS\System32\windows.storage.dll
0x00007ffc538a0000 - 0x00007ffc538c3000 	C:\WINDOWS\System32\profapi.dll
0x00007ffc53850000 - 0x00007ffc5389a000 	C:\WINDOWS\System32\powrprof.dll
0x00007ffc53820000 - 0x00007ffc53830000 	C:\WINDOWS\System32\UMPDC.dll
0x00007ffc55120000 - 0x00007ffc55172000 	C:\WINDOWS\System32\shlwapi.dll
0x00007ffc542f0000 - 0x00007ffc54307000 	C:\WINDOWS\System32\cryptsp.dll
0x00007ffc280a0000 - 0x00007ffc280b9000 	C:\Program Files\Java\jdk-11.0.8\bin\net.dll
0x00007ffc51280000 - 0x00007ffc51370000 	C:\WINDOWS\SYSTEM32\WINHTTP.dll
0x00007ffc53060000 - 0x00007ffc530c7000 	C:\WINDOWS\system32\mswsock.dll
0x00007ffc27f10000 - 0x00007ffc27f22000 	C:\Program Files\Java\jdk-11.0.8\bin\nio.dll
0x000000006e780000 - 0x000000006e7c0000 	C:\Users\denni\AppData\Local\Programs\Webots\lib\controller\java\JavaController.dll
0x000000006fc40000 - 0x000000006fdf1000 	C:\Users\denni\AppData\Local\Programs\Webots\msys64\mingw64\bin\cpp\libstdc++-6.dll
0x0000000061440000 - 0x000000006145c000 	C:\Users\denni\AppData\Local\Programs\Webots\msys64\mingw64\bin\cpp\libgcc_s_seh-1.dll
0x0000000064940000 - 0x0000000064956000 	C:\Users\denni\AppData\Local\Programs\Webots\msys64\mingw64\bin\cpp\libwinpthread-1.dll
0x0000000064f40000 - 0x0000000064fac000 	C:\Users\denni\AppData\Local\Programs\Webots\lib\controller\CppController.dll
0x000000006aa40000 - 0x000000006aac8000 	C:\Users\denni\AppData\Local\Programs\Webots\lib\controller\Controller.dll
0x0000000063e00000 - 0x0000000063e1b000 	C:\Users\denni\AppData\Local\Programs\Webots\RESOUR~1\projects\plugins\ROBOT_~1\generic\generic.dll

dbghelp: loaded successfully - version: 4.0.5 - missing functions: none
symbol engine: initialized successfully - sym options: 0x614 - pdb path: .;C:\Program Files\Java\jdk-11.0.8\bin;C:\WINDOWS\SYSTEM32;C:\WINDOWS\WinSxS\amd64_microsoft.windows.common-controls_6595b64144ccf1df_6.0.18362.1082_none_9e8193e1e45b25c1;C:\Program Files\Java\jdk-11.0.8\bin\server;C:\Users\denni\AppData\Local\Programs\Webots\lib\controller\java;C:\Users\denni\AppData\Local\Programs\Webots\msys64\mingw64\bin\cpp;C:\Users\denni\AppData\Local\Programs\Webots\lib\controller;C:\Users\denni\AppData\Local\Programs\Webots\RESOUR~1\projects\plugins\ROBOT_~1\generic

VM Arguments:
jvm_args: -Djava.library.path=C:/Users/denni/AppData/Local/Programs/Webots/lib/controller/java 
java_command: T06Controller
java_class_path (initial): C:/Users/denni/AppData/Local/Programs/Webots/lib/controller/java/Controller.jar;C:/Users/denni/Desktop/School/MCGILL/ECSE21~1/WORKSP~1/LAB_FI~1/PROJEC~1/CONTRO~1/T06CON~1/;..\lib\simlejos.jar;..\lib\EV3WiFiClient.jar
Launcher Type: SUN_STANDARD

[Global flags]
     intx CICompilerCount                          = 4                                         {product} {ergonomic}
     uint ConcGCThreads                            = 2                                         {product} {ergonomic}
     uint G1ConcRefinementThreads                  = 8                                         {product} {ergonomic}
   size_t G1HeapRegionSize                         = 1048576                                   {product} {ergonomic}
    uintx GCDrainStackTargetSize                   = 64                                        {product} {ergonomic}
   size_t InitialHeapSize                          = 132120576                                 {product} {ergonomic}
   size_t MarkStackSize                            = 4194304                                   {product} {ergonomic}
   size_t MaxHeapSize                              = 2107637760                                {product} {ergonomic}
   size_t MaxNewSize                               = 1264582656                                {product} {ergonomic}
   size_t MinHeapDeltaBytes                        = 1048576                                   {product} {ergonomic}
    uintx NonNMethodCodeHeapSize                   = 5836300                                {pd product} {ergonomic}
    uintx NonProfiledCodeHeapSize                  = 122910970                              {pd product} {ergonomic}
    uintx ProfiledCodeHeapSize                     = 122910970                              {pd product} {ergonomic}
    uintx ReservedCodeCacheSize                    = 251658240                              {pd product} {ergonomic}
     bool SegmentedCodeCache                       = true                                      {product} {ergonomic}
     bool UseCompressedClassPointers               = true                                 {lp64_product} {ergonomic}
     bool UseCompressedOops                        = true                                 {lp64_product} {ergonomic}
     bool UseG1GC                                  = true                                      {product} {ergonomic}
     bool UseLargePagesIndividualAllocation        = false                                  {pd product} {ergonomic}

Logging:
Log output configuration:
 #0: stdout all=warning uptime,level,tags
 #1: stderr all=off uptime,level,tags

Environment Variables:
JAVA_HOME=C:\Program Files\Java\jdk-11.0.8
CLASSPATH=..\lib\simlejos.jar;..\lib\EV3WiFiClient.jar
PATH=C:\Users\denni\AppData\Local\Programs\Webots\msys64\mingw64\bin\cpp;C:\Program Files\Common Files\Oracle\Java\javapath;C:\Windows\system32;C:\Windows;C:\Windows\System32\Wbem;C:\Windows\System32\WindowsPowerShell\v1.0\;C:\Windows\System32\OpenSSH\;C:\Program Files (x86)\NVIDIA Corporation\PhysX\Common;C:\WINDOWS\system32;C:\WINDOWS;C:\WINDOWS\System32\Wbem;C:\WINDOWS\System32\WindowsPowerShell\v1.0\;C:\WINDOWS\System32\OpenSSH\;C:\Program Files\Git\cmd;C:\Program Files\Microsoft SQL Server\130\Tools\Binn\;C:\Users\denni\AppData\Local\Microsoft\WindowsApps;C:\Users\denni\AppData\Local\GitHubDesktop\bin;C:\intelFPGA\18.0\modelsim_ase\win32aloem;C:\Users\denni\AppData\Roaming\Dashlane\6.2035.0.38627\bin\Firefox_Extension\{442718d9-475e-452a-b3e1-fb1ee16b8e9f}\components;C:\Users\denni\AppData\Roaming\Dashlane\6.2035.0.38627\ucrt;C:\Users\denni\AppData\Roaming\Dashlane\6.2035.0.38627\bin\Qt;C:\Users\denni\AppData\Roaming\Dashlane\6.2035.0.38627\bin\Ssl;C:\Program Files\Java\jdk-11.0.8\bin;C:\Users\denni\AppData\Local\Programs\Webots\lib\controller
USERNAME=denni
OS=Windows_NT
PROCESSOR_IDENTIFIER=Intel64 Family 6 Model 142 Stepping 11, GenuineIntel



---------------  S Y S T E M  ---------------

OS: Windows 10 , 64 bit Build 18362 (10.0.18362.1082)

CPU:total 8 (initial active 8) (4 cores per cpu, 2 threads per core) family 6 model 142 stepping 11, cmov, cx8, fxsr, mmx, sse, sse2, sse3, ssse3, sse4.1, sse4.2, popcnt, avx, avx2, aes, clmul, erms, 3dnowpref, lzcnt, ht, tsc, tscinvbit, bmi1, bmi2, adx, fma

Memory: 4k page, system-wide physical 8037M (2571M free)
TotalPageFile size 11493M (AvailPageFile size 3645M)
current process WorkingSet (physical memory assigned to process): 63M, peak: 66M
current process commit charge ("private bytes"): 208M, peak: 213M

vm_info: Java HotSpot(TM) 64-Bit Server VM (11.0.8+10-LTS) for windows-amd64 JRE (11.0.8+10-LTS), built on Jun 16 2020 05:53:08 by "mach5one" with unknown MS VC++:1916

END.
