#
# A fatal error has been detected by the Java Runtime Environment:
#
#  EXCEPTION_ACCESS_VIOLATION (0xc0000005) at pc=0x000000006e7814a6, pid=21668, tid=3324
#
# JRE version: Java(TM) SE Runtime Environment 18.9 (11.0.8+10) (build 11.0.8+10-LTS)
# Java VM: Java HotSpot(TM) 64-Bit Server VM 18.9 (11.0.8+10-LTS, mixed mode, tiered, compressed oops, g1 gc, windows-amd64)
# Problematic frame:
# C  [JavaController.dll+0x14a6]
#
# No core dump will be written. Minidumps are not enabled by default on client versions of Windows
#
# If you would like to submit a bug report, please visit:
#   https://bugreport.java.com/bugreport/crash.jsp
# The crash happened outside the Java Virtual Machine in native code.
# See problematic frame for where to report the bug.
#

---------------  S U M M A R Y ------------

Command Line: -Djava.library.path=C:/Users/denni/AppData/Local/Programs/Webots/lib/controller/java T06Controller

Host: Intel(R) Core(TM) i5-8265U CPU @ 1.60GHz, 8 cores, 7G,  Windows 10 , 64 bit Build 18362 (10.0.18362.1082)
Time: Tue Nov 10 13:36:45 2020 ??2?¡À¨º¡Á?¨º¡À?? elapsed time: 1 seconds (0d 0h 0m 1s)

---------------  T H R E A D  ---------------

Current thread (0x00000291d9517000):  JavaThread "main" [_thread_in_native, id=3324, stack(0x000000fc14900000,0x000000fc14a00000)]

Stack: [0x000000fc14900000,0x000000fc14a00000],  sp=0x000000fc149fef20,  free space=1019k
Native frames: (J=compiled Java code, j=interpreted, Vv=VM code, C=native code)
C  [JavaController.dll+0x14a6]

Java frames: (J=compiled Java code, j=interpreted, Vv=VM code)
j  com.cyberbotics.webots.controller.wrapperJNI.Camera_getImage(JLcom/cyberbotics/webots/controller/Camera;)[I+0
j  com.cyberbotics.webots.controller.Camera.getImage()[I+5
j  simlejos.hardware.sensor.EV3ColorSensor$RedMode.fetchSample([FI)V+17
j  ca.mcgill.ecse211.project.LightLocalizer.lightSensorSample(I)I+22
j  ca.mcgill.ecse211.project.LightLocalizer.readFloorColour()V+13
j  ca.mcgill.ecse211.project.Main.main([Ljava/lang/String;)V+24
j  T06Controller.main([Ljava/lang/String;)V+1
v  ~StubRoutines::call_stub

siginfo: EXCEPTION_ACCESS_VIOLATION (0xc0000005), reading address 0x0000000000000000


Register to memory mapping:

RIP=0x000000006e7814a6 JavaController.dll
RAX=0x0 is NULL
RBX=0x0 is NULL
RCX=0x0000000000000001 is an unknown value
RDX=0x0000000000000006 is an unknown value
RSP=0x000000fc149fef20 is pointing into the stack for thread: 0x00000291d9517000
RBP=0x0000000000000001 is an unknown value
RSI=0x00000291d9517340 points into unknown readable memory: 00 2d 78 02 f8 7f 00 00
RDI=0x00000291fa0ce910 points into unknown readable memory: d8 5a 07 8a 00 00 00 00
R8 =0x00000291fa115630 points into unknown readable memory: 00 00 00 00 00 00 00 00
R9 =0x000000008a075ae8 is pointing into object: [I 
{0x000000008a075ad8} - klass: {type array int}
 - length: 1
R10=0x0 is NULL
R11=0x000000fc149fef00 is pointing into the stack for thread: 0x00000291d9517000
R12=0x0 is NULL
R13={method} {0x00000291fa57b4f0} 'Camera_getImage' '(JLcom/cyberbotics/webots/controller/Camera;)[I' in 'com/cyberbotics/webots/controller/wrapperJNI'
R14=0x000000fc149ff078 is pointing into the stack for thread: 0x00000291d9517000
R15=0x00000291d9517000 is a thread


Registers:
RAX=0x0000000000000000, RBX=0x0000000000000000, RCX=0x0000000000000001, RDX=0x0000000000000006
RSP=0x000000fc149fef20, RBP=0x0000000000000001, RSI=0x00000291d9517340, RDI=0x00000291fa0ce910
R8 =0x00000291fa115630, R9 =0x000000008a075ae8, R10=0x0000000000000000, R11=0x000000fc149fef00
R12=0x0000000000000000, R13=0x00000291fa57b4e8, R14=0x000000fc149ff078, R15=0x00000291d9517000
RIP=0x000000006e7814a6, EFLAGS=0x0000000000010202

Top of Stack: (sp=0x000000fc149fef20)
0x000000fc149fef20:   0000000000000000 0000000000000001
0x000000fc149fef30:   00000291d9517340 00000291fa0ce910
0x000000fc149fef40:   00000291d962d770 00000291d962d770
0x000000fc149fef50:   00000291d9517340 0000000000000000
0x000000fc149fef60:   0000000000000001 000000006e7820a8
0x000000fc149fef70:   00000291d962d770 0000000000000003
0x000000fc149fef80:   00000291fa57b4e8 00000291e310ee80
0x000000fc149fef90:   000000fc149ff500 00000291fa57b4e8
0x000000fc149fefa0:   0000000000000003 00000291e31095d0
0x000000fc149fefb0:   000000fc149ff048 00000291e310f037
0x000000fc149fefc0:   00000291e31095d0 00000291e310ed1c
0x000000fc149fefd0:   00000291d9517000 00000291fa57b4e8
0x000000fc149fefe0:   000000fc149ff048 0000000000000003
0x000000fc149feff0:   0000000000000003 00000291e310ecd6
0x000000fc149ff000:   000000fc149ff000 00000291fa57b4e8
0x000000fc149ff010:   000000fc149ff078 00000291fa590410 

Instructions: (pc=0x000000006e7814a6)
0x000000006e781486:   00 48 89 fa 48 89 f1 ff 90 d8 05 00 00 49 89 c0
0x000000006e781496:   48 85 c0 74 3c 85 ed 7e 17 89 e9 b8 00 00 00 00
0x000000006e7814a6:   8b 14 83 41 89 14 80 48 83 c0 01 48 39 c8 75 f0
0x000000006e7814b6:   48 8b 06 41 b9 00 00 00 00 48 89 fa 48 89 f1 ff 


Stack slot to memory mapping:
stack at sp + 0 slots: 0x0 is NULL
stack at sp + 1 slots: 0x0000000000000001 is an unknown value
stack at sp + 2 slots: 0x00000291d9517340 points into unknown readable memory: 00 2d 78 02 f8 7f 00 00
stack at sp + 3 slots: 0x00000291fa0ce910 points into unknown readable memory: d8 5a 07 8a 00 00 00 00
stack at sp + 4 slots: 0x00000291d962d770 points into unknown readable memory: 40 8c f5 64 00 00 00 00
stack at sp + 5 slots: 0x00000291d962d770 points into unknown readable memory: 40 8c f5 64 00 00 00 00
stack at sp + 6 slots: 0x00000291d9517340 points into unknown readable memory: 00 2d 78 02 f8 7f 00 00
stack at sp + 7 slots: 0x0 is NULL


---------------  P R O C E S S  ---------------

Threads class SMR info:
_java_thread_list=0x00000291fabfd990, length=12, elements={
0x00000291d9517000, 0x00000291fa0d0800, 0x00000291fa0fb800, 0x00000291fa116000,
0x00000291fa9cc800, 0x00000291fa9ce000, 0x00000291fa9dd000, 0x00000291fa9de000,
0x00000291fab51800, 0x00000291fab74000, 0x00000291d92a1800, 0x00000291fad74800
}

Java Threads: ( => current thread )
=>0x00000291d9517000 JavaThread "main" [_thread_in_native, id=3324, stack(0x000000fc14900000,0x000000fc14a00000)]
  0x00000291fa0d0800 JavaThread "Reference Handler" daemon [_thread_blocked, id=26432, stack(0x000000fc15000000,0x000000fc15100000)]
  0x00000291fa0fb800 JavaThread "Finalizer" daemon [_thread_blocked, id=11796, stack(0x000000fc15100000,0x000000fc15200000)]
  0x00000291fa116000 JavaThread "Signal Dispatcher" daemon [_thread_blocked, id=7700, stack(0x000000fc15200000,0x000000fc15300000)]
  0x00000291fa9cc800 JavaThread "Attach Listener" daemon [_thread_blocked, id=1136, stack(0x000000fc15300000,0x000000fc15400000)]
  0x00000291fa9ce000 JavaThread "C2 CompilerThread0" daemon [_thread_blocked, id=6696, stack(0x000000fc15400000,0x000000fc15500000)]
  0x00000291fa9dd000 JavaThread "C1 CompilerThread0" daemon [_thread_blocked, id=6608, stack(0x000000fc15500000,0x000000fc15600000)]
  0x00000291fa9de000 JavaThread "Sweeper thread" daemon [_thread_blocked, id=16040, stack(0x000000fc15600000,0x000000fc15700000)]
  0x00000291fab51800 JavaThread "Service Thread" daemon [_thread_blocked, id=25104, stack(0x000000fc15700000,0x000000fc15800000)]
  0x00000291fab74000 JavaThread "Common-Cleaner" daemon [_thread_blocked, id=8464, stack(0x000000fc15900000,0x000000fc15a00000)]
  0x00000291d92a1800 JavaThread "Thread-0" [_thread_in_native, id=8896, stack(0x000000fc15a00000,0x000000fc15b00000)]
  0x00000291fad74800 JavaThread "Thread-1" [_thread_blocked, id=8940, stack(0x000000fc15b00000,0x000000fc15c00000)]

Other Threads:
  0x00000291fa0ce000 VMThread "VM Thread" [stack: 0x000000fc14f00000,0x000000fc15000000] [id=21872]
  0x00000291fab73800 WatcherThread [stack: 0x000000fc15800000,0x000000fc15900000] [id=22712]
  0x00000291d952b000 GCTaskThread "GC Thread#0" [stack: 0x000000fc14a00000,0x000000fc14b00000] [id=26428]
  0x00000291d955e000 ConcurrentGCThread "G1 Main Marker" [stack: 0x000000fc14b00000,0x000000fc14c00000] [id=2484]
  0x00000291d9563800 ConcurrentGCThread "G1 Conc#0" [stack: 0x000000fc14c00000,0x000000fc14d00000] [id=2176]
  0x00000291f9f38800 ConcurrentGCThread "G1 Refine#0" [stack: 0x000000fc14d00000,0x000000fc14e00000] [id=15892]
  0x00000291f9f39000 ConcurrentGCThread "G1 Young RemSet Sampling" [stack: 0x000000fc14e00000,0x000000fc14f00000] [id=26276]

Threads with active compile tasks:

VM state:not at safepoint (normal execution)

VM Mutex/Monitor currently owned by a thread: None

Heap address: 0x0000000082600000, size: 2010 MB, Compressed Oops mode: 32-bit
Narrow klass base: 0x0000000000000000, Narrow klass shift: 3
Compressed class space size: 1073741824 Address: 0x0000000100000000

Heap:
 garbage-first heap   total 129024K, used 3072K [0x0000000082600000, 0x0000000100000000)
  region size 1024K, 4 young (4096K), 0 survivors (0K)
 Metaspace       used 6206K, capacity 6326K, committed 6528K, reserved 1056768K
  class space    used 528K, capacity 575K, committed 640K, reserved 1048576K
Heap Regions: E=young(eden), S=young(survivor), O=old, HS=humongous(starts), HC=humongous(continues), CS=collection set, F=free, A=archive, TAMS=top-at-mark-start (previous, next)
|   0|0x0000000082600000, 0x0000000082600000, 0x0000000082700000|  0%| F|  |TAMS 0x0000000082600000, 0x0000000082600000| Untracked 
|   1|0x0000000082700000, 0x0000000082700000, 0x0000000082800000|  0%| F|  |TAMS 0x0000000082700000, 0x0000000082700000| Untracked 
|   2|0x0000000082800000, 0x0000000082800000, 0x0000000082900000|  0%| F|  |TAMS 0x0000000082800000, 0x0000000082800000| Untracked 
|   3|0x0000000082900000, 0x0000000082900000, 0x0000000082a00000|  0%| F|  |TAMS 0x0000000082900000, 0x0000000082900000| Untracked 
|   4|0x0000000082a00000, 0x0000000082a00000, 0x0000000082b00000|  0%| F|  |TAMS 0x0000000082a00000, 0x0000000082a00000| Untracked 
|   5|0x0000000082b00000, 0x0000000082b00000, 0x0000000082c00000|  0%| F|  |TAMS 0x0000000082b00000, 0x0000000082b00000| Untracked 
|   6|0x0000000082c00000, 0x0000000082c00000, 0x0000000082d00000|  0%| F|  |TAMS 0x0000000082c00000, 0x0000000082c00000| Untracked 
|   7|0x0000000082d00000, 0x0000000082d00000, 0x0000000082e00000|  0%| F|  |TAMS 0x0000000082d00000, 0x0000000082d00000| Untracked 
|   8|0x0000000082e00000, 0x0000000082e00000, 0x0000000082f00000|  0%| F|  |TAMS 0x0000000082e00000, 0x0000000082e00000| Untracked 
|   9|0x0000000082f00000, 0x0000000082f00000, 0x0000000083000000|  0%| F|  |TAMS 0x0000000082f00000, 0x0000000082f00000| Untracked 
|  10|0x0000000083000000, 0x0000000083000000, 0x0000000083100000|  0%| F|  |TAMS 0x0000000083000000, 0x0000000083000000| Untracked 
|  11|0x0000000083100000, 0x0000000083100000, 0x0000000083200000|  0%| F|  |TAMS 0x0000000083100000, 0x0000000083100000| Untracked 
|  12|0x0000000083200000, 0x0000000083200000, 0x0000000083300000|  0%| F|  |TAMS 0x0000000083200000, 0x0000000083200000| Untracked 
|  13|0x0000000083300000, 0x0000000083300000, 0x0000000083400000|  0%| F|  |TAMS 0x0000000083300000, 0x0000000083300000| Untracked 
|  14|0x0000000083400000, 0x0000000083400000, 0x0000000083500000|  0%| F|  |TAMS 0x0000000083400000, 0x0000000083400000| Untracked 
|  15|0x0000000083500000, 0x0000000083500000, 0x0000000083600000|  0%| F|  |TAMS 0x0000000083500000, 0x0000000083500000| Untracked 
|  16|0x0000000083600000, 0x0000000083600000, 0x0000000083700000|  0%| F|  |TAMS 0x0000000083600000, 0x0000000083600000| Untracked 
|  17|0x0000000083700000, 0x0000000083700000, 0x0000000083800000|  0%| F|  |TAMS 0x0000000083700000, 0x0000000083700000| Untracked 
|  18|0x0000000083800000, 0x0000000083800000, 0x0000000083900000|  0%| F|  |TAMS 0x0000000083800000, 0x0000000083800000| Untracked 
|  19|0x0000000083900000, 0x0000000083900000, 0x0000000083a00000|  0%| F|  |TAMS 0x0000000083900000, 0x0000000083900000| Untracked 
|  20|0x0000000083a00000, 0x0000000083a00000, 0x0000000083b00000|  0%| F|  |TAMS 0x0000000083a00000, 0x0000000083a00000| Untracked 
|  21|0x0000000083b00000, 0x0000000083b00000, 0x0000000083c00000|  0%| F|  |TAMS 0x0000000083b00000, 0x0000000083b00000| Untracked 
|  22|0x0000000083c00000, 0x0000000083c00000, 0x0000000083d00000|  0%| F|  |TAMS 0x0000000083c00000, 0x0000000083c00000| Untracked 
|  23|0x0000000083d00000, 0x0000000083d00000, 0x0000000083e00000|  0%| F|  |TAMS 0x0000000083d00000, 0x0000000083d00000| Untracked 
|  24|0x0000000083e00000, 0x0000000083e00000, 0x0000000083f00000|  0%| F|  |TAMS 0x0000000083e00000, 0x0000000083e00000| Untracked 
|  25|0x0000000083f00000, 0x0000000083f00000, 0x0000000084000000|  0%| F|  |TAMS 0x0000000083f00000, 0x0000000083f00000| Untracked 
|  26|0x0000000084000000, 0x0000000084000000, 0x0000000084100000|  0%| F|  |TAMS 0x0000000084000000, 0x0000000084000000| Untracked 
|  27|0x0000000084100000, 0x0000000084100000, 0x0000000084200000|  0%| F|  |TAMS 0x0000000084100000, 0x0000000084100000| Untracked 
|  28|0x0000000084200000, 0x0000000084200000, 0x0000000084300000|  0%| F|  |TAMS 0x0000000084200000, 0x0000000084200000| Untracked 
|  29|0x0000000084300000, 0x0000000084300000, 0x0000000084400000|  0%| F|  |TAMS 0x0000000084300000, 0x0000000084300000| Untracked 
|  30|0x0000000084400000, 0x0000000084400000, 0x0000000084500000|  0%| F|  |TAMS 0x0000000084400000, 0x0000000084400000| Untracked 
|  31|0x0000000084500000, 0x0000000084500000, 0x0000000084600000|  0%| F|  |TAMS 0x0000000084500000, 0x0000000084500000| Untracked 
|  32|0x0000000084600000, 0x0000000084600000, 0x0000000084700000|  0%| F|  |TAMS 0x0000000084600000, 0x0000000084600000| Untracked 
|  33|0x0000000084700000, 0x0000000084700000, 0x0000000084800000|  0%| F|  |TAMS 0x0000000084700000, 0x0000000084700000| Untracked 
|  34|0x0000000084800000, 0x0000000084800000, 0x0000000084900000|  0%| F|  |TAMS 0x0000000084800000, 0x0000000084800000| Untracked 
|  35|0x0000000084900000, 0x0000000084900000, 0x0000000084a00000|  0%| F|  |TAMS 0x0000000084900000, 0x0000000084900000| Untracked 
|  36|0x0000000084a00000, 0x0000000084a00000, 0x0000000084b00000|  0%| F|  |TAMS 0x0000000084a00000, 0x0000000084a00000| Untracked 
|  37|0x0000000084b00000, 0x0000000084b00000, 0x0000000084c00000|  0%| F|  |TAMS 0x0000000084b00000, 0x0000000084b00000| Untracked 
|  38|0x0000000084c00000, 0x0000000084c00000, 0x0000000084d00000|  0%| F|  |TAMS 0x0000000084c00000, 0x0000000084c00000| Untracked 
|  39|0x0000000084d00000, 0x0000000084d00000, 0x0000000084e00000|  0%| F|  |TAMS 0x0000000084d00000, 0x0000000084d00000| Untracked 
|  40|0x0000000084e00000, 0x0000000084e00000, 0x0000000084f00000|  0%| F|  |TAMS 0x0000000084e00000, 0x0000000084e00000| Untracked 
|  41|0x0000000084f00000, 0x0000000084f00000, 0x0000000085000000|  0%| F|  |TAMS 0x0000000084f00000, 0x0000000084f00000| Untracked 
|  42|0x0000000085000000, 0x0000000085000000, 0x0000000085100000|  0%| F|  |TAMS 0x0000000085000000, 0x0000000085000000| Untracked 
|  43|0x0000000085100000, 0x0000000085100000, 0x0000000085200000|  0%| F|  |TAMS 0x0000000085100000, 0x0000000085100000| Untracked 
|  44|0x0000000085200000, 0x0000000085200000, 0x0000000085300000|  0%| F|  |TAMS 0x0000000085200000, 0x0000000085200000| Untracked 
|  45|0x0000000085300000, 0x0000000085300000, 0x0000000085400000|  0%| F|  |TAMS 0x0000000085300000, 0x0000000085300000| Untracked 
|  46|0x0000000085400000, 0x0000000085400000, 0x0000000085500000|  0%| F|  |TAMS 0x0000000085400000, 0x0000000085400000| Untracked 
|  47|0x0000000085500000, 0x0000000085500000, 0x0000000085600000|  0%| F|  |TAMS 0x0000000085500000, 0x0000000085500000| Untracked 
|  48|0x0000000085600000, 0x0000000085600000, 0x0000000085700000|  0%| F|  |TAMS 0x0000000085600000, 0x0000000085600000| Untracked 
|  49|0x0000000085700000, 0x0000000085700000, 0x0000000085800000|  0%| F|  |TAMS 0x0000000085700000, 0x0000000085700000| Untracked 
|  50|0x0000000085800000, 0x0000000085800000, 0x0000000085900000|  0%| F|  |TAMS 0x0000000085800000, 0x0000000085800000| Untracked 
|  51|0x0000000085900000, 0x0000000085900000, 0x0000000085a00000|  0%| F|  |TAMS 0x0000000085900000, 0x0000000085900000| Untracked 
|  52|0x0000000085a00000, 0x0000000085a00000, 0x0000000085b00000|  0%| F|  |TAMS 0x0000000085a00000, 0x0000000085a00000| Untracked 
|  53|0x0000000085b00000, 0x0000000085b00000, 0x0000000085c00000|  0%| F|  |TAMS 0x0000000085b00000, 0x0000000085b00000| Untracked 
|  54|0x0000000085c00000, 0x0000000085c00000, 0x0000000085d00000|  0%| F|  |TAMS 0x0000000085c00000, 0x0000000085c00000| Untracked 
|  55|0x0000000085d00000, 0x0000000085d00000, 0x0000000085e00000|  0%| F|  |TAMS 0x0000000085d00000, 0x0000000085d00000| Untracked 
|  56|0x0000000085e00000, 0x0000000085e00000, 0x0000000085f00000|  0%| F|  |TAMS 0x0000000085e00000, 0x0000000085e00000| Untracked 
|  57|0x0000000085f00000, 0x0000000085f00000, 0x0000000086000000|  0%| F|  |TAMS 0x0000000085f00000, 0x0000000085f00000| Untracked 
|  58|0x0000000086000000, 0x0000000086000000, 0x0000000086100000|  0%| F|  |TAMS 0x0000000086000000, 0x0000000086000000| Untracked 
|  59|0x0000000086100000, 0x0000000086100000, 0x0000000086200000|  0%| F|  |TAMS 0x0000000086100000, 0x0000000086100000| Untracked 
|  60|0x0000000086200000, 0x0000000086200000, 0x0000000086300000|  0%| F|  |TAMS 0x0000000086200000, 0x0000000086200000| Untracked 
|  61|0x0000000086300000, 0x0000000086300000, 0x0000000086400000|  0%| F|  |TAMS 0x0000000086300000, 0x0000000086300000| Untracked 
|  62|0x0000000086400000, 0x0000000086400000, 0x0000000086500000|  0%| F|  |TAMS 0x0000000086400000, 0x0000000086400000| Untracked 
|  63|0x0000000086500000, 0x0000000086500000, 0x0000000086600000|  0%| F|  |TAMS 0x0000000086500000, 0x0000000086500000| Untracked 
|  64|0x0000000086600000, 0x0000000086600000, 0x0000000086700000|  0%| F|  |TAMS 0x0000000086600000, 0x0000000086600000| Untracked 
|  65|0x0000000086700000, 0x0000000086700000, 0x0000000086800000|  0%| F|  |TAMS 0x0000000086700000, 0x0000000086700000| Untracked 
|  66|0x0000000086800000, 0x0000000086800000, 0x0000000086900000|  0%| F|  |TAMS 0x0000000086800000, 0x0000000086800000| Untracked 
|  67|0x0000000086900000, 0x0000000086900000, 0x0000000086a00000|  0%| F|  |TAMS 0x0000000086900000, 0x0000000086900000| Untracked 
|  68|0x0000000086a00000, 0x0000000086a00000, 0x0000000086b00000|  0%| F|  |TAMS 0x0000000086a00000, 0x0000000086a00000| Untracked 
|  69|0x0000000086b00000, 0x0000000086b00000, 0x0000000086c00000|  0%| F|  |TAMS 0x0000000086b00000, 0x0000000086b00000| Untracked 
|  70|0x0000000086c00000, 0x0000000086c00000, 0x0000000086d00000|  0%| F|  |TAMS 0x0000000086c00000, 0x0000000086c00000| Untracked 
|  71|0x0000000086d00000, 0x0000000086d00000, 0x0000000086e00000|  0%| F|  |TAMS 0x0000000086d00000, 0x0000000086d00000| Untracked 
|  72|0x0000000086e00000, 0x0000000086e00000, 0x0000000086f00000|  0%| F|  |TAMS 0x0000000086e00000, 0x0000000086e00000| Untracked 
|  73|0x0000000086f00000, 0x0000000086f00000, 0x0000000087000000|  0%| F|  |TAMS 0x0000000086f00000, 0x0000000086f00000| Untracked 
|  74|0x0000000087000000, 0x0000000087000000, 0x0000000087100000|  0%| F|  |TAMS 0x0000000087000000, 0x0000000087000000| Untracked 
|  75|0x0000000087100000, 0x0000000087100000, 0x0000000087200000|  0%| F|  |TAMS 0x0000000087100000, 0x0000000087100000| Untracked 
|  76|0x0000000087200000, 0x0000000087200000, 0x0000000087300000|  0%| F|  |TAMS 0x0000000087200000, 0x0000000087200000| Untracked 
|  77|0x0000000087300000, 0x0000000087300000, 0x0000000087400000|  0%| F|  |TAMS 0x0000000087300000, 0x0000000087300000| Untracked 
|  78|0x0000000087400000, 0x0000000087400000, 0x0000000087500000|  0%| F|  |TAMS 0x0000000087400000, 0x0000000087400000| Untracked 
|  79|0x0000000087500000, 0x0000000087500000, 0x0000000087600000|  0%| F|  |TAMS 0x0000000087500000, 0x0000000087500000| Untracked 
|  80|0x0000000087600000, 0x0000000087600000, 0x0000000087700000|  0%| F|  |TAMS 0x0000000087600000, 0x0000000087600000| Untracked 
|  81|0x0000000087700000, 0x0000000087700000, 0x0000000087800000|  0%| F|  |TAMS 0x0000000087700000, 0x0000000087700000| Untracked 
|  82|0x0000000087800000, 0x0000000087800000, 0x0000000087900000|  0%| F|  |TAMS 0x0000000087800000, 0x0000000087800000| Untracked 
|  83|0x0000000087900000, 0x0000000087900000, 0x0000000087a00000|  0%| F|  |TAMS 0x0000000087900000, 0x0000000087900000| Untracked 
|  84|0x0000000087a00000, 0x0000000087a00000, 0x0000000087b00000|  0%| F|  |TAMS 0x0000000087a00000, 0x0000000087a00000| Untracked 
|  85|0x0000000087b00000, 0x0000000087b00000, 0x0000000087c00000|  0%| F|  |TAMS 0x0000000087b00000, 0x0000000087b00000| Untracked 
|  86|0x0000000087c00000, 0x0000000087c00000, 0x0000000087d00000|  0%| F|  |TAMS 0x0000000087c00000, 0x0000000087c00000| Untracked 
|  87|0x0000000087d00000, 0x0000000087d00000, 0x0000000087e00000|  0%| F|  |TAMS 0x0000000087d00000, 0x0000000087d00000| Untracked 
|  88|0x0000000087e00000, 0x0000000087e00000, 0x0000000087f00000|  0%| F|  |TAMS 0x0000000087e00000, 0x0000000087e00000| Untracked 
|  89|0x0000000087f00000, 0x0000000087f00000, 0x0000000088000000|  0%| F|  |TAMS 0x0000000087f00000, 0x0000000087f00000| Untracked 
|  90|0x0000000088000000, 0x0000000088000000, 0x0000000088100000|  0%| F|  |TAMS 0x0000000088000000, 0x0000000088000000| Untracked 
|  91|0x0000000088100000, 0x0000000088100000, 0x0000000088200000|  0%| F|  |TAMS 0x0000000088100000, 0x0000000088100000| Untracked 
|  92|0x0000000088200000, 0x0000000088200000, 0x0000000088300000|  0%| F|  |TAMS 0x0000000088200000, 0x0000000088200000| Untracked 
|  93|0x0000000088300000, 0x0000000088300000, 0x0000000088400000|  0%| F|  |TAMS 0x0000000088300000, 0x0000000088300000| Untracked 
|  94|0x0000000088400000, 0x0000000088400000, 0x0000000088500000|  0%| F|  |TAMS 0x0000000088400000, 0x0000000088400000| Untracked 
|  95|0x0000000088500000, 0x0000000088500000, 0x0000000088600000|  0%| F|  |TAMS 0x0000000088500000, 0x0000000088500000| Untracked 
|  96|0x0000000088600000, 0x0000000088600000, 0x0000000088700000|  0%| F|  |TAMS 0x0000000088600000, 0x0000000088600000| Untracked 
|  97|0x0000000088700000, 0x0000000088700000, 0x0000000088800000|  0%| F|  |TAMS 0x0000000088700000, 0x0000000088700000| Untracked 
|  98|0x0000000088800000, 0x0000000088800000, 0x0000000088900000|  0%| F|  |TAMS 0x0000000088800000, 0x0000000088800000| Untracked 
|  99|0x0000000088900000, 0x0000000088900000, 0x0000000088a00000|  0%| F|  |TAMS 0x0000000088900000, 0x0000000088900000| Untracked 
| 100|0x0000000088a00000, 0x0000000088a00000, 0x0000000088b00000|  0%| F|  |TAMS 0x0000000088a00000, 0x0000000088a00000| Untracked 
| 101|0x0000000088b00000, 0x0000000088b00000, 0x0000000088c00000|  0%| F|  |TAMS 0x0000000088b00000, 0x0000000088b00000| Untracked 
| 102|0x0000000088c00000, 0x0000000088c00000, 0x0000000088d00000|  0%| F|  |TAMS 0x0000000088c00000, 0x0000000088c00000| Untracked 
| 103|0x0000000088d00000, 0x0000000088d00000, 0x0000000088e00000|  0%| F|  |TAMS 0x0000000088d00000, 0x0000000088d00000| Untracked 
| 104|0x0000000088e00000, 0x0000000088e00000, 0x0000000088f00000|  0%| F|  |TAMS 0x0000000088e00000, 0x0000000088e00000| Untracked 
| 105|0x0000000088f00000, 0x0000000088f00000, 0x0000000089000000|  0%| F|  |TAMS 0x0000000088f00000, 0x0000000088f00000| Untracked 
| 106|0x0000000089000000, 0x0000000089000000, 0x0000000089100000|  0%| F|  |TAMS 0x0000000089000000, 0x0000000089000000| Untracked 
| 107|0x0000000089100000, 0x0000000089100000, 0x0000000089200000|  0%| F|  |TAMS 0x0000000089100000, 0x0000000089100000| Untracked 
| 108|0x0000000089200000, 0x0000000089200000, 0x0000000089300000|  0%| F|  |TAMS 0x0000000089200000, 0x0000000089200000| Untracked 
| 109|0x0000000089300000, 0x0000000089300000, 0x0000000089400000|  0%| F|  |TAMS 0x0000000089300000, 0x0000000089300000| Untracked 
| 110|0x0000000089400000, 0x0000000089400000, 0x0000000089500000|  0%| F|  |TAMS 0x0000000089400000, 0x0000000089400000| Untracked 
| 111|0x0000000089500000, 0x0000000089500000, 0x0000000089600000|  0%| F|  |TAMS 0x0000000089500000, 0x0000000089500000| Untracked 
| 112|0x0000000089600000, 0x0000000089600000, 0x0000000089700000|  0%| F|  |TAMS 0x0000000089600000, 0x0000000089600000| Untracked 
| 113|0x0000000089700000, 0x0000000089700000, 0x0000000089800000|  0%| F|  |TAMS 0x0000000089700000, 0x0000000089700000| Untracked 
| 114|0x0000000089800000, 0x0000000089800000, 0x0000000089900000|  0%| F|  |TAMS 0x0000000089800000, 0x0000000089800000| Untracked 
| 115|0x0000000089900000, 0x0000000089900000, 0x0000000089a00000|  0%| F|  |TAMS 0x0000000089900000, 0x0000000089900000| Untracked 
| 116|0x0000000089a00000, 0x0000000089a00000, 0x0000000089b00000|  0%| F|  |TAMS 0x0000000089a00000, 0x0000000089a00000| Untracked 
| 117|0x0000000089b00000, 0x0000000089b00000, 0x0000000089c00000|  0%| F|  |TAMS 0x0000000089b00000, 0x0000000089b00000| Untracked 
| 118|0x0000000089c00000, 0x0000000089c00000, 0x0000000089d00000|  0%| F|  |TAMS 0x0000000089c00000, 0x0000000089c00000| Untracked 
| 119|0x0000000089d00000, 0x0000000089d00000, 0x0000000089e00000|  0%| F|  |TAMS 0x0000000089d00000, 0x0000000089d00000| Untracked 
| 120|0x0000000089e00000, 0x0000000089e00000, 0x0000000089f00000|  0%| F|  |TAMS 0x0000000089e00000, 0x0000000089e00000| Untracked 
| 121|0x0000000089f00000, 0x0000000089f00000, 0x000000008a000000|  0%| F|  |TAMS 0x0000000089f00000, 0x0000000089f00000| Untracked 
| 122|0x000000008a000000, 0x000000008a0f6478, 0x000000008a100000| 96%| E|  |TAMS 0x000000008a000000, 0x000000008a000000| Complete 
| 123|0x000000008a100000, 0x000000008a200000, 0x000000008a200000|100%| E|CS|TAMS 0x000000008a100000, 0x000000008a100000| Complete 
| 124|0x000000008a200000, 0x000000008a300000, 0x000000008a300000|100%| E|CS|TAMS 0x000000008a200000, 0x000000008a200000| Complete 
| 125|0x000000008a300000, 0x000000008a400000, 0x000000008a400000|100%| E|CS|TAMS 0x000000008a300000, 0x000000008a300000| Complete 

Card table byte_map: [0x00000291f2f50000,0x00000291f3340000] _byte_map_base: 0x00000291f2b3d000

Marking Bits (Prev, Next): (CMBitMap*) 0x00000291d9555588, (CMBitMap*) 0x00000291d95555c0
 Prev Bits: [0x00000291f3730000, 0x00000291f5698000)
 Next Bits: [0x00000291f56a0000, 0x00000291f7608000)

Polling page: 0x00000291d9290000

Metaspace:

Usage:
  Non-class:      5.62 MB capacity,     5.55 MB ( 99%) used,    65.40 KB (  1%) free+waste,     3.56 KB ( <1%) overhead. 
      Class:    575.00 KB capacity,   528.37 KB ( 92%) used,    44.82 KB (  8%) free+waste,     1.81 KB ( <1%) overhead. 
       Both:      6.18 MB capacity,     6.06 MB ( 98%) used,   110.22 KB (  2%) free+waste,     5.38 KB ( <1%) overhead. 

Virtual space:
  Non-class space:        8.00 MB reserved,       5.75 MB ( 72%) committed 
      Class space:        1.00 GB reserved,     640.00 KB ( <1%) committed 
             Both:        1.01 GB reserved,       6.38 MB ( <1%) committed 

Chunk freelists:
   Non-Class:  1.13 KB
       Class:  128 bytes
        Both:  1.25 KB

CodeHeap 'non-profiled nmethods': size=120000Kb used=82Kb max_used=82Kb free=119917Kb
 bounds [0x00000291eabd0000, 0x00000291eae40000, 0x00000291f2100000]
CodeHeap 'profiled nmethods': size=120000Kb used=509Kb max_used=509Kb free=119490Kb
 bounds [0x00000291e36a0000, 0x00000291e3910000, 0x00000291eabd0000]
CodeHeap 'non-nmethods': size=5760Kb used=1076Kb max_used=1087Kb free=4684Kb
 bounds [0x00000291e3100000, 0x00000291e3370000, 0x00000291e36a0000]
 total_blobs=691 nmethods=319 adapters=284
 compilation: enabled
              stopped_count=0, restarted_count=0
 full_count=0

Compilation events (10 events):
Event: 1.183 Thread 0x00000291fa9dd000  251       3       java.lang.invoke.LambdaForm::uncustomize (57 bytes)
Event: 1.184 Thread 0x00000291fa9dd000 nmethod 251 0x00000291e36f6790 code [0x00000291e36f6960, 0x00000291e36f6cb0]
Event: 1.184 Thread 0x00000291fa9dd000  254       3       java.util.Objects::requireNonNull (15 bytes)
Event: 1.184 Thread 0x00000291fa9dd000 nmethod 254 0x00000291e36f6d90 code [0x00000291e36f6f40, 0x00000291e36f7170]
Event: 1.184 Thread 0x00000291fa9dd000  257       3       java.lang.invoke.DirectMethodHandle::internalMemberName (8 bytes)
Event: 1.184 Thread 0x00000291fa9dd000 nmethod 257 0x00000291e36f7290 code [0x00000291e36f7440, 0x00000291e36f7678]
Event: 1.184 Thread 0x00000291fa9dd000  256       3       java.lang.invoke.MethodType::equals (29 bytes)
Event: 1.185 Thread 0x00000291fa9dd000 nmethod 256 0x00000291e36f7790 code [0x00000291e36f7960, 0x00000291e36f7e90]
Event: 1.185 Thread 0x00000291fa9dd000  255       1       java.lang.invoke.MethodTypeForm::basicType (5 bytes)
Event: 1.185 Thread 0x00000291fa9dd000 nmethod 255 0x00000291eabe1d90 code [0x00000291eabe1f20, 0x00000291eabe2038]

GC Heap History (0 events):
No events

Deoptimization events (1 events):
Event: 0.204 Thread 0x00000291d9517000 Uncommon trap: reason=unstable_if action=reinterpret pc=0x00000291eabd4508 method=java.lang.String.hashCode()I @ 14 c2

Classes redefined (0 events):
No events

Internal exceptions (0 events):
No events

Events (10 events):
Event: 1.173 loading class java/lang/InterruptedException done
Event: 1.174 loading class java/util/concurrent/locks/ReentrantLock$FairSync
Event: 1.174 loading class java/util/concurrent/locks/ReentrantLock$FairSync done
Event: 1.174 loading class ca/mcgill/ecse211/playingfield/RampEdge
Event: 1.174 loading class ca/mcgill/ecse211/playingfield/RampEdge done
Event: 1.176 loading class ca/mcgill/ecse211/playingfield/Point
Event: 1.176 loading class ca/mcgill/ecse211/playingfield/Point done
Event: 1.180 loading class ca/mcgill/ecse211/playingfield/Region
Event: 1.180 loading class ca/mcgill/ecse211/playingfield/Region done
Event: 1.184 Thread 0x00000291fad74800 Thread added: 0x00000291fad74800


Dynamic libraries:
0x00007ff6acb30000 - 0x00007ff6acb3f000 	C:\Program Files\Java\jdk-11.0.8\bin\javaw.exe
0x00007ff84a900000 - 0x00007ff84aaf0000 	C:\WINDOWS\SYSTEM32\ntdll.dll
0x00007ff84a7e0000 - 0x00007ff84a892000 	C:\WINDOWS\System32\KERNEL32.DLL
0x00007ff847c30000 - 0x00007ff847ed5000 	C:\WINDOWS\System32\KERNELBASE.dll
0x00007ff8487e0000 - 0x00007ff8488da000 	C:\WINDOWS\System32\ucrtbase.dll
0x00007ff82a160000 - 0x00007ff82a178000 	C:\Program Files\Java\jdk-11.0.8\bin\jli.dll
0x00007ff8266b0000 - 0x00007ff8266c5000 	C:\Program Files\Java\jdk-11.0.8\bin\VCRUNTIME140.dll
0x00007ff849110000 - 0x00007ff8491b3000 	C:\WINDOWS\System32\ADVAPI32.dll
0x00007ff8491c0000 - 0x00007ff84925e000 	C:\WINDOWS\System32\msvcrt.dll
0x00007ff849420000 - 0x00007ff8494b7000 	C:\WINDOWS\System32\sechost.dll
0x00007ff8494c0000 - 0x00007ff8495e0000 	C:\WINDOWS\System32\RPCRT4.dll
0x00007ff84a560000 - 0x00007ff84a6f5000 	C:\WINDOWS\System32\USER32.dll
0x00007ff847f10000 - 0x00007ff847f31000 	C:\WINDOWS\System32\win32u.dll
0x00007ff849260000 - 0x00007ff849286000 	C:\WINDOWS\System32\GDI32.dll
0x00007ff847890000 - 0x00007ff847a26000 	C:\WINDOWS\System32\gdi32full.dll
0x00007ff847f40000 - 0x00007ff847fde000 	C:\WINDOWS\System32\msvcp_win.dll
0x00007ff82e9a0000 - 0x00007ff82ec24000 	C:\WINDOWS\WinSxS\amd64_microsoft.windows.common-controls_6595b64144ccf1df_6.0.18362.1082_none_9e8193e1e45b25c1\COMCTL32.dll
0x00007ff849ee0000 - 0x00007ff84a215000 	C:\WINDOWS\System32\combase.dll
0x00007ff847fe0000 - 0x00007ff848060000 	C:\WINDOWS\System32\bcryptPrimitives.dll
0x00007ff840730000 - 0x00007ff84073a000 	C:\WINDOWS\SYSTEM32\VERSION.dll
0x00007ff849790000 - 0x00007ff8497be000 	C:\WINDOWS\System32\IMM32.DLL
0x00007ff814d10000 - 0x00007ff814dab000 	C:\Program Files\Java\jdk-11.0.8\bin\msvcp140.dll
0x00007ff801dd0000 - 0x00007ff8028b6000 	C:\Program Files\Java\jdk-11.0.8\bin\server\jvm.dll
0x00007ff84a8b0000 - 0x00007ff84a8b8000 	C:\WINDOWS\System32\PSAPI.DLL
0x00007ff843b60000 - 0x00007ff843b84000 	C:\WINDOWS\SYSTEM32\WINMM.dll
0x00007ff834c60000 - 0x00007ff834c69000 	C:\WINDOWS\SYSTEM32\WSOCK32.dll
0x00007ff849720000 - 0x00007ff84978f000 	C:\WINDOWS\System32\WS2_32.dll
0x00007ff843b30000 - 0x00007ff843b5d000 	C:\WINDOWS\SYSTEM32\winmmbase.dll
0x00007ff848960000 - 0x00007ff8489aa000 	C:\WINDOWS\System32\cfgmgr32.dll
0x00007ff847840000 - 0x00007ff847851000 	C:\WINDOWS\System32\kernel.appcore.dll
0x00007ff834080000 - 0x00007ff834090000 	C:\Program Files\Java\jdk-11.0.8\bin\verify.dll
0x00007ff845f70000 - 0x00007ff846164000 	C:\WINDOWS\SYSTEM32\DBGHELP.DLL
0x00007ff838c80000 - 0x00007ff838caa000 	C:\WINDOWS\SYSTEM32\dbgcore.DLL
0x00007ff8153b0000 - 0x00007ff8153d8000 	C:\Program Files\Java\jdk-11.0.8\bin\java.dll
0x00007ff833f60000 - 0x00007ff833f6a000 	C:\Program Files\Java\jdk-11.0.8\bin\jimage.dll
0x00007ff81fa00000 - 0x00007ff81fa16000 	C:\Program Files\Java\jdk-11.0.8\bin\zip.dll
0x00007ff848a20000 - 0x00007ff849107000 	C:\WINDOWS\System32\SHELL32.dll
0x00007ff84a2d0000 - 0x00007ff84a379000 	C:\WINDOWS\System32\shcore.dll
0x00007ff848060000 - 0x00007ff8487e0000 	C:\WINDOWS\System32\windows.storage.dll
0x00007ff847860000 - 0x00007ff847883000 	C:\WINDOWS\System32\profapi.dll
0x00007ff8477d0000 - 0x00007ff84781a000 	C:\WINDOWS\System32\powrprof.dll
0x00007ff8477c0000 - 0x00007ff8477d0000 	C:\WINDOWS\System32\UMPDC.dll
0x00007ff849290000 - 0x00007ff8492e2000 	C:\WINDOWS\System32\shlwapi.dll
0x00007ff848940000 - 0x00007ff848957000 	C:\WINDOWS\System32\cryptsp.dll
0x00007ff81f360000 - 0x00007ff81f379000 	C:\Program Files\Java\jdk-11.0.8\bin\net.dll
0x00007ff8452c0000 - 0x00007ff8453b0000 	C:\WINDOWS\SYSTEM32\WINHTTP.dll
0x00007ff847010000 - 0x00007ff847077000 	C:\WINDOWS\system32\mswsock.dll
0x00007ff81edf0000 - 0x00007ff81ee02000 	C:\Program Files\Java\jdk-11.0.8\bin\nio.dll
0x000000006e780000 - 0x000000006e7c0000 	C:\Users\denni\AppData\Local\Programs\Webots\lib\controller\java\JavaController.dll
0x000000006fc40000 - 0x000000006fdf1000 	C:\Users\denni\AppData\Local\Programs\Webots\msys64\mingw64\bin\cpp\libstdc++-6.dll
0x0000000061440000 - 0x000000006145c000 	C:\Users\denni\AppData\Local\Programs\Webots\msys64\mingw64\bin\cpp\libgcc_s_seh-1.dll
0x0000000064940000 - 0x0000000064956000 	C:\Users\denni\AppData\Local\Programs\Webots\msys64\mingw64\bin\cpp\libwinpthread-1.dll
0x0000000064f40000 - 0x0000000064fac000 	C:\Users\denni\AppData\Local\Programs\Webots\lib\controller\CppController.dll
0x000000006aa40000 - 0x000000006aac8000 	C:\Users\denni\AppData\Local\Programs\Webots\lib\controller\Controller.dll
0x0000000063e00000 - 0x0000000063e1b000 	C:\Users\denni\AppData\Local\Programs\Webots\RESOUR~1\projects\plugins\ROBOT_~1\generic\generic.dll

dbghelp: loaded successfully - version: 4.0.5 - missing functions: none
symbol engine: initialized successfully - sym options: 0x614 - pdb path: .;C:\Program Files\Java\jdk-11.0.8\bin;C:\WINDOWS\SYSTEM32;C:\WINDOWS\WinSxS\amd64_microsoft.windows.common-controls_6595b64144ccf1df_6.0.18362.1082_none_9e8193e1e45b25c1;C:\Program Files\Java\jdk-11.0.8\bin\server;C:\Users\denni\AppData\Local\Programs\Webots\lib\controller\java;C:\Users\denni\AppData\Local\Programs\Webots\msys64\mingw64\bin\cpp;C:\Users\denni\AppData\Local\Programs\Webots\lib\controller;C:\Users\denni\AppData\Local\Programs\Webots\RESOUR~1\projects\plugins\ROBOT_~1\generic

VM Arguments:
jvm_args: -Djava.library.path=C:/Users/denni/AppData/Local/Programs/Webots/lib/controller/java 
java_command: T06Controller
java_class_path (initial): C:/Users/denni/AppData/Local/Programs/Webots/lib/controller/java/Controller.jar;C:/Users/denni/Desktop/School/MCGILL/ECSE21~1/WORKSP~1/LAB_FI~1/PROJEC~1/CONTRO~1/T06CON~1/;..\lib\simlejos.jar;..\lib\EV3WiFiClient.jar
Launcher Type: SUN_STANDARD

[Global flags]
     intx CICompilerCount                          = 4                                         {product} {ergonomic}
     uint ConcGCThreads                            = 2                                         {product} {ergonomic}
     uint G1ConcRefinementThreads                  = 8                                         {product} {ergonomic}
   size_t G1HeapRegionSize                         = 1048576                                   {product} {ergonomic}
    uintx GCDrainStackTargetSize                   = 64                                        {product} {ergonomic}
   size_t InitialHeapSize                          = 132120576                                 {product} {ergonomic}
   size_t MarkStackSize                            = 4194304                                   {product} {ergonomic}
   size_t MaxHeapSize                              = 2107637760                                {product} {ergonomic}
   size_t MaxNewSize                               = 1264582656                                {product} {ergonomic}
   size_t MinHeapDeltaBytes                        = 1048576                                   {product} {ergonomic}
    uintx NonNMethodCodeHeapSize                   = 5836300                                {pd product} {ergonomic}
    uintx NonProfiledCodeHeapSize                  = 122910970                              {pd product} {ergonomic}
    uintx ProfiledCodeHeapSize                     = 122910970                              {pd product} {ergonomic}
    uintx ReservedCodeCacheSize                    = 251658240                              {pd product} {ergonomic}
     bool SegmentedCodeCache                       = true                                      {product} {ergonomic}
     bool UseCompressedClassPointers               = true                                 {lp64_product} {ergonomic}
     bool UseCompressedOops                        = true                                 {lp64_product} {ergonomic}
     bool UseG1GC                                  = true                                      {product} {ergonomic}
     bool UseLargePagesIndividualAllocation        = false                                  {pd product} {ergonomic}

Logging:
Log output configuration:
 #0: stdout all=warning uptime,level,tags
 #1: stderr all=off uptime,level,tags

Environment Variables:
JAVA_HOME=C:\Program Files\Java\jdk-11.0.8
CLASSPATH=..\lib\simlejos.jar;..\lib\EV3WiFiClient.jar
PATH=C:\Users\denni\AppData\Local\Programs\Webots\msys64\mingw64\bin\cpp;C:\Program Files\Common Files\Oracle\Java\javapath;C:\Windows\system32;C:\Windows;C:\Windows\System32\Wbem;C:\Windows\System32\WindowsPowerShell\v1.0\;C:\Windows\System32\OpenSSH\;C:\Program Files (x86)\NVIDIA Corporation\PhysX\Common;C:\WINDOWS\system32;C:\WINDOWS;C:\WINDOWS\System32\Wbem;C:\WINDOWS\System32\WindowsPowerShell\v1.0\;C:\WINDOWS\System32\OpenSSH\;C:\Program Files\Git\cmd;C:\Program Files\Microsoft SQL Server\130\Tools\Binn\;C:\Users\denni\AppData\Local\Microsoft\WindowsApps;C:\Users\denni\AppData\Local\GitHubDesktop\bin;C:\intelFPGA\18.0\modelsim_ase\win32aloem;C:\Users\denni\AppData\Roaming\Dashlane\6.2035.0.38627\bin\Firefox_Extension\{442718d9-475e-452a-b3e1-fb1ee16b8e9f}\components;C:\Users\denni\AppData\Roaming\Dashlane\6.2035.0.38627\ucrt;C:\Users\denni\AppData\Roaming\Dashlane\6.2035.0.38627\bin\Qt;C:\Users\denni\AppData\Roaming\Dashlane\6.2035.0.38627\bin\Ssl;C:\Program Files\Java\jdk-11.0.8\bin;C:\Users\denni\AppData\Local\Programs\Webots\lib\controller
USERNAME=denni
OS=Windows_NT
PROCESSOR_IDENTIFIER=Intel64 Family 6 Model 142 Stepping 11, GenuineIntel



---------------  S Y S T E M  ---------------

OS: Windows 10 , 64 bit Build 18362 (10.0.18362.1082)

CPU:total 8 (initial active 8) (4 cores per cpu, 2 threads per core) family 6 model 142 stepping 11, cmov, cx8, fxsr, mmx, sse, sse2, sse3, ssse3, sse4.1, sse4.2, popcnt, avx, avx2, aes, clmul, erms, 3dnowpref, lzcnt, ht, tsc, tscinvbit, bmi1, bmi2, adx, fma

Memory: 4k page, system-wide physical 8037M (1445M free)
TotalPageFile size 12901M (AvailPageFile size 3613M)
current process WorkingSet (physical memory assigned to process): 38M, peak: 38M
current process commit charge ("private bytes"): 206M, peak: 206M

vm_info: Java HotSpot(TM) 64-Bit Server VM (11.0.8+10-LTS) for windows-amd64 JRE (11.0.8+10-LTS), built on Jun 16 2020 05:53:08 by "mach5one" with unknown MS VC++:1916

END.
