#
# A fatal error has been detected by the Java Runtime Environment:
#
#  EXCEPTION_ACCESS_VIOLATION (0xc0000005) at pc=0x000000006e7814a6, pid=23640, tid=12860
#
# JRE version: Java(TM) SE Runtime Environment 18.9 (11.0.8+10) (build 11.0.8+10-LTS)
# Java VM: Java HotSpot(TM) 64-Bit Server VM 18.9 (11.0.8+10-LTS, mixed mode, tiered, compressed oops, g1 gc, windows-amd64)
# Problematic frame:
# C  [JavaController.dll+0x14a6]
#
# No core dump will be written. Minidumps are not enabled by default on client versions of Windows
#
# If you would like to submit a bug report, please visit:
#   https://bugreport.java.com/bugreport/crash.jsp
# The crash happened outside the Java Virtual Machine in native code.
# See problematic frame for where to report the bug.
#

---------------  S U M M A R Y ------------

Command Line: -Djava.library.path=C:/Users/denni/AppData/Local/Programs/Webots/lib/controller/java T06Controller

Host: Intel(R) Core(TM) i5-8265U CPU @ 1.60GHz, 8 cores, 7G,  Windows 10 , 64 bit Build 18362 (10.0.18362.1110)
Time: Fri Nov 20 23:42:47 2020 ??2?¡À¨º¡Á?¨º¡À?? elapsed time: 56 seconds (0d 0h 0m 56s)

---------------  T H R E A D  ---------------

Current thread (0x000001ab79777800):  JavaThread "main" [_thread_in_native, id=12860, stack(0x000000056d000000,0x000000056d100000)]

Stack: [0x000000056d000000,0x000000056d100000],  sp=0x000000056d0fef10,  free space=1019k
Native frames: (J=compiled Java code, j=interpreted, Vv=VM code, C=native code)
C  [JavaController.dll+0x14a6]

Java frames: (J=compiled Java code, j=interpreted, Vv=VM code)
J 481  com.cyberbotics.webots.controller.wrapperJNI.Camera_getImage(JLcom/cyberbotics/webots/controller/Camera;)[I (0 bytes) @ 0x000001ab0fe21315 [0x000001ab0fe212c0+0x0000000000000055]
J 742 c2 simlejos.hardware.sensor.EV3ColorSensor$RedMode.fetchSample([FI)V (89 bytes) @ 0x000001ab0fe59178 [0x000001ab0fe59020+0x0000000000000158]
J 738 c1 ca.mcgill.ecse211.project.Navigation.lineCorrection(II)V (193 bytes) @ 0x000001ab089f8e84 [0x000001ab089f8ba0+0x00000000000002e4]
j  ca.mcgill.ecse211.project.Navigation.goStraightFor(IZZ)Z+259
j  ca.mcgill.ecse211.project.Navigation.travelTo(Lca/mcgill/ecse211/playingfield/Point;ZZ)Z+200
j  ca.mcgill.ecse211.project.Navigation.crossBridge(Lca/mcgill/ecse211/playingfield/Point;Lca/mcgill/ecse211/playingfield/Point;Lca/mcgill/ecse211/playingfield/Point;)V+76
j  ca.mcgill.ecse211.project.Main.main([Ljava/lang/String;)V+305
j  T06Controller.main([Ljava/lang/String;)V+1
v  ~StubRoutines::call_stub

siginfo: EXCEPTION_ACCESS_VIOLATION (0xc0000005), reading address 0x0000000000000000


Register to memory mapping:

RIP=0x000000006e7814a6 JavaController.dll
RAX=0x0 is NULL
RBX=0x0 is NULL
RCX=0x0000000000000001 is an unknown value
RDX=0x0000000000000006 is an unknown value
RSP=0x000000056d0fef10 is pointing into the stack for thread: 0x000001ab79777800
RBP=0x0000000000000001 is an unknown value
RSI=0x000001ab79777b40 points into unknown readable memory: 00 2d 2b 57 fa 7f 00 00
RDI=0x000001ab7f061d90 points into unknown readable memory: 00 21 3f 89 00 00 00 00
R8 =0x000001ab19789e90 points into unknown readable memory: 00 00 00 00 00 00 00 00
R9 =0x00000000893f2110 is pointing into object: [I 
{0x00000000893f2100} - klass: {type array int}
 - length: 1
R10=0x0 is NULL
R11=0x000000056d0feef0 is pointing into the stack for thread: 0x000001ab79777800
R12=0x0 is NULL
R13=0x000000008a306940 is an oop: java.lang.Thread 
{0x000000008a306940} - klass: 'java/lang/Thread'
R14=0x000000056d0ff000 is pointing into the stack for thread: 0x000001ab79777800
R15=0x000001ab79777800 is a thread


Registers:
RAX=0x0000000000000000, RBX=0x0000000000000000, RCX=0x0000000000000001, RDX=0x0000000000000006
RSP=0x000000056d0fef10, RBP=0x0000000000000001, RSI=0x000001ab79777b40, RDI=0x000001ab7f061d90
R8 =0x000001ab19789e90, R9 =0x00000000893f2110, R10=0x0000000000000000, R11=0x000000056d0feef0
R12=0x0000000000000000, R13=0x000000008a306940, R14=0x000000056d0ff000, R15=0x000001ab79777800
RIP=0x000000006e7814a6, EFLAGS=0x0000000000010202

Top of Stack: (sp=0x000000056d0fef10)
0x000000056d0fef10:   0000000000000000 0000000000000001
0x000000056d0fef20:   000001ab79777b40 000001ab7f061d90
0x000000056d0fef30:   000001ab777ad530 000001ab777ad530
0x000000056d0fef40:   000001ab79777b40 0000000000000000
0x000000056d0fef50:   0000000000000001 000000006e7820a8
0x000000056d0fef60:   000001ab777ad530 0000000000000008
0x000000056d0fef70:   0000000000000000 000000006aa53763
0x000000056d0fef80:   0000000000000008 000000008a053718
0x000000056d0fef90:   0000000000000000 0000000000000001
0x000000056d0fefa0:   000000056d0ff010 000001ab0fe213b5
0x000000056d0fefb0:   000000008a306940 0000000064f45654
0x000000056d0fefc0:   000001ab777ae9d0 00007ffa56ed51c5
0x000000056d0fefd0:   000000000000000a 000000008a141c48
0x000000056d0fefe0:   000000056d0ff080 000000006e785201
0x000000056d0feff0:   000001ab777ae9d0 00007ffa56f00829
0x000000056d0ff000:   000000008a12a000 00007ffa569fa9e9 

Instructions: (pc=0x000000006e7814a6)
0x000000006e781486:   00 48 89 fa 48 89 f1 ff 90 d8 05 00 00 49 89 c0
0x000000006e781496:   48 85 c0 74 3c 85 ed 7e 17 89 e9 b8 00 00 00 00
0x000000006e7814a6:   8b 14 83 41 89 14 80 48 83 c0 01 48 39 c8 75 f0
0x000000006e7814b6:   48 8b 06 41 b9 00 00 00 00 48 89 fa 48 89 f1 ff 


Stack slot to memory mapping:
stack at sp + 0 slots: 0x0 is NULL
stack at sp + 1 slots: 0x0000000000000001 is an unknown value
stack at sp + 2 slots: 0x000001ab79777b40 points into unknown readable memory: 00 2d 2b 57 fa 7f 00 00
stack at sp + 3 slots: 0x000001ab7f061d90 points into unknown readable memory: 00 21 3f 89 00 00 00 00
stack at sp + 4 slots: 0x000001ab777ad530 points into unknown readable memory: 40 8c f5 64 00 00 00 00
stack at sp + 5 slots: 0x000001ab777ad530 points into unknown readable memory: 40 8c f5 64 00 00 00 00
stack at sp + 6 slots: 0x000001ab79777b40 points into unknown readable memory: 00 2d 2b 57 fa 7f 00 00
stack at sp + 7 slots: 0x0 is NULL


---------------  P R O C E S S  ---------------

Threads class SMR info:
_java_thread_list=0x000001ab19778220, length=12, elements={
0x000001ab79777800, 0x000001ab7f083800, 0x000001ab7f08d000, 0x000001ab7f0a7800,
0x000001ab7f8fb800, 0x000001ab7f904800, 0x000001ab7f907800, 0x000001ab7f911000,
0x000001ab7fa74000, 0x000001ab7fa7e000, 0x000001ab7fb15000, 0x000001ab7fa98000
}

Java Threads: ( => current thread )
=>0x000001ab79777800 JavaThread "main" [_thread_in_native, id=12860, stack(0x000000056d000000,0x000000056d100000)]
  0x000001ab7f083800 JavaThread "Reference Handler" daemon [_thread_blocked, id=21892, stack(0x000000056d700000,0x000000056d800000)]
  0x000001ab7f08d000 JavaThread "Finalizer" daemon [_thread_blocked, id=18392, stack(0x000000056d800000,0x000000056d900000)]
  0x000001ab7f0a7800 JavaThread "Signal Dispatcher" daemon [_thread_blocked, id=23168, stack(0x000000056d900000,0x000000056da00000)]
  0x000001ab7f8fb800 JavaThread "Attach Listener" daemon [_thread_blocked, id=23876, stack(0x000000056da00000,0x000000056db00000)]
  0x000001ab7f904800 JavaThread "C2 CompilerThread0" daemon [_thread_blocked, id=15980, stack(0x000000056db00000,0x000000056dc00000)]
  0x000001ab7f907800 JavaThread "C1 CompilerThread0" daemon [_thread_blocked, id=5664, stack(0x000000056dc00000,0x000000056dd00000)]
  0x000001ab7f911000 JavaThread "Sweeper thread" daemon [_thread_blocked, id=12300, stack(0x000000056dd00000,0x000000056de00000)]
  0x000001ab7fa74000 JavaThread "Service Thread" daemon [_thread_blocked, id=22204, stack(0x000000056de00000,0x000000056df00000)]
  0x000001ab7fa7e000 JavaThread "Common-Cleaner" daemon [_thread_blocked, id=10604, stack(0x000000056e000000,0x000000056e100000)]
  0x000001ab7fb15000 JavaThread "Thread-0" [_thread_in_native, id=8376, stack(0x000000056e100000,0x000000056e200000)]
  0x000001ab7fa98000 JavaThread "Thread-1" [_thread_blocked, id=20024, stack(0x000000056e200000,0x000000056e300000)]

Other Threads:
  0x000001ab7f060800 VMThread "VM Thread" [stack: 0x000000056d600000,0x000000056d700000] [id=19848]
  0x000001ab7fa7d000 WatcherThread [stack: 0x000000056df00000,0x000000056e000000] [id=10096]
  0x000001ab7978b800 GCTaskThread "GC Thread#0" [stack: 0x000000056d100000,0x000000056d200000] [id=10812]
  0x000001ab797bf800 ConcurrentGCThread "G1 Main Marker" [stack: 0x000000056d200000,0x000000056d300000] [id=22556]
  0x000001ab797c1000 ConcurrentGCThread "G1 Conc#0" [stack: 0x000000056d300000,0x000000056d400000] [id=17868]
  0x000001ab7984d800 ConcurrentGCThread "G1 Refine#0" [stack: 0x000000056d400000,0x000000056d500000] [id=23092]
  0x000001ab7984e800 ConcurrentGCThread "G1 Young RemSet Sampling" [stack: 0x000000056d500000,0x000000056d600000] [id=13752]

Threads with active compile tasks:

VM state:not at safepoint (normal execution)

VM Mutex/Monitor currently owned by a thread: None

Heap address: 0x0000000082600000, size: 2010 MB, Compressed Oops mode: 32-bit
Narrow klass base: 0x0000000000000000, Narrow klass shift: 3
Compressed class space size: 1073741824 Address: 0x0000000100000000

Heap:
 garbage-first heap   total 129024K, used 19456K [0x0000000082600000, 0x0000000100000000)
  region size 1024K, 20 young (20480K), 0 survivors (0K)
 Metaspace       used 8577K, capacity 8879K, committed 9216K, reserved 1056768K
  class space    used 785K, capacity 900K, committed 1024K, reserved 1048576K
Heap Regions: E=young(eden), S=young(survivor), O=old, HS=humongous(starts), HC=humongous(continues), CS=collection set, F=free, A=archive, TAMS=top-at-mark-start (previous, next)
|   0|0x0000000082600000, 0x0000000082600000, 0x0000000082700000|  0%| F|  |TAMS 0x0000000082600000, 0x0000000082600000| Untracked 
|   1|0x0000000082700000, 0x0000000082700000, 0x0000000082800000|  0%| F|  |TAMS 0x0000000082700000, 0x0000000082700000| Untracked 
|   2|0x0000000082800000, 0x0000000082800000, 0x0000000082900000|  0%| F|  |TAMS 0x0000000082800000, 0x0000000082800000| Untracked 
|   3|0x0000000082900000, 0x0000000082900000, 0x0000000082a00000|  0%| F|  |TAMS 0x0000000082900000, 0x0000000082900000| Untracked 
|   4|0x0000000082a00000, 0x0000000082a00000, 0x0000000082b00000|  0%| F|  |TAMS 0x0000000082a00000, 0x0000000082a00000| Untracked 
|   5|0x0000000082b00000, 0x0000000082b00000, 0x0000000082c00000|  0%| F|  |TAMS 0x0000000082b00000, 0x0000000082b00000| Untracked 
|   6|0x0000000082c00000, 0x0000000082c00000, 0x0000000082d00000|  0%| F|  |TAMS 0x0000000082c00000, 0x0000000082c00000| Untracked 
|   7|0x0000000082d00000, 0x0000000082d00000, 0x0000000082e00000|  0%| F|  |TAMS 0x0000000082d00000, 0x0000000082d00000| Untracked 
|   8|0x0000000082e00000, 0x0000000082e00000, 0x0000000082f00000|  0%| F|  |TAMS 0x0000000082e00000, 0x0000000082e00000| Untracked 
|   9|0x0000000082f00000, 0x0000000082f00000, 0x0000000083000000|  0%| F|  |TAMS 0x0000000082f00000, 0x0000000082f00000| Untracked 
|  10|0x0000000083000000, 0x0000000083000000, 0x0000000083100000|  0%| F|  |TAMS 0x0000000083000000, 0x0000000083000000| Untracked 
|  11|0x0000000083100000, 0x0000000083100000, 0x0000000083200000|  0%| F|  |TAMS 0x0000000083100000, 0x0000000083100000| Untracked 
|  12|0x0000000083200000, 0x0000000083200000, 0x0000000083300000|  0%| F|  |TAMS 0x0000000083200000, 0x0000000083200000| Untracked 
|  13|0x0000000083300000, 0x0000000083300000, 0x0000000083400000|  0%| F|  |TAMS 0x0000000083300000, 0x0000000083300000| Untracked 
|  14|0x0000000083400000, 0x0000000083400000, 0x0000000083500000|  0%| F|  |TAMS 0x0000000083400000, 0x0000000083400000| Untracked 
|  15|0x0000000083500000, 0x0000000083500000, 0x0000000083600000|  0%| F|  |TAMS 0x0000000083500000, 0x0000000083500000| Untracked 
|  16|0x0000000083600000, 0x0000000083600000, 0x0000000083700000|  0%| F|  |TAMS 0x0000000083600000, 0x0000000083600000| Untracked 
|  17|0x0000000083700000, 0x0000000083700000, 0x0000000083800000|  0%| F|  |TAMS 0x0000000083700000, 0x0000000083700000| Untracked 
|  18|0x0000000083800000, 0x0000000083800000, 0x0000000083900000|  0%| F|  |TAMS 0x0000000083800000, 0x0000000083800000| Untracked 
|  19|0x0000000083900000, 0x0000000083900000, 0x0000000083a00000|  0%| F|  |TAMS 0x0000000083900000, 0x0000000083900000| Untracked 
|  20|0x0000000083a00000, 0x0000000083a00000, 0x0000000083b00000|  0%| F|  |TAMS 0x0000000083a00000, 0x0000000083a00000| Untracked 
|  21|0x0000000083b00000, 0x0000000083b00000, 0x0000000083c00000|  0%| F|  |TAMS 0x0000000083b00000, 0x0000000083b00000| Untracked 
|  22|0x0000000083c00000, 0x0000000083c00000, 0x0000000083d00000|  0%| F|  |TAMS 0x0000000083c00000, 0x0000000083c00000| Untracked 
|  23|0x0000000083d00000, 0x0000000083d00000, 0x0000000083e00000|  0%| F|  |TAMS 0x0000000083d00000, 0x0000000083d00000| Untracked 
|  24|0x0000000083e00000, 0x0000000083e00000, 0x0000000083f00000|  0%| F|  |TAMS 0x0000000083e00000, 0x0000000083e00000| Untracked 
|  25|0x0000000083f00000, 0x0000000083f00000, 0x0000000084000000|  0%| F|  |TAMS 0x0000000083f00000, 0x0000000083f00000| Untracked 
|  26|0x0000000084000000, 0x0000000084000000, 0x0000000084100000|  0%| F|  |TAMS 0x0000000084000000, 0x0000000084000000| Untracked 
|  27|0x0000000084100000, 0x0000000084100000, 0x0000000084200000|  0%| F|  |TAMS 0x0000000084100000, 0x0000000084100000| Untracked 
|  28|0x0000000084200000, 0x0000000084200000, 0x0000000084300000|  0%| F|  |TAMS 0x0000000084200000, 0x0000000084200000| Untracked 
|  29|0x0000000084300000, 0x0000000084300000, 0x0000000084400000|  0%| F|  |TAMS 0x0000000084300000, 0x0000000084300000| Untracked 
|  30|0x0000000084400000, 0x0000000084400000, 0x0000000084500000|  0%| F|  |TAMS 0x0000000084400000, 0x0000000084400000| Untracked 
|  31|0x0000000084500000, 0x0000000084500000, 0x0000000084600000|  0%| F|  |TAMS 0x0000000084500000, 0x0000000084500000| Untracked 
|  32|0x0000000084600000, 0x0000000084600000, 0x0000000084700000|  0%| F|  |TAMS 0x0000000084600000, 0x0000000084600000| Untracked 
|  33|0x0000000084700000, 0x0000000084700000, 0x0000000084800000|  0%| F|  |TAMS 0x0000000084700000, 0x0000000084700000| Untracked 
|  34|0x0000000084800000, 0x0000000084800000, 0x0000000084900000|  0%| F|  |TAMS 0x0000000084800000, 0x0000000084800000| Untracked 
|  35|0x0000000084900000, 0x0000000084900000, 0x0000000084a00000|  0%| F|  |TAMS 0x0000000084900000, 0x0000000084900000| Untracked 
|  36|0x0000000084a00000, 0x0000000084a00000, 0x0000000084b00000|  0%| F|  |TAMS 0x0000000084a00000, 0x0000000084a00000| Untracked 
|  37|0x0000000084b00000, 0x0000000084b00000, 0x0000000084c00000|  0%| F|  |TAMS 0x0000000084b00000, 0x0000000084b00000| Untracked 
|  38|0x0000000084c00000, 0x0000000084c00000, 0x0000000084d00000|  0%| F|  |TAMS 0x0000000084c00000, 0x0000000084c00000| Untracked 
|  39|0x0000000084d00000, 0x0000000084d00000, 0x0000000084e00000|  0%| F|  |TAMS 0x0000000084d00000, 0x0000000084d00000| Untracked 
|  40|0x0000000084e00000, 0x0000000084e00000, 0x0000000084f00000|  0%| F|  |TAMS 0x0000000084e00000, 0x0000000084e00000| Untracked 
|  41|0x0000000084f00000, 0x0000000084f00000, 0x0000000085000000|  0%| F|  |TAMS 0x0000000084f00000, 0x0000000084f00000| Untracked 
|  42|0x0000000085000000, 0x0000000085000000, 0x0000000085100000|  0%| F|  |TAMS 0x0000000085000000, 0x0000000085000000| Untracked 
|  43|0x0000000085100000, 0x0000000085100000, 0x0000000085200000|  0%| F|  |TAMS 0x0000000085100000, 0x0000000085100000| Untracked 
|  44|0x0000000085200000, 0x0000000085200000, 0x0000000085300000|  0%| F|  |TAMS 0x0000000085200000, 0x0000000085200000| Untracked 
|  45|0x0000000085300000, 0x0000000085300000, 0x0000000085400000|  0%| F|  |TAMS 0x0000000085300000, 0x0000000085300000| Untracked 
|  46|0x0000000085400000, 0x0000000085400000, 0x0000000085500000|  0%| F|  |TAMS 0x0000000085400000, 0x0000000085400000| Untracked 
|  47|0x0000000085500000, 0x0000000085500000, 0x0000000085600000|  0%| F|  |TAMS 0x0000000085500000, 0x0000000085500000| Untracked 
|  48|0x0000000085600000, 0x0000000085600000, 0x0000000085700000|  0%| F|  |TAMS 0x0000000085600000, 0x0000000085600000| Untracked 
|  49|0x0000000085700000, 0x0000000085700000, 0x0000000085800000|  0%| F|  |TAMS 0x0000000085700000, 0x0000000085700000| Untracked 
|  50|0x0000000085800000, 0x0000000085800000, 0x0000000085900000|  0%| F|  |TAMS 0x0000000085800000, 0x0000000085800000| Untracked 
|  51|0x0000000085900000, 0x0000000085900000, 0x0000000085a00000|  0%| F|  |TAMS 0x0000000085900000, 0x0000000085900000| Untracked 
|  52|0x0000000085a00000, 0x0000000085a00000, 0x0000000085b00000|  0%| F|  |TAMS 0x0000000085a00000, 0x0000000085a00000| Untracked 
|  53|0x0000000085b00000, 0x0000000085b00000, 0x0000000085c00000|  0%| F|  |TAMS 0x0000000085b00000, 0x0000000085b00000| Untracked 
|  54|0x0000000085c00000, 0x0000000085c00000, 0x0000000085d00000|  0%| F|  |TAMS 0x0000000085c00000, 0x0000000085c00000| Untracked 
|  55|0x0000000085d00000, 0x0000000085d00000, 0x0000000085e00000|  0%| F|  |TAMS 0x0000000085d00000, 0x0000000085d00000| Untracked 
|  56|0x0000000085e00000, 0x0000000085e00000, 0x0000000085f00000|  0%| F|  |TAMS 0x0000000085e00000, 0x0000000085e00000| Untracked 
|  57|0x0000000085f00000, 0x0000000085f00000, 0x0000000086000000|  0%| F|  |TAMS 0x0000000085f00000, 0x0000000085f00000| Untracked 
|  58|0x0000000086000000, 0x0000000086000000, 0x0000000086100000|  0%| F|  |TAMS 0x0000000086000000, 0x0000000086000000| Untracked 
|  59|0x0000000086100000, 0x0000000086100000, 0x0000000086200000|  0%| F|  |TAMS 0x0000000086100000, 0x0000000086100000| Untracked 
|  60|0x0000000086200000, 0x0000000086200000, 0x0000000086300000|  0%| F|  |TAMS 0x0000000086200000, 0x0000000086200000| Untracked 
|  61|0x0000000086300000, 0x0000000086300000, 0x0000000086400000|  0%| F|  |TAMS 0x0000000086300000, 0x0000000086300000| Untracked 
|  62|0x0000000086400000, 0x0000000086400000, 0x0000000086500000|  0%| F|  |TAMS 0x0000000086400000, 0x0000000086400000| Untracked 
|  63|0x0000000086500000, 0x0000000086500000, 0x0000000086600000|  0%| F|  |TAMS 0x0000000086500000, 0x0000000086500000| Untracked 
|  64|0x0000000086600000, 0x0000000086600000, 0x0000000086700000|  0%| F|  |TAMS 0x0000000086600000, 0x0000000086600000| Untracked 
|  65|0x0000000086700000, 0x0000000086700000, 0x0000000086800000|  0%| F|  |TAMS 0x0000000086700000, 0x0000000086700000| Untracked 
|  66|0x0000000086800000, 0x0000000086800000, 0x0000000086900000|  0%| F|  |TAMS 0x0000000086800000, 0x0000000086800000| Untracked 
|  67|0x0000000086900000, 0x0000000086900000, 0x0000000086a00000|  0%| F|  |TAMS 0x0000000086900000, 0x0000000086900000| Untracked 
|  68|0x0000000086a00000, 0x0000000086a00000, 0x0000000086b00000|  0%| F|  |TAMS 0x0000000086a00000, 0x0000000086a00000| Untracked 
|  69|0x0000000086b00000, 0x0000000086b00000, 0x0000000086c00000|  0%| F|  |TAMS 0x0000000086b00000, 0x0000000086b00000| Untracked 
|  70|0x0000000086c00000, 0x0000000086c00000, 0x0000000086d00000|  0%| F|  |TAMS 0x0000000086c00000, 0x0000000086c00000| Untracked 
|  71|0x0000000086d00000, 0x0000000086d00000, 0x0000000086e00000|  0%| F|  |TAMS 0x0000000086d00000, 0x0000000086d00000| Untracked 
|  72|0x0000000086e00000, 0x0000000086e00000, 0x0000000086f00000|  0%| F|  |TAMS 0x0000000086e00000, 0x0000000086e00000| Untracked 
|  73|0x0000000086f00000, 0x0000000086f00000, 0x0000000087000000|  0%| F|  |TAMS 0x0000000086f00000, 0x0000000086f00000| Untracked 
|  74|0x0000000087000000, 0x0000000087000000, 0x0000000087100000|  0%| F|  |TAMS 0x0000000087000000, 0x0000000087000000| Untracked 
|  75|0x0000000087100000, 0x0000000087100000, 0x0000000087200000|  0%| F|  |TAMS 0x0000000087100000, 0x0000000087100000| Untracked 
|  76|0x0000000087200000, 0x0000000087200000, 0x0000000087300000|  0%| F|  |TAMS 0x0000000087200000, 0x0000000087200000| Untracked 
|  77|0x0000000087300000, 0x0000000087300000, 0x0000000087400000|  0%| F|  |TAMS 0x0000000087300000, 0x0000000087300000| Untracked 
|  78|0x0000000087400000, 0x0000000087400000, 0x0000000087500000|  0%| F|  |TAMS 0x0000000087400000, 0x0000000087400000| Untracked 
|  79|0x0000000087500000, 0x0000000087500000, 0x0000000087600000|  0%| F|  |TAMS 0x0000000087500000, 0x0000000087500000| Untracked 
|  80|0x0000000087600000, 0x0000000087600000, 0x0000000087700000|  0%| F|  |TAMS 0x0000000087600000, 0x0000000087600000| Untracked 
|  81|0x0000000087700000, 0x0000000087700000, 0x0000000087800000|  0%| F|  |TAMS 0x0000000087700000, 0x0000000087700000| Untracked 
|  82|0x0000000087800000, 0x0000000087800000, 0x0000000087900000|  0%| F|  |TAMS 0x0000000087800000, 0x0000000087800000| Untracked 
|  83|0x0000000087900000, 0x0000000087900000, 0x0000000087a00000|  0%| F|  |TAMS 0x0000000087900000, 0x0000000087900000| Untracked 
|  84|0x0000000087a00000, 0x0000000087a00000, 0x0000000087b00000|  0%| F|  |TAMS 0x0000000087a00000, 0x0000000087a00000| Untracked 
|  85|0x0000000087b00000, 0x0000000087b00000, 0x0000000087c00000|  0%| F|  |TAMS 0x0000000087b00000, 0x0000000087b00000| Untracked 
|  86|0x0000000087c00000, 0x0000000087c00000, 0x0000000087d00000|  0%| F|  |TAMS 0x0000000087c00000, 0x0000000087c00000| Untracked 
|  87|0x0000000087d00000, 0x0000000087d00000, 0x0000000087e00000|  0%| F|  |TAMS 0x0000000087d00000, 0x0000000087d00000| Untracked 
|  88|0x0000000087e00000, 0x0000000087e00000, 0x0000000087f00000|  0%| F|  |TAMS 0x0000000087e00000, 0x0000000087e00000| Untracked 
|  89|0x0000000087f00000, 0x0000000087f00000, 0x0000000088000000|  0%| F|  |TAMS 0x0000000087f00000, 0x0000000087f00000| Untracked 
|  90|0x0000000088000000, 0x0000000088000000, 0x0000000088100000|  0%| F|  |TAMS 0x0000000088000000, 0x0000000088000000| Untracked 
|  91|0x0000000088100000, 0x0000000088100000, 0x0000000088200000|  0%| F|  |TAMS 0x0000000088100000, 0x0000000088100000| Untracked 
|  92|0x0000000088200000, 0x0000000088200000, 0x0000000088300000|  0%| F|  |TAMS 0x0000000088200000, 0x0000000088200000| Untracked 
|  93|0x0000000088300000, 0x0000000088300000, 0x0000000088400000|  0%| F|  |TAMS 0x0000000088300000, 0x0000000088300000| Untracked 
|  94|0x0000000088400000, 0x0000000088400000, 0x0000000088500000|  0%| F|  |TAMS 0x0000000088400000, 0x0000000088400000| Untracked 
|  95|0x0000000088500000, 0x0000000088500000, 0x0000000088600000|  0%| F|  |TAMS 0x0000000088500000, 0x0000000088500000| Untracked 
|  96|0x0000000088600000, 0x0000000088600000, 0x0000000088700000|  0%| F|  |TAMS 0x0000000088600000, 0x0000000088600000| Untracked 
|  97|0x0000000088700000, 0x0000000088700000, 0x0000000088800000|  0%| F|  |TAMS 0x0000000088700000, 0x0000000088700000| Untracked 
|  98|0x0000000088800000, 0x0000000088800000, 0x0000000088900000|  0%| F|  |TAMS 0x0000000088800000, 0x0000000088800000| Untracked 
|  99|0x0000000088900000, 0x0000000088900000, 0x0000000088a00000|  0%| F|  |TAMS 0x0000000088900000, 0x0000000088900000| Untracked 
| 100|0x0000000088a00000, 0x0000000088a00000, 0x0000000088b00000|  0%| F|  |TAMS 0x0000000088a00000, 0x0000000088a00000| Untracked 
| 101|0x0000000088b00000, 0x0000000088b00000, 0x0000000088c00000|  0%| F|  |TAMS 0x0000000088b00000, 0x0000000088b00000| Untracked 
| 102|0x0000000088c00000, 0x0000000088c00000, 0x0000000088d00000|  0%| F|  |TAMS 0x0000000088c00000, 0x0000000088c00000| Untracked 
| 103|0x0000000088d00000, 0x0000000088d00000, 0x0000000088e00000|  0%| F|  |TAMS 0x0000000088d00000, 0x0000000088d00000| Untracked 
| 104|0x0000000088e00000, 0x0000000088e00000, 0x0000000088f00000|  0%| F|  |TAMS 0x0000000088e00000, 0x0000000088e00000| Untracked 
| 105|0x0000000088f00000, 0x0000000088f00000, 0x0000000089000000|  0%| F|  |TAMS 0x0000000088f00000, 0x0000000088f00000| Untracked 
| 106|0x0000000089000000, 0x00000000890f6450, 0x0000000089100000| 96%| E|  |TAMS 0x0000000089000000, 0x0000000089000000| Complete 
| 107|0x0000000089100000, 0x0000000089200000, 0x0000000089200000|100%| E|CS|TAMS 0x0000000089100000, 0x0000000089100000| Complete 
| 108|0x0000000089200000, 0x0000000089300000, 0x0000000089300000|100%| E|CS|TAMS 0x0000000089200000, 0x0000000089200000| Complete 
| 109|0x0000000089300000, 0x0000000089400000, 0x0000000089400000|100%| E|CS|TAMS 0x0000000089300000, 0x0000000089300000| Complete 
| 110|0x0000000089400000, 0x0000000089500000, 0x0000000089500000|100%| E|CS|TAMS 0x0000000089400000, 0x0000000089400000| Complete 
| 111|0x0000000089500000, 0x0000000089600000, 0x0000000089600000|100%| E|CS|TAMS 0x0000000089500000, 0x0000000089500000| Complete 
| 112|0x0000000089600000, 0x0000000089700000, 0x0000000089700000|100%| E|CS|TAMS 0x0000000089600000, 0x0000000089600000| Complete 
| 113|0x0000000089700000, 0x0000000089800000, 0x0000000089800000|100%| E|CS|TAMS 0x0000000089700000, 0x0000000089700000| Complete 
| 114|0x0000000089800000, 0x0000000089900000, 0x0000000089900000|100%| E|CS|TAMS 0x0000000089800000, 0x0000000089800000| Complete 
| 115|0x0000000089900000, 0x0000000089a00000, 0x0000000089a00000|100%| E|CS|TAMS 0x0000000089900000, 0x0000000089900000| Complete 
| 116|0x0000000089a00000, 0x0000000089b00000, 0x0000000089b00000|100%| E|CS|TAMS 0x0000000089a00000, 0x0000000089a00000| Complete 
| 117|0x0000000089b00000, 0x0000000089c00000, 0x0000000089c00000|100%| E|CS|TAMS 0x0000000089b00000, 0x0000000089b00000| Complete 
| 118|0x0000000089c00000, 0x0000000089d00000, 0x0000000089d00000|100%| E|CS|TAMS 0x0000000089c00000, 0x0000000089c00000| Complete 
| 119|0x0000000089d00000, 0x0000000089e00000, 0x0000000089e00000|100%| E|CS|TAMS 0x0000000089d00000, 0x0000000089d00000| Complete 
| 120|0x0000000089e00000, 0x0000000089f00000, 0x0000000089f00000|100%| E|CS|TAMS 0x0000000089e00000, 0x0000000089e00000| Complete 
| 121|0x0000000089f00000, 0x000000008a000000, 0x000000008a000000|100%| E|CS|TAMS 0x0000000089f00000, 0x0000000089f00000| Complete 
| 122|0x000000008a000000, 0x000000008a100000, 0x000000008a100000|100%| E|CS|TAMS 0x000000008a000000, 0x000000008a000000| Complete 
| 123|0x000000008a100000, 0x000000008a200000, 0x000000008a200000|100%| E|CS|TAMS 0x000000008a100000, 0x000000008a100000| Complete 
| 124|0x000000008a200000, 0x000000008a300000, 0x000000008a300000|100%| E|CS|TAMS 0x000000008a200000, 0x000000008a200000| Complete 
| 125|0x000000008a300000, 0x000000008a400000, 0x000000008a400000|100%| E|CS|TAMS 0x000000008a300000, 0x000000008a300000| Complete 

Card table byte_map: [0x000001ab79f70000,0x000001ab7a360000] _byte_map_base: 0x000001ab79b5d000

Marking Bits (Prev, Next): (CMBitMap*) 0x000001ab797b6db8, (CMBitMap*) 0x000001ab797b6df0
 Prev Bits: [0x000001ab7a750000, 0x000001ab7c6b8000)
 Next Bits: [0x000001ab7c6c0000, 0x000001ab7e628000)

Polling page: 0x000001ab775e0000

Metaspace:

Usage:
  Non-class:      7.79 MB capacity,     7.61 MB ( 98%) used,   166.38 KB (  2%) free+waste,    20.38 KB ( <1%) overhead. 
      Class:    900.00 KB capacity,   785.07 KB ( 87%) used,   104.49 KB ( 12%) free+waste,    10.44 KB (  1%) overhead. 
       Both:      8.67 MB capacity,     8.38 MB ( 97%) used,   270.87 KB (  3%) free+waste,    30.81 KB ( <1%) overhead. 

Virtual space:
  Non-class space:        8.00 MB reserved,       8.00 MB (100%) committed 
      Class space:        1.00 GB reserved,       1.00 MB ( <1%) committed 
             Both:        1.01 GB reserved,       9.00 MB ( <1%) committed 

Chunk freelists:
   Non-Class:  2.63 KB
       Class:  0 bytes
        Both:  2.63 KB

CodeHeap 'non-profiled nmethods': size=120000Kb used=361Kb max_used=361Kb free=119639Kb
 bounds [0x000001ab0fe00000, 0x000001ab10070000, 0x000001ab17330000]
CodeHeap 'profiled nmethods': size=120000Kb used=1198Kb max_used=1198Kb free=118802Kb
 bounds [0x000001ab088d0000, 0x000001ab08b40000, 0x000001ab0fe00000]
CodeHeap 'non-nmethods': size=5760Kb used=1121Kb max_used=1147Kb free=4638Kb
 bounds [0x000001ab08330000, 0x000001ab085a0000, 0x000001ab088d0000]
 total_blobs=1184 nmethods=742 adapters=354
 compilation: enabled
              stopped_count=0, restarted_count=0
 full_count=0

Compilation events (10 events):
Event: 45.466 Thread 0x000001ab7f907800  738       3       ca.mcgill.ecse211.project.Navigation::lineCorrection (193 bytes)
Event: 45.467 Thread 0x000001ab7f907800 nmethod 738 0x000001ab089f8810 code [0x000001ab089f8ba0, 0x000001ab089f9b60]
Event: 45.659 Thread 0x000001ab7f907800  739 %     3       ca.mcgill.ecse211.project.Odometer::run @ 12 (80 bytes)
Event: 45.660 Thread 0x000001ab7f907800 nmethod 739% 0x000001ab089fa010 code [0x000001ab089fa2a0, 0x000001ab089fa8f0]
Event: 46.183 Thread 0x000001ab7f907800  740       3       ca.mcgill.ecse211.project.Odometer::run (80 bytes)
Event: 46.183 Thread 0x000001ab7f907800 nmethod 740 0x000001ab089fac90 code [0x000001ab089faf20, 0x000001ab089fb4d0]
Event: 46.200 Thread 0x000001ab7f904800  741       4       java.lang.Math::round (70 bytes)
Event: 46.201 Thread 0x000001ab7f904800 nmethod 741 0x000001ab0fe58b10 code [0x000001ab0fe58ca0, 0x000001ab0fe58d58]
Event: 48.514 Thread 0x000001ab7f904800  742   !   4       simlejos.hardware.sensor.EV3ColorSensor$RedMode::fetchSample (89 bytes)
Event: 48.543 Thread 0x000001ab7f904800 nmethod 742 0x000001ab0fe58e10 code [0x000001ab0fe59020, 0x000001ab0fe59ce0]

GC Heap History (0 events):
No events

Deoptimization events (10 events):
Event: 12.827 Thread 0x000001ab79777800 Uncommon trap: reason=unstable_if action=reinterpret pc=0x000001ab0fe2548c method=java.util.concurrent.locks.ReentrantLock$Sync.nonfairTryAcquire(I)Z @ 19 c2
Event: 12.872 Thread 0x000001ab7fb15000 Uncommon trap: reason=unstable_if action=reinterpret pc=0x000001ab0fe2508c method=java.util.concurrent.locks.ReentrantLock$Sync.nonfairTryAcquire(I)Z @ 19 c2
Event: 16.310 Thread 0x000001ab7fa98000 Uncommon trap: reason=unstable_if action=reinterpret pc=0x000001ab0fe2d418 method=java.util.concurrent.locks.ReentrantLock$Sync.nonfairTryAcquire(I)Z @ 19 c2
Event: 20.718 Thread 0x000001ab7fa98000 Uncommon trap: reason=unstable_if action=reinterpret pc=0x000001ab0fe3ec3c method=java.lang.Math.round(D)J @ 31 c2
Event: 20.719 Thread 0x000001ab7fa98000 Uncommon trap: reason=unstable_if action=reinterpret pc=0x000001ab0fe2cb50 method=java.lang.Math.round(D)J @ 31 c2
Event: 22.500 Thread 0x000001ab79777800 Uncommon trap: reason=unstable_if action=reinterpret pc=0x000001ab0fe42084 method=ca.mcgill.ecse211.project.LightLocalizer.isBlack(II)Z @ 13 c2
Event: 25.046 Thread 0x000001ab7fb15000 Uncommon trap: reason=unstable_if action=reinterpret pc=0x000001ab0fe37ccc method=java.util.concurrent.locks.AbstractQueuedSynchronizer.enq(Ljava/util/concurrent/locks/AbstractQueuedSynchronizer$Node;)Ljava/util/concurrent/locks/AbstractQueuedSynchronizer
Event: 36.664 Thread 0x000001ab7fa98000 Uncommon trap: reason=unstable_if action=reinterpret pc=0x000001ab0fe327e8 method=java.util.concurrent.locks.ReentrantLock$FairSync.tryAcquire(I)Z @ 10 c2
Event: 36.664 Thread 0x000001ab7fa98000 Uncommon trap: reason=class_check action=maybe_recompile pc=0x000001ab0fe3ad7c method=java.util.concurrent.locks.AbstractQueuedSynchronizer.acquireQueued(Ljava/util/concurrent/locks/AbstractQueuedSynchronizer$Node;I)Z @ 19 c2
Event: 36.664 Thread 0x000001ab7fa98000 Uncommon trap: reason=unstable_if action=reinterpret pc=0x000001ab0fe311e0 method=java.util.concurrent.locks.ReentrantLock$FairSync.tryAcquire(I)Z @ 10 c2

Classes redefined (0 events):
No events

Internal exceptions (5 events):
Event: 36.716 Thread 0x000001ab79777800 Exception <a 'java/lang/NoSuchMethodError'{0x000000008930b880}: java.lang.invoke.DirectMethodHandle$Holder.invokeStatic(Ljava/lang/Object;Ljava/lang/Object;Ljava/lang/Object;Ljava/lang/Object;Ljava/lang/Object;Ljava/lang/Object;Ljava/lang/Object;Ljava/lan
Event: 36.717 Thread 0x000001ab79777800 Exception <a 'java/lang/NoSuchMethodError'{0x0000000089319438}: java.lang.invoke.DirectMethodHandle$Holder.invokeStatic(Ljava/lang/Object;Ljava/lang/Object;Ljava/lang/Object;Ljava/lang/Object;Ljava/lang/Object;Ljava/lang/Object;Ljava/lang/Object;Ljava/lan
Event: 36.718 Thread 0x000001ab79777800 Exception <a 'java/lang/NoSuchMethodError'{0x0000000089327160}: java.lang.invoke.DirectMethodHandle$Holder.invokeSpecial(Ljava/lang/Object;Ljava/lang/Object;IILjava/lang/Object;Ljava/lang/Object;Ljava/lang/Object;)Ljava/lang/Object;> (0x0000000089327160) 
Event: 36.718 Thread 0x000001ab79777800 Exception <a 'java/lang/NoSuchMethodError'{0x000000008932a6e8}: java.lang.invoke.DelegatingMethodHandle$Holder.reinvoke_L(Ljava/lang/Object;IILjava/lang/Object;Ljava/lang/Object;Ljava/lang/Object;)Ljava/lang/Object;> (0x000000008932a6e8) thrown at [./open
Event: 36.720 Thread 0x000001ab79777800 Exception <a 'java/lang/NoSuchMethodError'{0x0000000089338650}: java.lang.invoke.DirectMethodHandle$Holder.invokeStatic(Ljava/lang/Object;Ljava/lang/Object;Ljava/lang/Object;Ljava/lang/Object;Ljava/lang/Object;Ljava/lang/Object;I)Ljava/lang/Object;> (0x00

Events (10 events):
Event: 36.724 loading class java/lang/invoke/BoundMethodHandle$Species_LLLIILL
Event: 36.724 loading class java/lang/invoke/BoundMethodHandle$Species_LLLIILL done
Event: 36.726 loading class java/lang/invoke/BoundMethodHandle$Species_LLLIILLL
Event: 36.726 loading class java/lang/invoke/BoundMethodHandle$Species_LLLIILLL done
Event: 36.727 Thread 0x000001ab7fb47800 Thread added: 0x000001ab7fb47800
Event: 36.729 loading class java/lang/StrictMath
Event: 36.729 loading class java/lang/StrictMath done
Event: 39.676 Thread 0x000001ab7fb47800 Thread exited: 0x000001ab7fb47800
Event: 51.314 Thread 0x000001ab7fa98000 DEOPT PACKING pc=0x000001ab089fa772 sp=0x000000056e2ff0d0
Event: 51.315 Thread 0x000001ab7fa98000 DEOPT UNPACKING pc=0x000001ab08358d4e sp=0x000000056e2fe5d8 mode 0


Dynamic libraries:
0x00007ff69a930000 - 0x00007ff69a93f000 	C:\Program Files\Java\jdk-11.0.8\bin\javaw.exe
0x00007ffab1580000 - 0x00007ffab1770000 	C:\WINDOWS\SYSTEM32\ntdll.dll
0x00007ffab0b40000 - 0x00007ffab0bf2000 	C:\WINDOWS\System32\KERNEL32.DLL
0x00007ffaae530000 - 0x00007ffaae7d5000 	C:\WINDOWS\System32\KERNELBASE.dll
0x00007ffaaf4a0000 - 0x00007ffaaf59a000 	C:\WINDOWS\System32\ucrtbase.dll
0x00007ffa9b220000 - 0x00007ffa9b235000 	C:\Program Files\Java\jdk-11.0.8\bin\VCRUNTIME140.dll
0x00007ffaa0350000 - 0x00007ffaa0368000 	C:\Program Files\Java\jdk-11.0.8\bin\jli.dll
0x00007ffab13a0000 - 0x00007ffab1443000 	C:\WINDOWS\System32\ADVAPI32.dll
0x00007ffab0190000 - 0x00007ffab022e000 	C:\WINDOWS\System32\msvcrt.dll
0x00007ffab0cc0000 - 0x00007ffab0d57000 	C:\WINDOWS\System32\sechost.dll
0x00007ffab0f90000 - 0x00007ffab10b0000 	C:\WINDOWS\System32\RPCRT4.dll
0x00007ffab0d60000 - 0x00007ffab0ef4000 	C:\WINDOWS\System32\USER32.dll
0x00007ffaae500000 - 0x00007ffaae521000 	C:\WINDOWS\System32\win32u.dll
0x00007ffab0630000 - 0x00007ffab0656000 	C:\WINDOWS\System32\GDI32.dll
0x00007ffaae850000 - 0x00007ffaae9e6000 	C:\WINDOWS\System32\gdi32full.dll
0x00007ffaaf350000 - 0x00007ffaaf3ee000 	C:\WINDOWS\System32\msvcp_win.dll
0x00007ffa9c910000 - 0x00007ffa9cb94000 	C:\WINDOWS\WinSxS\amd64_microsoft.windows.common-controls_6595b64144ccf1df_6.0.18362.1198_none_9e820b57e45ad92f\COMCTL32.dll
0x00007ffab0230000 - 0x00007ffab0565000 	C:\WINDOWS\System32\combase.dll
0x00007ffaaf180000 - 0x00007ffaaf200000 	C:\WINDOWS\System32\bcryptPrimitives.dll
0x00007ffaa6120000 - 0x00007ffaa612a000 	C:\WINDOWS\SYSTEM32\VERSION.dll
0x00007ffab0f60000 - 0x00007ffab0f8e000 	C:\WINDOWS\System32\IMM32.DLL
0x00007ffa808d0000 - 0x00007ffa8096b000 	C:\Program Files\Java\jdk-11.0.8\bin\msvcp140.dll
0x00007ffa56900000 - 0x00007ffa573e6000 	C:\Program Files\Java\jdk-11.0.8\bin\server\jvm.dll
0x00007ffab0570000 - 0x00007ffab0578000 	C:\WINDOWS\System32\PSAPI.DLL
0x00007ffaa51b0000 - 0x00007ffaa51b9000 	C:\WINDOWS\SYSTEM32\WSOCK32.dll
0x00007ffaaa7e0000 - 0x00007ffaaa804000 	C:\WINDOWS\SYSTEM32\WINMM.dll
0x00007ffab0880000 - 0x00007ffab08ef000 	C:\WINDOWS\System32\WS2_32.dll
0x00007ffaaa7b0000 - 0x00007ffaaa7dd000 	C:\WINDOWS\SYSTEM32\winmmbase.dll
0x00007ffaae7e0000 - 0x00007ffaae82a000 	C:\WINDOWS\System32\cfgmgr32.dll
0x00007ffaae490000 - 0x00007ffaae4a1000 	C:\WINDOWS\System32\kernel.appcore.dll
0x00007ffa9e5e0000 - 0x00007ffa9e5f0000 	C:\Program Files\Java\jdk-11.0.8\bin\verify.dll
0x00007ffaacbd0000 - 0x00007ffaacdc4000 	C:\WINDOWS\SYSTEM32\DBGHELP.DLL
0x00007ffa93e90000 - 0x00007ffa93eba000 	C:\WINDOWS\SYSTEM32\dbgcore.DLL
0x00007ffa92f80000 - 0x00007ffa92fa8000 	C:\Program Files\Java\jdk-11.0.8\bin\java.dll
0x00007ffa9a6a0000 - 0x00007ffa9a6aa000 	C:\Program Files\Java\jdk-11.0.8\bin\jimage.dll
0x00007ffa92f60000 - 0x00007ffa92f76000 	C:\Program Files\Java\jdk-11.0.8\bin\zip.dll
0x00007ffaafaa0000 - 0x00007ffab0187000 	C:\WINDOWS\System32\SHELL32.dll
0x00007ffab0580000 - 0x00007ffab0629000 	C:\WINDOWS\System32\shcore.dll
0x00007ffaae9f0000 - 0x00007ffaaf171000 	C:\WINDOWS\System32\windows.storage.dll
0x00007ffaae4d0000 - 0x00007ffaae4f3000 	C:\WINDOWS\System32\profapi.dll
0x00007ffaae440000 - 0x00007ffaae48a000 	C:\WINDOWS\System32\powrprof.dll
0x00007ffaae430000 - 0x00007ffaae440000 	C:\WINDOWS\System32\UMPDC.dll
0x00007ffab0f00000 - 0x00007ffab0f52000 	C:\WINDOWS\System32\shlwapi.dll
0x00007ffaae830000 - 0x00007ffaae847000 	C:\WINDOWS\System32\cryptsp.dll
0x00007ffa92f40000 - 0x00007ffa92f59000 	C:\Program Files\Java\jdk-11.0.8\bin\net.dll
0x00007ffaabf20000 - 0x00007ffaac010000 	C:\WINDOWS\SYSTEM32\WINHTTP.dll
0x00007ffaadc80000 - 0x00007ffaadce7000 	C:\WINDOWS\system32\mswsock.dll
0x00007ffa92f20000 - 0x00007ffa92f32000 	C:\Program Files\Java\jdk-11.0.8\bin\nio.dll
0x000000006e780000 - 0x000000006e7c0000 	C:\Users\denni\AppData\Local\Programs\Webots\lib\controller\java\JavaController.dll
0x000000006fc40000 - 0x000000006fdf1000 	C:\Users\denni\AppData\Local\Programs\Webots\msys64\mingw64\bin\cpp\libstdc++-6.dll
0x0000000061440000 - 0x000000006145c000 	C:\Users\denni\AppData\Local\Programs\Webots\msys64\mingw64\bin\cpp\libgcc_s_seh-1.dll
0x0000000064940000 - 0x0000000064956000 	C:\Users\denni\AppData\Local\Programs\Webots\msys64\mingw64\bin\cpp\libwinpthread-1.dll
0x0000000064f40000 - 0x0000000064fac000 	C:\Users\denni\AppData\Local\Programs\Webots\lib\controller\CppController.dll
0x000000006aa40000 - 0x000000006aac8000 	C:\Users\denni\AppData\Local\Programs\Webots\lib\controller\Controller.dll
0x0000000063e00000 - 0x0000000063e1b000 	C:\Users\denni\AppData\Local\Programs\Webots\RESOUR~1\projects\plugins\ROBOT_~1\generic\generic.dll

dbghelp: loaded successfully - version: 4.0.5 - missing functions: none
symbol engine: initialized successfully - sym options: 0x614 - pdb path: .;C:\Program Files\Java\jdk-11.0.8\bin;C:\WINDOWS\SYSTEM32;C:\WINDOWS\WinSxS\amd64_microsoft.windows.common-controls_6595b64144ccf1df_6.0.18362.1198_none_9e820b57e45ad92f;C:\Program Files\Java\jdk-11.0.8\bin\server;C:\Users\denni\AppData\Local\Programs\Webots\lib\controller\java;C:\Users\denni\AppData\Local\Programs\Webots\msys64\mingw64\bin\cpp;C:\Users\denni\AppData\Local\Programs\Webots\lib\controller;C:\Users\denni\AppData\Local\Programs\Webots\RESOUR~1\projects\plugins\ROBOT_~1\generic

VM Arguments:
jvm_args: -Djava.library.path=C:/Users/denni/AppData/Local/Programs/Webots/lib/controller/java 
java_command: T06Controller
java_class_path (initial): C:/Users/denni/AppData/Local/Programs/Webots/lib/controller/java/Controller.jar;C:/Users/denni/Desktop/School/MCGILL/ECSE21~1/WORKSP~1/LAB_FI~1/PROJEC~1/CONTRO~1/T06CON~1/;..\lib\simlejos.jar;..\lib\EV3WiFiClient.jar
Launcher Type: SUN_STANDARD

[Global flags]
     intx CICompilerCount                          = 4                                         {product} {ergonomic}
     uint ConcGCThreads                            = 2                                         {product} {ergonomic}
     uint G1ConcRefinementThreads                  = 8                                         {product} {ergonomic}
   size_t G1HeapRegionSize                         = 1048576                                   {product} {ergonomic}
    uintx GCDrainStackTargetSize                   = 64                                        {product} {ergonomic}
   size_t InitialHeapSize                          = 132120576                                 {product} {ergonomic}
   size_t MarkStackSize                            = 4194304                                   {product} {ergonomic}
   size_t MaxHeapSize                              = 2107637760                                {product} {ergonomic}
   size_t MaxNewSize                               = 1264582656                                {product} {ergonomic}
   size_t MinHeapDeltaBytes                        = 1048576                                   {product} {ergonomic}
    uintx NonNMethodCodeHeapSize                   = 5836300                                {pd product} {ergonomic}
    uintx NonProfiledCodeHeapSize                  = 122910970                              {pd product} {ergonomic}
    uintx ProfiledCodeHeapSize                     = 122910970                              {pd product} {ergonomic}
    uintx ReservedCodeCacheSize                    = 251658240                              {pd product} {ergonomic}
     bool SegmentedCodeCache                       = true                                      {product} {ergonomic}
     bool UseCompressedClassPointers               = true                                 {lp64_product} {ergonomic}
     bool UseCompressedOops                        = true                                 {lp64_product} {ergonomic}
     bool UseG1GC                                  = true                                      {product} {ergonomic}
     bool UseLargePagesIndividualAllocation        = false                                  {pd product} {ergonomic}

Logging:
Log output configuration:
 #0: stdout all=warning uptime,level,tags
 #1: stderr all=off uptime,level,tags

Environment Variables:
JAVA_HOME=C:\Program Files\Java\jdk-11.0.8
CLASSPATH=..\lib\simlejos.jar;..\lib\EV3WiFiClient.jar
PATH=C:\Users\denni\AppData\Local\Programs\Webots\msys64\mingw64\bin\cpp;C:\Program Files\Common Files\Oracle\Java\javapath;C:\Windows\system32;C:\Windows;C:\Windows\System32\Wbem;C:\Windows\System32\WindowsPowerShell\v1.0\;C:\Windows\System32\OpenSSH\;C:\Program Files (x86)\NVIDIA Corporation\PhysX\Common;C:\WINDOWS\system32;C:\WINDOWS;C:\WINDOWS\System32\Wbem;C:\WINDOWS\System32\WindowsPowerShell\v1.0\;C:\WINDOWS\System32\OpenSSH\;C:\Program Files\Git\cmd;C:\Program Files\Microsoft SQL Server\130\Tools\Binn\;C:\Users\denni\AppData\Local\Microsoft\WindowsApps;C:\Users\denni\AppData\Local\GitHubDesktop\bin;C:\intelFPGA\18.0\modelsim_ase\win32aloem;C:\Users\denni\AppData\Roaming\Dashlane\6.2035.0.38627\bin\Firefox_Extension\{442718d9-475e-452a-b3e1-fb1ee16b8e9f}\components;C:\Users\denni\AppData\Roaming\Dashlane\6.2035.0.38627\ucrt;C:\Users\denni\AppData\Roaming\Dashlane\6.2035.0.38627\bin\Qt;C:\Users\denni\AppData\Roaming\Dashlane\6.2035.0.38627\bin\Ssl;C:\Program Files\Java\jdk-11.0.8\bin;C:\Users\denni\AppData\Local\Programs\Webots\lib\controller
USERNAME=denni
OS=Windows_NT
PROCESSOR_IDENTIFIER=Intel64 Family 6 Model 142 Stepping 11, GenuineIntel



---------------  S Y S T E M  ---------------

OS: Windows 10 , 64 bit Build 18362 (10.0.18362.1110)

CPU:total 8 (initial active 8) (4 cores per cpu, 2 threads per core) family 6 model 142 stepping 11, cmov, cx8, fxsr, mmx, sse, sse2, sse3, ssse3, sse4.1, sse4.2, popcnt, avx, avx2, aes, clmul, erms, 3dnowpref, lzcnt, ht, tsc, tscinvbit, bmi1, bmi2, adx, fma

Memory: 4k page, system-wide physical 8037M (2446M free)
TotalPageFile size 11493M (AvailPageFile size 2486M)
current process WorkingSet (physical memory assigned to process): 57M, peak: 63M
current process commit charge ("private bytes"): 208M, peak: 217M

vm_info: Java HotSpot(TM) 64-Bit Server VM (11.0.8+10-LTS) for windows-amd64 JRE (11.0.8+10-LTS), built on Jun 16 2020 05:53:08 by "mach5one" with unknown MS VC++:1916

END.
