#
# A fatal error has been detected by the Java Runtime Environment:
#
#  EXCEPTION_ACCESS_VIOLATION (0xc0000005) at pc=0x000000006e7814a6, pid=10744, tid=14348
#
# JRE version: Java(TM) SE Runtime Environment 18.9 (11.0.8+10) (build 11.0.8+10-LTS)
# Java VM: Java HotSpot(TM) 64-Bit Server VM 18.9 (11.0.8+10-LTS, mixed mode, tiered, compressed oops, g1 gc, windows-amd64)
# Problematic frame:
# C  [JavaController.dll+0x14a6]
#
# No core dump will be written. Minidumps are not enabled by default on client versions of Windows
#
# If you would like to submit a bug report, please visit:
#   https://bugreport.java.com/bugreport/crash.jsp
# The crash happened outside the Java Virtual Machine in native code.
# See problematic frame for where to report the bug.
#

---------------  S U M M A R Y ------------

Command Line: -Djava.library.path=C:/Users/denni/AppData/Local/Programs/Webots/lib/controller/java T06Controller

Host: Intel(R) Core(TM) i5-8265U CPU @ 1.60GHz, 8 cores, 7G,  Windows 10 , 64 bit Build 18362 (10.0.18362.1110)
Time: Sat Nov 21 11:40:33 2020 ??2?¡À¨º¡Á?¨º¡À?? elapsed time: 51 seconds (0d 0h 0m 51s)

---------------  T H R E A D  ---------------

Current thread (0x00000254aa437800):  JavaThread "main" [_thread_in_native, id=14348, stack(0x000000716dc00000,0x000000716dd00000)]

Stack: [0x000000716dc00000,0x000000716dd00000],  sp=0x000000716dcfec50,  free space=1019k
Native frames: (J=compiled Java code, j=interpreted, Vv=VM code, C=native code)
C  [JavaController.dll+0x14a6]

Java frames: (J=compiled Java code, j=interpreted, Vv=VM code)
J 433  com.cyberbotics.webots.controller.wrapperJNI.Camera_getImage(JLcom/cyberbotics/webots/controller/Camera;)[I (0 bytes) @ 0x00000254ba331095 [0x00000254ba331040+0x0000000000000055]
J 429 c1 simlejos.hardware.sensor.EV3ColorSensor$RedMode.fetchSample([FI)V (89 bytes) @ 0x00000254b2e7b20c [0x00000254b2e7ad80+0x000000000000048c]
j  ca.mcgill.ecse211.project.Navigation.lineCorrection(II)V+61
j  ca.mcgill.ecse211.project.Navigation.goStraightFor(IZZZ)Z+265
j  ca.mcgill.ecse211.project.Navigation.travelTo(Lca/mcgill/ecse211/playingfield/Point;ZZZ)Z+194
j  ca.mcgill.ecse211.project.Navigation.crossBridge(Lca/mcgill/ecse211/playingfield/Point;Lca/mcgill/ecse211/playingfield/Point;Lca/mcgill/ecse211/playingfield/Point;)V+66
j  ca.mcgill.ecse211.project.Main.main([Ljava/lang/String;)V+326
j  T06Controller.main([Ljava/lang/String;)V+1
v  ~StubRoutines::call_stub

siginfo: EXCEPTION_ACCESS_VIOLATION (0xc0000005), reading address 0x0000000000000000


Register to memory mapping:

RIP=0x000000006e7814a6 JavaController.dll
RAX=0x0 is NULL
RBX=0x0 is NULL
RCX=0x0000000000000001 is an unknown value
RDX=0x0000000000000006 is an unknown value
RSP=0x000000716dcfec50 is pointing into the stack for thread: 0x00000254aa437800
RBP=0x0000000000000001 is an unknown value
RSI=0x00000254aa437b40 points into unknown readable memory: 00 2d b5 46 fb 7f 00 00
RDI=0x00000254c8f0a260 points into unknown readable memory: 08 55 3b 89 00 00 00 00
R8 =0x00000254ca539e20 points into unknown readable memory: 00 00 00 00 00 61 76 61
R9 =0x00000000893b5518 is pointing into object: [I 
{0x00000000893b5508} - klass: {type array int}
 - length: 1
R10=0x0 is NULL
R11=0x000000716dcfec30 is pointing into the stack for thread: 0x00000254aa437800
R12=0x0 is NULL
R13=0x000000008a053718 is an oop: java.util.concurrent.locks.ReentrantLock$NonfairSync 
{0x000000008a053718} - klass: 'java/util/concurrent/locks/ReentrantLock$NonfairSync'
R14=0x000000716dcfed40 is pointing into the stack for thread: 0x00000254aa437800
R15=0x00000254aa437800 is a thread


Registers:
RAX=0x0000000000000000, RBX=0x0000000000000000, RCX=0x0000000000000001, RDX=0x0000000000000006
RSP=0x000000716dcfec50, RBP=0x0000000000000001, RSI=0x00000254aa437b40, RDI=0x00000254c8f0a260
R8 =0x00000254ca539e20, R9 =0x00000000893b5518, R10=0x0000000000000000, R11=0x000000716dcfec30
R12=0x0000000000000000, R13=0x000000008a053718, R14=0x000000716dcfed40, R15=0x00000254aa437800
RIP=0x000000006e7814a6, EFLAGS=0x0000000000010202

Top of Stack: (sp=0x000000716dcfec50)
0x000000716dcfec50:   0000000000000000 0000000000000001
0x000000716dcfec60:   00000254aa437b40 00000254c8f0a260
0x000000716dcfec70:   00000254a846d5f0 00000254a846d5f0
0x000000716dcfec80:   00000254aa437b40 0000000000000000
0x000000716dcfec90:   0000000000000001 000000006e7820a8
0x000000716dcfeca0:   00000254a846d5f0 0000000000000000
0x000000716dcfecb0:   000000716dcfed50 000000006e7820bd
0x000000716dcfecc0:   00000254a846d3f0 00000254c95ad8d0
0x000000716dcfecd0:   000000008a141e80 00000254a846d5f0
0x000000716dcfece0:   000000716dcfed50 00000254ba331135
0x000000716dcfecf0:   0000000000000001 000000716dcfed70
0x000000716dcfed00:   0000000100000430 00007ffb88682c7d
0x000000716dcfed10:   000000716dcfed70 000000008a141e80
0x000000716dcfed20:   000000716dcfed50 0000000000000000
0x000000716dcfed30:   0000000000000000 000000006aa53700
0x000000716dcfed40:   000000008a12a000 00007ffb4638783d 

Instructions: (pc=0x000000006e7814a6)
0x000000006e781486:   00 48 89 fa 48 89 f1 ff 90 d8 05 00 00 49 89 c0
0x000000006e781496:   48 85 c0 74 3c 85 ed 7e 17 89 e9 b8 00 00 00 00
0x000000006e7814a6:   8b 14 83 41 89 14 80 48 83 c0 01 48 39 c8 75 f0
0x000000006e7814b6:   48 8b 06 41 b9 00 00 00 00 48 89 fa 48 89 f1 ff 


Stack slot to memory mapping:
stack at sp + 0 slots: 0x0 is NULL
stack at sp + 1 slots: 0x0000000000000001 is an unknown value
stack at sp + 2 slots: 0x00000254aa437b40 points into unknown readable memory: 00 2d b5 46 fb 7f 00 00
stack at sp + 3 slots: 0x00000254c8f0a260 points into unknown readable memory: 08 55 3b 89 00 00 00 00
stack at sp + 4 slots: 0x00000254a846d5f0 points into unknown readable memory: 40 8c f5 64 00 00 00 00
stack at sp + 5 slots: 0x00000254a846d5f0 points into unknown readable memory: 40 8c f5 64 00 00 00 00
stack at sp + 6 slots: 0x00000254aa437b40 points into unknown readable memory: 00 2d b5 46 fb 7f 00 00
stack at sp + 7 slots: 0x0 is NULL


---------------  P R O C E S S  ---------------

Threads class SMR info:
_java_thread_list=0x00000254ca1baf10, length=12, elements={
0x00000254aa437800, 0x00000254c8f74800, 0x00000254c8f7f000, 0x00000254c8f97800,
0x00000254c984d800, 0x00000254c8f98000, 0x00000254c9858800, 0x00000254c988c800,
0x00000254c99f3800, 0x00000254c99fa000, 0x00000254c9a89000, 0x00000254c99f5800
}

Java Threads: ( => current thread )
=>0x00000254aa437800 JavaThread "main" [_thread_in_native, id=14348, stack(0x000000716dc00000,0x000000716dd00000)]
  0x00000254c8f74800 JavaThread "Reference Handler" daemon [_thread_blocked, id=16744, stack(0x000000716e300000,0x000000716e400000)]
  0x00000254c8f7f000 JavaThread "Finalizer" daemon [_thread_blocked, id=13552, stack(0x000000716e400000,0x000000716e500000)]
  0x00000254c8f97800 JavaThread "Signal Dispatcher" daemon [_thread_blocked, id=5060, stack(0x000000716e500000,0x000000716e600000)]
  0x00000254c984d800 JavaThread "Attach Listener" daemon [_thread_blocked, id=10448, stack(0x000000716e600000,0x000000716e700000)]
  0x00000254c8f98000 JavaThread "C2 CompilerThread0" daemon [_thread_blocked, id=11900, stack(0x000000716e700000,0x000000716e800000)]
  0x00000254c9858800 JavaThread "C1 CompilerThread0" daemon [_thread_blocked, id=16928, stack(0x000000716e800000,0x000000716e900000)]
  0x00000254c988c800 JavaThread "Sweeper thread" daemon [_thread_blocked, id=3244, stack(0x000000716e900000,0x000000716ea00000)]
  0x00000254c99f3800 JavaThread "Service Thread" daemon [_thread_blocked, id=8020, stack(0x000000716ea00000,0x000000716eb00000)]
  0x00000254c99fa000 JavaThread "Common-Cleaner" daemon [_thread_blocked, id=9268, stack(0x000000716ec00000,0x000000716ed00000)]
  0x00000254c9a89000 JavaThread "Thread-0" [_thread_in_native, id=8016, stack(0x000000716ed00000,0x000000716ee00000)]
  0x00000254c99f5800 JavaThread "Thread-1" [_thread_blocked, id=18140, stack(0x000000716ee00000,0x000000716ef00000)]

Other Threads:
  0x00000254c8f4e800 VMThread "VM Thread" [stack: 0x000000716e200000,0x000000716e300000] [id=12292]
  0x00000254c99f9000 WatcherThread [stack: 0x000000716eb00000,0x000000716ec00000] [id=17364]
  0x00000254aa44c000 GCTaskThread "GC Thread#0" [stack: 0x000000716dd00000,0x000000716de00000] [id=9796]
  0x00000254aa47f000 ConcurrentGCThread "G1 Main Marker" [stack: 0x000000716de00000,0x000000716df00000] [id=2984]
  0x00000254aa481000 ConcurrentGCThread "G1 Conc#0" [stack: 0x000000716df00000,0x000000716e000000] [id=11684]
  0x00000254aa50e000 ConcurrentGCThread "G1 Refine#0" [stack: 0x000000716e000000,0x000000716e100000] [id=1500]
  0x00000254c8dba800 ConcurrentGCThread "G1 Young RemSet Sampling" [stack: 0x000000716e100000,0x000000716e200000] [id=15224]

Threads with active compile tasks:

VM state:not at safepoint (normal execution)

VM Mutex/Monitor currently owned by a thread: None

Heap address: 0x0000000082600000, size: 2010 MB, Compressed Oops mode: 32-bit
Narrow klass base: 0x0000000000000000, Narrow klass shift: 3
Compressed class space size: 1073741824 Address: 0x0000000100000000

Heap:
 garbage-first heap   total 129024K, used 16384K [0x0000000082600000, 0x0000000100000000)
  region size 1024K, 17 young (17408K), 0 survivors (0K)
 Metaspace       used 8563K, capacity 8879K, committed 9216K, reserved 1056768K
  class space    used 785K, capacity 900K, committed 1024K, reserved 1048576K
Heap Regions: E=young(eden), S=young(survivor), O=old, HS=humongous(starts), HC=humongous(continues), CS=collection set, F=free, A=archive, TAMS=top-at-mark-start (previous, next)
|   0|0x0000000082600000, 0x0000000082600000, 0x0000000082700000|  0%| F|  |TAMS 0x0000000082600000, 0x0000000082600000| Untracked 
|   1|0x0000000082700000, 0x0000000082700000, 0x0000000082800000|  0%| F|  |TAMS 0x0000000082700000, 0x0000000082700000| Untracked 
|   2|0x0000000082800000, 0x0000000082800000, 0x0000000082900000|  0%| F|  |TAMS 0x0000000082800000, 0x0000000082800000| Untracked 
|   3|0x0000000082900000, 0x0000000082900000, 0x0000000082a00000|  0%| F|  |TAMS 0x0000000082900000, 0x0000000082900000| Untracked 
|   4|0x0000000082a00000, 0x0000000082a00000, 0x0000000082b00000|  0%| F|  |TAMS 0x0000000082a00000, 0x0000000082a00000| Untracked 
|   5|0x0000000082b00000, 0x0000000082b00000, 0x0000000082c00000|  0%| F|  |TAMS 0x0000000082b00000, 0x0000000082b00000| Untracked 
|   6|0x0000000082c00000, 0x0000000082c00000, 0x0000000082d00000|  0%| F|  |TAMS 0x0000000082c00000, 0x0000000082c00000| Untracked 
|   7|0x0000000082d00000, 0x0000000082d00000, 0x0000000082e00000|  0%| F|  |TAMS 0x0000000082d00000, 0x0000000082d00000| Untracked 
|   8|0x0000000082e00000, 0x0000000082e00000, 0x0000000082f00000|  0%| F|  |TAMS 0x0000000082e00000, 0x0000000082e00000| Untracked 
|   9|0x0000000082f00000, 0x0000000082f00000, 0x0000000083000000|  0%| F|  |TAMS 0x0000000082f00000, 0x0000000082f00000| Untracked 
|  10|0x0000000083000000, 0x0000000083000000, 0x0000000083100000|  0%| F|  |TAMS 0x0000000083000000, 0x0000000083000000| Untracked 
|  11|0x0000000083100000, 0x0000000083100000, 0x0000000083200000|  0%| F|  |TAMS 0x0000000083100000, 0x0000000083100000| Untracked 
|  12|0x0000000083200000, 0x0000000083200000, 0x0000000083300000|  0%| F|  |TAMS 0x0000000083200000, 0x0000000083200000| Untracked 
|  13|0x0000000083300000, 0x0000000083300000, 0x0000000083400000|  0%| F|  |TAMS 0x0000000083300000, 0x0000000083300000| Untracked 
|  14|0x0000000083400000, 0x0000000083400000, 0x0000000083500000|  0%| F|  |TAMS 0x0000000083400000, 0x0000000083400000| Untracked 
|  15|0x0000000083500000, 0x0000000083500000, 0x0000000083600000|  0%| F|  |TAMS 0x0000000083500000, 0x0000000083500000| Untracked 
|  16|0x0000000083600000, 0x0000000083600000, 0x0000000083700000|  0%| F|  |TAMS 0x0000000083600000, 0x0000000083600000| Untracked 
|  17|0x0000000083700000, 0x0000000083700000, 0x0000000083800000|  0%| F|  |TAMS 0x0000000083700000, 0x0000000083700000| Untracked 
|  18|0x0000000083800000, 0x0000000083800000, 0x0000000083900000|  0%| F|  |TAMS 0x0000000083800000, 0x0000000083800000| Untracked 
|  19|0x0000000083900000, 0x0000000083900000, 0x0000000083a00000|  0%| F|  |TAMS 0x0000000083900000, 0x0000000083900000| Untracked 
|  20|0x0000000083a00000, 0x0000000083a00000, 0x0000000083b00000|  0%| F|  |TAMS 0x0000000083a00000, 0x0000000083a00000| Untracked 
|  21|0x0000000083b00000, 0x0000000083b00000, 0x0000000083c00000|  0%| F|  |TAMS 0x0000000083b00000, 0x0000000083b00000| Untracked 
|  22|0x0000000083c00000, 0x0000000083c00000, 0x0000000083d00000|  0%| F|  |TAMS 0x0000000083c00000, 0x0000000083c00000| Untracked 
|  23|0x0000000083d00000, 0x0000000083d00000, 0x0000000083e00000|  0%| F|  |TAMS 0x0000000083d00000, 0x0000000083d00000| Untracked 
|  24|0x0000000083e00000, 0x0000000083e00000, 0x0000000083f00000|  0%| F|  |TAMS 0x0000000083e00000, 0x0000000083e00000| Untracked 
|  25|0x0000000083f00000, 0x0000000083f00000, 0x0000000084000000|  0%| F|  |TAMS 0x0000000083f00000, 0x0000000083f00000| Untracked 
|  26|0x0000000084000000, 0x0000000084000000, 0x0000000084100000|  0%| F|  |TAMS 0x0000000084000000, 0x0000000084000000| Untracked 
|  27|0x0000000084100000, 0x0000000084100000, 0x0000000084200000|  0%| F|  |TAMS 0x0000000084100000, 0x0000000084100000| Untracked 
|  28|0x0000000084200000, 0x0000000084200000, 0x0000000084300000|  0%| F|  |TAMS 0x0000000084200000, 0x0000000084200000| Untracked 
|  29|0x0000000084300000, 0x0000000084300000, 0x0000000084400000|  0%| F|  |TAMS 0x0000000084300000, 0x0000000084300000| Untracked 
|  30|0x0000000084400000, 0x0000000084400000, 0x0000000084500000|  0%| F|  |TAMS 0x0000000084400000, 0x0000000084400000| Untracked 
|  31|0x0000000084500000, 0x0000000084500000, 0x0000000084600000|  0%| F|  |TAMS 0x0000000084500000, 0x0000000084500000| Untracked 
|  32|0x0000000084600000, 0x0000000084600000, 0x0000000084700000|  0%| F|  |TAMS 0x0000000084600000, 0x0000000084600000| Untracked 
|  33|0x0000000084700000, 0x0000000084700000, 0x0000000084800000|  0%| F|  |TAMS 0x0000000084700000, 0x0000000084700000| Untracked 
|  34|0x0000000084800000, 0x0000000084800000, 0x0000000084900000|  0%| F|  |TAMS 0x0000000084800000, 0x0000000084800000| Untracked 
|  35|0x0000000084900000, 0x0000000084900000, 0x0000000084a00000|  0%| F|  |TAMS 0x0000000084900000, 0x0000000084900000| Untracked 
|  36|0x0000000084a00000, 0x0000000084a00000, 0x0000000084b00000|  0%| F|  |TAMS 0x0000000084a00000, 0x0000000084a00000| Untracked 
|  37|0x0000000084b00000, 0x0000000084b00000, 0x0000000084c00000|  0%| F|  |TAMS 0x0000000084b00000, 0x0000000084b00000| Untracked 
|  38|0x0000000084c00000, 0x0000000084c00000, 0x0000000084d00000|  0%| F|  |TAMS 0x0000000084c00000, 0x0000000084c00000| Untracked 
|  39|0x0000000084d00000, 0x0000000084d00000, 0x0000000084e00000|  0%| F|  |TAMS 0x0000000084d00000, 0x0000000084d00000| Untracked 
|  40|0x0000000084e00000, 0x0000000084e00000, 0x0000000084f00000|  0%| F|  |TAMS 0x0000000084e00000, 0x0000000084e00000| Untracked 
|  41|0x0000000084f00000, 0x0000000084f00000, 0x0000000085000000|  0%| F|  |TAMS 0x0000000084f00000, 0x0000000084f00000| Untracked 
|  42|0x0000000085000000, 0x0000000085000000, 0x0000000085100000|  0%| F|  |TAMS 0x0000000085000000, 0x0000000085000000| Untracked 
|  43|0x0000000085100000, 0x0000000085100000, 0x0000000085200000|  0%| F|  |TAMS 0x0000000085100000, 0x0000000085100000| Untracked 
|  44|0x0000000085200000, 0x0000000085200000, 0x0000000085300000|  0%| F|  |TAMS 0x0000000085200000, 0x0000000085200000| Untracked 
|  45|0x0000000085300000, 0x0000000085300000, 0x0000000085400000|  0%| F|  |TAMS 0x0000000085300000, 0x0000000085300000| Untracked 
|  46|0x0000000085400000, 0x0000000085400000, 0x0000000085500000|  0%| F|  |TAMS 0x0000000085400000, 0x0000000085400000| Untracked 
|  47|0x0000000085500000, 0x0000000085500000, 0x0000000085600000|  0%| F|  |TAMS 0x0000000085500000, 0x0000000085500000| Untracked 
|  48|0x0000000085600000, 0x0000000085600000, 0x0000000085700000|  0%| F|  |TAMS 0x0000000085600000, 0x0000000085600000| Untracked 
|  49|0x0000000085700000, 0x0000000085700000, 0x0000000085800000|  0%| F|  |TAMS 0x0000000085700000, 0x0000000085700000| Untracked 
|  50|0x0000000085800000, 0x0000000085800000, 0x0000000085900000|  0%| F|  |TAMS 0x0000000085800000, 0x0000000085800000| Untracked 
|  51|0x0000000085900000, 0x0000000085900000, 0x0000000085a00000|  0%| F|  |TAMS 0x0000000085900000, 0x0000000085900000| Untracked 
|  52|0x0000000085a00000, 0x0000000085a00000, 0x0000000085b00000|  0%| F|  |TAMS 0x0000000085a00000, 0x0000000085a00000| Untracked 
|  53|0x0000000085b00000, 0x0000000085b00000, 0x0000000085c00000|  0%| F|  |TAMS 0x0000000085b00000, 0x0000000085b00000| Untracked 
|  54|0x0000000085c00000, 0x0000000085c00000, 0x0000000085d00000|  0%| F|  |TAMS 0x0000000085c00000, 0x0000000085c00000| Untracked 
|  55|0x0000000085d00000, 0x0000000085d00000, 0x0000000085e00000|  0%| F|  |TAMS 0x0000000085d00000, 0x0000000085d00000| Untracked 
|  56|0x0000000085e00000, 0x0000000085e00000, 0x0000000085f00000|  0%| F|  |TAMS 0x0000000085e00000, 0x0000000085e00000| Untracked 
|  57|0x0000000085f00000, 0x0000000085f00000, 0x0000000086000000|  0%| F|  |TAMS 0x0000000085f00000, 0x0000000085f00000| Untracked 
|  58|0x0000000086000000, 0x0000000086000000, 0x0000000086100000|  0%| F|  |TAMS 0x0000000086000000, 0x0000000086000000| Untracked 
|  59|0x0000000086100000, 0x0000000086100000, 0x0000000086200000|  0%| F|  |TAMS 0x0000000086100000, 0x0000000086100000| Untracked 
|  60|0x0000000086200000, 0x0000000086200000, 0x0000000086300000|  0%| F|  |TAMS 0x0000000086200000, 0x0000000086200000| Untracked 
|  61|0x0000000086300000, 0x0000000086300000, 0x0000000086400000|  0%| F|  |TAMS 0x0000000086300000, 0x0000000086300000| Untracked 
|  62|0x0000000086400000, 0x0000000086400000, 0x0000000086500000|  0%| F|  |TAMS 0x0000000086400000, 0x0000000086400000| Untracked 
|  63|0x0000000086500000, 0x0000000086500000, 0x0000000086600000|  0%| F|  |TAMS 0x0000000086500000, 0x0000000086500000| Untracked 
|  64|0x0000000086600000, 0x0000000086600000, 0x0000000086700000|  0%| F|  |TAMS 0x0000000086600000, 0x0000000086600000| Untracked 
|  65|0x0000000086700000, 0x0000000086700000, 0x0000000086800000|  0%| F|  |TAMS 0x0000000086700000, 0x0000000086700000| Untracked 
|  66|0x0000000086800000, 0x0000000086800000, 0x0000000086900000|  0%| F|  |TAMS 0x0000000086800000, 0x0000000086800000| Untracked 
|  67|0x0000000086900000, 0x0000000086900000, 0x0000000086a00000|  0%| F|  |TAMS 0x0000000086900000, 0x0000000086900000| Untracked 
|  68|0x0000000086a00000, 0x0000000086a00000, 0x0000000086b00000|  0%| F|  |TAMS 0x0000000086a00000, 0x0000000086a00000| Untracked 
|  69|0x0000000086b00000, 0x0000000086b00000, 0x0000000086c00000|  0%| F|  |TAMS 0x0000000086b00000, 0x0000000086b00000| Untracked 
|  70|0x0000000086c00000, 0x0000000086c00000, 0x0000000086d00000|  0%| F|  |TAMS 0x0000000086c00000, 0x0000000086c00000| Untracked 
|  71|0x0000000086d00000, 0x0000000086d00000, 0x0000000086e00000|  0%| F|  |TAMS 0x0000000086d00000, 0x0000000086d00000| Untracked 
|  72|0x0000000086e00000, 0x0000000086e00000, 0x0000000086f00000|  0%| F|  |TAMS 0x0000000086e00000, 0x0000000086e00000| Untracked 
|  73|0x0000000086f00000, 0x0000000086f00000, 0x0000000087000000|  0%| F|  |TAMS 0x0000000086f00000, 0x0000000086f00000| Untracked 
|  74|0x0000000087000000, 0x0000000087000000, 0x0000000087100000|  0%| F|  |TAMS 0x0000000087000000, 0x0000000087000000| Untracked 
|  75|0x0000000087100000, 0x0000000087100000, 0x0000000087200000|  0%| F|  |TAMS 0x0000000087100000, 0x0000000087100000| Untracked 
|  76|0x0000000087200000, 0x0000000087200000, 0x0000000087300000|  0%| F|  |TAMS 0x0000000087200000, 0x0000000087200000| Untracked 
|  77|0x0000000087300000, 0x0000000087300000, 0x0000000087400000|  0%| F|  |TAMS 0x0000000087300000, 0x0000000087300000| Untracked 
|  78|0x0000000087400000, 0x0000000087400000, 0x0000000087500000|  0%| F|  |TAMS 0x0000000087400000, 0x0000000087400000| Untracked 
|  79|0x0000000087500000, 0x0000000087500000, 0x0000000087600000|  0%| F|  |TAMS 0x0000000087500000, 0x0000000087500000| Untracked 
|  80|0x0000000087600000, 0x0000000087600000, 0x0000000087700000|  0%| F|  |TAMS 0x0000000087600000, 0x0000000087600000| Untracked 
|  81|0x0000000087700000, 0x0000000087700000, 0x0000000087800000|  0%| F|  |TAMS 0x0000000087700000, 0x0000000087700000| Untracked 
|  82|0x0000000087800000, 0x0000000087800000, 0x0000000087900000|  0%| F|  |TAMS 0x0000000087800000, 0x0000000087800000| Untracked 
|  83|0x0000000087900000, 0x0000000087900000, 0x0000000087a00000|  0%| F|  |TAMS 0x0000000087900000, 0x0000000087900000| Untracked 
|  84|0x0000000087a00000, 0x0000000087a00000, 0x0000000087b00000|  0%| F|  |TAMS 0x0000000087a00000, 0x0000000087a00000| Untracked 
|  85|0x0000000087b00000, 0x0000000087b00000, 0x0000000087c00000|  0%| F|  |TAMS 0x0000000087b00000, 0x0000000087b00000| Untracked 
|  86|0x0000000087c00000, 0x0000000087c00000, 0x0000000087d00000|  0%| F|  |TAMS 0x0000000087c00000, 0x0000000087c00000| Untracked 
|  87|0x0000000087d00000, 0x0000000087d00000, 0x0000000087e00000|  0%| F|  |TAMS 0x0000000087d00000, 0x0000000087d00000| Untracked 
|  88|0x0000000087e00000, 0x0000000087e00000, 0x0000000087f00000|  0%| F|  |TAMS 0x0000000087e00000, 0x0000000087e00000| Untracked 
|  89|0x0000000087f00000, 0x0000000087f00000, 0x0000000088000000|  0%| F|  |TAMS 0x0000000087f00000, 0x0000000087f00000| Untracked 
|  90|0x0000000088000000, 0x0000000088000000, 0x0000000088100000|  0%| F|  |TAMS 0x0000000088000000, 0x0000000088000000| Untracked 
|  91|0x0000000088100000, 0x0000000088100000, 0x0000000088200000|  0%| F|  |TAMS 0x0000000088100000, 0x0000000088100000| Untracked 
|  92|0x0000000088200000, 0x0000000088200000, 0x0000000088300000|  0%| F|  |TAMS 0x0000000088200000, 0x0000000088200000| Untracked 
|  93|0x0000000088300000, 0x0000000088300000, 0x0000000088400000|  0%| F|  |TAMS 0x0000000088300000, 0x0000000088300000| Untracked 
|  94|0x0000000088400000, 0x0000000088400000, 0x0000000088500000|  0%| F|  |TAMS 0x0000000088400000, 0x0000000088400000| Untracked 
|  95|0x0000000088500000, 0x0000000088500000, 0x0000000088600000|  0%| F|  |TAMS 0x0000000088500000, 0x0000000088500000| Untracked 
|  96|0x0000000088600000, 0x0000000088600000, 0x0000000088700000|  0%| F|  |TAMS 0x0000000088600000, 0x0000000088600000| Untracked 
|  97|0x0000000088700000, 0x0000000088700000, 0x0000000088800000|  0%| F|  |TAMS 0x0000000088700000, 0x0000000088700000| Untracked 
|  98|0x0000000088800000, 0x0000000088800000, 0x0000000088900000|  0%| F|  |TAMS 0x0000000088800000, 0x0000000088800000| Untracked 
|  99|0x0000000088900000, 0x0000000088900000, 0x0000000088a00000|  0%| F|  |TAMS 0x0000000088900000, 0x0000000088900000| Untracked 
| 100|0x0000000088a00000, 0x0000000088a00000, 0x0000000088b00000|  0%| F|  |TAMS 0x0000000088a00000, 0x0000000088a00000| Untracked 
| 101|0x0000000088b00000, 0x0000000088b00000, 0x0000000088c00000|  0%| F|  |TAMS 0x0000000088b00000, 0x0000000088b00000| Untracked 
| 102|0x0000000088c00000, 0x0000000088c00000, 0x0000000088d00000|  0%| F|  |TAMS 0x0000000088c00000, 0x0000000088c00000| Untracked 
| 103|0x0000000088d00000, 0x0000000088d00000, 0x0000000088e00000|  0%| F|  |TAMS 0x0000000088d00000, 0x0000000088d00000| Untracked 
| 104|0x0000000088e00000, 0x0000000088e00000, 0x0000000088f00000|  0%| F|  |TAMS 0x0000000088e00000, 0x0000000088e00000| Untracked 
| 105|0x0000000088f00000, 0x0000000088f00000, 0x0000000089000000|  0%| F|  |TAMS 0x0000000088f00000, 0x0000000088f00000| Untracked 
| 106|0x0000000089000000, 0x0000000089000000, 0x0000000089100000|  0%| F|  |TAMS 0x0000000089000000, 0x0000000089000000| Untracked 
| 107|0x0000000089100000, 0x0000000089100000, 0x0000000089200000|  0%| F|  |TAMS 0x0000000089100000, 0x0000000089100000| Untracked 
| 108|0x0000000089200000, 0x0000000089200000, 0x0000000089300000|  0%| F|  |TAMS 0x0000000089200000, 0x0000000089200000| Untracked 
| 109|0x0000000089300000, 0x00000000893f6960, 0x0000000089400000| 96%| E|  |TAMS 0x0000000089300000, 0x0000000089300000| Complete 
| 110|0x0000000089400000, 0x0000000089500000, 0x0000000089500000|100%| E|CS|TAMS 0x0000000089400000, 0x0000000089400000| Complete 
| 111|0x0000000089500000, 0x0000000089600000, 0x0000000089600000|100%| E|CS|TAMS 0x0000000089500000, 0x0000000089500000| Complete 
| 112|0x0000000089600000, 0x0000000089700000, 0x0000000089700000|100%| E|CS|TAMS 0x0000000089600000, 0x0000000089600000| Complete 
| 113|0x0000000089700000, 0x0000000089800000, 0x0000000089800000|100%| E|CS|TAMS 0x0000000089700000, 0x0000000089700000| Complete 
| 114|0x0000000089800000, 0x0000000089900000, 0x0000000089900000|100%| E|CS|TAMS 0x0000000089800000, 0x0000000089800000| Complete 
| 115|0x0000000089900000, 0x0000000089a00000, 0x0000000089a00000|100%| E|CS|TAMS 0x0000000089900000, 0x0000000089900000| Complete 
| 116|0x0000000089a00000, 0x0000000089b00000, 0x0000000089b00000|100%| E|CS|TAMS 0x0000000089a00000, 0x0000000089a00000| Complete 
| 117|0x0000000089b00000, 0x0000000089c00000, 0x0000000089c00000|100%| E|CS|TAMS 0x0000000089b00000, 0x0000000089b00000| Complete 
| 118|0x0000000089c00000, 0x0000000089d00000, 0x0000000089d00000|100%| E|CS|TAMS 0x0000000089c00000, 0x0000000089c00000| Complete 
| 119|0x0000000089d00000, 0x0000000089e00000, 0x0000000089e00000|100%| E|CS|TAMS 0x0000000089d00000, 0x0000000089d00000| Complete 
| 120|0x0000000089e00000, 0x0000000089f00000, 0x0000000089f00000|100%| E|CS|TAMS 0x0000000089e00000, 0x0000000089e00000| Complete 
| 121|0x0000000089f00000, 0x000000008a000000, 0x000000008a000000|100%| E|CS|TAMS 0x0000000089f00000, 0x0000000089f00000| Complete 
| 122|0x000000008a000000, 0x000000008a100000, 0x000000008a100000|100%| E|CS|TAMS 0x000000008a000000, 0x000000008a000000| Complete 
| 123|0x000000008a100000, 0x000000008a200000, 0x000000008a200000|100%| E|CS|TAMS 0x000000008a100000, 0x000000008a100000| Complete 
| 124|0x000000008a200000, 0x000000008a300000, 0x000000008a300000|100%| E|CS|TAMS 0x000000008a200000, 0x000000008a200000| Complete 
| 125|0x000000008a300000, 0x000000008a400000, 0x000000008a400000|100%| E|CS|TAMS 0x000000008a300000, 0x000000008a300000| Complete 

Card table byte_map: [0x00000254c1e50000,0x00000254c2240000] _byte_map_base: 0x00000254c1a3d000

Marking Bits (Prev, Next): (CMBitMap*) 0x00000254aa476208, (CMBitMap*) 0x00000254aa476240
 Prev Bits: [0x00000254c2630000, 0x00000254c4598000)
 Next Bits: [0x00000254c45a0000, 0x00000254c6508000)

Polling page: 0x00000254a8220000

Metaspace:

Usage:
  Non-class:      7.79 MB capacity,     7.60 MB ( 97%) used,   180.52 KB (  2%) free+waste,    20.38 KB ( <1%) overhead. 
      Class:    900.00 KB capacity,   785.07 KB ( 87%) used,   104.49 KB ( 12%) free+waste,    10.44 KB (  1%) overhead. 
       Both:      8.67 MB capacity,     8.36 MB ( 96%) used,   285.01 KB (  3%) free+waste,    30.81 KB ( <1%) overhead. 

Virtual space:
  Non-class space:        8.00 MB reserved,       8.00 MB (100%) committed 
      Class space:        1.00 GB reserved,       1.00 MB ( <1%) committed 
             Both:        1.01 GB reserved,       9.00 MB ( <1%) committed 

Chunk freelists:
   Non-Class:  2.63 KB
       Class:  0 bytes
        Both:  2.63 KB

CodeHeap 'non-profiled nmethods': size=120000Kb used=335Kb max_used=335Kb free=119665Kb
 bounds [0x00000254ba310000, 0x00000254ba580000, 0x00000254c1840000]
CodeHeap 'profiled nmethods': size=120000Kb used=1146Kb max_used=1146Kb free=118853Kb
 bounds [0x00000254b2de0000, 0x00000254b3050000, 0x00000254ba310000]
CodeHeap 'non-nmethods': size=5760Kb used=1120Kb max_used=1148Kb free=4639Kb
 bounds [0x00000254b2840000, 0x00000254b2ab0000, 0x00000254b2de0000]
 total_blobs=1159 nmethods=717 adapters=354
 compilation: enabled
              stopped_count=0, restarted_count=0
 full_count=0

Compilation events (10 events):
Event: 49.027 Thread 0x00000254ca20a800 nmethod 655 0x00000254ba35d490 code [0x00000254ba35d620, 0x00000254ba35d698]
Event: 49.053 Thread 0x00000254c9858800  714   !   3       ca.mcgill.ecse211.project.Odometer::updateOdometerValues (104 bytes)
Event: 49.054 Thread 0x00000254c9858800 nmethod 714 0x00000254b2efbb90 code [0x00000254b2efbe60, 0x00000254b2efcb90]
Event: 49.063 Thread 0x00000254c9858800  715       3       java.util.concurrent.locks.ReentrantLock$FairSync::tryAcquire (74 bytes)
Event: 49.065 Thread 0x00000254c9858800 nmethod 715 0x00000254b2efd210 code [0x00000254b2efd460, 0x00000254b2efdde0]
Event: 49.065 Thread 0x00000254c9858800  716       3       java.util.concurrent.locks.AbstractQueuedSynchronizer::hasQueuedPredecessors (76 bytes)
Event: 49.065 Thread 0x00000254c9858800 nmethod 716 0x00000254b2efe110 code [0x00000254b2efe2e0, 0x00000254b2efe6f8]
Event: 49.122 Thread 0x00000254c8f98000 nmethod 664 0x00000254ba35d710 code [0x00000254ba35db20, 0x00000254ba361d70]
Event: 51.140 Thread 0x00000254c9858800  717       1       java.lang.invoke.StringConcatFactory$RecipeElement::getTag (5 bytes)
Event: 51.140 Thread 0x00000254c9858800 nmethod 717 0x00000254ba363910 code [0x00000254ba363aa0, 0x00000254ba363bb8]

GC Heap History (0 events):
No events

Deoptimization events (10 events):
Event: 25.739 Thread 0x00000254c99f5800 Uncommon trap: reason=unstable_if action=reinterpret pc=0x00000254ba345798 method=java.util.concurrent.locks.AbstractQueuedSynchronizer.isOnSyncQueue(Ljava/util/concurrent/locks/AbstractQueuedSynchronizer$Node;)Z @ 22 c2
Event: 25.754 Thread 0x00000254aa437800 Uncommon trap: reason=unstable_if action=reinterpret pc=0x00000254ba344330 method=java.util.concurrent.locks.AbstractQueuedSynchronizer.acquireQueued(Ljava/util/concurrent/locks/AbstractQueuedSynchronizer$Node;I)Z @ 14 c2
Event: 25.766 Thread 0x00000254c9a89000 Uncommon trap: reason=unstable_if action=reinterpret pc=0x00000254ba33458c method=java.util.concurrent.locks.ReentrantLock$Sync.nonfairTryAcquire(I)Z @ 19 c2
Event: 32.680 Thread 0x00000254c99f5800 Uncommon trap: reason=unstable_if action=reinterpret pc=0x00000254ba33cbe0 method=java.lang.Math.round(D)J @ 31 c2
Event: 34.690 Thread 0x00000254aa437800 Uncommon trap: reason=unstable_if action=reinterpret pc=0x00000254ba34f604 method=ca.mcgill.ecse211.project.LightLocalizer.isBlack(II)Z @ 13 c2
Event: 38.590 Thread 0x00000254c9a89000 Uncommon trap: reason=unstable_if action=reinterpret pc=0x00000254ba347b44 method=java.util.concurrent.locks.AbstractQueuedSynchronizer.enq(Ljava/util/concurrent/locks/AbstractQueuedSynchronizer$Node;)Ljava/util/concurrent/locks/AbstractQueuedSynchronizer
Event: 48.968 Thread 0x00000254c99f5800 Uncommon trap: reason=unstable_if action=reinterpret pc=0x00000254ba342668 method=java.util.concurrent.locks.ReentrantLock$FairSync.tryAcquire(I)Z @ 10 c2
Event: 48.968 Thread 0x00000254c99f5800 Uncommon trap: reason=class_check action=maybe_recompile pc=0x00000254ba34ab7c method=java.util.concurrent.locks.AbstractQueuedSynchronizer.acquireQueued(Ljava/util/concurrent/locks/AbstractQueuedSynchronizer$Node;I)Z @ 19 c2
Event: 48.968 Thread 0x00000254c99f5800 Uncommon trap: reason=unstable_if action=reinterpret pc=0x00000254ba340ae0 method=java.util.concurrent.locks.ReentrantLock$FairSync.tryAcquire(I)Z @ 10 c2
Event: 49.018 Thread 0x00000254c99f5800 Uncommon trap: reason=unstable_if action=reinterpret pc=0x00000254ba340e7c method=java.util.concurrent.locks.AbstractQueuedSynchronizer.hasQueuedPredecessors()Z @ 6 c2

Classes redefined (0 events):
No events

Internal exceptions (5 events):
Event: 49.005 Thread 0x00000254aa437800 Exception <a 'java/lang/NoSuchMethodError'{0x00000000894e97b8}: java.lang.invoke.DirectMethodHandle$Holder.invokeStatic(Ljava/lang/Object;Ljava/lang/Object;Ljava/lang/Object;Ljava/lang/Object;Ljava/lang/Object;Ljava/lang/Object;Ljava/lang/Object;Ljava/lan
Event: 49.007 Thread 0x00000254aa437800 Exception <a 'java/lang/NoSuchMethodError'{0x00000000894f75c8}: java.lang.invoke.DirectMethodHandle$Holder.invokeStatic(Ljava/lang/Object;Ljava/lang/Object;Ljava/lang/Object;Ljava/lang/Object;Ljava/lang/Object;Ljava/lang/Object;Ljava/lang/Object;Ljava/lan
Event: 49.008 Thread 0x00000254aa437800 Exception <a 'java/lang/NoSuchMethodError'{0x0000000089305a68}: java.lang.invoke.DirectMethodHandle$Holder.invokeSpecial(Ljava/lang/Object;Ljava/lang/Object;IILjava/lang/Object;Ljava/lang/Object;Ljava/lang/Object;)Ljava/lang/Object;> (0x0000000089305a68) 
Event: 49.008 Thread 0x00000254aa437800 Exception <a 'java/lang/NoSuchMethodError'{0x0000000089308ff0}: java.lang.invoke.DelegatingMethodHandle$Holder.reinvoke_L(Ljava/lang/Object;IILjava/lang/Object;Ljava/lang/Object;Ljava/lang/Object;)Ljava/lang/Object;> (0x0000000089308ff0) thrown at [./open
Event: 49.009 Thread 0x00000254aa437800 Exception <a 'java/lang/NoSuchMethodError'{0x0000000089316f58}: java.lang.invoke.DirectMethodHandle$Holder.invokeStatic(Ljava/lang/Object;Ljava/lang/Object;Ljava/lang/Object;Ljava/lang/Object;Ljava/lang/Object;Ljava/lang/Object;I)Ljava/lang/Object;> (0x00

Events (10 events):
Event: 49.013 loading class java/lang/invoke/BoundMethodHandle$Species_LLLIILL done
Event: 49.015 loading class java/lang/invoke/BoundMethodHandle$Species_LLLIILLL
Event: 49.015 loading class java/lang/invoke/BoundMethodHandle$Species_LLLIILLL done
Event: 49.017 Thread 0x00000254ca20a800 Thread added: 0x00000254ca20a800
Event: 49.018 Thread 0x00000254c99f5800 Uncommon trap: trap_request=0xffffff4d fr.pc=0x00000254ba340e7c relative=0x000000000000005c
Event: 49.018 Thread 0x00000254c99f5800 DEOPT PACKING pc=0x00000254ba340e7c sp=0x000000716eefeef0
Event: 49.018 Thread 0x00000254c99f5800 DEOPT UNPACKING pc=0x00000254b2868f2f sp=0x000000716eefee78 mode 2
Event: 49.018 loading class java/lang/StrictMath
Event: 49.018 loading class java/lang/StrictMath done
Event: 51.140 Thread 0x00000254ca20a800 Thread exited: 0x00000254ca20a800


Dynamic libraries:
0x00007ff74bf50000 - 0x00007ff74bf5f000 	C:\Program Files\Java\jdk-11.0.8\bin\javaw.exe
0x00007ffb8b520000 - 0x00007ffb8b710000 	C:\WINDOWS\SYSTEM32\ntdll.dll
0x00007ffb89d70000 - 0x00007ffb89e22000 	C:\WINDOWS\System32\KERNEL32.DLL
0x00007ffb88640000 - 0x00007ffb888e5000 	C:\WINDOWS\System32\KERNELBASE.dll
0x00007ffb89250000 - 0x00007ffb8934a000 	C:\WINDOWS\System32\ucrtbase.dll
0x00007ffb6eef0000 - 0x00007ffb6ef05000 	C:\Program Files\Java\jdk-11.0.8\bin\VCRUNTIME140.dll
0x00007ffb6bae0000 - 0x00007ffb6baf8000 	C:\Program Files\Java\jdk-11.0.8\bin\jli.dll
0x00007ffb8ada0000 - 0x00007ffb8ae43000 	C:\WINDOWS\System32\ADVAPI32.dll
0x00007ffb895f0000 - 0x00007ffb8968e000 	C:\WINDOWS\System32\msvcrt.dll
0x00007ffb8ae80000 - 0x00007ffb8af17000 	C:\WINDOWS\System32\sechost.dll
0x00007ffb8af30000 - 0x00007ffb8b050000 	C:\WINDOWS\System32\RPCRT4.dll
0x00007ffb8b050000 - 0x00007ffb8b1e4000 	C:\WINDOWS\System32\USER32.dll
0x00007ffb895a0000 - 0x00007ffb895c1000 	C:\WINDOWS\System32\win32u.dll
0x00007ffb89690000 - 0x00007ffb896b6000 	C:\WINDOWS\System32\GDI32.dll
0x00007ffb89400000 - 0x00007ffb89596000 	C:\WINDOWS\System32\gdi32full.dll
0x00007ffb88540000 - 0x00007ffb885de000 	C:\WINDOWS\System32\msvcp_win.dll
0x00007ffb78520000 - 0x00007ffb787a4000 	C:\WINDOWS\WinSxS\amd64_microsoft.windows.common-controls_6595b64144ccf1df_6.0.18362.1198_none_9e820b57e45ad92f\COMCTL32.dll
0x00007ffb89a30000 - 0x00007ffb89d65000 	C:\WINDOWS\System32\combase.dll
0x00007ffb884c0000 - 0x00007ffb88540000 	C:\WINDOWS\System32\bcryptPrimitives.dll
0x00007ffb80cb0000 - 0x00007ffb80cba000 	C:\WINDOWS\SYSTEM32\VERSION.dll
0x00007ffb8ae50000 - 0x00007ffb8ae7e000 	C:\WINDOWS\System32\IMM32.DLL
0x00007ffb527b0000 - 0x00007ffb5284b000 	C:\Program Files\Java\jdk-11.0.8\bin\msvcp140.dll
0x00007ffb461a0000 - 0x00007ffb46c86000 	C:\Program Files\Java\jdk-11.0.8\bin\server\jvm.dll
0x00007ffb8af20000 - 0x00007ffb8af28000 	C:\WINDOWS\System32\PSAPI.DLL
0x00007ffb70190000 - 0x00007ffb70199000 	C:\WINDOWS\SYSTEM32\WSOCK32.dll
0x00007ffb84760000 - 0x00007ffb84784000 	C:\WINDOWS\SYSTEM32\WINMM.dll
0x00007ffb8ab70000 - 0x00007ffb8abdf000 	C:\WINDOWS\System32\WS2_32.dll
0x00007ffb84730000 - 0x00007ffb8475d000 	C:\WINDOWS\SYSTEM32\WINMMBASE.dll
0x00007ffb88a70000 - 0x00007ffb88aba000 	C:\WINDOWS\System32\cfgmgr32.dll
0x00007ffb883e0000 - 0x00007ffb883f1000 	C:\WINDOWS\System32\kernel.appcore.dll
0x00007ffb6f3a0000 - 0x00007ffb6f3b0000 	C:\Program Files\Java\jdk-11.0.8\bin\verify.dll
0x00007ffb86b70000 - 0x00007ffb86d64000 	C:\WINDOWS\SYSTEM32\DBGHELP.DLL
0x00007ffb72400000 - 0x00007ffb7242a000 	C:\WINDOWS\SYSTEM32\dbgcore.DLL
0x00007ffb658b0000 - 0x00007ffb658d8000 	C:\Program Files\Java\jdk-11.0.8\bin\java.dll
0x00007ffb6ecf0000 - 0x00007ffb6ecfa000 	C:\Program Files\Java\jdk-11.0.8\bin\jimage.dll
0x00007ffb60d40000 - 0x00007ffb60d56000 	C:\Program Files\Java\jdk-11.0.8\bin\zip.dll
0x00007ffb89f00000 - 0x00007ffb8a5e7000 	C:\WINDOWS\System32\SHELL32.dll
0x00007ffb8b1f0000 - 0x00007ffb8b299000 	C:\WINDOWS\System32\shcore.dll
0x00007ffb88ac0000 - 0x00007ffb89241000 	C:\WINDOWS\System32\windows.storage.dll
0x00007ffb88400000 - 0x00007ffb88423000 	C:\WINDOWS\System32\profapi.dll
0x00007ffb88450000 - 0x00007ffb8849a000 	C:\WINDOWS\System32\powrprof.dll
0x00007ffb883d0000 - 0x00007ffb883e0000 	C:\WINDOWS\System32\UMPDC.dll
0x00007ffb8b2c0000 - 0x00007ffb8b312000 	C:\WINDOWS\System32\shlwapi.dll
0x00007ffb884a0000 - 0x00007ffb884b7000 	C:\WINDOWS\System32\cryptsp.dll
0x00007ffb60d20000 - 0x00007ffb60d39000 	C:\Program Files\Java\jdk-11.0.8\bin\net.dll
0x00007ffb85e20000 - 0x00007ffb85f10000 	C:\WINDOWS\SYSTEM32\WINHTTP.dll
0x00007ffb87c20000 - 0x00007ffb87c87000 	C:\WINDOWS\system32\mswsock.dll
0x00007ffb5f190000 - 0x00007ffb5f1a2000 	C:\Program Files\Java\jdk-11.0.8\bin\nio.dll
0x000000006e780000 - 0x000000006e7c0000 	C:\Users\denni\AppData\Local\Programs\Webots\lib\controller\java\JavaController.dll
0x0000000061440000 - 0x000000006145c000 	C:\Users\denni\AppData\Local\Programs\Webots\msys64\mingw64\bin\cpp\libgcc_s_seh-1.dll
0x000000006fc40000 - 0x000000006fdf1000 	C:\Users\denni\AppData\Local\Programs\Webots\msys64\mingw64\bin\cpp\libstdc++-6.dll
0x0000000064940000 - 0x0000000064956000 	C:\Users\denni\AppData\Local\Programs\Webots\msys64\mingw64\bin\cpp\libwinpthread-1.dll
0x0000000064f40000 - 0x0000000064fac000 	C:\Users\denni\AppData\Local\Programs\Webots\lib\controller\CppController.dll
0x000000006aa40000 - 0x000000006aac8000 	C:\Users\denni\AppData\Local\Programs\Webots\lib\controller\Controller.dll
0x0000000063e00000 - 0x0000000063e1b000 	C:\Users\denni\AppData\Local\Programs\Webots\RESOUR~1\projects\plugins\ROBOT_~1\generic\generic.dll

dbghelp: loaded successfully - version: 4.0.5 - missing functions: none
symbol engine: initialized successfully - sym options: 0x614 - pdb path: .;C:\Program Files\Java\jdk-11.0.8\bin;C:\WINDOWS\SYSTEM32;C:\WINDOWS\WinSxS\amd64_microsoft.windows.common-controls_6595b64144ccf1df_6.0.18362.1198_none_9e820b57e45ad92f;C:\Program Files\Java\jdk-11.0.8\bin\server;C:\Users\denni\AppData\Local\Programs\Webots\lib\controller\java;C:\Users\denni\AppData\Local\Programs\Webots\msys64\mingw64\bin\cpp;C:\Users\denni\AppData\Local\Programs\Webots\lib\controller;C:\Users\denni\AppData\Local\Programs\Webots\RESOUR~1\projects\plugins\ROBOT_~1\generic

VM Arguments:
jvm_args: -Djava.library.path=C:/Users/denni/AppData/Local/Programs/Webots/lib/controller/java 
java_command: T06Controller
java_class_path (initial): C:/Users/denni/AppData/Local/Programs/Webots/lib/controller/java/Controller.jar;C:/Users/denni/Desktop/School/MCGILL/ECSE21~1/WORKSP~1/LAB_FI~1/PROJEC~1/CONTRO~1/T06CON~1/;..\lib\simlejos.jar;..\lib\EV3WiFiClient.jar
Launcher Type: SUN_STANDARD

[Global flags]
     intx CICompilerCount                          = 4                                         {product} {ergonomic}
     uint ConcGCThreads                            = 2                                         {product} {ergonomic}
     uint G1ConcRefinementThreads                  = 8                                         {product} {ergonomic}
   size_t G1HeapRegionSize                         = 1048576                                   {product} {ergonomic}
    uintx GCDrainStackTargetSize                   = 64                                        {product} {ergonomic}
   size_t InitialHeapSize                          = 132120576                                 {product} {ergonomic}
   size_t MarkStackSize                            = 4194304                                   {product} {ergonomic}
   size_t MaxHeapSize                              = 2107637760                                {product} {ergonomic}
   size_t MaxNewSize                               = 1264582656                                {product} {ergonomic}
   size_t MinHeapDeltaBytes                        = 1048576                                   {product} {ergonomic}
    uintx NonNMethodCodeHeapSize                   = 5836300                                {pd product} {ergonomic}
    uintx NonProfiledCodeHeapSize                  = 122910970                              {pd product} {ergonomic}
    uintx ProfiledCodeHeapSize                     = 122910970                              {pd product} {ergonomic}
    uintx ReservedCodeCacheSize                    = 251658240                              {pd product} {ergonomic}
     bool SegmentedCodeCache                       = true                                      {product} {ergonomic}
     bool UseCompressedClassPointers               = true                                 {lp64_product} {ergonomic}
     bool UseCompressedOops                        = true                                 {lp64_product} {ergonomic}
     bool UseG1GC                                  = true                                      {product} {ergonomic}
     bool UseLargePagesIndividualAllocation        = false                                  {pd product} {ergonomic}

Logging:
Log output configuration:
 #0: stdout all=warning uptime,level,tags
 #1: stderr all=off uptime,level,tags

Environment Variables:
JAVA_HOME=C:\Program Files\Java\jdk-11.0.8
CLASSPATH=..\lib\simlejos.jar;..\lib\EV3WiFiClient.jar
PATH=C:\Users\denni\AppData\Local\Programs\Webots\msys64\mingw64\bin\cpp;C:\Program Files\Common Files\Oracle\Java\javapath;C:\Windows\system32;C:\Windows;C:\Windows\System32\Wbem;C:\Windows\System32\WindowsPowerShell\v1.0\;C:\Windows\System32\OpenSSH\;C:\Program Files (x86)\NVIDIA Corporation\PhysX\Common;C:\WINDOWS\system32;C:\WINDOWS;C:\WINDOWS\System32\Wbem;C:\WINDOWS\System32\WindowsPowerShell\v1.0\;C:\WINDOWS\System32\OpenSSH\;C:\Program Files\Git\cmd;C:\Program Files\Microsoft SQL Server\130\Tools\Binn\;C:\Users\denni\AppData\Local\Microsoft\WindowsApps;C:\Users\denni\AppData\Local\GitHubDesktop\bin;C:\intelFPGA\18.0\modelsim_ase\win32aloem;C:\Users\denni\AppData\Roaming\Dashlane\6.2035.0.38627\bin\Firefox_Extension\{442718d9-475e-452a-b3e1-fb1ee16b8e9f}\components;C:\Users\denni\AppData\Roaming\Dashlane\6.2035.0.38627\ucrt;C:\Users\denni\AppData\Roaming\Dashlane\6.2035.0.38627\bin\Qt;C:\Users\denni\AppData\Roaming\Dashlane\6.2035.0.38627\bin\Ssl;C:\Program Files\Java\jdk-11.0.8\bin;C:\Users\denni\AppData\Local\Programs\Webots\lib\controller
USERNAME=denni
OS=Windows_NT
PROCESSOR_IDENTIFIER=Intel64 Family 6 Model 142 Stepping 11, GenuineIntel



---------------  S Y S T E M  ---------------

OS: Windows 10 , 64 bit Build 18362 (10.0.18362.1110)

CPU:total 8 (initial active 8) (4 cores per cpu, 2 threads per core) family 6 model 142 stepping 11, cmov, cx8, fxsr, mmx, sse, sse2, sse3, ssse3, sse4.1, sse4.2, popcnt, avx, avx2, aes, clmul, erms, 3dnowpref, lzcnt, ht, tsc, tscinvbit, bmi1, bmi2, adx, fma

Memory: 4k page, system-wide physical 8037M (3912M free)
TotalPageFile size 10597M (AvailPageFile size 3167M)
current process WorkingSet (physical memory assigned to process): 55M, peak: 64M
current process commit charge ("private bytes"): 209M, peak: 219M

vm_info: Java HotSpot(TM) 64-Bit Server VM (11.0.8+10-LTS) for windows-amd64 JRE (11.0.8+10-LTS), built on Jun 16 2020 05:53:08 by "mach5one" with unknown MS VC++:1916

END.
