#
# A fatal error has been detected by the Java Runtime Environment:
#
#  EXCEPTION_ACCESS_VIOLATION (0xc0000005) at pc=0x000000006e7814a6, pid=16092, tid=12256
#
# JRE version: Java(TM) SE Runtime Environment 18.9 (11.0.8+10) (build 11.0.8+10-LTS)
# Java VM: Java HotSpot(TM) 64-Bit Server VM 18.9 (11.0.8+10-LTS, mixed mode, tiered, compressed oops, g1 gc, windows-amd64)
# Problematic frame:
# C  [JavaController.dll+0x14a6]
#
# No core dump will be written. Minidumps are not enabled by default on client versions of Windows
#
# If you would like to submit a bug report, please visit:
#   https://bugreport.java.com/bugreport/crash.jsp
# The crash happened outside the Java Virtual Machine in native code.
# See problematic frame for where to report the bug.
#

---------------  S U M M A R Y ------------

Command Line: -Djava.library.path=C:/Users/15149/AppData/Local/Programs/Webots/lib/controller/java T06Controller

Host: Intel(R) Core(TM) i3-8145U CPU @ 2.10GHz, 4 cores, 7G,  Windows 10 , 64 bit Build 18362 (10.0.18362.1082)
Time: Fri Nov 13 13:45:28 2020 Eastern Standard Time elapsed time: 13 seconds (0d 0h 0m 13s)

---------------  T H R E A D  ---------------

Current thread (0x000001a370756800):  JavaThread "main" [_thread_in_native, id=12256, stack(0x0000001495c00000,0x0000001495d00000)]

Stack: [0x0000001495c00000,0x0000001495d00000],  sp=0x0000001495cfee60,  free space=1019k
Native frames: (J=compiled Java code, j=interpreted, Vv=VM code, C=native code)
C  [JavaController.dll+0x14a6]

Java frames: (J=compiled Java code, j=interpreted, Vv=VM code)
j  com.cyberbotics.webots.controller.wrapperJNI.Camera_getImage(JLcom/cyberbotics/webots/controller/Camera;)[I+0
j  com.cyberbotics.webots.controller.Camera.getImage()[I+5
j  simlejos.hardware.sensor.EV3ColorSensor$RedMode.fetchSample([FI)V+17
j  ca.mcgill.ecse211.project.LightLocalizer.lightSensorSample(I)I+22
j  ca.mcgill.ecse211.project.LightLocalizer.passBlackLine(Z)V+1
j  ca.mcgill.ecse211.project.LightLocalizer.localize()V+4
j  ca.mcgill.ecse211.project.Main.main([Ljava/lang/String;)V+31
j  T06Controller.main([Ljava/lang/String;)V+1
v  ~StubRoutines::call_stub

siginfo: EXCEPTION_ACCESS_VIOLATION (0xc0000005), reading address 0x0000000000000000


Register to memory mapping:

RIP=0x000000006e7814a6 JavaController.dll
RAX=0x0 is NULL
RBX=0x0 is NULL
RCX=0x0000000000000001 is an unknown value
RDX=0x0000000000000006 is an unknown value
RSP=0x0000001495cfee60 is pointing into the stack for thread: 0x000001a370756800
RBP=0x0000000000000001 is an unknown value
RSI=0x000001a370756b40 points into unknown readable memory: 00 2d 77 cb fe 7f 00 00
RDI=0x000001a370829150 points into unknown readable memory: 28 37 4f 8a 00 00 00 00
R8 =0x000001a30f8431b0 points into unknown readable memory: 00 00 00 00 72 6b 00 00
R9 =0x000000008a4f3738 is pointing into object: [I 
{0x000000008a4f3728} - klass: {type array int}
 - length: 1
R10=0x0 is NULL
R11=0x0000001495cfee40 is pointing into the stack for thread: 0x000001a370756800
R12=0x0 is NULL
R13={method} {0x000001a30f44b4f0} 'Camera_getImage' '(JLcom/cyberbotics/webots/controller/Camera;)[I' in 'com/cyberbotics/webots/controller/wrapperJNI'
R14=0x0000001495cfefb0 is pointing into the stack for thread: 0x000001a370756800
R15=0x000001a370756800 is a thread


Registers:
RAX=0x0000000000000000, RBX=0x0000000000000000, RCX=0x0000000000000001, RDX=0x0000000000000006
RSP=0x0000001495cfee60, RBP=0x0000000000000001, RSI=0x000001a370756b40, RDI=0x000001a370829150
R8 =0x000001a30f8431b0, R9 =0x000000008a4f3738, R10=0x0000000000000000, R11=0x0000001495cfee40
R12=0x0000000000000000, R13=0x000001a30f44b4e8, R14=0x0000001495cfefb0, R15=0x000001a370756800
RIP=0x000000006e7814a6, EFLAGS=0x0000000000010202

Top of Stack: (sp=0x0000001495cfee60)
0x0000001495cfee60:   0000000000000000 0000000000000001
0x0000001495cfee70:   000001a370756b40 000001a370829150
0x0000001495cfee80:   000001a37fc24940 000001a37fc24940
0x0000001495cfee90:   000001a370756b40 0000000000000000
0x0000001495cfeea0:   0000000000000001 000000006e7820a8
0x0000001495cfeeb0:   000001a37fc24940 000001a30f576b50
0x0000001495cfeec0:   000001a30f44b4e8 000001a30000ee80
0x0000001495cfeed0:   0000001495cff500 000001a30f44b4e8
0x0000001495cfeee0:   000001a30f576b50 000001a300009e03
0x0000001495cfeef0:   0000001495cfef80 000001a30000f037
0x0000001495cfef00:   000001a300009e03 000001a30000ed32
0x0000001495cfef10:   000001a370756800 000001a30f44b4e8
0x0000001495cfef20:   0000001495cfef80 000001a30f576b50
0x0000001495cfef30:   000001a30000ecd6 0000001495cfef38
0x0000001495cfef40:   000001a30f44b4e8 0000001495cfefb0
0x0000001495cfef50:   000001a30f460410 0000000000000000 

Instructions: (pc=0x000000006e7814a6)
0x000000006e781486:   00 48 89 fa 48 89 f1 ff 90 d8 05 00 00 49 89 c0
0x000000006e781496:   48 85 c0 74 3c 85 ed 7e 17 89 e9 b8 00 00 00 00
0x000000006e7814a6:   8b 14 83 41 89 14 80 48 83 c0 01 48 39 c8 75 f0
0x000000006e7814b6:   48 8b 06 41 b9 00 00 00 00 48 89 fa 48 89 f1 ff 


Stack slot to memory mapping:
stack at sp + 0 slots: 0x0 is NULL
stack at sp + 1 slots: 0x0000000000000001 is an unknown value
stack at sp + 2 slots: 0x000001a370756b40 points into unknown readable memory: 00 2d 77 cb fe 7f 00 00
stack at sp + 3 slots: 0x000001a370829150 points into unknown readable memory: 28 37 4f 8a 00 00 00 00
stack at sp + 4 slots: 0x000001a37fc24940 points into unknown readable memory: 40 8c f5 64 00 00 00 00
stack at sp + 5 slots: 0x000001a37fc24940 points into unknown readable memory: 40 8c f5 64 00 00 00 00
stack at sp + 6 slots: 0x000001a370756b40 points into unknown readable memory: 00 2d 77 cb fe 7f 00 00
stack at sp + 7 slots: 0x0 is NULL


---------------  P R O C E S S  ---------------

Threads class SMR info:
_java_thread_list=0x000001a30f9f82b0, length=12, elements={
0x000001a370756800, 0x000001a37fad0000, 0x000001a37fada800, 0x000001a37faec800,
0x000001a37faee000, 0x000001a37faf0000, 0x000001a37fafc000, 0x000001a37fafd000,
0x000001a30f9a8000, 0x000001a30f9bb800, 0x000001a36e631800, 0x000001a30fcfb000
}

Java Threads: ( => current thread )
=>0x000001a370756800 JavaThread "main" [_thread_in_native, id=12256, stack(0x0000001495c00000,0x0000001495d00000)]
  0x000001a37fad0000 JavaThread "Reference Handler" daemon [_thread_blocked, id=4996, stack(0x0000001496300000,0x0000001496400000)]
  0x000001a37fada800 JavaThread "Finalizer" daemon [_thread_blocked, id=15436, stack(0x0000001496400000,0x0000001496500000)]
  0x000001a37faec800 JavaThread "Signal Dispatcher" daemon [_thread_blocked, id=5812, stack(0x0000001496500000,0x0000001496600000)]
  0x000001a37faee000 JavaThread "Attach Listener" daemon [_thread_blocked, id=3272, stack(0x0000001496600000,0x0000001496700000)]
  0x000001a37faf0000 JavaThread "C2 CompilerThread0" daemon [_thread_blocked, id=1624, stack(0x0000001496700000,0x0000001496800000)]
  0x000001a37fafc000 JavaThread "C1 CompilerThread0" daemon [_thread_blocked, id=14760, stack(0x0000001496800000,0x0000001496900000)]
  0x000001a37fafd000 JavaThread "Sweeper thread" daemon [_thread_blocked, id=9404, stack(0x0000001496900000,0x0000001496a00000)]
  0x000001a30f9a8000 JavaThread "Service Thread" daemon [_thread_blocked, id=14932, stack(0x0000001496a00000,0x0000001496b00000)]
  0x000001a30f9bb800 JavaThread "Common-Cleaner" daemon [_thread_blocked, id=10648, stack(0x0000001496c00000,0x0000001496d00000)]
  0x000001a36e631800 JavaThread "Thread-0" [_thread_in_native, id=12216, stack(0x0000001496d00000,0x0000001496e00000)]
  0x000001a30fcfb000 JavaThread "Thread-1" [_thread_blocked, id=10020, stack(0x0000001496e00000,0x0000001496f00000)]

Other Threads:
  0x000001a37faab800 VMThread "VM Thread" [stack: 0x0000001496200000,0x0000001496300000] [id=9748]
  0x000001a30f9bb000 WatcherThread [stack: 0x0000001496b00000,0x0000001496c00000] [id=15412]
  0x000001a37076c000 GCTaskThread "GC Thread#0" [stack: 0x0000001495d00000,0x0000001495e00000] [id=14452]
  0x000001a37079d800 ConcurrentGCThread "G1 Main Marker" [stack: 0x0000001495e00000,0x0000001495f00000] [id=10628]
  0x000001a3707a0000 ConcurrentGCThread "G1 Conc#0" [stack: 0x0000001495f00000,0x0000001496000000] [id=10068]
  0x000001a37f920800 ConcurrentGCThread "G1 Refine#0" [stack: 0x0000001496000000,0x0000001496100000] [id=11408]
  0x000001a37f921000 ConcurrentGCThread "G1 Young RemSet Sampling" [stack: 0x0000001496100000,0x0000001496200000] [id=412]

Threads with active compile tasks:

VM state:not at safepoint (normal execution)

VM Mutex/Monitor currently owned by a thread: None

Heap address: 0x0000000082e00000, size: 2002 MB, Compressed Oops mode: 32-bit
Narrow klass base: 0x0000000000000000, Narrow klass shift: 3
Compressed class space size: 1073741824 Address: 0x0000000100000000

Heap:
 garbage-first heap   total 129024K, used 8192K [0x0000000082e00000, 0x0000000100000000)
  region size 1024K, 9 young (9216K), 0 survivors (0K)
 Metaspace       used 6983K, capacity 7131K, committed 7424K, reserved 1056768K
  class space    used 617K, capacity 698K, committed 768K, reserved 1048576K
Heap Regions: E=young(eden), S=young(survivor), O=old, HS=humongous(starts), HC=humongous(continues), CS=collection set, F=free, A=archive, TAMS=top-at-mark-start (previous, next)
|   0|0x0000000082e00000, 0x0000000082e00000, 0x0000000082f00000|  0%| F|  |TAMS 0x0000000082e00000, 0x0000000082e00000| Untracked 
|   1|0x0000000082f00000, 0x0000000082f00000, 0x0000000083000000|  0%| F|  |TAMS 0x0000000082f00000, 0x0000000082f00000| Untracked 
|   2|0x0000000083000000, 0x0000000083000000, 0x0000000083100000|  0%| F|  |TAMS 0x0000000083000000, 0x0000000083000000| Untracked 
|   3|0x0000000083100000, 0x0000000083100000, 0x0000000083200000|  0%| F|  |TAMS 0x0000000083100000, 0x0000000083100000| Untracked 
|   4|0x0000000083200000, 0x0000000083200000, 0x0000000083300000|  0%| F|  |TAMS 0x0000000083200000, 0x0000000083200000| Untracked 
|   5|0x0000000083300000, 0x0000000083300000, 0x0000000083400000|  0%| F|  |TAMS 0x0000000083300000, 0x0000000083300000| Untracked 
|   6|0x0000000083400000, 0x0000000083400000, 0x0000000083500000|  0%| F|  |TAMS 0x0000000083400000, 0x0000000083400000| Untracked 
|   7|0x0000000083500000, 0x0000000083500000, 0x0000000083600000|  0%| F|  |TAMS 0x0000000083500000, 0x0000000083500000| Untracked 
|   8|0x0000000083600000, 0x0000000083600000, 0x0000000083700000|  0%| F|  |TAMS 0x0000000083600000, 0x0000000083600000| Untracked 
|   9|0x0000000083700000, 0x0000000083700000, 0x0000000083800000|  0%| F|  |TAMS 0x0000000083700000, 0x0000000083700000| Untracked 
|  10|0x0000000083800000, 0x0000000083800000, 0x0000000083900000|  0%| F|  |TAMS 0x0000000083800000, 0x0000000083800000| Untracked 
|  11|0x0000000083900000, 0x0000000083900000, 0x0000000083a00000|  0%| F|  |TAMS 0x0000000083900000, 0x0000000083900000| Untracked 
|  12|0x0000000083a00000, 0x0000000083a00000, 0x0000000083b00000|  0%| F|  |TAMS 0x0000000083a00000, 0x0000000083a00000| Untracked 
|  13|0x0000000083b00000, 0x0000000083b00000, 0x0000000083c00000|  0%| F|  |TAMS 0x0000000083b00000, 0x0000000083b00000| Untracked 
|  14|0x0000000083c00000, 0x0000000083c00000, 0x0000000083d00000|  0%| F|  |TAMS 0x0000000083c00000, 0x0000000083c00000| Untracked 
|  15|0x0000000083d00000, 0x0000000083d00000, 0x0000000083e00000|  0%| F|  |TAMS 0x0000000083d00000, 0x0000000083d00000| Untracked 
|  16|0x0000000083e00000, 0x0000000083e00000, 0x0000000083f00000|  0%| F|  |TAMS 0x0000000083e00000, 0x0000000083e00000| Untracked 
|  17|0x0000000083f00000, 0x0000000083f00000, 0x0000000084000000|  0%| F|  |TAMS 0x0000000083f00000, 0x0000000083f00000| Untracked 
|  18|0x0000000084000000, 0x0000000084000000, 0x0000000084100000|  0%| F|  |TAMS 0x0000000084000000, 0x0000000084000000| Untracked 
|  19|0x0000000084100000, 0x0000000084100000, 0x0000000084200000|  0%| F|  |TAMS 0x0000000084100000, 0x0000000084100000| Untracked 
|  20|0x0000000084200000, 0x0000000084200000, 0x0000000084300000|  0%| F|  |TAMS 0x0000000084200000, 0x0000000084200000| Untracked 
|  21|0x0000000084300000, 0x0000000084300000, 0x0000000084400000|  0%| F|  |TAMS 0x0000000084300000, 0x0000000084300000| Untracked 
|  22|0x0000000084400000, 0x0000000084400000, 0x0000000084500000|  0%| F|  |TAMS 0x0000000084400000, 0x0000000084400000| Untracked 
|  23|0x0000000084500000, 0x0000000084500000, 0x0000000084600000|  0%| F|  |TAMS 0x0000000084500000, 0x0000000084500000| Untracked 
|  24|0x0000000084600000, 0x0000000084600000, 0x0000000084700000|  0%| F|  |TAMS 0x0000000084600000, 0x0000000084600000| Untracked 
|  25|0x0000000084700000, 0x0000000084700000, 0x0000000084800000|  0%| F|  |TAMS 0x0000000084700000, 0x0000000084700000| Untracked 
|  26|0x0000000084800000, 0x0000000084800000, 0x0000000084900000|  0%| F|  |TAMS 0x0000000084800000, 0x0000000084800000| Untracked 
|  27|0x0000000084900000, 0x0000000084900000, 0x0000000084a00000|  0%| F|  |TAMS 0x0000000084900000, 0x0000000084900000| Untracked 
|  28|0x0000000084a00000, 0x0000000084a00000, 0x0000000084b00000|  0%| F|  |TAMS 0x0000000084a00000, 0x0000000084a00000| Untracked 
|  29|0x0000000084b00000, 0x0000000084b00000, 0x0000000084c00000|  0%| F|  |TAMS 0x0000000084b00000, 0x0000000084b00000| Untracked 
|  30|0x0000000084c00000, 0x0000000084c00000, 0x0000000084d00000|  0%| F|  |TAMS 0x0000000084c00000, 0x0000000084c00000| Untracked 
|  31|0x0000000084d00000, 0x0000000084d00000, 0x0000000084e00000|  0%| F|  |TAMS 0x0000000084d00000, 0x0000000084d00000| Untracked 
|  32|0x0000000084e00000, 0x0000000084e00000, 0x0000000084f00000|  0%| F|  |TAMS 0x0000000084e00000, 0x0000000084e00000| Untracked 
|  33|0x0000000084f00000, 0x0000000084f00000, 0x0000000085000000|  0%| F|  |TAMS 0x0000000084f00000, 0x0000000084f00000| Untracked 
|  34|0x0000000085000000, 0x0000000085000000, 0x0000000085100000|  0%| F|  |TAMS 0x0000000085000000, 0x0000000085000000| Untracked 
|  35|0x0000000085100000, 0x0000000085100000, 0x0000000085200000|  0%| F|  |TAMS 0x0000000085100000, 0x0000000085100000| Untracked 
|  36|0x0000000085200000, 0x0000000085200000, 0x0000000085300000|  0%| F|  |TAMS 0x0000000085200000, 0x0000000085200000| Untracked 
|  37|0x0000000085300000, 0x0000000085300000, 0x0000000085400000|  0%| F|  |TAMS 0x0000000085300000, 0x0000000085300000| Untracked 
|  38|0x0000000085400000, 0x0000000085400000, 0x0000000085500000|  0%| F|  |TAMS 0x0000000085400000, 0x0000000085400000| Untracked 
|  39|0x0000000085500000, 0x0000000085500000, 0x0000000085600000|  0%| F|  |TAMS 0x0000000085500000, 0x0000000085500000| Untracked 
|  40|0x0000000085600000, 0x0000000085600000, 0x0000000085700000|  0%| F|  |TAMS 0x0000000085600000, 0x0000000085600000| Untracked 
|  41|0x0000000085700000, 0x0000000085700000, 0x0000000085800000|  0%| F|  |TAMS 0x0000000085700000, 0x0000000085700000| Untracked 
|  42|0x0000000085800000, 0x0000000085800000, 0x0000000085900000|  0%| F|  |TAMS 0x0000000085800000, 0x0000000085800000| Untracked 
|  43|0x0000000085900000, 0x0000000085900000, 0x0000000085a00000|  0%| F|  |TAMS 0x0000000085900000, 0x0000000085900000| Untracked 
|  44|0x0000000085a00000, 0x0000000085a00000, 0x0000000085b00000|  0%| F|  |TAMS 0x0000000085a00000, 0x0000000085a00000| Untracked 
|  45|0x0000000085b00000, 0x0000000085b00000, 0x0000000085c00000|  0%| F|  |TAMS 0x0000000085b00000, 0x0000000085b00000| Untracked 
|  46|0x0000000085c00000, 0x0000000085c00000, 0x0000000085d00000|  0%| F|  |TAMS 0x0000000085c00000, 0x0000000085c00000| Untracked 
|  47|0x0000000085d00000, 0x0000000085d00000, 0x0000000085e00000|  0%| F|  |TAMS 0x0000000085d00000, 0x0000000085d00000| Untracked 
|  48|0x0000000085e00000, 0x0000000085e00000, 0x0000000085f00000|  0%| F|  |TAMS 0x0000000085e00000, 0x0000000085e00000| Untracked 
|  49|0x0000000085f00000, 0x0000000085f00000, 0x0000000086000000|  0%| F|  |TAMS 0x0000000085f00000, 0x0000000085f00000| Untracked 
|  50|0x0000000086000000, 0x0000000086000000, 0x0000000086100000|  0%| F|  |TAMS 0x0000000086000000, 0x0000000086000000| Untracked 
|  51|0x0000000086100000, 0x0000000086100000, 0x0000000086200000|  0%| F|  |TAMS 0x0000000086100000, 0x0000000086100000| Untracked 
|  52|0x0000000086200000, 0x0000000086200000, 0x0000000086300000|  0%| F|  |TAMS 0x0000000086200000, 0x0000000086200000| Untracked 
|  53|0x0000000086300000, 0x0000000086300000, 0x0000000086400000|  0%| F|  |TAMS 0x0000000086300000, 0x0000000086300000| Untracked 
|  54|0x0000000086400000, 0x0000000086400000, 0x0000000086500000|  0%| F|  |TAMS 0x0000000086400000, 0x0000000086400000| Untracked 
|  55|0x0000000086500000, 0x0000000086500000, 0x0000000086600000|  0%| F|  |TAMS 0x0000000086500000, 0x0000000086500000| Untracked 
|  56|0x0000000086600000, 0x0000000086600000, 0x0000000086700000|  0%| F|  |TAMS 0x0000000086600000, 0x0000000086600000| Untracked 
|  57|0x0000000086700000, 0x0000000086700000, 0x0000000086800000|  0%| F|  |TAMS 0x0000000086700000, 0x0000000086700000| Untracked 
|  58|0x0000000086800000, 0x0000000086800000, 0x0000000086900000|  0%| F|  |TAMS 0x0000000086800000, 0x0000000086800000| Untracked 
|  59|0x0000000086900000, 0x0000000086900000, 0x0000000086a00000|  0%| F|  |TAMS 0x0000000086900000, 0x0000000086900000| Untracked 
|  60|0x0000000086a00000, 0x0000000086a00000, 0x0000000086b00000|  0%| F|  |TAMS 0x0000000086a00000, 0x0000000086a00000| Untracked 
|  61|0x0000000086b00000, 0x0000000086b00000, 0x0000000086c00000|  0%| F|  |TAMS 0x0000000086b00000, 0x0000000086b00000| Untracked 
|  62|0x0000000086c00000, 0x0000000086c00000, 0x0000000086d00000|  0%| F|  |TAMS 0x0000000086c00000, 0x0000000086c00000| Untracked 
|  63|0x0000000086d00000, 0x0000000086d00000, 0x0000000086e00000|  0%| F|  |TAMS 0x0000000086d00000, 0x0000000086d00000| Untracked 
|  64|0x0000000086e00000, 0x0000000086e00000, 0x0000000086f00000|  0%| F|  |TAMS 0x0000000086e00000, 0x0000000086e00000| Untracked 
|  65|0x0000000086f00000, 0x0000000086f00000, 0x0000000087000000|  0%| F|  |TAMS 0x0000000086f00000, 0x0000000086f00000| Untracked 
|  66|0x0000000087000000, 0x0000000087000000, 0x0000000087100000|  0%| F|  |TAMS 0x0000000087000000, 0x0000000087000000| Untracked 
|  67|0x0000000087100000, 0x0000000087100000, 0x0000000087200000|  0%| F|  |TAMS 0x0000000087100000, 0x0000000087100000| Untracked 
|  68|0x0000000087200000, 0x0000000087200000, 0x0000000087300000|  0%| F|  |TAMS 0x0000000087200000, 0x0000000087200000| Untracked 
|  69|0x0000000087300000, 0x0000000087300000, 0x0000000087400000|  0%| F|  |TAMS 0x0000000087300000, 0x0000000087300000| Untracked 
|  70|0x0000000087400000, 0x0000000087400000, 0x0000000087500000|  0%| F|  |TAMS 0x0000000087400000, 0x0000000087400000| Untracked 
|  71|0x0000000087500000, 0x0000000087500000, 0x0000000087600000|  0%| F|  |TAMS 0x0000000087500000, 0x0000000087500000| Untracked 
|  72|0x0000000087600000, 0x0000000087600000, 0x0000000087700000|  0%| F|  |TAMS 0x0000000087600000, 0x0000000087600000| Untracked 
|  73|0x0000000087700000, 0x0000000087700000, 0x0000000087800000|  0%| F|  |TAMS 0x0000000087700000, 0x0000000087700000| Untracked 
|  74|0x0000000087800000, 0x0000000087800000, 0x0000000087900000|  0%| F|  |TAMS 0x0000000087800000, 0x0000000087800000| Untracked 
|  75|0x0000000087900000, 0x0000000087900000, 0x0000000087a00000|  0%| F|  |TAMS 0x0000000087900000, 0x0000000087900000| Untracked 
|  76|0x0000000087a00000, 0x0000000087a00000, 0x0000000087b00000|  0%| F|  |TAMS 0x0000000087a00000, 0x0000000087a00000| Untracked 
|  77|0x0000000087b00000, 0x0000000087b00000, 0x0000000087c00000|  0%| F|  |TAMS 0x0000000087b00000, 0x0000000087b00000| Untracked 
|  78|0x0000000087c00000, 0x0000000087c00000, 0x0000000087d00000|  0%| F|  |TAMS 0x0000000087c00000, 0x0000000087c00000| Untracked 
|  79|0x0000000087d00000, 0x0000000087d00000, 0x0000000087e00000|  0%| F|  |TAMS 0x0000000087d00000, 0x0000000087d00000| Untracked 
|  80|0x0000000087e00000, 0x0000000087e00000, 0x0000000087f00000|  0%| F|  |TAMS 0x0000000087e00000, 0x0000000087e00000| Untracked 
|  81|0x0000000087f00000, 0x0000000087f00000, 0x0000000088000000|  0%| F|  |TAMS 0x0000000087f00000, 0x0000000087f00000| Untracked 
|  82|0x0000000088000000, 0x0000000088000000, 0x0000000088100000|  0%| F|  |TAMS 0x0000000088000000, 0x0000000088000000| Untracked 
|  83|0x0000000088100000, 0x0000000088100000, 0x0000000088200000|  0%| F|  |TAMS 0x0000000088100000, 0x0000000088100000| Untracked 
|  84|0x0000000088200000, 0x0000000088200000, 0x0000000088300000|  0%| F|  |TAMS 0x0000000088200000, 0x0000000088200000| Untracked 
|  85|0x0000000088300000, 0x0000000088300000, 0x0000000088400000|  0%| F|  |TAMS 0x0000000088300000, 0x0000000088300000| Untracked 
|  86|0x0000000088400000, 0x0000000088400000, 0x0000000088500000|  0%| F|  |TAMS 0x0000000088400000, 0x0000000088400000| Untracked 
|  87|0x0000000088500000, 0x0000000088500000, 0x0000000088600000|  0%| F|  |TAMS 0x0000000088500000, 0x0000000088500000| Untracked 
|  88|0x0000000088600000, 0x0000000088600000, 0x0000000088700000|  0%| F|  |TAMS 0x0000000088600000, 0x0000000088600000| Untracked 
|  89|0x0000000088700000, 0x0000000088700000, 0x0000000088800000|  0%| F|  |TAMS 0x0000000088700000, 0x0000000088700000| Untracked 
|  90|0x0000000088800000, 0x0000000088800000, 0x0000000088900000|  0%| F|  |TAMS 0x0000000088800000, 0x0000000088800000| Untracked 
|  91|0x0000000088900000, 0x0000000088900000, 0x0000000088a00000|  0%| F|  |TAMS 0x0000000088900000, 0x0000000088900000| Untracked 
|  92|0x0000000088a00000, 0x0000000088a00000, 0x0000000088b00000|  0%| F|  |TAMS 0x0000000088a00000, 0x0000000088a00000| Untracked 
|  93|0x0000000088b00000, 0x0000000088b00000, 0x0000000088c00000|  0%| F|  |TAMS 0x0000000088b00000, 0x0000000088b00000| Untracked 
|  94|0x0000000088c00000, 0x0000000088c00000, 0x0000000088d00000|  0%| F|  |TAMS 0x0000000088c00000, 0x0000000088c00000| Untracked 
|  95|0x0000000088d00000, 0x0000000088d00000, 0x0000000088e00000|  0%| F|  |TAMS 0x0000000088d00000, 0x0000000088d00000| Untracked 
|  96|0x0000000088e00000, 0x0000000088e00000, 0x0000000088f00000|  0%| F|  |TAMS 0x0000000088e00000, 0x0000000088e00000| Untracked 
|  97|0x0000000088f00000, 0x0000000088f00000, 0x0000000089000000|  0%| F|  |TAMS 0x0000000088f00000, 0x0000000088f00000| Untracked 
|  98|0x0000000089000000, 0x0000000089000000, 0x0000000089100000|  0%| F|  |TAMS 0x0000000089000000, 0x0000000089000000| Untracked 
|  99|0x0000000089100000, 0x0000000089100000, 0x0000000089200000|  0%| F|  |TAMS 0x0000000089100000, 0x0000000089100000| Untracked 
| 100|0x0000000089200000, 0x0000000089200000, 0x0000000089300000|  0%| F|  |TAMS 0x0000000089200000, 0x0000000089200000| Untracked 
| 101|0x0000000089300000, 0x0000000089300000, 0x0000000089400000|  0%| F|  |TAMS 0x0000000089300000, 0x0000000089300000| Untracked 
| 102|0x0000000089400000, 0x0000000089400000, 0x0000000089500000|  0%| F|  |TAMS 0x0000000089400000, 0x0000000089400000| Untracked 
| 103|0x0000000089500000, 0x0000000089500000, 0x0000000089600000|  0%| F|  |TAMS 0x0000000089500000, 0x0000000089500000| Untracked 
| 104|0x0000000089600000, 0x0000000089600000, 0x0000000089700000|  0%| F|  |TAMS 0x0000000089600000, 0x0000000089600000| Untracked 
| 105|0x0000000089700000, 0x0000000089700000, 0x0000000089800000|  0%| F|  |TAMS 0x0000000089700000, 0x0000000089700000| Untracked 
| 106|0x0000000089800000, 0x0000000089800000, 0x0000000089900000|  0%| F|  |TAMS 0x0000000089800000, 0x0000000089800000| Untracked 
| 107|0x0000000089900000, 0x0000000089900000, 0x0000000089a00000|  0%| F|  |TAMS 0x0000000089900000, 0x0000000089900000| Untracked 
| 108|0x0000000089a00000, 0x0000000089a00000, 0x0000000089b00000|  0%| F|  |TAMS 0x0000000089a00000, 0x0000000089a00000| Untracked 
| 109|0x0000000089b00000, 0x0000000089b00000, 0x0000000089c00000|  0%| F|  |TAMS 0x0000000089b00000, 0x0000000089b00000| Untracked 
| 110|0x0000000089c00000, 0x0000000089c00000, 0x0000000089d00000|  0%| F|  |TAMS 0x0000000089c00000, 0x0000000089c00000| Untracked 
| 111|0x0000000089d00000, 0x0000000089d00000, 0x0000000089e00000|  0%| F|  |TAMS 0x0000000089d00000, 0x0000000089d00000| Untracked 
| 112|0x0000000089e00000, 0x0000000089e00000, 0x0000000089f00000|  0%| F|  |TAMS 0x0000000089e00000, 0x0000000089e00000| Untracked 
| 113|0x0000000089f00000, 0x0000000089f00000, 0x000000008a000000|  0%| F|  |TAMS 0x0000000089f00000, 0x0000000089f00000| Untracked 
| 114|0x000000008a000000, 0x000000008a000000, 0x000000008a100000|  0%| F|  |TAMS 0x000000008a000000, 0x000000008a000000| Untracked 
| 115|0x000000008a100000, 0x000000008a100000, 0x000000008a200000|  0%| F|  |TAMS 0x000000008a100000, 0x000000008a100000| Untracked 
| 116|0x000000008a200000, 0x000000008a200000, 0x000000008a300000|  0%| F|  |TAMS 0x000000008a200000, 0x000000008a200000| Untracked 
| 117|0x000000008a300000, 0x000000008a38fdf0, 0x000000008a400000| 56%| E|  |TAMS 0x000000008a300000, 0x000000008a300000| Complete 
| 118|0x000000008a400000, 0x000000008a500000, 0x000000008a500000|100%| E|CS|TAMS 0x000000008a400000, 0x000000008a400000| Complete 
| 119|0x000000008a500000, 0x000000008a600000, 0x000000008a600000|100%| E|CS|TAMS 0x000000008a500000, 0x000000008a500000| Complete 
| 120|0x000000008a600000, 0x000000008a700000, 0x000000008a700000|100%| E|CS|TAMS 0x000000008a600000, 0x000000008a600000| Complete 
| 121|0x000000008a700000, 0x000000008a800000, 0x000000008a800000|100%| E|CS|TAMS 0x000000008a700000, 0x000000008a700000| Complete 
| 122|0x000000008a800000, 0x000000008a900000, 0x000000008a900000|100%| E|CS|TAMS 0x000000008a800000, 0x000000008a800000| Complete 
| 123|0x000000008a900000, 0x000000008aa00000, 0x000000008aa00000|100%| E|CS|TAMS 0x000000008a900000, 0x000000008a900000| Complete 
| 124|0x000000008aa00000, 0x000000008ab00000, 0x000000008ab00000|100%| E|CS|TAMS 0x000000008aa00000, 0x000000008aa00000| Complete 
| 125|0x000000008ab00000, 0x000000008ac00000, 0x000000008ac00000|100%| E|CS|TAMS 0x000000008ab00000, 0x000000008ab00000| Complete 

Card table byte_map: [0x000001a378f50000,0x000001a379340000] _byte_map_base: 0x000001a378b39000

Marking Bits (Prev, Next): (CMBitMap*) 0x000001a370794218, (CMBitMap*) 0x000001a370794250
 Prev Bits: [0x000001a379730000, 0x000001a37b678000)
 Next Bits: [0x000001a37b680000, 0x000001a37d5c8000)

Polling page: 0x000001a36e610000

Metaspace:

Usage:
  Non-class:      6.28 MB capacity,     6.22 MB ( 99%) used,    56.11 KB ( <1%) free+waste,    10.75 KB ( <1%) overhead. 
      Class:    698.00 KB capacity,   617.52 KB ( 88%) used,    74.86 KB ( 11%) free+waste,     5.63 KB ( <1%) overhead. 
       Both:      6.96 MB capacity,     6.82 MB ( 98%) used,   130.97 KB (  2%) free+waste,    16.38 KB ( <1%) overhead. 

Virtual space:
  Non-class space:        8.00 MB reserved,       6.50 MB ( 81%) committed 
      Class space:        1.00 GB reserved,     768.00 KB ( <1%) committed 
             Both:        1.01 GB reserved,       7.25 MB ( <1%) committed 

Chunk freelists:
   Non-Class:  3.88 KB
       Class:  768 bytes
        Both:  4.63 KB

CodeHeap 'non-profiled nmethods': size=120064Kb used=230Kb max_used=230Kb free=119834Kb
 bounds [0x000001a307ac0000, 0x000001a307d30000, 0x000001a30f000000]
CodeHeap 'profiled nmethods': size=120000Kb used=864Kb max_used=864Kb free=119135Kb
 bounds [0x000001a300590000, 0x000001a300800000, 0x000001a307ac0000]
CodeHeap 'non-nmethods': size=5696Kb used=1087Kb max_used=1107Kb free=4608Kb
 bounds [0x000001a300000000, 0x000001a300270000, 0x000001a300590000]
 total_blobs=942 nmethods=553 adapters=301
 compilation: enabled
              stopped_count=0, restarted_count=0
 full_count=0

Compilation events (10 events):
Event: 10.560 Thread 0x000001a37faf0000  549   !   4       java.util.concurrent.locks.AbstractQueuedSynchronizer::acquireQueued (74 bytes)
Event: 10.580 Thread 0x000001a37faf0000 nmethod 549 0x000001a307af4c90 code [0x000001a307af4e60, 0x000001a307af58f0]
Event: 10.643 Thread 0x000001a37faf0000  550       4       java.util.concurrent.locks.AbstractQueuedSynchronizer$ConditionObject::addConditionWaiter (79 bytes)
Event: 10.648 Thread 0x000001a37faf0000 nmethod 550 0x000001a307af5c10 code [0x000001a307af5da0, 0x000001a307af6098]
Event: 10.712 Thread 0x000001a37faf0000  551   !   4       java.util.concurrent.CyclicBarrier::dowait (268 bytes)
Event: 10.773 Thread 0x000001a37faf0000 nmethod 551 0x000001a307af6210 code [0x000001a307af64e0, 0x000001a307af84f8]
Event: 11.102 Thread 0x000001a37fafc000  552       3       java.util.concurrent.locks.AbstractQueuedSynchronizer$Node::<init> (20 bytes)
Event: 11.103 Thread 0x000001a37fafc000 nmethod 552 0x000001a300664210 code [0x000001a300664460, 0x000001a300664da0]
Event: 11.118 Thread 0x000001a37fafc000  553       3       java.util.concurrent.locks.AbstractQueuedSynchronizer::addWaiter (46 bytes)
Event: 11.119 Thread 0x000001a37fafc000 nmethod 553 0x000001a300665090 code [0x000001a300665500, 0x000001a3006675c0]

GC Heap History (0 events):
No events

Deoptimization events (5 events):
Event: 0.085 Thread 0x000001a370756800 Uncommon trap: reason=unstable_if action=reinterpret pc=0x000001a307ac44fc method=java.lang.String.hashCode()I @ 14 c2
Event: 3.286 Thread 0x000001a36e631800 Uncommon trap: reason=unstable_if action=reinterpret pc=0x000001a307adf90c method=java.util.concurrent.locks.ReentrantLock$Sync.nonfairTryAcquire(I)Z @ 19 c2
Event: 4.239 Thread 0x000001a370756800 Uncommon trap: reason=unstable_if action=reinterpret pc=0x000001a307ae39fc method=ca.mcgill.ecse211.project.UltrasonicLocalizer.readUsDistance()I @ 55 c2
Event: 9.213 Thread 0x000001a370756800 Uncommon trap: reason=unstable_if action=reinterpret pc=0x000001a307aec50c method=ca.mcgill.ecse211.project.UltrasonicLocalizer.readUsDistance()I @ 69 c2
Event: 10.237 Thread 0x000001a370756800 Uncommon trap: reason=unstable_if action=reinterpret pc=0x000001a307ae79a0 method=java.util.concurrent.locks.AbstractQueuedSynchronizer.isOnSyncQueue(Ljava/util/concurrent/locks/AbstractQueuedSynchronizer$Node;)Z @ 22 c2

Classes redefined (0 events):
No events

Internal exceptions (2 events):
Event: 3.005 Thread 0x000001a370756800 Exception <a 'java/net/ConnectException'{0x000000008a968fa8}: Connection refused: connect> (0x000000008a968fa8) thrown at [./open/src/hotspot/share/prims/jni.cpp, line 632]
Event: 3.010 Thread 0x000001a370756800 Exception <a 'java/lang/NullPointerException'{0x000000008a970248}> (0x000000008a970248) thrown at [./open/src/hotspot/share/interpreter/linkResolver.cpp, line 1354]

Events (10 events):
Event: 4.239 Thread 0x000001a370756800 DEOPT PACKING pc=0x000001a307ae39fc sp=0x0000001495cff090
Event: 4.239 Thread 0x000001a370756800 DEOPT UNPACKING pc=0x000001a300028f2f sp=0x0000001495cff050 mode 2
Event: 4.240 loading class jdk/internal/math/FDBigInteger
Event: 4.240 loading class jdk/internal/math/FDBigInteger done
Event: 9.213 Thread 0x000001a370756800 Uncommon trap: trap_request=0xffffff4d fr.pc=0x000001a307aec50c relative=0x000000000000080c
Event: 9.213 Thread 0x000001a370756800 DEOPT PACKING pc=0x000001a307aec50c sp=0x0000001495cff090
Event: 9.213 Thread 0x000001a370756800 DEOPT UNPACKING pc=0x000001a300028f2f sp=0x0000001495cff050 mode 2
Event: 10.237 Thread 0x000001a370756800 Uncommon trap: trap_request=0xffffff4d fr.pc=0x000001a307ae79a0 relative=0x0000000000001f80
Event: 10.237 Thread 0x000001a370756800 DEOPT PACKING pc=0x000001a307ae79a0 sp=0x0000001495cfeeb0
Event: 10.237 Thread 0x000001a370756800 DEOPT UNPACKING pc=0x000001a300028f2f sp=0x0000001495cfeda0 mode 2


Dynamic libraries:
0x00007ff6cd620000 - 0x00007ff6cd62f000 	C:\Program Files\Java\jdk-11.0.8\bin\javaw.exe
0x00007fff463a0000 - 0x00007fff46590000 	C:\windows\SYSTEM32\ntdll.dll
0x00007fff455f0000 - 0x00007fff456a2000 	C:\windows\System32\KERNEL32.DLL
0x00007fff43dd0000 - 0x00007fff44075000 	C:\windows\System32\KERNELBASE.dll
0x00007fff43330000 - 0x00007fff4342a000 	C:\windows\System32\ucrtbase.dll
0x00007fff3b670000 - 0x00007fff3b685000 	C:\Program Files\Java\jdk-11.0.8\bin\VCRUNTIME140.dll
0x00007fff3b700000 - 0x00007fff3b718000 	C:\Program Files\Java\jdk-11.0.8\bin\jli.dll
0x00007fff452e0000 - 0x00007fff45383000 	C:\windows\System32\ADVAPI32.dll
0x00007fff44680000 - 0x00007fff4471e000 	C:\windows\System32\msvcrt.dll
0x00007fff44f10000 - 0x00007fff44fa7000 	C:\windows\System32\sechost.dll
0x00007fff45050000 - 0x00007fff45170000 	C:\windows\System32\RPCRT4.dll
0x00007fff44720000 - 0x00007fff448b5000 	C:\windows\System32\USER32.dll
0x00007fff44420000 - 0x00007fff44441000 	C:\windows\System32\win32u.dll
0x00007fff2ea90000 - 0x00007fff2ed14000 	C:\windows\WinSxS\amd64_microsoft.windows.common-controls_6595b64144ccf1df_6.0.18362.1082_none_9e8193e1e45b25c1\COMCTL32.dll
0x00007fff45410000 - 0x00007fff45436000 	C:\windows\System32\GDI32.dll
0x00007fff441d0000 - 0x00007fff44366000 	C:\windows\System32\gdi32full.dll
0x00007fff44990000 - 0x00007fff44cc5000 	C:\windows\System32\combase.dll
0x00007fff44130000 - 0x00007fff441ce000 	C:\windows\System32\msvcp_win.dll
0x00007fff43460000 - 0x00007fff434e0000 	C:\windows\System32\bcryptPrimitives.dll
0x00007fff3a970000 - 0x00007fff3a97a000 	C:\windows\SYSTEM32\VERSION.dll
0x00007fff45020000 - 0x00007fff4504e000 	C:\windows\System32\IMM32.DLL
0x00007fff0aa40000 - 0x00007fff0aadb000 	C:\Program Files\Java\jdk-11.0.8\bin\msvcp140.dll
0x00007ffecadc0000 - 0x00007ffecb8a6000 	C:\Program Files\Java\jdk-11.0.8\bin\server\jvm.dll
0x00007fff457f0000 - 0x00007fff457f8000 	C:\windows\System32\PSAPI.DLL
0x00007fff28760000 - 0x00007fff28769000 	C:\windows\SYSTEM32\WSOCK32.dll
0x00007fff45250000 - 0x00007fff452bf000 	C:\windows\System32\WS2_32.dll
0x00007fff40940000 - 0x00007fff40964000 	C:\windows\SYSTEM32\WINMM.dll
0x00007fff405a0000 - 0x00007fff405cd000 	C:\windows\SYSTEM32\winmmbase.dll
0x00007fff440e0000 - 0x00007fff4412a000 	C:\windows\System32\cfgmgr32.dll
0x00007fff432c0000 - 0x00007fff432d1000 	C:\windows\System32\kernel.appcore.dll
0x00007fff3b660000 - 0x00007fff3b670000 	C:\Program Files\Java\jdk-11.0.8\bin\verify.dll
0x00007fff41b80000 - 0x00007fff41d74000 	C:\windows\SYSTEM32\DBGHELP.DLL
0x00007fff30140000 - 0x00007fff3016a000 	C:\windows\SYSTEM32\dbgcore.DLL
0x00007fff21f40000 - 0x00007fff21f68000 	C:\Program Files\Java\jdk-11.0.8\bin\java.dll
0x00007fff3b4d0000 - 0x00007fff3b4da000 	C:\Program Files\Java\jdk-11.0.8\bin\jimage.dll
0x00007fff390b0000 - 0x00007fff390c6000 	C:\Program Files\Java\jdk-11.0.8\bin\zip.dll
0x00007fff45800000 - 0x00007fff45ee7000 	C:\windows\System32\SHELL32.dll
0x00007fff44e00000 - 0x00007fff44ea9000 	C:\windows\System32\shcore.dll
0x00007fff43500000 - 0x00007fff43c80000 	C:\windows\System32\windows.storage.dll
0x00007fff43300000 - 0x00007fff43323000 	C:\windows\System32\profapi.dll
0x00007fff43270000 - 0x00007fff432ba000 	C:\windows\System32\powrprof.dll
0x00007fff43260000 - 0x00007fff43270000 	C:\windows\System32\UMPDC.dll
0x00007fff44620000 - 0x00007fff44672000 	C:\windows\System32\shlwapi.dll
0x00007fff434e0000 - 0x00007fff434f7000 	C:\windows\System32\cryptsp.dll
0x00007fff38fd0000 - 0x00007fff38fe9000 	C:\Program Files\Java\jdk-11.0.8\bin\net.dll
0x00007fff3a990000 - 0x00007fff3aa80000 	C:\windows\SYSTEM32\WINHTTP.dll
0x00007fff42a50000 - 0x00007fff42ab7000 	C:\windows\system32\mswsock.dll
0x00007fff2d830000 - 0x00007fff2d842000 	C:\Program Files\Java\jdk-11.0.8\bin\nio.dll
0x000000006e780000 - 0x000000006e7c0000 	C:\Users\15149\AppData\Local\Programs\Webots\lib\controller\java\JavaController.dll
0x0000000061440000 - 0x000000006145c000 	C:\Users\15149\AppData\Local\Programs\Webots\msys64\mingw64\bin\cpp\libgcc_s_seh-1.dll
0x000000006fc40000 - 0x000000006fdf1000 	C:\Users\15149\AppData\Local\Programs\Webots\msys64\mingw64\bin\cpp\libstdc++-6.dll
0x0000000064940000 - 0x0000000064956000 	C:\Users\15149\AppData\Local\Programs\Webots\msys64\mingw64\bin\cpp\libwinpthread-1.dll
0x0000000064f40000 - 0x0000000064fac000 	C:\Users\15149\AppData\Local\Programs\Webots\lib\controller\CppController.dll
0x000000006aa40000 - 0x000000006aac8000 	C:\Users\15149\AppData\Local\Programs\Webots\lib\controller\Controller.dll
0x0000000063e00000 - 0x0000000063e1b000 	C:\Users\15149\AppData\Local\Programs\Webots\RESOUR~1\projects\plugins\ROBOT_~1\generic\generic.dll

dbghelp: loaded successfully - version: 4.0.5 - missing functions: none
symbol engine: initialized successfully - sym options: 0x614 - pdb path: .;C:\Program Files\Java\jdk-11.0.8\bin;C:\windows\SYSTEM32;C:\windows\WinSxS\amd64_microsoft.windows.common-controls_6595b64144ccf1df_6.0.18362.1082_none_9e8193e1e45b25c1;C:\Program Files\Java\jdk-11.0.8\bin\server;C:\Users\15149\AppData\Local\Programs\Webots\lib\controller\java;C:\Users\15149\AppData\Local\Programs\Webots\msys64\mingw64\bin\cpp;C:\Users\15149\AppData\Local\Programs\Webots\lib\controller;C:\Users\15149\AppData\Local\Programs\Webots\RESOUR~1\projects\plugins\ROBOT_~1\generic

VM Arguments:
jvm_args: -Djava.library.path=C:/Users/15149/AppData/Local/Programs/Webots/lib/controller/java 
java_command: T06Controller
java_class_path (initial): C:/Users/15149/AppData/Local/Programs/Webots/lib/controller/java/Controller.jar;C:/Users/15149/Desktop/DPMFIN~2/PROJEC~1/CONTRO~1/T06CON~1/;..\lib\simlejos.jar;..\lib\EV3WiFiClient.jar
Launcher Type: SUN_STANDARD

[Global flags]
     intx CICompilerCount                          = 3                                         {product} {ergonomic}
     uint ConcGCThreads                            = 1                                         {product} {ergonomic}
     uint G1ConcRefinementThreads                  = 4                                         {product} {ergonomic}
   size_t G1HeapRegionSize                         = 1048576                                   {product} {ergonomic}
    uintx GCDrainStackTargetSize                   = 64                                        {product} {ergonomic}
   size_t InitialHeapSize                          = 132120576                                 {product} {ergonomic}
   size_t MarkStackSize                            = 4194304                                   {product} {ergonomic}
   size_t MaxHeapSize                              = 2099249152                                {product} {ergonomic}
   size_t MaxNewSize                               = 1259339776                                {product} {ergonomic}
   size_t MinHeapDeltaBytes                        = 1048576                                   {product} {ergonomic}
    uintx NonNMethodCodeHeapSize                   = 5830732                                {pd product} {ergonomic}
    uintx NonProfiledCodeHeapSize                  = 122913754                              {pd product} {ergonomic}
    uintx ProfiledCodeHeapSize                     = 122913754                              {pd product} {ergonomic}
    uintx ReservedCodeCacheSize                    = 251658240                              {pd product} {ergonomic}
     bool SegmentedCodeCache                       = true                                      {product} {ergonomic}
     bool UseCompressedClassPointers               = true                                 {lp64_product} {ergonomic}
     bool UseCompressedOops                        = true                                 {lp64_product} {ergonomic}
     bool UseG1GC                                  = true                                      {product} {ergonomic}
     bool UseLargePagesIndividualAllocation        = false                                  {pd product} {ergonomic}

Logging:
Log output configuration:
 #0: stdout all=warning uptime,level,tags
 #1: stderr all=off uptime,level,tags

Environment Variables:
CLASSPATH=..\lib\simlejos.jar;..\lib\EV3WiFiClient.jar
PATH=C:\Users\15149\AppData\Local\Programs\Webots\msys64\mingw64\bin\cpp;C:\Program Files\Common Files\Oracle\Java\javapath;C:\Program Files (x86)\Common Files\Oracle\Java\javapath;C:\windows\system32;C:\windows;C:\windows\System32\Wbem;C:\windows\System32\WindowsPowerShell\v1.0\;C:\windows\System32\OpenSSH\;C:\Program Files (x86)\PharosSystems\Core;C:\MinGW\bin;C:\Program Files\leJOS EV3\bin;C:\Program Files\MATLAB\R2017b\bin;C:\Program Files\Git\cmd;C:\Users\15149\AppData\Local\Microsoft\WindowsApps;C:\Program Files\Java\jdk-11.0.8\bin;C:\Users\15149\AppData\Local\Programs\Webots\lib\controller
USERNAME=15149
OS=Windows_NT
PROCESSOR_IDENTIFIER=Intel64 Family 6 Model 142 Stepping 12, GenuineIntel



---------------  S Y S T E M  ---------------

OS: Windows 10 , 64 bit Build 18362 (10.0.18362.1082)

CPU:total 4 (initial active 4) (2 cores per cpu, 2 threads per core) family 6 model 142 stepping 12, cmov, cx8, fxsr, mmx, sse, sse2, sse3, ssse3, sse4.1, sse4.2, popcnt, avx, avx2, aes, clmul, erms, 3dnowpref, lzcnt, ht, tsc, tscinvbit, bmi1, bmi2, adx, fma

Memory: 4k page, system-wide physical 8003M (2279M free)
TotalPageFile size 15427M (AvailPageFile size 7211M)
current process WorkingSet (physical memory assigned to process): 48M, peak: 48M
current process commit charge ("private bytes"): 202M, peak: 203M

vm_info: Java HotSpot(TM) 64-Bit Server VM (11.0.8+10-LTS) for windows-amd64 JRE (11.0.8+10-LTS), built on Jun 16 2020 05:53:08 by "mach5one" with unknown MS VC++:1916

END.
