#
# A fatal error has been detected by the Java Runtime Environment:
#
#  EXCEPTION_ACCESS_VIOLATION (0xc0000005) at pc=0x000000006e7814a6, pid=10924, tid=19568
#
# JRE version: Java(TM) SE Runtime Environment 18.9 (11.0.8+10) (build 11.0.8+10-LTS)
# Java VM: Java HotSpot(TM) 64-Bit Server VM 18.9 (11.0.8+10-LTS, mixed mode, tiered, compressed oops, g1 gc, windows-amd64)
# Problematic frame:
# C  [JavaController.dll+0x14a6]
#
# No core dump will be written. Minidumps are not enabled by default on client versions of Windows
#
# If you would like to submit a bug report, please visit:
#   https://bugreport.java.com/bugreport/crash.jsp
# The crash happened outside the Java Virtual Machine in native code.
# See problematic frame for where to report the bug.
#

---------------  S U M M A R Y ------------

Command Line: -Djava.library.path=C:/Users/denni/AppData/Local/Programs/Webots/lib/controller/java T06Controller

Host: Intel(R) Core(TM) i5-8265U CPU @ 1.60GHz, 8 cores, 7G,  Windows 10 , 64 bit Build 18362 (10.0.18362.1110)
Time: Fri Nov 20 23:48:04 2020 ??2?¡À¨º¡Á?¨º¡À?? elapsed time: 54 seconds (0d 0h 0m 54s)

---------------  T H R E A D  ---------------

Current thread (0x000001e0a8d57800):  JavaThread "main" [_thread_in_native, id=19568, stack(0x0000000338400000,0x0000000338500000)]

Stack: [0x0000000338400000,0x0000000338500000],  sp=0x00000003384feec0,  free space=1019k
Native frames: (J=compiled Java code, j=interpreted, Vv=VM code, C=native code)
C  [JavaController.dll+0x14a6]

Java frames: (J=compiled Java code, j=interpreted, Vv=VM code)
J 492  com.cyberbotics.webots.controller.wrapperJNI.Camera_getImage(JLcom/cyberbotics/webots/controller/Camera;)[I (0 bytes) @ 0x000001e0b8c52415 [0x000001e0b8c523c0+0x0000000000000055]
J 594 c2 simlejos.hardware.sensor.EV3ColorSensor$RedMode.fetchSample([FI)V (89 bytes) @ 0x000001e0b8c70b64 [0x000001e0b8c70a20+0x0000000000000144]
J 744 c1 ca.mcgill.ecse211.project.Navigation.lineCorrection(II)V (193 bytes) @ 0x000001e0b1829f04 [0x000001e0b1829c20+0x00000000000002e4]
j  ca.mcgill.ecse211.project.Navigation.goStraightFor(IZZ)Z+259
j  ca.mcgill.ecse211.project.Navigation.travelTo(Lca/mcgill/ecse211/playingfield/Point;ZZ)Z+200
j  ca.mcgill.ecse211.project.Navigation.crossBridge(Lca/mcgill/ecse211/playingfield/Point;Lca/mcgill/ecse211/playingfield/Point;Lca/mcgill/ecse211/playingfield/Point;)V+76
j  ca.mcgill.ecse211.project.Main.main([Ljava/lang/String;)V+305
j  T06Controller.main([Ljava/lang/String;)V+1
v  ~StubRoutines::call_stub

siginfo: EXCEPTION_ACCESS_VIOLATION (0xc0000005), reading address 0x0000000000000000


Register to memory mapping:

RIP=0x000000006e7814a6 JavaController.dll
RAX=0x0 is NULL
RBX=0x0 is NULL
RCX=0x0000000000000001 is an unknown value
RDX=0x0000000000000006 is an unknown value
RSP=0x00000003384feec0 is pointing into the stack for thread: 0x000001e0a8d57800
RBP=0x0000000000000001 is an unknown value
RSI=0x000001e0a8d57b40 points into unknown readable memory: 00 2d 2b 57 fa 7f 00 00
RDI=0x000001e0c77e5920 points into unknown readable memory: b0 75 44 89 00 00 00 00
R8 =0x000001e0c8b64e00 points into unknown readable memory: 00 00 00 00 00 00 00 00
R9 =0x00000000894475c0 is pointing into object: [I 
{0x00000000894475b0} - klass: {type array int}
 - length: 1
R10=0x0 is NULL
R11=0x00000003384feea0 is pointing into the stack for thread: 0x000001e0a8d57800
R12=0x0 is NULL
R13=0x000000008a053718 is an oop: java.util.concurrent.locks.ReentrantLock$NonfairSync 
{0x000000008a053718} - klass: 'java/util/concurrent/locks/ReentrantLock$NonfairSync'
R14=0x00000003384fefb0 is pointing into the stack for thread: 0x000001e0a8d57800
R15=0x000001e0a8d57800 is a thread


Registers:
RAX=0x0000000000000000, RBX=0x0000000000000000, RCX=0x0000000000000001, RDX=0x0000000000000006
RSP=0x00000003384feec0, RBP=0x0000000000000001, RSI=0x000001e0a8d57b40, RDI=0x000001e0c77e5920
R8 =0x000001e0c8b64e00, R9 =0x00000000894475c0, R10=0x0000000000000000, R11=0x00000003384feea0
R12=0x0000000000000000, R13=0x000000008a053718, R14=0x00000003384fefb0, R15=0x000001e0a8d57800
RIP=0x000000006e7814a6, EFLAGS=0x0000000000010202

Top of Stack: (sp=0x00000003384feec0)
0x00000003384feec0:   0000000000000000 0000000000000001
0x00000003384feed0:   000001e0a8d57b40 000001e0c77e5920
0x00000003384feee0:   000001e0a6d4d630 000001e0a6d4d630
0x00000003384feef0:   000001e0a8d57b40 0000000000000000
0x00000003384fef00:   0000000000000001 000000006e7820a8
0x00000003384fef10:   000001e0a6d4d630 0000000000000000
0x00000003384fef20:   0000000000000000 00007ffaae572c7d
0x00000003384fef30:   0000000000000000 000000008a306940
0x00000003384fef40:   0000000000000000 0000000000000001
0x00000003384fef50:   00000003384fefc0 000001e0b8c524b5
0x00000003384fef60:   0000000000000008 00007ffaae5829ce
0x00000003384fef70:   000001e000000000 0000000000000470
0x00000003384fef80:   0000000000000000 000000008a141c48
0x00000003384fef90:   000000008a306940 0000000064f45654
0x00000003384fefa0:   000001e0a6d4ea20 00007ffa56f00829
0x00000003384fefb0:   000000008a12a000 00007ffa569fa9e9 

Instructions: (pc=0x000000006e7814a6)
0x000000006e781486:   00 48 89 fa 48 89 f1 ff 90 d8 05 00 00 49 89 c0
0x000000006e781496:   48 85 c0 74 3c 85 ed 7e 17 89 e9 b8 00 00 00 00
0x000000006e7814a6:   8b 14 83 41 89 14 80 48 83 c0 01 48 39 c8 75 f0
0x000000006e7814b6:   48 8b 06 41 b9 00 00 00 00 48 89 fa 48 89 f1 ff 


Stack slot to memory mapping:
stack at sp + 0 slots: 0x0 is NULL
stack at sp + 1 slots: 0x0000000000000001 is an unknown value
stack at sp + 2 slots: 0x000001e0a8d57b40 points into unknown readable memory: 00 2d 2b 57 fa 7f 00 00
stack at sp + 3 slots: 0x000001e0c77e5920 points into unknown readable memory: b0 75 44 89 00 00 00 00
stack at sp + 4 slots: 0x000001e0a6d4d630 points into unknown readable memory: 40 8c f5 64 00 00 00 00
stack at sp + 5 slots: 0x000001e0a6d4d630 points into unknown readable memory: 40 8c f5 64 00 00 00 00
stack at sp + 6 slots: 0x000001e0a8d57b40 points into unknown readable memory: 00 2d 2b 57 fa 7f 00 00
stack at sp + 7 slots: 0x0 is NULL


---------------  P R O C E S S  ---------------

Threads class SMR info:
_java_thread_list=0x000001e0c8b5a150, length=12, elements={
0x000001e0a8d57800, 0x000001e0c7974000, 0x000001e0c799d800, 0x000001e0c79b7800,
0x000001e0c826b800, 0x000001e0c8276000, 0x000001e0c827a800, 0x000001e0c8292800,
0x000001e0c8417800, 0x000001e0c8406000, 0x000001e0a6c31800, 0x000001e0c8418800
}

Java Threads: ( => current thread )
=>0x000001e0a8d57800 JavaThread "main" [_thread_in_native, id=19568, stack(0x0000000338400000,0x0000000338500000)]
  0x000001e0c7974000 JavaThread "Reference Handler" daemon [_thread_blocked, id=17220, stack(0x0000000338b00000,0x0000000338c00000)]
  0x000001e0c799d800 JavaThread "Finalizer" daemon [_thread_blocked, id=21684, stack(0x0000000338c00000,0x0000000338d00000)]
  0x000001e0c79b7800 JavaThread "Signal Dispatcher" daemon [_thread_blocked, id=16884, stack(0x0000000338d00000,0x0000000338e00000)]
  0x000001e0c826b800 JavaThread "Attach Listener" daemon [_thread_blocked, id=17976, stack(0x0000000338e00000,0x0000000338f00000)]
  0x000001e0c8276000 JavaThread "C2 CompilerThread0" daemon [_thread_blocked, id=20616, stack(0x0000000338f00000,0x0000000339000000)]
  0x000001e0c827a800 JavaThread "C1 CompilerThread0" daemon [_thread_blocked, id=21212, stack(0x0000000339000000,0x0000000339100000)]
  0x000001e0c8292800 JavaThread "Sweeper thread" daemon [_thread_blocked, id=20980, stack(0x0000000339100000,0x0000000339200000)]
  0x000001e0c8417800 JavaThread "Service Thread" daemon [_thread_blocked, id=6508, stack(0x0000000339200000,0x0000000339300000)]
  0x000001e0c8406000 JavaThread "Common-Cleaner" daemon [_thread_blocked, id=14636, stack(0x0000000339400000,0x0000000339500000)]
  0x000001e0a6c31800 JavaThread "Thread-0" [_thread_in_native, id=24416, stack(0x0000000339500000,0x0000000339600000)]
  0x000001e0c8418800 JavaThread "Thread-1" [_thread_blocked, id=24556, stack(0x0000000339600000,0x0000000339700000)]

Other Threads:
  0x000001e0c7971000 VMThread "VM Thread" [stack: 0x0000000338a00000,0x0000000338b00000] [id=14572]
  0x000001e0c8405000 WatcherThread [stack: 0x0000000339300000,0x0000000339400000] [id=22448]
  0x000001e0a8d6b800 GCTaskThread "GC Thread#0" [stack: 0x0000000338500000,0x0000000338600000] [id=17432]
  0x000001e0a8d9e000 ConcurrentGCThread "G1 Main Marker" [stack: 0x0000000338600000,0x0000000338700000] [id=22620]
  0x000001e0a8da0000 ConcurrentGCThread "G1 Conc#0" [stack: 0x0000000338700000,0x0000000338800000] [id=6756]
  0x000001e0c77d8800 ConcurrentGCThread "G1 Refine#0" [stack: 0x0000000338800000,0x0000000338900000] [id=2968]
  0x000001e0c77db800 ConcurrentGCThread "G1 Young RemSet Sampling" [stack: 0x0000000338900000,0x0000000338a00000] [id=7348]

Threads with active compile tasks:

VM state:not at safepoint (normal execution)

VM Mutex/Monitor currently owned by a thread: None

Heap address: 0x0000000082600000, size: 2010 MB, Compressed Oops mode: 32-bit
Narrow klass base: 0x0000000000000000, Narrow klass shift: 3
Compressed class space size: 1073741824 Address: 0x0000000100000000

Heap:
 garbage-first heap   total 129024K, used 20480K [0x0000000082600000, 0x0000000100000000)
  region size 1024K, 21 young (21504K), 0 survivors (0K)
 Metaspace       used 8579K, capacity 8879K, committed 9216K, reserved 1056768K
  class space    used 785K, capacity 900K, committed 1024K, reserved 1048576K
Heap Regions: E=young(eden), S=young(survivor), O=old, HS=humongous(starts), HC=humongous(continues), CS=collection set, F=free, A=archive, TAMS=top-at-mark-start (previous, next)
|   0|0x0000000082600000, 0x0000000082600000, 0x0000000082700000|  0%| F|  |TAMS 0x0000000082600000, 0x0000000082600000| Untracked 
|   1|0x0000000082700000, 0x0000000082700000, 0x0000000082800000|  0%| F|  |TAMS 0x0000000082700000, 0x0000000082700000| Untracked 
|   2|0x0000000082800000, 0x0000000082800000, 0x0000000082900000|  0%| F|  |TAMS 0x0000000082800000, 0x0000000082800000| Untracked 
|   3|0x0000000082900000, 0x0000000082900000, 0x0000000082a00000|  0%| F|  |TAMS 0x0000000082900000, 0x0000000082900000| Untracked 
|   4|0x0000000082a00000, 0x0000000082a00000, 0x0000000082b00000|  0%| F|  |TAMS 0x0000000082a00000, 0x0000000082a00000| Untracked 
|   5|0x0000000082b00000, 0x0000000082b00000, 0x0000000082c00000|  0%| F|  |TAMS 0x0000000082b00000, 0x0000000082b00000| Untracked 
|   6|0x0000000082c00000, 0x0000000082c00000, 0x0000000082d00000|  0%| F|  |TAMS 0x0000000082c00000, 0x0000000082c00000| Untracked 
|   7|0x0000000082d00000, 0x0000000082d00000, 0x0000000082e00000|  0%| F|  |TAMS 0x0000000082d00000, 0x0000000082d00000| Untracked 
|   8|0x0000000082e00000, 0x0000000082e00000, 0x0000000082f00000|  0%| F|  |TAMS 0x0000000082e00000, 0x0000000082e00000| Untracked 
|   9|0x0000000082f00000, 0x0000000082f00000, 0x0000000083000000|  0%| F|  |TAMS 0x0000000082f00000, 0x0000000082f00000| Untracked 
|  10|0x0000000083000000, 0x0000000083000000, 0x0000000083100000|  0%| F|  |TAMS 0x0000000083000000, 0x0000000083000000| Untracked 
|  11|0x0000000083100000, 0x0000000083100000, 0x0000000083200000|  0%| F|  |TAMS 0x0000000083100000, 0x0000000083100000| Untracked 
|  12|0x0000000083200000, 0x0000000083200000, 0x0000000083300000|  0%| F|  |TAMS 0x0000000083200000, 0x0000000083200000| Untracked 
|  13|0x0000000083300000, 0x0000000083300000, 0x0000000083400000|  0%| F|  |TAMS 0x0000000083300000, 0x0000000083300000| Untracked 
|  14|0x0000000083400000, 0x0000000083400000, 0x0000000083500000|  0%| F|  |TAMS 0x0000000083400000, 0x0000000083400000| Untracked 
|  15|0x0000000083500000, 0x0000000083500000, 0x0000000083600000|  0%| F|  |TAMS 0x0000000083500000, 0x0000000083500000| Untracked 
|  16|0x0000000083600000, 0x0000000083600000, 0x0000000083700000|  0%| F|  |TAMS 0x0000000083600000, 0x0000000083600000| Untracked 
|  17|0x0000000083700000, 0x0000000083700000, 0x0000000083800000|  0%| F|  |TAMS 0x0000000083700000, 0x0000000083700000| Untracked 
|  18|0x0000000083800000, 0x0000000083800000, 0x0000000083900000|  0%| F|  |TAMS 0x0000000083800000, 0x0000000083800000| Untracked 
|  19|0x0000000083900000, 0x0000000083900000, 0x0000000083a00000|  0%| F|  |TAMS 0x0000000083900000, 0x0000000083900000| Untracked 
|  20|0x0000000083a00000, 0x0000000083a00000, 0x0000000083b00000|  0%| F|  |TAMS 0x0000000083a00000, 0x0000000083a00000| Untracked 
|  21|0x0000000083b00000, 0x0000000083b00000, 0x0000000083c00000|  0%| F|  |TAMS 0x0000000083b00000, 0x0000000083b00000| Untracked 
|  22|0x0000000083c00000, 0x0000000083c00000, 0x0000000083d00000|  0%| F|  |TAMS 0x0000000083c00000, 0x0000000083c00000| Untracked 
|  23|0x0000000083d00000, 0x0000000083d00000, 0x0000000083e00000|  0%| F|  |TAMS 0x0000000083d00000, 0x0000000083d00000| Untracked 
|  24|0x0000000083e00000, 0x0000000083e00000, 0x0000000083f00000|  0%| F|  |TAMS 0x0000000083e00000, 0x0000000083e00000| Untracked 
|  25|0x0000000083f00000, 0x0000000083f00000, 0x0000000084000000|  0%| F|  |TAMS 0x0000000083f00000, 0x0000000083f00000| Untracked 
|  26|0x0000000084000000, 0x0000000084000000, 0x0000000084100000|  0%| F|  |TAMS 0x0000000084000000, 0x0000000084000000| Untracked 
|  27|0x0000000084100000, 0x0000000084100000, 0x0000000084200000|  0%| F|  |TAMS 0x0000000084100000, 0x0000000084100000| Untracked 
|  28|0x0000000084200000, 0x0000000084200000, 0x0000000084300000|  0%| F|  |TAMS 0x0000000084200000, 0x0000000084200000| Untracked 
|  29|0x0000000084300000, 0x0000000084300000, 0x0000000084400000|  0%| F|  |TAMS 0x0000000084300000, 0x0000000084300000| Untracked 
|  30|0x0000000084400000, 0x0000000084400000, 0x0000000084500000|  0%| F|  |TAMS 0x0000000084400000, 0x0000000084400000| Untracked 
|  31|0x0000000084500000, 0x0000000084500000, 0x0000000084600000|  0%| F|  |TAMS 0x0000000084500000, 0x0000000084500000| Untracked 
|  32|0x0000000084600000, 0x0000000084600000, 0x0000000084700000|  0%| F|  |TAMS 0x0000000084600000, 0x0000000084600000| Untracked 
|  33|0x0000000084700000, 0x0000000084700000, 0x0000000084800000|  0%| F|  |TAMS 0x0000000084700000, 0x0000000084700000| Untracked 
|  34|0x0000000084800000, 0x0000000084800000, 0x0000000084900000|  0%| F|  |TAMS 0x0000000084800000, 0x0000000084800000| Untracked 
|  35|0x0000000084900000, 0x0000000084900000, 0x0000000084a00000|  0%| F|  |TAMS 0x0000000084900000, 0x0000000084900000| Untracked 
|  36|0x0000000084a00000, 0x0000000084a00000, 0x0000000084b00000|  0%| F|  |TAMS 0x0000000084a00000, 0x0000000084a00000| Untracked 
|  37|0x0000000084b00000, 0x0000000084b00000, 0x0000000084c00000|  0%| F|  |TAMS 0x0000000084b00000, 0x0000000084b00000| Untracked 
|  38|0x0000000084c00000, 0x0000000084c00000, 0x0000000084d00000|  0%| F|  |TAMS 0x0000000084c00000, 0x0000000084c00000| Untracked 
|  39|0x0000000084d00000, 0x0000000084d00000, 0x0000000084e00000|  0%| F|  |TAMS 0x0000000084d00000, 0x0000000084d00000| Untracked 
|  40|0x0000000084e00000, 0x0000000084e00000, 0x0000000084f00000|  0%| F|  |TAMS 0x0000000084e00000, 0x0000000084e00000| Untracked 
|  41|0x0000000084f00000, 0x0000000084f00000, 0x0000000085000000|  0%| F|  |TAMS 0x0000000084f00000, 0x0000000084f00000| Untracked 
|  42|0x0000000085000000, 0x0000000085000000, 0x0000000085100000|  0%| F|  |TAMS 0x0000000085000000, 0x0000000085000000| Untracked 
|  43|0x0000000085100000, 0x0000000085100000, 0x0000000085200000|  0%| F|  |TAMS 0x0000000085100000, 0x0000000085100000| Untracked 
|  44|0x0000000085200000, 0x0000000085200000, 0x0000000085300000|  0%| F|  |TAMS 0x0000000085200000, 0x0000000085200000| Untracked 
|  45|0x0000000085300000, 0x0000000085300000, 0x0000000085400000|  0%| F|  |TAMS 0x0000000085300000, 0x0000000085300000| Untracked 
|  46|0x0000000085400000, 0x0000000085400000, 0x0000000085500000|  0%| F|  |TAMS 0x0000000085400000, 0x0000000085400000| Untracked 
|  47|0x0000000085500000, 0x0000000085500000, 0x0000000085600000|  0%| F|  |TAMS 0x0000000085500000, 0x0000000085500000| Untracked 
|  48|0x0000000085600000, 0x0000000085600000, 0x0000000085700000|  0%| F|  |TAMS 0x0000000085600000, 0x0000000085600000| Untracked 
|  49|0x0000000085700000, 0x0000000085700000, 0x0000000085800000|  0%| F|  |TAMS 0x0000000085700000, 0x0000000085700000| Untracked 
|  50|0x0000000085800000, 0x0000000085800000, 0x0000000085900000|  0%| F|  |TAMS 0x0000000085800000, 0x0000000085800000| Untracked 
|  51|0x0000000085900000, 0x0000000085900000, 0x0000000085a00000|  0%| F|  |TAMS 0x0000000085900000, 0x0000000085900000| Untracked 
|  52|0x0000000085a00000, 0x0000000085a00000, 0x0000000085b00000|  0%| F|  |TAMS 0x0000000085a00000, 0x0000000085a00000| Untracked 
|  53|0x0000000085b00000, 0x0000000085b00000, 0x0000000085c00000|  0%| F|  |TAMS 0x0000000085b00000, 0x0000000085b00000| Untracked 
|  54|0x0000000085c00000, 0x0000000085c00000, 0x0000000085d00000|  0%| F|  |TAMS 0x0000000085c00000, 0x0000000085c00000| Untracked 
|  55|0x0000000085d00000, 0x0000000085d00000, 0x0000000085e00000|  0%| F|  |TAMS 0x0000000085d00000, 0x0000000085d00000| Untracked 
|  56|0x0000000085e00000, 0x0000000085e00000, 0x0000000085f00000|  0%| F|  |TAMS 0x0000000085e00000, 0x0000000085e00000| Untracked 
|  57|0x0000000085f00000, 0x0000000085f00000, 0x0000000086000000|  0%| F|  |TAMS 0x0000000085f00000, 0x0000000085f00000| Untracked 
|  58|0x0000000086000000, 0x0000000086000000, 0x0000000086100000|  0%| F|  |TAMS 0x0000000086000000, 0x0000000086000000| Untracked 
|  59|0x0000000086100000, 0x0000000086100000, 0x0000000086200000|  0%| F|  |TAMS 0x0000000086100000, 0x0000000086100000| Untracked 
|  60|0x0000000086200000, 0x0000000086200000, 0x0000000086300000|  0%| F|  |TAMS 0x0000000086200000, 0x0000000086200000| Untracked 
|  61|0x0000000086300000, 0x0000000086300000, 0x0000000086400000|  0%| F|  |TAMS 0x0000000086300000, 0x0000000086300000| Untracked 
|  62|0x0000000086400000, 0x0000000086400000, 0x0000000086500000|  0%| F|  |TAMS 0x0000000086400000, 0x0000000086400000| Untracked 
|  63|0x0000000086500000, 0x0000000086500000, 0x0000000086600000|  0%| F|  |TAMS 0x0000000086500000, 0x0000000086500000| Untracked 
|  64|0x0000000086600000, 0x0000000086600000, 0x0000000086700000|  0%| F|  |TAMS 0x0000000086600000, 0x0000000086600000| Untracked 
|  65|0x0000000086700000, 0x0000000086700000, 0x0000000086800000|  0%| F|  |TAMS 0x0000000086700000, 0x0000000086700000| Untracked 
|  66|0x0000000086800000, 0x0000000086800000, 0x0000000086900000|  0%| F|  |TAMS 0x0000000086800000, 0x0000000086800000| Untracked 
|  67|0x0000000086900000, 0x0000000086900000, 0x0000000086a00000|  0%| F|  |TAMS 0x0000000086900000, 0x0000000086900000| Untracked 
|  68|0x0000000086a00000, 0x0000000086a00000, 0x0000000086b00000|  0%| F|  |TAMS 0x0000000086a00000, 0x0000000086a00000| Untracked 
|  69|0x0000000086b00000, 0x0000000086b00000, 0x0000000086c00000|  0%| F|  |TAMS 0x0000000086b00000, 0x0000000086b00000| Untracked 
|  70|0x0000000086c00000, 0x0000000086c00000, 0x0000000086d00000|  0%| F|  |TAMS 0x0000000086c00000, 0x0000000086c00000| Untracked 
|  71|0x0000000086d00000, 0x0000000086d00000, 0x0000000086e00000|  0%| F|  |TAMS 0x0000000086d00000, 0x0000000086d00000| Untracked 
|  72|0x0000000086e00000, 0x0000000086e00000, 0x0000000086f00000|  0%| F|  |TAMS 0x0000000086e00000, 0x0000000086e00000| Untracked 
|  73|0x0000000086f00000, 0x0000000086f00000, 0x0000000087000000|  0%| F|  |TAMS 0x0000000086f00000, 0x0000000086f00000| Untracked 
|  74|0x0000000087000000, 0x0000000087000000, 0x0000000087100000|  0%| F|  |TAMS 0x0000000087000000, 0x0000000087000000| Untracked 
|  75|0x0000000087100000, 0x0000000087100000, 0x0000000087200000|  0%| F|  |TAMS 0x0000000087100000, 0x0000000087100000| Untracked 
|  76|0x0000000087200000, 0x0000000087200000, 0x0000000087300000|  0%| F|  |TAMS 0x0000000087200000, 0x0000000087200000| Untracked 
|  77|0x0000000087300000, 0x0000000087300000, 0x0000000087400000|  0%| F|  |TAMS 0x0000000087300000, 0x0000000087300000| Untracked 
|  78|0x0000000087400000, 0x0000000087400000, 0x0000000087500000|  0%| F|  |TAMS 0x0000000087400000, 0x0000000087400000| Untracked 
|  79|0x0000000087500000, 0x0000000087500000, 0x0000000087600000|  0%| F|  |TAMS 0x0000000087500000, 0x0000000087500000| Untracked 
|  80|0x0000000087600000, 0x0000000087600000, 0x0000000087700000|  0%| F|  |TAMS 0x0000000087600000, 0x0000000087600000| Untracked 
|  81|0x0000000087700000, 0x0000000087700000, 0x0000000087800000|  0%| F|  |TAMS 0x0000000087700000, 0x0000000087700000| Untracked 
|  82|0x0000000087800000, 0x0000000087800000, 0x0000000087900000|  0%| F|  |TAMS 0x0000000087800000, 0x0000000087800000| Untracked 
|  83|0x0000000087900000, 0x0000000087900000, 0x0000000087a00000|  0%| F|  |TAMS 0x0000000087900000, 0x0000000087900000| Untracked 
|  84|0x0000000087a00000, 0x0000000087a00000, 0x0000000087b00000|  0%| F|  |TAMS 0x0000000087a00000, 0x0000000087a00000| Untracked 
|  85|0x0000000087b00000, 0x0000000087b00000, 0x0000000087c00000|  0%| F|  |TAMS 0x0000000087b00000, 0x0000000087b00000| Untracked 
|  86|0x0000000087c00000, 0x0000000087c00000, 0x0000000087d00000|  0%| F|  |TAMS 0x0000000087c00000, 0x0000000087c00000| Untracked 
|  87|0x0000000087d00000, 0x0000000087d00000, 0x0000000087e00000|  0%| F|  |TAMS 0x0000000087d00000, 0x0000000087d00000| Untracked 
|  88|0x0000000087e00000, 0x0000000087e00000, 0x0000000087f00000|  0%| F|  |TAMS 0x0000000087e00000, 0x0000000087e00000| Untracked 
|  89|0x0000000087f00000, 0x0000000087f00000, 0x0000000088000000|  0%| F|  |TAMS 0x0000000087f00000, 0x0000000087f00000| Untracked 
|  90|0x0000000088000000, 0x0000000088000000, 0x0000000088100000|  0%| F|  |TAMS 0x0000000088000000, 0x0000000088000000| Untracked 
|  91|0x0000000088100000, 0x0000000088100000, 0x0000000088200000|  0%| F|  |TAMS 0x0000000088100000, 0x0000000088100000| Untracked 
|  92|0x0000000088200000, 0x0000000088200000, 0x0000000088300000|  0%| F|  |TAMS 0x0000000088200000, 0x0000000088200000| Untracked 
|  93|0x0000000088300000, 0x0000000088300000, 0x0000000088400000|  0%| F|  |TAMS 0x0000000088300000, 0x0000000088300000| Untracked 
|  94|0x0000000088400000, 0x0000000088400000, 0x0000000088500000|  0%| F|  |TAMS 0x0000000088400000, 0x0000000088400000| Untracked 
|  95|0x0000000088500000, 0x0000000088500000, 0x0000000088600000|  0%| F|  |TAMS 0x0000000088500000, 0x0000000088500000| Untracked 
|  96|0x0000000088600000, 0x0000000088600000, 0x0000000088700000|  0%| F|  |TAMS 0x0000000088600000, 0x0000000088600000| Untracked 
|  97|0x0000000088700000, 0x0000000088700000, 0x0000000088800000|  0%| F|  |TAMS 0x0000000088700000, 0x0000000088700000| Untracked 
|  98|0x0000000088800000, 0x0000000088800000, 0x0000000088900000|  0%| F|  |TAMS 0x0000000088800000, 0x0000000088800000| Untracked 
|  99|0x0000000088900000, 0x0000000088900000, 0x0000000088a00000|  0%| F|  |TAMS 0x0000000088900000, 0x0000000088900000| Untracked 
| 100|0x0000000088a00000, 0x0000000088a00000, 0x0000000088b00000|  0%| F|  |TAMS 0x0000000088a00000, 0x0000000088a00000| Untracked 
| 101|0x0000000088b00000, 0x0000000088b00000, 0x0000000088c00000|  0%| F|  |TAMS 0x0000000088b00000, 0x0000000088b00000| Untracked 
| 102|0x0000000088c00000, 0x0000000088c00000, 0x0000000088d00000|  0%| F|  |TAMS 0x0000000088c00000, 0x0000000088c00000| Untracked 
| 103|0x0000000088d00000, 0x0000000088d00000, 0x0000000088e00000|  0%| F|  |TAMS 0x0000000088d00000, 0x0000000088d00000| Untracked 
| 104|0x0000000088e00000, 0x0000000088e00800, 0x0000000088f00000|  0%| E|  |TAMS 0x0000000088e00000, 0x0000000088e00000| Complete 
| 105|0x0000000088f00000, 0x0000000089000000, 0x0000000089000000|100%| E|CS|TAMS 0x0000000088f00000, 0x0000000088f00000| Complete 
| 106|0x0000000089000000, 0x0000000089100000, 0x0000000089100000|100%| E|CS|TAMS 0x0000000089000000, 0x0000000089000000| Complete 
| 107|0x0000000089100000, 0x0000000089200000, 0x0000000089200000|100%| E|CS|TAMS 0x0000000089100000, 0x0000000089100000| Complete 
| 108|0x0000000089200000, 0x0000000089300000, 0x0000000089300000|100%| E|CS|TAMS 0x0000000089200000, 0x0000000089200000| Complete 
| 109|0x0000000089300000, 0x0000000089400000, 0x0000000089400000|100%| E|CS|TAMS 0x0000000089300000, 0x0000000089300000| Complete 
| 110|0x0000000089400000, 0x0000000089500000, 0x0000000089500000|100%| E|CS|TAMS 0x0000000089400000, 0x0000000089400000| Complete 
| 111|0x0000000089500000, 0x0000000089600000, 0x0000000089600000|100%| E|CS|TAMS 0x0000000089500000, 0x0000000089500000| Complete 
| 112|0x0000000089600000, 0x0000000089700000, 0x0000000089700000|100%| E|CS|TAMS 0x0000000089600000, 0x0000000089600000| Complete 
| 113|0x0000000089700000, 0x0000000089800000, 0x0000000089800000|100%| E|CS|TAMS 0x0000000089700000, 0x0000000089700000| Complete 
| 114|0x0000000089800000, 0x0000000089900000, 0x0000000089900000|100%| E|CS|TAMS 0x0000000089800000, 0x0000000089800000| Complete 
| 115|0x0000000089900000, 0x0000000089a00000, 0x0000000089a00000|100%| E|CS|TAMS 0x0000000089900000, 0x0000000089900000| Complete 
| 116|0x0000000089a00000, 0x0000000089b00000, 0x0000000089b00000|100%| E|CS|TAMS 0x0000000089a00000, 0x0000000089a00000| Complete 
| 117|0x0000000089b00000, 0x0000000089c00000, 0x0000000089c00000|100%| E|CS|TAMS 0x0000000089b00000, 0x0000000089b00000| Complete 
| 118|0x0000000089c00000, 0x0000000089d00000, 0x0000000089d00000|100%| E|CS|TAMS 0x0000000089c00000, 0x0000000089c00000| Complete 
| 119|0x0000000089d00000, 0x0000000089e00000, 0x0000000089e00000|100%| E|CS|TAMS 0x0000000089d00000, 0x0000000089d00000| Complete 
| 120|0x0000000089e00000, 0x0000000089f00000, 0x0000000089f00000|100%| E|CS|TAMS 0x0000000089e00000, 0x0000000089e00000| Complete 
| 121|0x0000000089f00000, 0x000000008a000000, 0x000000008a000000|100%| E|CS|TAMS 0x0000000089f00000, 0x0000000089f00000| Complete 
| 122|0x000000008a000000, 0x000000008a100000, 0x000000008a100000|100%| E|CS|TAMS 0x000000008a000000, 0x000000008a000000| Complete 
| 123|0x000000008a100000, 0x000000008a200000, 0x000000008a200000|100%| E|CS|TAMS 0x000000008a100000, 0x000000008a100000| Complete 
| 124|0x000000008a200000, 0x000000008a300000, 0x000000008a300000|100%| E|CS|TAMS 0x000000008a200000, 0x000000008a200000| Complete 
| 125|0x000000008a300000, 0x000000008a400000, 0x000000008a400000|100%| E|CS|TAMS 0x000000008a300000, 0x000000008a300000| Complete 

Card table byte_map: [0x000001e0c0880000,0x000001e0c0c70000] _byte_map_base: 0x000001e0c046d000

Marking Bits (Prev, Next): (CMBitMap*) 0x000001e0a8d95288, (CMBitMap*) 0x000001e0a8d952c0
 Prev Bits: [0x000001e0c1060000, 0x000001e0c2fc8000)
 Next Bits: [0x000001e0c2fd0000, 0x000001e0c4f38000)

Polling page: 0x000001e0a8530000

Metaspace:

Usage:
  Non-class:      7.79 MB capacity,     7.61 MB ( 98%) used,   164.66 KB (  2%) free+waste,    20.38 KB ( <1%) overhead. 
      Class:    900.00 KB capacity,   785.07 KB ( 87%) used,   104.49 KB ( 12%) free+waste,    10.44 KB (  1%) overhead. 
       Both:      8.67 MB capacity,     8.38 MB ( 97%) used,   269.16 KB (  3%) free+waste,    30.81 KB ( <1%) overhead. 

Virtual space:
  Non-class space:        8.00 MB reserved,       8.00 MB (100%) committed 
      Class space:        1.00 GB reserved,       1.00 MB ( <1%) committed 
             Both:        1.01 GB reserved,       9.00 MB ( <1%) committed 

Chunk freelists:
   Non-Class:  2.63 KB
       Class:  0 bytes
        Both:  2.63 KB

CodeHeap 'non-profiled nmethods': size=120000Kb used=362Kb max_used=362Kb free=119637Kb
 bounds [0x000001e0b8c30000, 0x000001e0b8ea0000, 0x000001e0c0160000]
CodeHeap 'profiled nmethods': size=120000Kb used=1199Kb max_used=1199Kb free=118801Kb
 bounds [0x000001e0b1700000, 0x000001e0b1970000, 0x000001e0b8c30000]
CodeHeap 'non-nmethods': size=5760Kb used=1120Kb max_used=1146Kb free=4639Kb
 bounds [0x000001e0b1160000, 0x000001e0b13d0000, 0x000001e0b1700000]
 total_blobs=1188 nmethods=746 adapters=354
 compilation: enabled
              stopped_count=0, restarted_count=0
 full_count=0

Compilation events (10 events):
Event: 31.706 Thread 0x000001e0c827a800  741 %     3       ca.mcgill.ecse211.project.Odometer::run @ 12 (80 bytes)
Event: 31.707 Thread 0x000001e0c827a800 nmethod 741% 0x000001e0b1828790 code [0x000001e0b1828a20, 0x000001e0b1829070]
Event: 31.722 Thread 0x000001e0c827a800  742       3       simlejos.robotics.RegulatedMotor::isMoving (20 bytes)
Event: 31.722 Thread 0x000001e0c827a800 nmethod 742 0x000001e0b1829410 code [0x000001e0b18295e0, 0x000001e0b18297f8]
Event: 31.851 Thread 0x000001e0c827a800  744       3       ca.mcgill.ecse211.project.Navigation::lineCorrection (193 bytes)
Event: 31.853 Thread 0x000001e0c827a800 nmethod 744 0x000001e0b1829890 code [0x000001e0b1829c20, 0x000001e0b182abe0]
Event: 32.226 Thread 0x000001e0c827a800  745       3       ca.mcgill.ecse211.project.Odometer::run (80 bytes)
Event: 32.227 Thread 0x000001e0c827a800 nmethod 745 0x000001e0b182b090 code [0x000001e0b182b320, 0x000001e0b182b8d0]
Event: 50.612 Thread 0x000001e0c8276000  746 %     4       ca.mcgill.ecse211.project.Odometer::run @ 12 (80 bytes)
Event: 50.716 Thread 0x000001e0c8276000 nmethod 746% 0x000001e0b8c87c10 code [0x000001e0b8c87fa0, 0x000001e0b8c89bc0]

GC Heap History (0 events):
No events

Deoptimization events (10 events):
Event: 6.918 Thread 0x000001e0c8418800 Uncommon trap: reason=unstable_if action=reinterpret pc=0x000001e0b8c5f074 method=java.util.concurrent.locks.AbstractQueuedSynchronizer.isOnSyncQueue(Ljava/util/concurrent/locks/AbstractQueuedSynchronizer$Node;)Z @ 22 c2
Event: 6.918 Thread 0x000001e0a8d57800 Uncommon trap: reason=unstable_if action=reinterpret pc=0x000001e0b8c5dc20 method=java.util.concurrent.locks.AbstractQueuedSynchronizer.acquireQueued(Ljava/util/concurrent/locks/AbstractQueuedSynchronizer$Node;I)Z @ 14 c2
Event: 6.942 Thread 0x000001e0a6c31800 Uncommon trap: reason=unstable_if action=reinterpret pc=0x000001e0b8c5448c method=java.util.concurrent.locks.ReentrantLock$Sync.nonfairTryAcquire(I)Z @ 19 c2
Event: 14.206 Thread 0x000001e0a8d57800 Uncommon trap: reason=unstable_if action=reinterpret pc=0x000001e0b8c71b04 method=ca.mcgill.ecse211.project.LightLocalizer.isBlack(II)Z @ 13 c2
Event: 22.164 Thread 0x000001e0a6c31800 Uncommon trap: reason=unstable_if action=reinterpret pc=0x000001e0b8c613a0 method=java.util.concurrent.locks.AbstractQueuedSynchronizer.enq(Ljava/util/concurrent/locks/AbstractQueuedSynchronizer$Node;)Ljava/util/concurrent/locks/AbstractQueuedSynchronizer
Event: 22.164 Thread 0x000001e0a8d57800 Uncommon trap: reason=unstable_if action=reinterpret pc=0x000001e0b8c55a98 method=java.util.concurrent.locks.ReentrantLock$Sync.nonfairTryAcquire(I)Z @ 19 c2
Event: 22.241 Thread 0x000001e0c8418800 Uncommon trap: reason=unstable_if action=reinterpret pc=0x000001e0b8c5d3c0 method=java.util.concurrent.locks.AbstractQueuedSynchronizer.enq(Ljava/util/concurrent/locks/AbstractQueuedSynchronizer$Node;)Ljava/util/concurrent/locks/AbstractQueuedSynchronizer
Event: 23.539 Thread 0x000001e0c8418800 Uncommon trap: reason=unstable_if action=reinterpret pc=0x000001e0b8c674ac method=java.util.concurrent.locks.ReentrantLock$FairSync.tryAcquire(I)Z @ 10 c2
Event: 23.539 Thread 0x000001e0c8418800 Uncommon trap: reason=class_check action=maybe_recompile pc=0x000001e0b8c6bf78 method=java.util.concurrent.locks.AbstractQueuedSynchronizer.acquireQueued(Ljava/util/concurrent/locks/AbstractQueuedSynchronizer$Node;I)Z @ 19 c2
Event: 23.539 Thread 0x000001e0c8418800 Uncommon trap: reason=unstable_if action=reinterpret pc=0x000001e0b8c65ee0 method=java.util.concurrent.locks.ReentrantLock$FairSync.tryAcquire(I)Z @ 10 c2

Classes redefined (0 events):
No events

Internal exceptions (5 events):
Event: 23.620 Thread 0x000001e0a8d57800 Exception <a 'java/lang/NoSuchMethodError'{0x00000000895461d8}: java.lang.invoke.DirectMethodHandle$Holder.invokeStatic(Ljava/lang/Object;Ljava/lang/Object;Ljava/lang/Object;Ljava/lang/Object;Ljava/lang/Object;Ljava/lang/Object;Ljava/lang/Object;Ljava/lan
Event: 23.623 Thread 0x000001e0a8d57800 Exception <a 'java/lang/NoSuchMethodError'{0x0000000089553d90}: java.lang.invoke.DirectMethodHandle$Holder.invokeStatic(Ljava/lang/Object;Ljava/lang/Object;Ljava/lang/Object;Ljava/lang/Object;Ljava/lang/Object;Ljava/lang/Object;Ljava/lang/Object;Ljava/lan
Event: 23.626 Thread 0x000001e0a8d57800 Exception <a 'java/lang/NoSuchMethodError'{0x0000000089561ab8}: java.lang.invoke.DirectMethodHandle$Holder.invokeSpecial(Ljava/lang/Object;Ljava/lang/Object;IILjava/lang/Object;Ljava/lang/Object;Ljava/lang/Object;)Ljava/lang/Object;> (0x0000000089561ab8) 
Event: 23.626 Thread 0x000001e0a8d57800 Exception <a 'java/lang/NoSuchMethodError'{0x0000000089565040}: java.lang.invoke.DelegatingMethodHandle$Holder.reinvoke_L(Ljava/lang/Object;IILjava/lang/Object;Ljava/lang/Object;Ljava/lang/Object;)Ljava/lang/Object;> (0x0000000089565040) thrown at [./open
Event: 23.630 Thread 0x000001e0a8d57800 Exception <a 'java/lang/NoSuchMethodError'{0x0000000089572fa8}: java.lang.invoke.DirectMethodHandle$Holder.invokeStatic(Ljava/lang/Object;Ljava/lang/Object;Ljava/lang/Object;Ljava/lang/Object;Ljava/lang/Object;Ljava/lang/Object;I)Ljava/lang/Object;> (0x00

Events (10 events):
Event: 35.430 Thread 0x000001e0c8418800 DEOPT PACKING pc=0x000001e0b1828ef2 sp=0x00000003396fed60
Event: 35.430 Thread 0x000001e0c8418800 DEOPT UNPACKING pc=0x000001e0b1188d4e sp=0x00000003396fe268 mode 0
Event: 39.125 Thread 0x000001e0c8418800 DEOPT PACKING pc=0x000001e0b1828ef2 sp=0x00000003396fed60
Event: 39.125 Thread 0x000001e0c8418800 DEOPT UNPACKING pc=0x000001e0b1188d4e sp=0x00000003396fe268 mode 0
Event: 42.808 Thread 0x000001e0c8418800 DEOPT PACKING pc=0x000001e0b1828ef2 sp=0x00000003396fed60
Event: 42.808 Thread 0x000001e0c8418800 DEOPT UNPACKING pc=0x000001e0b1188d4e sp=0x00000003396fe268 mode 0
Event: 46.925 Thread 0x000001e0c8418800 DEOPT PACKING pc=0x000001e0b1828ef2 sp=0x00000003396fed60
Event: 46.925 Thread 0x000001e0c8418800 DEOPT UNPACKING pc=0x000001e0b1188d4e sp=0x00000003396fe268 mode 0
Event: 50.612 Thread 0x000001e0c8418800 DEOPT PACKING pc=0x000001e0b1828ef2 sp=0x00000003396fed60
Event: 50.612 Thread 0x000001e0c8418800 DEOPT UNPACKING pc=0x000001e0b1188d4e sp=0x00000003396fe268 mode 0


Dynamic libraries:
0x00007ff69a930000 - 0x00007ff69a93f000 	C:\Program Files\Java\jdk-11.0.8\bin\javaw.exe
0x00007ffab1580000 - 0x00007ffab1770000 	C:\WINDOWS\SYSTEM32\ntdll.dll
0x00007ffab0b40000 - 0x00007ffab0bf2000 	C:\WINDOWS\System32\KERNEL32.DLL
0x00007ffaae530000 - 0x00007ffaae7d5000 	C:\WINDOWS\System32\KERNELBASE.dll
0x00007ffaaf4a0000 - 0x00007ffaaf59a000 	C:\WINDOWS\System32\ucrtbase.dll
0x00007ffaa0350000 - 0x00007ffaa0368000 	C:\Program Files\Java\jdk-11.0.8\bin\jli.dll
0x00007ffa9b220000 - 0x00007ffa9b235000 	C:\Program Files\Java\jdk-11.0.8\bin\VCRUNTIME140.dll
0x00007ffab13a0000 - 0x00007ffab1443000 	C:\WINDOWS\System32\ADVAPI32.dll
0x00007ffab0190000 - 0x00007ffab022e000 	C:\WINDOWS\System32\msvcrt.dll
0x00007ffab0cc0000 - 0x00007ffab0d57000 	C:\WINDOWS\System32\sechost.dll
0x00007ffab0f90000 - 0x00007ffab10b0000 	C:\WINDOWS\System32\RPCRT4.dll
0x00007ffab0d60000 - 0x00007ffab0ef4000 	C:\WINDOWS\System32\USER32.dll
0x00007ffaae500000 - 0x00007ffaae521000 	C:\WINDOWS\System32\win32u.dll
0x00007ffab0630000 - 0x00007ffab0656000 	C:\WINDOWS\System32\GDI32.dll
0x00007ffaae850000 - 0x00007ffaae9e6000 	C:\WINDOWS\System32\gdi32full.dll
0x00007ffaaf350000 - 0x00007ffaaf3ee000 	C:\WINDOWS\System32\msvcp_win.dll
0x00007ffa9c910000 - 0x00007ffa9cb94000 	C:\WINDOWS\WinSxS\amd64_microsoft.windows.common-controls_6595b64144ccf1df_6.0.18362.1198_none_9e820b57e45ad92f\COMCTL32.dll
0x00007ffab0230000 - 0x00007ffab0565000 	C:\WINDOWS\System32\combase.dll
0x00007ffaaf180000 - 0x00007ffaaf200000 	C:\WINDOWS\System32\bcryptPrimitives.dll
0x00007ffaa6120000 - 0x00007ffaa612a000 	C:\WINDOWS\SYSTEM32\VERSION.dll
0x00007ffab0f60000 - 0x00007ffab0f8e000 	C:\WINDOWS\System32\IMM32.DLL
0x00007ffa808d0000 - 0x00007ffa8096b000 	C:\Program Files\Java\jdk-11.0.8\bin\msvcp140.dll
0x00007ffa56900000 - 0x00007ffa573e6000 	C:\Program Files\Java\jdk-11.0.8\bin\server\jvm.dll
0x00007ffab0570000 - 0x00007ffab0578000 	C:\WINDOWS\System32\PSAPI.DLL
0x00007ffaa51b0000 - 0x00007ffaa51b9000 	C:\WINDOWS\SYSTEM32\WSOCK32.dll
0x00007ffaaa7e0000 - 0x00007ffaaa804000 	C:\WINDOWS\SYSTEM32\WINMM.dll
0x00007ffab0880000 - 0x00007ffab08ef000 	C:\WINDOWS\System32\WS2_32.dll
0x00007ffaaa7b0000 - 0x00007ffaaa7dd000 	C:\WINDOWS\SYSTEM32\winmmbase.dll
0x00007ffaae7e0000 - 0x00007ffaae82a000 	C:\WINDOWS\System32\cfgmgr32.dll
0x00007ffaae490000 - 0x00007ffaae4a1000 	C:\WINDOWS\System32\kernel.appcore.dll
0x00007ffa9e5e0000 - 0x00007ffa9e5f0000 	C:\Program Files\Java\jdk-11.0.8\bin\verify.dll
0x00007ffaacbd0000 - 0x00007ffaacdc4000 	C:\WINDOWS\SYSTEM32\DBGHELP.DLL
0x00007ffa93e90000 - 0x00007ffa93eba000 	C:\WINDOWS\SYSTEM32\dbgcore.DLL
0x00007ffa92f80000 - 0x00007ffa92fa8000 	C:\Program Files\Java\jdk-11.0.8\bin\java.dll
0x00007ffa9a6a0000 - 0x00007ffa9a6aa000 	C:\Program Files\Java\jdk-11.0.8\bin\jimage.dll
0x00007ffa92f60000 - 0x00007ffa92f76000 	C:\Program Files\Java\jdk-11.0.8\bin\zip.dll
0x00007ffaafaa0000 - 0x00007ffab0187000 	C:\WINDOWS\System32\SHELL32.dll
0x00007ffab0580000 - 0x00007ffab0629000 	C:\WINDOWS\System32\shcore.dll
0x00007ffaae9f0000 - 0x00007ffaaf171000 	C:\WINDOWS\System32\windows.storage.dll
0x00007ffaae4d0000 - 0x00007ffaae4f3000 	C:\WINDOWS\System32\profapi.dll
0x00007ffaae440000 - 0x00007ffaae48a000 	C:\WINDOWS\System32\powrprof.dll
0x00007ffaae430000 - 0x00007ffaae440000 	C:\WINDOWS\System32\UMPDC.dll
0x00007ffab0f00000 - 0x00007ffab0f52000 	C:\WINDOWS\System32\shlwapi.dll
0x00007ffaae830000 - 0x00007ffaae847000 	C:\WINDOWS\System32\cryptsp.dll
0x00007ffa92f40000 - 0x00007ffa92f59000 	C:\Program Files\Java\jdk-11.0.8\bin\net.dll
0x00007ffaabf20000 - 0x00007ffaac010000 	C:\WINDOWS\SYSTEM32\WINHTTP.dll
0x00007ffaadc80000 - 0x00007ffaadce7000 	C:\WINDOWS\system32\mswsock.dll
0x00007ffa92f20000 - 0x00007ffa92f32000 	C:\Program Files\Java\jdk-11.0.8\bin\nio.dll
0x000000006e780000 - 0x000000006e7c0000 	C:\Users\denni\AppData\Local\Programs\Webots\lib\controller\java\JavaController.dll
0x000000006fc40000 - 0x000000006fdf1000 	C:\Users\denni\AppData\Local\Programs\Webots\msys64\mingw64\bin\cpp\libstdc++-6.dll
0x0000000061440000 - 0x000000006145c000 	C:\Users\denni\AppData\Local\Programs\Webots\msys64\mingw64\bin\cpp\libgcc_s_seh-1.dll
0x0000000064940000 - 0x0000000064956000 	C:\Users\denni\AppData\Local\Programs\Webots\msys64\mingw64\bin\cpp\libwinpthread-1.dll
0x0000000064f40000 - 0x0000000064fac000 	C:\Users\denni\AppData\Local\Programs\Webots\lib\controller\CppController.dll
0x000000006aa40000 - 0x000000006aac8000 	C:\Users\denni\AppData\Local\Programs\Webots\lib\controller\Controller.dll
0x0000000063e00000 - 0x0000000063e1b000 	C:\Users\denni\AppData\Local\Programs\Webots\RESOUR~1\projects\plugins\ROBOT_~1\generic\generic.dll

dbghelp: loaded successfully - version: 4.0.5 - missing functions: none
symbol engine: initialized successfully - sym options: 0x614 - pdb path: .;C:\Program Files\Java\jdk-11.0.8\bin;C:\WINDOWS\SYSTEM32;C:\WINDOWS\WinSxS\amd64_microsoft.windows.common-controls_6595b64144ccf1df_6.0.18362.1198_none_9e820b57e45ad92f;C:\Program Files\Java\jdk-11.0.8\bin\server;C:\Users\denni\AppData\Local\Programs\Webots\lib\controller\java;C:\Users\denni\AppData\Local\Programs\Webots\msys64\mingw64\bin\cpp;C:\Users\denni\AppData\Local\Programs\Webots\lib\controller;C:\Users\denni\AppData\Local\Programs\Webots\RESOUR~1\projects\plugins\ROBOT_~1\generic

VM Arguments:
jvm_args: -Djava.library.path=C:/Users/denni/AppData/Local/Programs/Webots/lib/controller/java 
java_command: T06Controller
java_class_path (initial): C:/Users/denni/AppData/Local/Programs/Webots/lib/controller/java/Controller.jar;C:/Users/denni/Desktop/School/MCGILL/ECSE21~1/WORKSP~1/LAB_FI~1/PROJEC~1/CONTRO~1/T06CON~1/;..\lib\simlejos.jar;..\lib\EV3WiFiClient.jar
Launcher Type: SUN_STANDARD

[Global flags]
     intx CICompilerCount                          = 4                                         {product} {ergonomic}
     uint ConcGCThreads                            = 2                                         {product} {ergonomic}
     uint G1ConcRefinementThreads                  = 8                                         {product} {ergonomic}
   size_t G1HeapRegionSize                         = 1048576                                   {product} {ergonomic}
    uintx GCDrainStackTargetSize                   = 64                                        {product} {ergonomic}
   size_t InitialHeapSize                          = 132120576                                 {product} {ergonomic}
   size_t MarkStackSize                            = 4194304                                   {product} {ergonomic}
   size_t MaxHeapSize                              = 2107637760                                {product} {ergonomic}
   size_t MaxNewSize                               = 1264582656                                {product} {ergonomic}
   size_t MinHeapDeltaBytes                        = 1048576                                   {product} {ergonomic}
    uintx NonNMethodCodeHeapSize                   = 5836300                                {pd product} {ergonomic}
    uintx NonProfiledCodeHeapSize                  = 122910970                              {pd product} {ergonomic}
    uintx ProfiledCodeHeapSize                     = 122910970                              {pd product} {ergonomic}
    uintx ReservedCodeCacheSize                    = 251658240                              {pd product} {ergonomic}
     bool SegmentedCodeCache                       = true                                      {product} {ergonomic}
     bool UseCompressedClassPointers               = true                                 {lp64_product} {ergonomic}
     bool UseCompressedOops                        = true                                 {lp64_product} {ergonomic}
     bool UseG1GC                                  = true                                      {product} {ergonomic}
     bool UseLargePagesIndividualAllocation        = false                                  {pd product} {ergonomic}

Logging:
Log output configuration:
 #0: stdout all=warning uptime,level,tags
 #1: stderr all=off uptime,level,tags

Environment Variables:
JAVA_HOME=C:\Program Files\Java\jdk-11.0.8
CLASSPATH=..\lib\simlejos.jar;..\lib\EV3WiFiClient.jar
PATH=C:\Users\denni\AppData\Local\Programs\Webots\msys64\mingw64\bin\cpp;C:\Program Files\Common Files\Oracle\Java\javapath;C:\Windows\system32;C:\Windows;C:\Windows\System32\Wbem;C:\Windows\System32\WindowsPowerShell\v1.0\;C:\Windows\System32\OpenSSH\;C:\Program Files (x86)\NVIDIA Corporation\PhysX\Common;C:\WINDOWS\system32;C:\WINDOWS;C:\WINDOWS\System32\Wbem;C:\WINDOWS\System32\WindowsPowerShell\v1.0\;C:\WINDOWS\System32\OpenSSH\;C:\Program Files\Git\cmd;C:\Program Files\Microsoft SQL Server\130\Tools\Binn\;C:\Users\denni\AppData\Local\Microsoft\WindowsApps;C:\Users\denni\AppData\Local\GitHubDesktop\bin;C:\intelFPGA\18.0\modelsim_ase\win32aloem;C:\Users\denni\AppData\Roaming\Dashlane\6.2035.0.38627\bin\Firefox_Extension\{442718d9-475e-452a-b3e1-fb1ee16b8e9f}\components;C:\Users\denni\AppData\Roaming\Dashlane\6.2035.0.38627\ucrt;C:\Users\denni\AppData\Roaming\Dashlane\6.2035.0.38627\bin\Qt;C:\Users\denni\AppData\Roaming\Dashlane\6.2035.0.38627\bin\Ssl;C:\Program Files\Java\jdk-11.0.8\bin;C:\Users\denni\AppData\Local\Programs\Webots\lib\controller
USERNAME=denni
OS=Windows_NT
PROCESSOR_IDENTIFIER=Intel64 Family 6 Model 142 Stepping 11, GenuineIntel



---------------  S Y S T E M  ---------------

OS: Windows 10 , 64 bit Build 18362 (10.0.18362.1110)

CPU:total 8 (initial active 8) (4 cores per cpu, 2 threads per core) family 6 model 142 stepping 11, cmov, cx8, fxsr, mmx, sse, sse2, sse3, ssse3, sse4.1, sse4.2, popcnt, avx, avx2, aes, clmul, erms, 3dnowpref, lzcnt, ht, tsc, tscinvbit, bmi1, bmi2, adx, fma

Memory: 4k page, system-wide physical 8037M (2077M free)
TotalPageFile size 11493M (AvailPageFile size 2007M)
current process WorkingSet (physical memory assigned to process): 59M, peak: 63M
current process commit charge ("private bytes"): 207M, peak: 217M

vm_info: Java HotSpot(TM) 64-Bit Server VM (11.0.8+10-LTS) for windows-amd64 JRE (11.0.8+10-LTS), built on Jun 16 2020 05:53:08 by "mach5one" with unknown MS VC++:1916

END.
