#
# A fatal error has been detected by the Java Runtime Environment:
#
#  EXCEPTION_ACCESS_VIOLATION (0xc0000005) at pc=0x000000006e7814a6, pid=15184, tid=2836
#
# JRE version: Java(TM) SE Runtime Environment 18.9 (11.0.8+10) (build 11.0.8+10-LTS)
# Java VM: Java HotSpot(TM) 64-Bit Server VM 18.9 (11.0.8+10-LTS, mixed mode, tiered, compressed oops, g1 gc, windows-amd64)
# Problematic frame:
# C  [JavaController.dll+0x14a6]
#
# No core dump will be written. Minidumps are not enabled by default on client versions of Windows
#
# If you would like to submit a bug report, please visit:
#   https://bugreport.java.com/bugreport/crash.jsp
# The crash happened outside the Java Virtual Machine in native code.
# See problematic frame for where to report the bug.
#

---------------  S U M M A R Y ------------

Command Line: -Djava.library.path=C:/Users/samih/AppData/Local/Programs/Webots/lib/controller/java T06Controller

Host: Intel(R) Core(TM) i7-9750H CPU @ 2.60GHz, 12 cores, 15G,  Windows 10 , 64 bit Build 19041 (10.0.19041.546)
Time: Wed Nov 11 09:29:28 2020 Eastern Standard Time elapsed time: 27 seconds (0d 0h 0m 27s)

---------------  T H R E A D  ---------------

Current thread (0x000001ab79155000):  JavaThread "main" [_thread_in_native, id=2836, stack(0x000000470c200000,0x000000470c300000)]

Stack: [0x000000470c200000,0x000000470c300000],  sp=0x000000470c2fecc0,  free space=1019k
Native frames: (J=compiled Java code, j=interpreted, Vv=VM code, C=native code)
C  [JavaController.dll+0x14a6]

Java frames: (J=compiled Java code, j=interpreted, Vv=VM code)
j  com.cyberbotics.webots.controller.wrapperJNI.Camera_getImage(JLcom/cyberbotics/webots/controller/Camera;)[I+0
j  com.cyberbotics.webots.controller.Camera.getImage()[I+5
j  simlejos.hardware.sensor.EV3ColorSensor$RedMode.fetchSample([FI)V+17
j  ca.mcgill.ecse211.project.LightLocalizer.lightSensorSample(I)I+22
j  ca.mcgill.ecse211.project.LightLocalizer.passBlackLine(Z)V+1
j  ca.mcgill.ecse211.project.LightLocalizer.localize()V+4
j  ca.mcgill.ecse211.project.Main.main([Ljava/lang/String;)V+30
j  T06Controller.main([Ljava/lang/String;)V+1
v  ~StubRoutines::call_stub

siginfo: EXCEPTION_ACCESS_VIOLATION (0xc0000005), reading address 0x0000000000000000


Register to memory mapping:

RIP=0x000000006e7814a6 JavaController.dll
RAX=0x0 is NULL
RBX=0x0 is NULL
RCX=0x0000000000000001 is an unknown value
RDX=0x0000000000000006 is an unknown value
RSP=0x000000470c2fecc0 is pointing into the stack for thread: 0x000001ab79155000
RBP=0x0000000000000001 is an unknown value
RSI=0x000001ab79155340 points into unknown readable memory: 00 2d 71 2a f9 7f 00 00
RDI=0x000001ab1d3ebb40 points into unknown readable memory: a8 75 93 13 07 00 00 00
R8 =0x000001ab1e026960 points into unknown readable memory: 00 00 00 00 69 74 00 64
R9 =0x00000007139375b8 is pointing into object: [I 
{0x00000007139375a8} - klass: {type array int}
 - length: 1
R10=0x0 is NULL
R11=0x000000470c2feca0 is pointing into the stack for thread: 0x000001ab79155000
R12=0x0 is NULL
R13={method} {0x000001ab1d98b4f0} 'Camera_getImage' '(JLcom/cyberbotics/webots/controller/Camera;)[I' in 'com/cyberbotics/webots/controller/wrapperJNI'
R14=0x000000470c2fee10 is pointing into the stack for thread: 0x000001ab79155000
R15=0x000001ab79155000 is a thread


Registers:
RAX=0x0000000000000000, RBX=0x0000000000000000, RCX=0x0000000000000001, RDX=0x0000000000000006
RSP=0x000000470c2fecc0, RBP=0x0000000000000001, RSI=0x000001ab79155340, RDI=0x000001ab1d3ebb40
R8 =0x000001ab1e026960, R9 =0x00000007139375b8, R10=0x0000000000000000, R11=0x000000470c2feca0
R12=0x0000000000000000, R13=0x000001ab1d98b4e8, R14=0x000000470c2fee10, R15=0x000001ab79155000
RIP=0x000000006e7814a6, EFLAGS=0x0000000000010202

Top of Stack: (sp=0x000000470c2fecc0)
0x000000470c2fecc0:   0000000000000000 0000000000000001
0x000000470c2fecd0:   000001ab79155340 000001ab1d3ebb40
0x000000470c2fece0:   000001ab1e2441f0 000001ab1e2441f0
0x000000470c2fecf0:   000001ab79155340 0000000000000000
0x000000470c2fed00:   0000000000000001 000000006e7820a8
0x000000470c2fed10:   000001ab1e2441f0 000000000000afd6
0x000000470c2fed20:   000001ab1d98b4e8 000001ab0833ef00
0x000000470c2fed30:   000000470c2ff300 000001ab1d98b4e8
0x000000470c2fed40:   000000000000afd6 00000000000001a0
0x000000470c2fed50:   000000470c2fede0 000001ab0833f0b7
0x000000470c2fed60:   00000000000001a0 000001ab0833edb2
0x000000470c2fed70:   000001ab79155000 000001ab1d98b4e8
0x000000470c2fed80:   000000470c2fede0 000000000000afd6
0x000000470c2fed90:   000001ab0833ed56 000000470c2fed98
0x000000470c2feda0:   000001ab1d98b4e8 000000470c2fee10
0x000000470c2fedb0:   000001ab1d9a0410 0000000000000000 

Instructions: (pc=0x000000006e7814a6)
0x000000006e781486:   00 48 89 fa 48 89 f1 ff 90 d8 05 00 00 49 89 c0
0x000000006e781496:   48 85 c0 74 3c 85 ed 7e 17 89 e9 b8 00 00 00 00
0x000000006e7814a6:   8b 14 83 41 89 14 80 48 83 c0 01 48 39 c8 75 f0
0x000000006e7814b6:   48 8b 06 41 b9 00 00 00 00 48 89 fa 48 89 f1 ff 


Stack slot to memory mapping:
stack at sp + 0 slots: 0x0 is NULL
stack at sp + 1 slots: 0x0000000000000001 is an unknown value
stack at sp + 2 slots: 0x000001ab79155340 points into unknown readable memory: 00 2d 71 2a f9 7f 00 00
stack at sp + 3 slots: 0x000001ab1d3ebb40 points into unknown readable memory: a8 75 93 13 07 00 00 00
stack at sp + 4 slots: 0x000001ab1e2441f0 points into unknown readable memory: 40 8c f5 64 00 00 00 00
stack at sp + 5 slots: 0x000001ab1e2441f0 points into unknown readable memory: 40 8c f5 64 00 00 00 00
stack at sp + 6 slots: 0x000001ab79155340 points into unknown readable memory: 00 2d 71 2a f9 7f 00 00
stack at sp + 7 slots: 0x0 is NULL


---------------  P R O C E S S  ---------------

Threads class SMR info:
_java_thread_list=0x000001ab1e4c4b60, length=12, elements={
0x000001ab79155000, 0x000001ab1d520800, 0x000001ab1d529000, 0x000001ab1de11000,
0x000001ab1de12800, 0x000001ab1ddc2800, 0x000001ab1de15800, 0x000001ab1de1f000,
0x000001ab1df94800, 0x000001ab1df99000, 0x000001ab1e02f000, 0x000001ab1e4c6000
}

Java Threads: ( => current thread )
=>0x000001ab79155000 JavaThread "main" [_thread_in_native, id=2836, stack(0x000000470c200000,0x000000470c300000)]
  0x000001ab1d520800 JavaThread "Reference Handler" daemon [_thread_blocked, id=21076, stack(0x000000470c900000,0x000000470ca00000)]
  0x000001ab1d529000 JavaThread "Finalizer" daemon [_thread_blocked, id=26996, stack(0x000000470ca00000,0x000000470cb00000)]
  0x000001ab1de11000 JavaThread "Signal Dispatcher" daemon [_thread_blocked, id=1484, stack(0x000000470cb00000,0x000000470cc00000)]
  0x000001ab1de12800 JavaThread "Attach Listener" daemon [_thread_blocked, id=15080, stack(0x000000470cc00000,0x000000470cd00000)]
  0x000001ab1ddc2800 JavaThread "C2 CompilerThread0" daemon [_thread_blocked, id=24240, stack(0x000000470cd00000,0x000000470ce00000)]
  0x000001ab1de15800 JavaThread "C1 CompilerThread0" daemon [_thread_blocked, id=1564, stack(0x000000470ce00000,0x000000470cf00000)]
  0x000001ab1de1f000 JavaThread "Sweeper thread" daemon [_thread_blocked, id=17164, stack(0x000000470cf00000,0x000000470d000000)]
  0x000001ab1df94800 JavaThread "Service Thread" daemon [_thread_blocked, id=10580, stack(0x000000470d000000,0x000000470d100000)]
  0x000001ab1df99000 JavaThread "Common-Cleaner" daemon [_thread_blocked, id=25456, stack(0x000000470d200000,0x000000470d300000)]
  0x000001ab1e02f000 JavaThread "Thread-0" [_thread_in_native, id=12636, stack(0x000000470d300000,0x000000470d400000)]
  0x000001ab1e4c6000 JavaThread "Thread-1" [_thread_blocked, id=11572, stack(0x000000470d400000,0x000000470d500000)]

Other Threads:
  0x000001ab1d4fb800 VMThread "VM Thread" [stack: 0x000000470c800000,0x000000470c900000] [id=12936]
  0x000001ab1df96000 WatcherThread [stack: 0x000000470d100000,0x000000470d200000] [id=21328]
  0x000001ab7916a800 GCTaskThread "GC Thread#0" [stack: 0x000000470c300000,0x000000470c400000] [id=27608]
  0x000001ab791c6800 ConcurrentGCThread "G1 Main Marker" [stack: 0x000000470c400000,0x000000470c500000] [id=22996]
  0x000001ab791c9000 ConcurrentGCThread "G1 Conc#0" [stack: 0x000000470c500000,0x000000470c600000] [id=4012]
  0x000001ab1d3e4800 ConcurrentGCThread "G1 Refine#0" [stack: 0x000000470c600000,0x000000470c700000] [id=6996]
  0x000001ab1d3e5800 ConcurrentGCThread "G1 Young RemSet Sampling" [stack: 0x000000470c700000,0x000000470c800000] [id=17296]

Threads with active compile tasks:

VM state:not at safepoint (normal execution)

VM Mutex/Monitor currently owned by a thread: None

Heap address: 0x0000000704400000, size: 4028 MB, Compressed Oops mode: Zero based, Oop shift amount: 3
Narrow klass base: 0x0000000800000000, Narrow klass shift: 0
Compressed class space size: 1073741824 Address: 0x0000000800000000

Heap:
 garbage-first heap   total 258048K, used 6144K [0x0000000704400000, 0x0000000800000000)
  region size 1024K, 7 young (7168K), 0 survivors (0K)
 Metaspace       used 6396K, capacity 6513K, committed 6784K, reserved 1056768K
  class space    used 542K, capacity 597K, committed 640K, reserved 1048576K
Heap Regions: E=young(eden), S=young(survivor), O=old, HS=humongous(starts), HC=humongous(continues), CS=collection set, F=free, A=archive, TAMS=top-at-mark-start (previous, next)
|   0|0x0000000704400000, 0x0000000704400000, 0x0000000704500000|  0%| F|  |TAMS 0x0000000704400000, 0x0000000704400000| Untracked 
|   1|0x0000000704500000, 0x0000000704500000, 0x0000000704600000|  0%| F|  |TAMS 0x0000000704500000, 0x0000000704500000| Untracked 
|   2|0x0000000704600000, 0x0000000704600000, 0x0000000704700000|  0%| F|  |TAMS 0x0000000704600000, 0x0000000704600000| Untracked 
|   3|0x0000000704700000, 0x0000000704700000, 0x0000000704800000|  0%| F|  |TAMS 0x0000000704700000, 0x0000000704700000| Untracked 
|   4|0x0000000704800000, 0x0000000704800000, 0x0000000704900000|  0%| F|  |TAMS 0x0000000704800000, 0x0000000704800000| Untracked 
|   5|0x0000000704900000, 0x0000000704900000, 0x0000000704a00000|  0%| F|  |TAMS 0x0000000704900000, 0x0000000704900000| Untracked 
|   6|0x0000000704a00000, 0x0000000704a00000, 0x0000000704b00000|  0%| F|  |TAMS 0x0000000704a00000, 0x0000000704a00000| Untracked 
|   7|0x0000000704b00000, 0x0000000704b00000, 0x0000000704c00000|  0%| F|  |TAMS 0x0000000704b00000, 0x0000000704b00000| Untracked 
|   8|0x0000000704c00000, 0x0000000704c00000, 0x0000000704d00000|  0%| F|  |TAMS 0x0000000704c00000, 0x0000000704c00000| Untracked 
|   9|0x0000000704d00000, 0x0000000704d00000, 0x0000000704e00000|  0%| F|  |TAMS 0x0000000704d00000, 0x0000000704d00000| Untracked 
|  10|0x0000000704e00000, 0x0000000704e00000, 0x0000000704f00000|  0%| F|  |TAMS 0x0000000704e00000, 0x0000000704e00000| Untracked 
|  11|0x0000000704f00000, 0x0000000704f00000, 0x0000000705000000|  0%| F|  |TAMS 0x0000000704f00000, 0x0000000704f00000| Untracked 
|  12|0x0000000705000000, 0x0000000705000000, 0x0000000705100000|  0%| F|  |TAMS 0x0000000705000000, 0x0000000705000000| Untracked 
|  13|0x0000000705100000, 0x0000000705100000, 0x0000000705200000|  0%| F|  |TAMS 0x0000000705100000, 0x0000000705100000| Untracked 
|  14|0x0000000705200000, 0x0000000705200000, 0x0000000705300000|  0%| F|  |TAMS 0x0000000705200000, 0x0000000705200000| Untracked 
|  15|0x0000000705300000, 0x0000000705300000, 0x0000000705400000|  0%| F|  |TAMS 0x0000000705300000, 0x0000000705300000| Untracked 
|  16|0x0000000705400000, 0x0000000705400000, 0x0000000705500000|  0%| F|  |TAMS 0x0000000705400000, 0x0000000705400000| Untracked 
|  17|0x0000000705500000, 0x0000000705500000, 0x0000000705600000|  0%| F|  |TAMS 0x0000000705500000, 0x0000000705500000| Untracked 
|  18|0x0000000705600000, 0x0000000705600000, 0x0000000705700000|  0%| F|  |TAMS 0x0000000705600000, 0x0000000705600000| Untracked 
|  19|0x0000000705700000, 0x0000000705700000, 0x0000000705800000|  0%| F|  |TAMS 0x0000000705700000, 0x0000000705700000| Untracked 
|  20|0x0000000705800000, 0x0000000705800000, 0x0000000705900000|  0%| F|  |TAMS 0x0000000705800000, 0x0000000705800000| Untracked 
|  21|0x0000000705900000, 0x0000000705900000, 0x0000000705a00000|  0%| F|  |TAMS 0x0000000705900000, 0x0000000705900000| Untracked 
|  22|0x0000000705a00000, 0x0000000705a00000, 0x0000000705b00000|  0%| F|  |TAMS 0x0000000705a00000, 0x0000000705a00000| Untracked 
|  23|0x0000000705b00000, 0x0000000705b00000, 0x0000000705c00000|  0%| F|  |TAMS 0x0000000705b00000, 0x0000000705b00000| Untracked 
|  24|0x0000000705c00000, 0x0000000705c00000, 0x0000000705d00000|  0%| F|  |TAMS 0x0000000705c00000, 0x0000000705c00000| Untracked 
|  25|0x0000000705d00000, 0x0000000705d00000, 0x0000000705e00000|  0%| F|  |TAMS 0x0000000705d00000, 0x0000000705d00000| Untracked 
|  26|0x0000000705e00000, 0x0000000705e00000, 0x0000000705f00000|  0%| F|  |TAMS 0x0000000705e00000, 0x0000000705e00000| Untracked 
|  27|0x0000000705f00000, 0x0000000705f00000, 0x0000000706000000|  0%| F|  |TAMS 0x0000000705f00000, 0x0000000705f00000| Untracked 
|  28|0x0000000706000000, 0x0000000706000000, 0x0000000706100000|  0%| F|  |TAMS 0x0000000706000000, 0x0000000706000000| Untracked 
|  29|0x0000000706100000, 0x0000000706100000, 0x0000000706200000|  0%| F|  |TAMS 0x0000000706100000, 0x0000000706100000| Untracked 
|  30|0x0000000706200000, 0x0000000706200000, 0x0000000706300000|  0%| F|  |TAMS 0x0000000706200000, 0x0000000706200000| Untracked 
|  31|0x0000000706300000, 0x0000000706300000, 0x0000000706400000|  0%| F|  |TAMS 0x0000000706300000, 0x0000000706300000| Untracked 
|  32|0x0000000706400000, 0x0000000706400000, 0x0000000706500000|  0%| F|  |TAMS 0x0000000706400000, 0x0000000706400000| Untracked 
|  33|0x0000000706500000, 0x0000000706500000, 0x0000000706600000|  0%| F|  |TAMS 0x0000000706500000, 0x0000000706500000| Untracked 
|  34|0x0000000706600000, 0x0000000706600000, 0x0000000706700000|  0%| F|  |TAMS 0x0000000706600000, 0x0000000706600000| Untracked 
|  35|0x0000000706700000, 0x0000000706700000, 0x0000000706800000|  0%| F|  |TAMS 0x0000000706700000, 0x0000000706700000| Untracked 
|  36|0x0000000706800000, 0x0000000706800000, 0x0000000706900000|  0%| F|  |TAMS 0x0000000706800000, 0x0000000706800000| Untracked 
|  37|0x0000000706900000, 0x0000000706900000, 0x0000000706a00000|  0%| F|  |TAMS 0x0000000706900000, 0x0000000706900000| Untracked 
|  38|0x0000000706a00000, 0x0000000706a00000, 0x0000000706b00000|  0%| F|  |TAMS 0x0000000706a00000, 0x0000000706a00000| Untracked 
|  39|0x0000000706b00000, 0x0000000706b00000, 0x0000000706c00000|  0%| F|  |TAMS 0x0000000706b00000, 0x0000000706b00000| Untracked 
|  40|0x0000000706c00000, 0x0000000706c00000, 0x0000000706d00000|  0%| F|  |TAMS 0x0000000706c00000, 0x0000000706c00000| Untracked 
|  41|0x0000000706d00000, 0x0000000706d00000, 0x0000000706e00000|  0%| F|  |TAMS 0x0000000706d00000, 0x0000000706d00000| Untracked 
|  42|0x0000000706e00000, 0x0000000706e00000, 0x0000000706f00000|  0%| F|  |TAMS 0x0000000706e00000, 0x0000000706e00000| Untracked 
|  43|0x0000000706f00000, 0x0000000706f00000, 0x0000000707000000|  0%| F|  |TAMS 0x0000000706f00000, 0x0000000706f00000| Untracked 
|  44|0x0000000707000000, 0x0000000707000000, 0x0000000707100000|  0%| F|  |TAMS 0x0000000707000000, 0x0000000707000000| Untracked 
|  45|0x0000000707100000, 0x0000000707100000, 0x0000000707200000|  0%| F|  |TAMS 0x0000000707100000, 0x0000000707100000| Untracked 
|  46|0x0000000707200000, 0x0000000707200000, 0x0000000707300000|  0%| F|  |TAMS 0x0000000707200000, 0x0000000707200000| Untracked 
|  47|0x0000000707300000, 0x0000000707300000, 0x0000000707400000|  0%| F|  |TAMS 0x0000000707300000, 0x0000000707300000| Untracked 
|  48|0x0000000707400000, 0x0000000707400000, 0x0000000707500000|  0%| F|  |TAMS 0x0000000707400000, 0x0000000707400000| Untracked 
|  49|0x0000000707500000, 0x0000000707500000, 0x0000000707600000|  0%| F|  |TAMS 0x0000000707500000, 0x0000000707500000| Untracked 
|  50|0x0000000707600000, 0x0000000707600000, 0x0000000707700000|  0%| F|  |TAMS 0x0000000707600000, 0x0000000707600000| Untracked 
|  51|0x0000000707700000, 0x0000000707700000, 0x0000000707800000|  0%| F|  |TAMS 0x0000000707700000, 0x0000000707700000| Untracked 
|  52|0x0000000707800000, 0x0000000707800000, 0x0000000707900000|  0%| F|  |TAMS 0x0000000707800000, 0x0000000707800000| Untracked 
|  53|0x0000000707900000, 0x0000000707900000, 0x0000000707a00000|  0%| F|  |TAMS 0x0000000707900000, 0x0000000707900000| Untracked 
|  54|0x0000000707a00000, 0x0000000707a00000, 0x0000000707b00000|  0%| F|  |TAMS 0x0000000707a00000, 0x0000000707a00000| Untracked 
|  55|0x0000000707b00000, 0x0000000707b00000, 0x0000000707c00000|  0%| F|  |TAMS 0x0000000707b00000, 0x0000000707b00000| Untracked 
|  56|0x0000000707c00000, 0x0000000707c00000, 0x0000000707d00000|  0%| F|  |TAMS 0x0000000707c00000, 0x0000000707c00000| Untracked 
|  57|0x0000000707d00000, 0x0000000707d00000, 0x0000000707e00000|  0%| F|  |TAMS 0x0000000707d00000, 0x0000000707d00000| Untracked 
|  58|0x0000000707e00000, 0x0000000707e00000, 0x0000000707f00000|  0%| F|  |TAMS 0x0000000707e00000, 0x0000000707e00000| Untracked 
|  59|0x0000000707f00000, 0x0000000707f00000, 0x0000000708000000|  0%| F|  |TAMS 0x0000000707f00000, 0x0000000707f00000| Untracked 
|  60|0x0000000708000000, 0x0000000708000000, 0x0000000708100000|  0%| F|  |TAMS 0x0000000708000000, 0x0000000708000000| Untracked 
|  61|0x0000000708100000, 0x0000000708100000, 0x0000000708200000|  0%| F|  |TAMS 0x0000000708100000, 0x0000000708100000| Untracked 
|  62|0x0000000708200000, 0x0000000708200000, 0x0000000708300000|  0%| F|  |TAMS 0x0000000708200000, 0x0000000708200000| Untracked 
|  63|0x0000000708300000, 0x0000000708300000, 0x0000000708400000|  0%| F|  |TAMS 0x0000000708300000, 0x0000000708300000| Untracked 
|  64|0x0000000708400000, 0x0000000708400000, 0x0000000708500000|  0%| F|  |TAMS 0x0000000708400000, 0x0000000708400000| Untracked 
|  65|0x0000000708500000, 0x0000000708500000, 0x0000000708600000|  0%| F|  |TAMS 0x0000000708500000, 0x0000000708500000| Untracked 
|  66|0x0000000708600000, 0x0000000708600000, 0x0000000708700000|  0%| F|  |TAMS 0x0000000708600000, 0x0000000708600000| Untracked 
|  67|0x0000000708700000, 0x0000000708700000, 0x0000000708800000|  0%| F|  |TAMS 0x0000000708700000, 0x0000000708700000| Untracked 
|  68|0x0000000708800000, 0x0000000708800000, 0x0000000708900000|  0%| F|  |TAMS 0x0000000708800000, 0x0000000708800000| Untracked 
|  69|0x0000000708900000, 0x0000000708900000, 0x0000000708a00000|  0%| F|  |TAMS 0x0000000708900000, 0x0000000708900000| Untracked 
|  70|0x0000000708a00000, 0x0000000708a00000, 0x0000000708b00000|  0%| F|  |TAMS 0x0000000708a00000, 0x0000000708a00000| Untracked 
|  71|0x0000000708b00000, 0x0000000708b00000, 0x0000000708c00000|  0%| F|  |TAMS 0x0000000708b00000, 0x0000000708b00000| Untracked 
|  72|0x0000000708c00000, 0x0000000708c00000, 0x0000000708d00000|  0%| F|  |TAMS 0x0000000708c00000, 0x0000000708c00000| Untracked 
|  73|0x0000000708d00000, 0x0000000708d00000, 0x0000000708e00000|  0%| F|  |TAMS 0x0000000708d00000, 0x0000000708d00000| Untracked 
|  74|0x0000000708e00000, 0x0000000708e00000, 0x0000000708f00000|  0%| F|  |TAMS 0x0000000708e00000, 0x0000000708e00000| Untracked 
|  75|0x0000000708f00000, 0x0000000708f00000, 0x0000000709000000|  0%| F|  |TAMS 0x0000000708f00000, 0x0000000708f00000| Untracked 
|  76|0x0000000709000000, 0x0000000709000000, 0x0000000709100000|  0%| F|  |TAMS 0x0000000709000000, 0x0000000709000000| Untracked 
|  77|0x0000000709100000, 0x0000000709100000, 0x0000000709200000|  0%| F|  |TAMS 0x0000000709100000, 0x0000000709100000| Untracked 
|  78|0x0000000709200000, 0x0000000709200000, 0x0000000709300000|  0%| F|  |TAMS 0x0000000709200000, 0x0000000709200000| Untracked 
|  79|0x0000000709300000, 0x0000000709300000, 0x0000000709400000|  0%| F|  |TAMS 0x0000000709300000, 0x0000000709300000| Untracked 
|  80|0x0000000709400000, 0x0000000709400000, 0x0000000709500000|  0%| F|  |TAMS 0x0000000709400000, 0x0000000709400000| Untracked 
|  81|0x0000000709500000, 0x0000000709500000, 0x0000000709600000|  0%| F|  |TAMS 0x0000000709500000, 0x0000000709500000| Untracked 
|  82|0x0000000709600000, 0x0000000709600000, 0x0000000709700000|  0%| F|  |TAMS 0x0000000709600000, 0x0000000709600000| Untracked 
|  83|0x0000000709700000, 0x0000000709700000, 0x0000000709800000|  0%| F|  |TAMS 0x0000000709700000, 0x0000000709700000| Untracked 
|  84|0x0000000709800000, 0x0000000709800000, 0x0000000709900000|  0%| F|  |TAMS 0x0000000709800000, 0x0000000709800000| Untracked 
|  85|0x0000000709900000, 0x0000000709900000, 0x0000000709a00000|  0%| F|  |TAMS 0x0000000709900000, 0x0000000709900000| Untracked 
|  86|0x0000000709a00000, 0x0000000709a00000, 0x0000000709b00000|  0%| F|  |TAMS 0x0000000709a00000, 0x0000000709a00000| Untracked 
|  87|0x0000000709b00000, 0x0000000709b00000, 0x0000000709c00000|  0%| F|  |TAMS 0x0000000709b00000, 0x0000000709b00000| Untracked 
|  88|0x0000000709c00000, 0x0000000709c00000, 0x0000000709d00000|  0%| F|  |TAMS 0x0000000709c00000, 0x0000000709c00000| Untracked 
|  89|0x0000000709d00000, 0x0000000709d00000, 0x0000000709e00000|  0%| F|  |TAMS 0x0000000709d00000, 0x0000000709d00000| Untracked 
|  90|0x0000000709e00000, 0x0000000709e00000, 0x0000000709f00000|  0%| F|  |TAMS 0x0000000709e00000, 0x0000000709e00000| Untracked 
|  91|0x0000000709f00000, 0x0000000709f00000, 0x000000070a000000|  0%| F|  |TAMS 0x0000000709f00000, 0x0000000709f00000| Untracked 
|  92|0x000000070a000000, 0x000000070a000000, 0x000000070a100000|  0%| F|  |TAMS 0x000000070a000000, 0x000000070a000000| Untracked 
|  93|0x000000070a100000, 0x000000070a100000, 0x000000070a200000|  0%| F|  |TAMS 0x000000070a100000, 0x000000070a100000| Untracked 
|  94|0x000000070a200000, 0x000000070a200000, 0x000000070a300000|  0%| F|  |TAMS 0x000000070a200000, 0x000000070a200000| Untracked 
|  95|0x000000070a300000, 0x000000070a300000, 0x000000070a400000|  0%| F|  |TAMS 0x000000070a300000, 0x000000070a300000| Untracked 
|  96|0x000000070a400000, 0x000000070a400000, 0x000000070a500000|  0%| F|  |TAMS 0x000000070a400000, 0x000000070a400000| Untracked 
|  97|0x000000070a500000, 0x000000070a500000, 0x000000070a600000|  0%| F|  |TAMS 0x000000070a500000, 0x000000070a500000| Untracked 
|  98|0x000000070a600000, 0x000000070a600000, 0x000000070a700000|  0%| F|  |TAMS 0x000000070a600000, 0x000000070a600000| Untracked 
|  99|0x000000070a700000, 0x000000070a700000, 0x000000070a800000|  0%| F|  |TAMS 0x000000070a700000, 0x000000070a700000| Untracked 
| 100|0x000000070a800000, 0x000000070a800000, 0x000000070a900000|  0%| F|  |TAMS 0x000000070a800000, 0x000000070a800000| Untracked 
| 101|0x000000070a900000, 0x000000070a900000, 0x000000070aa00000|  0%| F|  |TAMS 0x000000070a900000, 0x000000070a900000| Untracked 
| 102|0x000000070aa00000, 0x000000070aa00000, 0x000000070ab00000|  0%| F|  |TAMS 0x000000070aa00000, 0x000000070aa00000| Untracked 
| 103|0x000000070ab00000, 0x000000070ab00000, 0x000000070ac00000|  0%| F|  |TAMS 0x000000070ab00000, 0x000000070ab00000| Untracked 
| 104|0x000000070ac00000, 0x000000070ac00000, 0x000000070ad00000|  0%| F|  |TAMS 0x000000070ac00000, 0x000000070ac00000| Untracked 
| 105|0x000000070ad00000, 0x000000070ad00000, 0x000000070ae00000|  0%| F|  |TAMS 0x000000070ad00000, 0x000000070ad00000| Untracked 
| 106|0x000000070ae00000, 0x000000070ae00000, 0x000000070af00000|  0%| F|  |TAMS 0x000000070ae00000, 0x000000070ae00000| Untracked 
| 107|0x000000070af00000, 0x000000070af00000, 0x000000070b000000|  0%| F|  |TAMS 0x000000070af00000, 0x000000070af00000| Untracked 
| 108|0x000000070b000000, 0x000000070b000000, 0x000000070b100000|  0%| F|  |TAMS 0x000000070b000000, 0x000000070b000000| Untracked 
| 109|0x000000070b100000, 0x000000070b100000, 0x000000070b200000|  0%| F|  |TAMS 0x000000070b100000, 0x000000070b100000| Untracked 
| 110|0x000000070b200000, 0x000000070b200000, 0x000000070b300000|  0%| F|  |TAMS 0x000000070b200000, 0x000000070b200000| Untracked 
| 111|0x000000070b300000, 0x000000070b300000, 0x000000070b400000|  0%| F|  |TAMS 0x000000070b300000, 0x000000070b300000| Untracked 
| 112|0x000000070b400000, 0x000000070b400000, 0x000000070b500000|  0%| F|  |TAMS 0x000000070b400000, 0x000000070b400000| Untracked 
| 113|0x000000070b500000, 0x000000070b500000, 0x000000070b600000|  0%| F|  |TAMS 0x000000070b500000, 0x000000070b500000| Untracked 
| 114|0x000000070b600000, 0x000000070b600000, 0x000000070b700000|  0%| F|  |TAMS 0x000000070b600000, 0x000000070b600000| Untracked 
| 115|0x000000070b700000, 0x000000070b700000, 0x000000070b800000|  0%| F|  |TAMS 0x000000070b700000, 0x000000070b700000| Untracked 
| 116|0x000000070b800000, 0x000000070b800000, 0x000000070b900000|  0%| F|  |TAMS 0x000000070b800000, 0x000000070b800000| Untracked 
| 117|0x000000070b900000, 0x000000070b900000, 0x000000070ba00000|  0%| F|  |TAMS 0x000000070b900000, 0x000000070b900000| Untracked 
| 118|0x000000070ba00000, 0x000000070ba00000, 0x000000070bb00000|  0%| F|  |TAMS 0x000000070ba00000, 0x000000070ba00000| Untracked 
| 119|0x000000070bb00000, 0x000000070bb00000, 0x000000070bc00000|  0%| F|  |TAMS 0x000000070bb00000, 0x000000070bb00000| Untracked 
| 120|0x000000070bc00000, 0x000000070bc00000, 0x000000070bd00000|  0%| F|  |TAMS 0x000000070bc00000, 0x000000070bc00000| Untracked 
| 121|0x000000070bd00000, 0x000000070bd00000, 0x000000070be00000|  0%| F|  |TAMS 0x000000070bd00000, 0x000000070bd00000| Untracked 
| 122|0x000000070be00000, 0x000000070be00000, 0x000000070bf00000|  0%| F|  |TAMS 0x000000070be00000, 0x000000070be00000| Untracked 
| 123|0x000000070bf00000, 0x000000070bf00000, 0x000000070c000000|  0%| F|  |TAMS 0x000000070bf00000, 0x000000070bf00000| Untracked 
| 124|0x000000070c000000, 0x000000070c000000, 0x000000070c100000|  0%| F|  |TAMS 0x000000070c000000, 0x000000070c000000| Untracked 
| 125|0x000000070c100000, 0x000000070c100000, 0x000000070c200000|  0%| F|  |TAMS 0x000000070c100000, 0x000000070c100000| Untracked 
| 126|0x000000070c200000, 0x000000070c200000, 0x000000070c300000|  0%| F|  |TAMS 0x000000070c200000, 0x000000070c200000| Untracked 
| 127|0x000000070c300000, 0x000000070c300000, 0x000000070c400000|  0%| F|  |TAMS 0x000000070c300000, 0x000000070c300000| Untracked 
| 128|0x000000070c400000, 0x000000070c400000, 0x000000070c500000|  0%| F|  |TAMS 0x000000070c400000, 0x000000070c400000| Untracked 
| 129|0x000000070c500000, 0x000000070c500000, 0x000000070c600000|  0%| F|  |TAMS 0x000000070c500000, 0x000000070c500000| Untracked 
| 130|0x000000070c600000, 0x000000070c600000, 0x000000070c700000|  0%| F|  |TAMS 0x000000070c600000, 0x000000070c600000| Untracked 
| 131|0x000000070c700000, 0x000000070c700000, 0x000000070c800000|  0%| F|  |TAMS 0x000000070c700000, 0x000000070c700000| Untracked 
| 132|0x000000070c800000, 0x000000070c800000, 0x000000070c900000|  0%| F|  |TAMS 0x000000070c800000, 0x000000070c800000| Untracked 
| 133|0x000000070c900000, 0x000000070c900000, 0x000000070ca00000|  0%| F|  |TAMS 0x000000070c900000, 0x000000070c900000| Untracked 
| 134|0x000000070ca00000, 0x000000070ca00000, 0x000000070cb00000|  0%| F|  |TAMS 0x000000070ca00000, 0x000000070ca00000| Untracked 
| 135|0x000000070cb00000, 0x000000070cb00000, 0x000000070cc00000|  0%| F|  |TAMS 0x000000070cb00000, 0x000000070cb00000| Untracked 
| 136|0x000000070cc00000, 0x000000070cc00000, 0x000000070cd00000|  0%| F|  |TAMS 0x000000070cc00000, 0x000000070cc00000| Untracked 
| 137|0x000000070cd00000, 0x000000070cd00000, 0x000000070ce00000|  0%| F|  |TAMS 0x000000070cd00000, 0x000000070cd00000| Untracked 
| 138|0x000000070ce00000, 0x000000070ce00000, 0x000000070cf00000|  0%| F|  |TAMS 0x000000070ce00000, 0x000000070ce00000| Untracked 
| 139|0x000000070cf00000, 0x000000070cf00000, 0x000000070d000000|  0%| F|  |TAMS 0x000000070cf00000, 0x000000070cf00000| Untracked 
| 140|0x000000070d000000, 0x000000070d000000, 0x000000070d100000|  0%| F|  |TAMS 0x000000070d000000, 0x000000070d000000| Untracked 
| 141|0x000000070d100000, 0x000000070d100000, 0x000000070d200000|  0%| F|  |TAMS 0x000000070d100000, 0x000000070d100000| Untracked 
| 142|0x000000070d200000, 0x000000070d200000, 0x000000070d300000|  0%| F|  |TAMS 0x000000070d200000, 0x000000070d200000| Untracked 
| 143|0x000000070d300000, 0x000000070d300000, 0x000000070d400000|  0%| F|  |TAMS 0x000000070d300000, 0x000000070d300000| Untracked 
| 144|0x000000070d400000, 0x000000070d400000, 0x000000070d500000|  0%| F|  |TAMS 0x000000070d400000, 0x000000070d400000| Untracked 
| 145|0x000000070d500000, 0x000000070d500000, 0x000000070d600000|  0%| F|  |TAMS 0x000000070d500000, 0x000000070d500000| Untracked 
| 146|0x000000070d600000, 0x000000070d600000, 0x000000070d700000|  0%| F|  |TAMS 0x000000070d600000, 0x000000070d600000| Untracked 
| 147|0x000000070d700000, 0x000000070d700000, 0x000000070d800000|  0%| F|  |TAMS 0x000000070d700000, 0x000000070d700000| Untracked 
| 148|0x000000070d800000, 0x000000070d800000, 0x000000070d900000|  0%| F|  |TAMS 0x000000070d800000, 0x000000070d800000| Untracked 
| 149|0x000000070d900000, 0x000000070d900000, 0x000000070da00000|  0%| F|  |TAMS 0x000000070d900000, 0x000000070d900000| Untracked 
| 150|0x000000070da00000, 0x000000070da00000, 0x000000070db00000|  0%| F|  |TAMS 0x000000070da00000, 0x000000070da00000| Untracked 
| 151|0x000000070db00000, 0x000000070db00000, 0x000000070dc00000|  0%| F|  |TAMS 0x000000070db00000, 0x000000070db00000| Untracked 
| 152|0x000000070dc00000, 0x000000070dc00000, 0x000000070dd00000|  0%| F|  |TAMS 0x000000070dc00000, 0x000000070dc00000| Untracked 
| 153|0x000000070dd00000, 0x000000070dd00000, 0x000000070de00000|  0%| F|  |TAMS 0x000000070dd00000, 0x000000070dd00000| Untracked 
| 154|0x000000070de00000, 0x000000070de00000, 0x000000070df00000|  0%| F|  |TAMS 0x000000070de00000, 0x000000070de00000| Untracked 
| 155|0x000000070df00000, 0x000000070df00000, 0x000000070e000000|  0%| F|  |TAMS 0x000000070df00000, 0x000000070df00000| Untracked 
| 156|0x000000070e000000, 0x000000070e000000, 0x000000070e100000|  0%| F|  |TAMS 0x000000070e000000, 0x000000070e000000| Untracked 
| 157|0x000000070e100000, 0x000000070e100000, 0x000000070e200000|  0%| F|  |TAMS 0x000000070e100000, 0x000000070e100000| Untracked 
| 158|0x000000070e200000, 0x000000070e200000, 0x000000070e300000|  0%| F|  |TAMS 0x000000070e200000, 0x000000070e200000| Untracked 
| 159|0x000000070e300000, 0x000000070e300000, 0x000000070e400000|  0%| F|  |TAMS 0x000000070e300000, 0x000000070e300000| Untracked 
| 160|0x000000070e400000, 0x000000070e400000, 0x000000070e500000|  0%| F|  |TAMS 0x000000070e400000, 0x000000070e400000| Untracked 
| 161|0x000000070e500000, 0x000000070e500000, 0x000000070e600000|  0%| F|  |TAMS 0x000000070e500000, 0x000000070e500000| Untracked 
| 162|0x000000070e600000, 0x000000070e600000, 0x000000070e700000|  0%| F|  |TAMS 0x000000070e600000, 0x000000070e600000| Untracked 
| 163|0x000000070e700000, 0x000000070e700000, 0x000000070e800000|  0%| F|  |TAMS 0x000000070e700000, 0x000000070e700000| Untracked 
| 164|0x000000070e800000, 0x000000070e800000, 0x000000070e900000|  0%| F|  |TAMS 0x000000070e800000, 0x000000070e800000| Untracked 
| 165|0x000000070e900000, 0x000000070e900000, 0x000000070ea00000|  0%| F|  |TAMS 0x000000070e900000, 0x000000070e900000| Untracked 
| 166|0x000000070ea00000, 0x000000070ea00000, 0x000000070eb00000|  0%| F|  |TAMS 0x000000070ea00000, 0x000000070ea00000| Untracked 
| 167|0x000000070eb00000, 0x000000070eb00000, 0x000000070ec00000|  0%| F|  |TAMS 0x000000070eb00000, 0x000000070eb00000| Untracked 
| 168|0x000000070ec00000, 0x000000070ec00000, 0x000000070ed00000|  0%| F|  |TAMS 0x000000070ec00000, 0x000000070ec00000| Untracked 
| 169|0x000000070ed00000, 0x000000070ed00000, 0x000000070ee00000|  0%| F|  |TAMS 0x000000070ed00000, 0x000000070ed00000| Untracked 
| 170|0x000000070ee00000, 0x000000070ee00000, 0x000000070ef00000|  0%| F|  |TAMS 0x000000070ee00000, 0x000000070ee00000| Untracked 
| 171|0x000000070ef00000, 0x000000070ef00000, 0x000000070f000000|  0%| F|  |TAMS 0x000000070ef00000, 0x000000070ef00000| Untracked 
| 172|0x000000070f000000, 0x000000070f000000, 0x000000070f100000|  0%| F|  |TAMS 0x000000070f000000, 0x000000070f000000| Untracked 
| 173|0x000000070f100000, 0x000000070f100000, 0x000000070f200000|  0%| F|  |TAMS 0x000000070f100000, 0x000000070f100000| Untracked 
| 174|0x000000070f200000, 0x000000070f200000, 0x000000070f300000|  0%| F|  |TAMS 0x000000070f200000, 0x000000070f200000| Untracked 
| 175|0x000000070f300000, 0x000000070f300000, 0x000000070f400000|  0%| F|  |TAMS 0x000000070f300000, 0x000000070f300000| Untracked 
| 176|0x000000070f400000, 0x000000070f400000, 0x000000070f500000|  0%| F|  |TAMS 0x000000070f400000, 0x000000070f400000| Untracked 
| 177|0x000000070f500000, 0x000000070f500000, 0x000000070f600000|  0%| F|  |TAMS 0x000000070f500000, 0x000000070f500000| Untracked 
| 178|0x000000070f600000, 0x000000070f600000, 0x000000070f700000|  0%| F|  |TAMS 0x000000070f600000, 0x000000070f600000| Untracked 
| 179|0x000000070f700000, 0x000000070f700000, 0x000000070f800000|  0%| F|  |TAMS 0x000000070f700000, 0x000000070f700000| Untracked 
| 180|0x000000070f800000, 0x000000070f800000, 0x000000070f900000|  0%| F|  |TAMS 0x000000070f800000, 0x000000070f800000| Untracked 
| 181|0x000000070f900000, 0x000000070f900000, 0x000000070fa00000|  0%| F|  |TAMS 0x000000070f900000, 0x000000070f900000| Untracked 
| 182|0x000000070fa00000, 0x000000070fa00000, 0x000000070fb00000|  0%| F|  |TAMS 0x000000070fa00000, 0x000000070fa00000| Untracked 
| 183|0x000000070fb00000, 0x000000070fb00000, 0x000000070fc00000|  0%| F|  |TAMS 0x000000070fb00000, 0x000000070fb00000| Untracked 
| 184|0x000000070fc00000, 0x000000070fc00000, 0x000000070fd00000|  0%| F|  |TAMS 0x000000070fc00000, 0x000000070fc00000| Untracked 
| 185|0x000000070fd00000, 0x000000070fd00000, 0x000000070fe00000|  0%| F|  |TAMS 0x000000070fd00000, 0x000000070fd00000| Untracked 
| 186|0x000000070fe00000, 0x000000070fe00000, 0x000000070ff00000|  0%| F|  |TAMS 0x000000070fe00000, 0x000000070fe00000| Untracked 
| 187|0x000000070ff00000, 0x000000070ff00000, 0x0000000710000000|  0%| F|  |TAMS 0x000000070ff00000, 0x000000070ff00000| Untracked 
| 188|0x0000000710000000, 0x0000000710000000, 0x0000000710100000|  0%| F|  |TAMS 0x0000000710000000, 0x0000000710000000| Untracked 
| 189|0x0000000710100000, 0x0000000710100000, 0x0000000710200000|  0%| F|  |TAMS 0x0000000710100000, 0x0000000710100000| Untracked 
| 190|0x0000000710200000, 0x0000000710200000, 0x0000000710300000|  0%| F|  |TAMS 0x0000000710200000, 0x0000000710200000| Untracked 
| 191|0x0000000710300000, 0x0000000710300000, 0x0000000710400000|  0%| F|  |TAMS 0x0000000710300000, 0x0000000710300000| Untracked 
| 192|0x0000000710400000, 0x0000000710400000, 0x0000000710500000|  0%| F|  |TAMS 0x0000000710400000, 0x0000000710400000| Untracked 
| 193|0x0000000710500000, 0x0000000710500000, 0x0000000710600000|  0%| F|  |TAMS 0x0000000710500000, 0x0000000710500000| Untracked 
| 194|0x0000000710600000, 0x0000000710600000, 0x0000000710700000|  0%| F|  |TAMS 0x0000000710600000, 0x0000000710600000| Untracked 
| 195|0x0000000710700000, 0x0000000710700000, 0x0000000710800000|  0%| F|  |TAMS 0x0000000710700000, 0x0000000710700000| Untracked 
| 196|0x0000000710800000, 0x0000000710800000, 0x0000000710900000|  0%| F|  |TAMS 0x0000000710800000, 0x0000000710800000| Untracked 
| 197|0x0000000710900000, 0x0000000710900000, 0x0000000710a00000|  0%| F|  |TAMS 0x0000000710900000, 0x0000000710900000| Untracked 
| 198|0x0000000710a00000, 0x0000000710a00000, 0x0000000710b00000|  0%| F|  |TAMS 0x0000000710a00000, 0x0000000710a00000| Untracked 
| 199|0x0000000710b00000, 0x0000000710b00000, 0x0000000710c00000|  0%| F|  |TAMS 0x0000000710b00000, 0x0000000710b00000| Untracked 
| 200|0x0000000710c00000, 0x0000000710c00000, 0x0000000710d00000|  0%| F|  |TAMS 0x0000000710c00000, 0x0000000710c00000| Untracked 
| 201|0x0000000710d00000, 0x0000000710d00000, 0x0000000710e00000|  0%| F|  |TAMS 0x0000000710d00000, 0x0000000710d00000| Untracked 
| 202|0x0000000710e00000, 0x0000000710e00000, 0x0000000710f00000|  0%| F|  |TAMS 0x0000000710e00000, 0x0000000710e00000| Untracked 
| 203|0x0000000710f00000, 0x0000000710f00000, 0x0000000711000000|  0%| F|  |TAMS 0x0000000710f00000, 0x0000000710f00000| Untracked 
| 204|0x0000000711000000, 0x0000000711000000, 0x0000000711100000|  0%| F|  |TAMS 0x0000000711000000, 0x0000000711000000| Untracked 
| 205|0x0000000711100000, 0x0000000711100000, 0x0000000711200000|  0%| F|  |TAMS 0x0000000711100000, 0x0000000711100000| Untracked 
| 206|0x0000000711200000, 0x0000000711200000, 0x0000000711300000|  0%| F|  |TAMS 0x0000000711200000, 0x0000000711200000| Untracked 
| 207|0x0000000711300000, 0x0000000711300000, 0x0000000711400000|  0%| F|  |TAMS 0x0000000711300000, 0x0000000711300000| Untracked 
| 208|0x0000000711400000, 0x0000000711400000, 0x0000000711500000|  0%| F|  |TAMS 0x0000000711400000, 0x0000000711400000| Untracked 
| 209|0x0000000711500000, 0x0000000711500000, 0x0000000711600000|  0%| F|  |TAMS 0x0000000711500000, 0x0000000711500000| Untracked 
| 210|0x0000000711600000, 0x0000000711600000, 0x0000000711700000|  0%| F|  |TAMS 0x0000000711600000, 0x0000000711600000| Untracked 
| 211|0x0000000711700000, 0x0000000711700000, 0x0000000711800000|  0%| F|  |TAMS 0x0000000711700000, 0x0000000711700000| Untracked 
| 212|0x0000000711800000, 0x0000000711800000, 0x0000000711900000|  0%| F|  |TAMS 0x0000000711800000, 0x0000000711800000| Untracked 
| 213|0x0000000711900000, 0x0000000711900000, 0x0000000711a00000|  0%| F|  |TAMS 0x0000000711900000, 0x0000000711900000| Untracked 
| 214|0x0000000711a00000, 0x0000000711a00000, 0x0000000711b00000|  0%| F|  |TAMS 0x0000000711a00000, 0x0000000711a00000| Untracked 
| 215|0x0000000711b00000, 0x0000000711b00000, 0x0000000711c00000|  0%| F|  |TAMS 0x0000000711b00000, 0x0000000711b00000| Untracked 
| 216|0x0000000711c00000, 0x0000000711c00000, 0x0000000711d00000|  0%| F|  |TAMS 0x0000000711c00000, 0x0000000711c00000| Untracked 
| 217|0x0000000711d00000, 0x0000000711d00000, 0x0000000711e00000|  0%| F|  |TAMS 0x0000000711d00000, 0x0000000711d00000| Untracked 
| 218|0x0000000711e00000, 0x0000000711e00000, 0x0000000711f00000|  0%| F|  |TAMS 0x0000000711e00000, 0x0000000711e00000| Untracked 
| 219|0x0000000711f00000, 0x0000000711f00000, 0x0000000712000000|  0%| F|  |TAMS 0x0000000711f00000, 0x0000000711f00000| Untracked 
| 220|0x0000000712000000, 0x0000000712000000, 0x0000000712100000|  0%| F|  |TAMS 0x0000000712000000, 0x0000000712000000| Untracked 
| 221|0x0000000712100000, 0x0000000712100000, 0x0000000712200000|  0%| F|  |TAMS 0x0000000712100000, 0x0000000712100000| Untracked 
| 222|0x0000000712200000, 0x0000000712200000, 0x0000000712300000|  0%| F|  |TAMS 0x0000000712200000, 0x0000000712200000| Untracked 
| 223|0x0000000712300000, 0x0000000712300000, 0x0000000712400000|  0%| F|  |TAMS 0x0000000712300000, 0x0000000712300000| Untracked 
| 224|0x0000000712400000, 0x0000000712400000, 0x0000000712500000|  0%| F|  |TAMS 0x0000000712400000, 0x0000000712400000| Untracked 
| 225|0x0000000712500000, 0x0000000712500000, 0x0000000712600000|  0%| F|  |TAMS 0x0000000712500000, 0x0000000712500000| Untracked 
| 226|0x0000000712600000, 0x0000000712600000, 0x0000000712700000|  0%| F|  |TAMS 0x0000000712600000, 0x0000000712600000| Untracked 
| 227|0x0000000712700000, 0x0000000712700000, 0x0000000712800000|  0%| F|  |TAMS 0x0000000712700000, 0x0000000712700000| Untracked 
| 228|0x0000000712800000, 0x0000000712800000, 0x0000000712900000|  0%| F|  |TAMS 0x0000000712800000, 0x0000000712800000| Untracked 
| 229|0x0000000712900000, 0x0000000712900000, 0x0000000712a00000|  0%| F|  |TAMS 0x0000000712900000, 0x0000000712900000| Untracked 
| 230|0x0000000712a00000, 0x0000000712a00000, 0x0000000712b00000|  0%| F|  |TAMS 0x0000000712a00000, 0x0000000712a00000| Untracked 
| 231|0x0000000712b00000, 0x0000000712b00000, 0x0000000712c00000|  0%| F|  |TAMS 0x0000000712b00000, 0x0000000712b00000| Untracked 
| 232|0x0000000712c00000, 0x0000000712c00000, 0x0000000712d00000|  0%| F|  |TAMS 0x0000000712c00000, 0x0000000712c00000| Untracked 
| 233|0x0000000712d00000, 0x0000000712d00000, 0x0000000712e00000|  0%| F|  |TAMS 0x0000000712d00000, 0x0000000712d00000| Untracked 
| 234|0x0000000712e00000, 0x0000000712e00000, 0x0000000712f00000|  0%| F|  |TAMS 0x0000000712e00000, 0x0000000712e00000| Untracked 
| 235|0x0000000712f00000, 0x0000000712f00000, 0x0000000713000000|  0%| F|  |TAMS 0x0000000712f00000, 0x0000000712f00000| Untracked 
| 236|0x0000000713000000, 0x0000000713000000, 0x0000000713100000|  0%| F|  |TAMS 0x0000000713000000, 0x0000000713000000| Untracked 
| 237|0x0000000713100000, 0x0000000713100000, 0x0000000713200000|  0%| F|  |TAMS 0x0000000713100000, 0x0000000713100000| Untracked 
| 238|0x0000000713200000, 0x0000000713200000, 0x0000000713300000|  0%| F|  |TAMS 0x0000000713200000, 0x0000000713200000| Untracked 
| 239|0x0000000713300000, 0x0000000713300000, 0x0000000713400000|  0%| F|  |TAMS 0x0000000713300000, 0x0000000713300000| Untracked 
| 240|0x0000000713400000, 0x0000000713400000, 0x0000000713500000|  0%| F|  |TAMS 0x0000000713400000, 0x0000000713400000| Untracked 
| 241|0x0000000713500000, 0x0000000713500000, 0x0000000713600000|  0%| F|  |TAMS 0x0000000713500000, 0x0000000713500000| Untracked 
| 242|0x0000000713600000, 0x0000000713600000, 0x0000000713700000|  0%| F|  |TAMS 0x0000000713600000, 0x0000000713600000| Untracked 
| 243|0x0000000713700000, 0x0000000713700000, 0x0000000713800000|  0%| F|  |TAMS 0x0000000713700000, 0x0000000713700000| Untracked 
| 244|0x0000000713800000, 0x0000000713800000, 0x0000000713900000|  0%| F|  |TAMS 0x0000000713800000, 0x0000000713800000| Untracked 
| 245|0x0000000713900000, 0x00000007139f6460, 0x0000000713a00000| 96%| E|  |TAMS 0x0000000713900000, 0x0000000713900000| Complete 
| 246|0x0000000713a00000, 0x0000000713b00000, 0x0000000713b00000|100%| E|CS|TAMS 0x0000000713a00000, 0x0000000713a00000| Complete 
| 247|0x0000000713b00000, 0x0000000713c00000, 0x0000000713c00000|100%| E|CS|TAMS 0x0000000713b00000, 0x0000000713b00000| Complete 
| 248|0x0000000713c00000, 0x0000000713d00000, 0x0000000713d00000|100%| E|CS|TAMS 0x0000000713c00000, 0x0000000713c00000| Complete 
| 249|0x0000000713d00000, 0x0000000713e00000, 0x0000000713e00000|100%| E|CS|TAMS 0x0000000713d00000, 0x0000000713d00000| Complete 
| 250|0x0000000713e00000, 0x0000000713f00000, 0x0000000713f00000|100%| E|CS|TAMS 0x0000000713e00000, 0x0000000713e00000| Complete 
| 251|0x0000000713f00000, 0x0000000714000000, 0x0000000714000000|100%| E|CS|TAMS 0x0000000713f00000, 0x0000000713f00000| Complete 

Card table byte_map: [0x000001ab7a6a0000,0x000001ab7ae80000] _byte_map_base: 0x000001ab76e7e000

Marking Bits (Prev, Next): (CMBitMap*) 0x000001ab791b5e68, (CMBitMap*) 0x000001ab791b5ea0
 Prev Bits: [0x000001ab7b660000, 0x000001ab7f550000)
 Next Bits: [0x000001ab17330000, 0x000001ab1b220000)

Polling page: 0x000001ab77740000

Metaspace:

Usage:
  Non-class:      5.78 MB capacity,     5.72 MB ( 99%) used,    55.48 KB ( <1%) free+waste,     6.00 KB ( <1%) overhead. 
      Class:    597.00 KB capacity,   542.40 KB ( 91%) used,    51.41 KB (  9%) free+waste,     3.19 KB ( <1%) overhead. 
       Both:      6.36 MB capacity,     6.25 MB ( 98%) used,   106.89 KB (  2%) free+waste,     9.19 KB ( <1%) overhead. 

Virtual space:
  Non-class space:        8.00 MB reserved,       6.00 MB ( 75%) committed 
      Class space:        1.00 GB reserved,     640.00 KB ( <1%) committed 
             Both:        1.01 GB reserved,       6.63 MB ( <1%) committed 

Chunk freelists:
   Non-Class:  4.50 KB
       Class:  0 bytes
        Both:  4.50 KB

CodeHeap 'non-profiled nmethods': size=120000Kb used=248Kb max_used=248Kb free=119751Kb
 bounds [0x000001ab0fe00000, 0x000001ab10070000, 0x000001ab17330000]
CodeHeap 'profiled nmethods': size=120000Kb used=819Kb max_used=819Kb free=119180Kb
 bounds [0x000001ab088d0000, 0x000001ab08b40000, 0x000001ab0fe00000]
CodeHeap 'non-nmethods': size=5760Kb used=1084Kb max_used=1113Kb free=4675Kb
 bounds [0x000001ab08330000, 0x000001ab085a0000, 0x000001ab088d0000]
 total_blobs=895 nmethods=520 adapters=287
 compilation: enabled
              stopped_count=0, restarted_count=0
 full_count=0

Compilation events (10 events):
Event: 22.594 Thread 0x000001ab1ddc2800  516   !   4       java.util.concurrent.locks.AbstractQueuedSynchronizer::acquireQueued (74 bytes)
Event: 22.604 Thread 0x000001ab1ddc2800 nmethod 516 0x000001ab0fe37a10 code [0x000001ab0fe37be0, 0x000001ab0fe38730]
Event: 22.689 Thread 0x000001ab1ddc2800  517       4       java.util.concurrent.locks.AbstractQueuedSynchronizer$ConditionObject::addConditionWaiter (79 bytes)
Event: 22.692 Thread 0x000001ab1ddc2800 nmethod 517 0x000001ab0fe38a90 code [0x000001ab0fe38c20, 0x000001ab0fe38f58]
Event: 22.758 Thread 0x000001ab1ddc2800  518   !   4       java.util.concurrent.CyclicBarrier::dowait (268 bytes)
Event: 22.812 Thread 0x000001ab1ddc2800 nmethod 518 0x000001ab0fe39090 code [0x000001ab0fe39380, 0x000001ab0fe3b8b8]
Event: 25.352 Thread 0x000001ab1ddc2800  519   !   4       simlejos.robotics.RegulatedMotor::getSensorValue (80 bytes)
Event: 25.368 Thread 0x000001ab1ddc2800 nmethod 519 0x000001ab0fe3cb90 code [0x000001ab0fe3cda0, 0x000001ab0fe3d8d0]
Event: 25.368 Thread 0x000001ab1ddc2800  520       4       com.cyberbotics.webots.controller.Motor::getTargetPosition (9 bytes)
Event: 25.368 Thread 0x000001ab1ddc2800 nmethod 520 0x000001ab0fe3de90 code [0x000001ab0fe3e020, 0x000001ab0fe3e0a8]

GC Heap History (0 events):
No events

Deoptimization events (3 events):
Event: 0.126 Thread 0x000001ab79155000 Uncommon trap: reason=unstable_if action=reinterpret pc=0x000001ab0fe04520 method=java.lang.String.hashCode()I @ 14 c2
Event: 17.669 Thread 0x000001ab79155000 Uncommon trap: reason=unstable_if action=reinterpret pc=0x000001ab0fe1e9c8 method=ca.mcgill.ecse211.project.UltrasonicLocalizer.readUsDistance()I @ 55 c2
Event: 22.283 Thread 0x000001ab1e02f000 Uncommon trap: reason=unstable_if action=reinterpret pc=0x000001ab0fe1c1d8 method=java.util.concurrent.locks.AbstractQueuedSynchronizer.isOnSyncQueue(Ljava/util/concurrent/locks/AbstractQueuedSynchronizer$Node;)Z @ 22 c2

Classes redefined (0 events):
No events

Internal exceptions (0 events):
No events

Events (10 events):
Event: 17.630 loading class jdk/internal/math/FloatingDecimal$ASCIIToBinaryConverter done
Event: 17.630 loading class jdk/internal/math/FloatingDecimal$PreparedASCIIToBinaryBuffer done
Event: 17.630 loading class jdk/internal/math/FDBigInteger
Event: 17.630 loading class jdk/internal/math/FDBigInteger done
Event: 17.669 Thread 0x000001ab79155000 Uncommon trap: trap_request=0xffffff4d fr.pc=0x000001ab0fe1e9c8 relative=0x0000000000000848
Event: 17.669 Thread 0x000001ab79155000 DEOPT PACKING pc=0x000001ab0fe1e9c8 sp=0x000000470c2feef0
Event: 17.669 Thread 0x000001ab79155000 DEOPT UNPACKING pc=0x000001ab083591af sp=0x000000470c2feeb0 mode 2
Event: 22.283 Thread 0x000001ab1e02f000 Uncommon trap: trap_request=0xffffff4d fr.pc=0x000001ab0fe1c1d8 relative=0x00000000000020b8
Event: 22.283 Thread 0x000001ab1e02f000 DEOPT PACKING pc=0x000001ab0fe1c1d8 sp=0x000000470d3fedc0
Event: 22.283 Thread 0x000001ab1e02f000 DEOPT UNPACKING pc=0x000001ab083591af sp=0x000000470d3fecb0 mode 2


Dynamic libraries:
0x00007ff779db0000 - 0x00007ff779dbf000 	C:\Program Files\Java\jdk-11.0.8\bin\javaw.exe
0x00007ff987370000 - 0x00007ff987566000 	C:\WINDOWS\SYSTEM32\ntdll.dll
0x00007ff985be0000 - 0x00007ff985c9d000 	C:\WINDOWS\System32\KERNEL32.DLL
0x00007ff984c10000 - 0x00007ff984ed8000 	C:\WINDOWS\System32\KERNELBASE.dll
0x00007ff9850d0000 - 0x00007ff9851d0000 	C:\WINDOWS\System32\ucrtbase.dll
0x00007ff96d740000 - 0x00007ff96d758000 	C:\Program Files\Java\jdk-11.0.8\bin\jli.dll
0x00007ff96ddc0000 - 0x00007ff96ddd5000 	C:\Program Files\Java\jdk-11.0.8\bin\VCRUNTIME140.dll
0x00007ff986420000 - 0x00007ff9864ca000 	C:\WINDOWS\System32\ADVAPI32.dll
0x00007ff985a60000 - 0x00007ff985afe000 	C:\WINDOWS\System32\msvcrt.dll
0x00007ff986c10000 - 0x00007ff986cab000 	C:\WINDOWS\System32\sechost.dll
0x00007ff9858d0000 - 0x00007ff9859f4000 	C:\WINDOWS\System32\RPCRT4.dll
0x00007ff985680000 - 0x00007ff985820000 	C:\WINDOWS\System32\USER32.dll
0x00007ff984ac0000 - 0x00007ff984ae2000 	C:\WINDOWS\System32\win32u.dll
0x00007ff9629f0000 - 0x00007ff962c8b000 	C:\WINDOWS\WinSxS\amd64_microsoft.windows.common-controls_6595b64144ccf1df_6.0.19041.488_none_ca04af081b815d21\COMCTL32.dll
0x00007ff985ca0000 - 0x00007ff985cca000 	C:\WINDOWS\System32\GDI32.dll
0x00007ff985220000 - 0x00007ff985329000 	C:\WINDOWS\System32\gdi32full.dll
0x00007ff984b70000 - 0x00007ff984c0d000 	C:\WINDOWS\System32\msvcp_win.dll
0x00007ff978440000 - 0x00007ff97844a000 	C:\WINDOWS\SYSTEM32\VERSION.dll
0x00007ff986090000 - 0x00007ff9860c0000 	C:\WINDOWS\System32\IMM32.DLL
0x00007ff952160000 - 0x00007ff9521fb000 	C:\Program Files\Java\jdk-11.0.8\bin\msvcp140.dll
0x00007ff929d60000 - 0x00007ff92a846000 	C:\Program Files\Java\jdk-11.0.8\bin\server\jvm.dll
0x00007ff985cd0000 - 0x00007ff985cd8000 	C:\WINDOWS\System32\PSAPI.DLL
0x00007ff97eb70000 - 0x00007ff97eb97000 	C:\WINDOWS\SYSTEM32\WINMM.dll
0x00007ff973a40000 - 0x00007ff973a49000 	C:\WINDOWS\SYSTEM32\WSOCK32.dll
0x00007ff987250000 - 0x00007ff9872bb000 	C:\WINDOWS\System32\WS2_32.dll
0x00007ff9833a0000 - 0x00007ff9833b2000 	C:\WINDOWS\SYSTEM32\kernel.appcore.dll
0x00007ff96f710000 - 0x00007ff96f720000 	C:\Program Files\Java\jdk-11.0.8\bin\verify.dll
0x00007ff97f770000 - 0x00007ff97f954000 	C:\WINDOWS\SYSTEM32\DBGHELP.DLL
0x00007ff9779c0000 - 0x00007ff9779ec000 	C:\WINDOWS\SYSTEM32\dbgcore.DLL
0x00007ff984af0000 - 0x00007ff984b6f000 	C:\WINDOWS\System32\bcryptPrimitives.dll
0x00007ff96f440000 - 0x00007ff96f468000 	C:\Program Files\Java\jdk-11.0.8\bin\java.dll
0x00007ff96f1b0000 - 0x00007ff96f1ba000 	C:\Program Files\Java\jdk-11.0.8\bin\jimage.dll
0x00007ff96e8d0000 - 0x00007ff96e8e6000 	C:\Program Files\Java\jdk-11.0.8\bin\zip.dll
0x00007ff9864d0000 - 0x00007ff986c10000 	C:\WINDOWS\System32\SHELL32.dll
0x00007ff982bf0000 - 0x00007ff983384000 	C:\WINDOWS\SYSTEM32\windows.storage.dll
0x00007ff9860c0000 - 0x00007ff986415000 	C:\WINDOWS\System32\combase.dll
0x00007ff984530000 - 0x00007ff98455c000 	C:\WINDOWS\SYSTEM32\Wldp.dll
0x00007ff9871a0000 - 0x00007ff98724e000 	C:\WINDOWS\System32\SHCORE.dll
0x00007ff9872d0000 - 0x00007ff987325000 	C:\WINDOWS\System32\shlwapi.dll
0x00007ff9849f0000 - 0x00007ff984a16000 	C:\WINDOWS\SYSTEM32\profapi.dll
0x00007ff96dda0000 - 0x00007ff96ddb9000 	C:\Program Files\Java\jdk-11.0.8\bin\net.dll
0x00007ff97e760000 - 0x00007ff97e860000 	C:\WINDOWS\SYSTEM32\WINHTTP.dll
0x00007ff9842b0000 - 0x00007ff98431a000 	C:\WINDOWS\system32\mswsock.dll
0x00007ff96d6e0000 - 0x00007ff96d6f2000 	C:\Program Files\Java\jdk-11.0.8\bin\nio.dll
0x000000006e780000 - 0x000000006e7c0000 	C:\Users\samih\AppData\Local\Programs\Webots\lib\controller\java\JavaController.dll
0x000000006fc40000 - 0x000000006fdf1000 	C:\Users\samih\AppData\Local\Programs\Webots\msys64\mingw64\bin\cpp\libstdc++-6.dll
0x0000000061440000 - 0x000000006145c000 	C:\Users\samih\AppData\Local\Programs\Webots\msys64\mingw64\bin\cpp\libgcc_s_seh-1.dll
0x0000000064940000 - 0x0000000064956000 	C:\Users\samih\AppData\Local\Programs\Webots\msys64\mingw64\bin\cpp\libwinpthread-1.dll
0x0000000064f40000 - 0x0000000064fac000 	C:\Users\samih\AppData\Local\Programs\Webots\lib\controller\CppController.dll
0x000000006aa40000 - 0x000000006aac8000 	C:\Users\samih\AppData\Local\Programs\Webots\lib\controller\Controller.dll
0x0000000063e00000 - 0x0000000063e1b000 	C:\Users\samih\AppData\Local\Programs\Webots\RESOUR~1\projects\plugins\ROBOT_~1\generic\generic.dll

dbghelp: loaded successfully - version: 4.0.5 - missing functions: none
symbol engine: initialized successfully - sym options: 0x614 - pdb path: .;C:\Program Files\Java\jdk-11.0.8\bin;C:\WINDOWS\SYSTEM32;C:\WINDOWS\WinSxS\amd64_microsoft.windows.common-controls_6595b64144ccf1df_6.0.19041.488_none_ca04af081b815d21;C:\Program Files\Java\jdk-11.0.8\bin\server;C:\Users\samih\AppData\Local\Programs\Webots\lib\controller\java;C:\Users\samih\AppData\Local\Programs\Webots\msys64\mingw64\bin\cpp;C:\Users\samih\AppData\Local\Programs\Webots\lib\controller;C:\Users\samih\AppData\Local\Programs\Webots\RESOUR~1\projects\plugins\ROBOT_~1\generic

VM Arguments:
jvm_args: -Djava.library.path=C:/Users/samih/AppData/Local/Programs/Webots/lib/controller/java 
java_command: T06Controller
java_class_path (initial): C:/Users/samih/AppData/Local/Programs/Webots/lib/controller/java/Controller.jar;C:/Users/samih/OneDrive/Desktop/BetaDemo/project-ecse211_t06/controllers/T06Controller/;..\lib\simlejos.jar;..\lib\EV3WiFiClient.jar
Launcher Type: SUN_STANDARD

[Global flags]
     intx CICompilerCount                          = 4                                         {product} {ergonomic}
     uint ConcGCThreads                            = 3                                         {product} {ergonomic}
     uint G1ConcRefinementThreads                  = 10                                        {product} {ergonomic}
   size_t G1HeapRegionSize                         = 1048576                                   {product} {ergonomic}
    uintx GCDrainStackTargetSize                   = 64                                        {product} {ergonomic}
   size_t InitialHeapSize                          = 264241152                                 {product} {ergonomic}
   size_t MarkStackSize                            = 4194304                                   {product} {ergonomic}
   size_t MaxHeapSize                              = 4223664128                                {product} {ergonomic}
   size_t MaxNewSize                               = 2533359616                                {product} {ergonomic}
   size_t MinHeapDeltaBytes                        = 1048576                                   {product} {ergonomic}
    uintx NonNMethodCodeHeapSize                   = 5836300                                {pd product} {ergonomic}
    uintx NonProfiledCodeHeapSize                  = 122910970                              {pd product} {ergonomic}
    uintx ProfiledCodeHeapSize                     = 122910970                              {pd product} {ergonomic}
    uintx ReservedCodeCacheSize                    = 251658240                              {pd product} {ergonomic}
     bool SegmentedCodeCache                       = true                                      {product} {ergonomic}
     bool UseCompressedClassPointers               = true                                 {lp64_product} {ergonomic}
     bool UseCompressedOops                        = true                                 {lp64_product} {ergonomic}
     bool UseG1GC                                  = true                                      {product} {ergonomic}
     bool UseLargePagesIndividualAllocation        = false                                  {pd product} {ergonomic}

Logging:
Log output configuration:
 #0: stdout all=warning uptime,level,tags
 #1: stderr all=off uptime,level,tags

Environment Variables:
CLASSPATH=..\lib\simlejos.jar;..\lib\EV3WiFiClient.jar
PATH=C:\Users\samih\AppData\Local\Programs\Webots\msys64\mingw64\bin\cpp;C:\Program Files\Common Files\Oracle\Java\javapath;C:\Windows\system32;C:\Windows;C:\Windows\System32\Wbem;C:\Windows\System32\WindowsPowerShell\v1.0\;C:\Windows\System32\OpenSSH\;C:\Program Files (x86)\NVIDIA Corporation\PhysX\Common;C:\Program Files\NVIDIA Corporation\NVIDIA NvDLISR;C:\Program Files\Git\cmd;C:\Program Files\dotnet\;C:\Program Files\Microsoft SQL Server\130\Tools\Binn\;C:\Program Files\Microsoft SQL Server\Client SDK\ODBC\170\Tools\Binn\;C:\Program Files\Java\jdk-11.0.8\bin;%SystemRoot%\system32;%SystemRoot%;%SystemRoot%\System32\Wbem;%SYSTEMROOT%\System32\WindowsPowerShell\v1.0\;%SYSTEMROOT%\System32\OpenSSH\;C:\Users\samih\AppData\Local\Microsoft\WindowsApps;C:\Users\samih\AppData\Local\Programs\Microsoft VS Code\bin;C:\Users\samih\AppData\Local\Programs\Webots\lib\controller
USERNAME=samih
OS=Windows_NT
PROCESSOR_IDENTIFIER=Intel64 Family 6 Model 158 Stepping 10, GenuineIntel



---------------  S Y S T E M  ---------------

OS: Windows 10 , 64 bit Build 19041 (10.0.19041.546)

CPU:total 12 (initial active 12) (6 cores per cpu, 2 threads per core) family 6 model 158 stepping 10, cmov, cx8, fxsr, mmx, sse, sse2, sse3, ssse3, sse4.1, sse4.2, popcnt, avx, avx2, aes, clmul, erms, 3dnowpref, lzcnt, ht, tsc, tscinvbit, bmi1, bmi2, adx, fma

Memory: 4k page, system-wide physical 16111M (6236M free)
TotalPageFile size 19590M (AvailPageFile size 3315M)
current process WorkingSet (physical memory assigned to process): 46M, peak: 59M
current process commit charge ("private bytes"): 340M, peak: 357M

vm_info: Java HotSpot(TM) 64-Bit Server VM (11.0.8+10-LTS) for windows-amd64 JRE (11.0.8+10-LTS), built on Jun 16 2020 05:53:08 by "mach5one" with unknown MS VC++:1916

END.
