#
# A fatal error has been detected by the Java Runtime Environment:
#
#  EXCEPTION_ACCESS_VIOLATION (0xc0000005) at pc=0x000000006e7814a6, pid=22044, tid=24524
#
# JRE version: Java(TM) SE Runtime Environment 18.9 (11.0.8+10) (build 11.0.8+10-LTS)
# Java VM: Java HotSpot(TM) 64-Bit Server VM 18.9 (11.0.8+10-LTS, mixed mode, tiered, compressed oops, g1 gc, windows-amd64)
# Problematic frame:
# C  [JavaController.dll+0x14a6]
#
# No core dump will be written. Minidumps are not enabled by default on client versions of Windows
#
# If you would like to submit a bug report, please visit:
#   https://bugreport.java.com/bugreport/crash.jsp
# The crash happened outside the Java Virtual Machine in native code.
# See problematic frame for where to report the bug.
#

---------------  S U M M A R Y ------------

Command Line: -Djava.library.path=C:/Users/denni/AppData/Local/Programs/Webots/lib/controller/java T06Controller

Host: Intel(R) Core(TM) i5-8265U CPU @ 1.60GHz, 8 cores, 7G,  Windows 10 , 64 bit Build 18362 (10.0.18362.1110)
Time: Fri Nov 20 21:21:10 2020 ??2?¡À¨º¡Á?¨º¡À?? elapsed time: 190 seconds (0d 0h 3m 10s)

---------------  T H R E A D  ---------------

Current thread (0x000001ae7eae9800):  JavaThread "main" [_thread_in_native, id=24524, stack(0x0000005b2a900000,0x0000005b2aa00000)]

Stack: [0x0000005b2a900000,0x0000005b2aa00000],  sp=0x0000005b2a9ff100,  free space=1020k
Native frames: (J=compiled Java code, j=interpreted, Vv=VM code, C=native code)
C  [JavaController.dll+0x14a6]

Java frames: (J=compiled Java code, j=interpreted, Vv=VM code)
J 409  com.cyberbotics.webots.controller.wrapperJNI.Camera_getImage(JLcom/cyberbotics/webots/controller/Camera;)[I (0 bytes) @ 0x000001ae0fe1d615 [0x000001ae0fe1d5c0+0x0000000000000055]
J 520 c2 simlejos.hardware.sensor.EV3ColorSensor$RedMode.fetchSample([FI)V (89 bytes) @ 0x000001ae0fe3a86c [0x000001ae0fe3a720+0x000000000000014c]
J 567 c1 ca.mcgill.ecse211.project.Navigation.lineCorrection(II)V (193 bytes) @ 0x000001ae089abdcc [0x000001ae089abaa0+0x000000000000032c]
j  ca.mcgill.ecse211.project.Navigation.goStraightFor(IZZ)Z+259
j  ca.mcgill.ecse211.project.Navigation.travelTo(Lca/mcgill/ecse211/playingfield/Point;ZZ)Z+200
j  ca.mcgill.ecse211.project.Navigation.putInPit(Lca/mcgill/ecse211/playingfield/RampEdge;)V+594
j  ca.mcgill.ecse211.project.Navigation.getBox(Lca/mcgill/ecse211/playingfield/RampEdge;)V+147
j  ca.mcgill.ecse211.project.Navigation.moveInSearchZone(Lca/mcgill/ecse211/playingfield/Region;Lca/mcgill/ecse211/playingfield/RampEdge;)V+374
j  ca.mcgill.ecse211.project.Main.main([Ljava/lang/String;)V+424
j  T06Controller.main([Ljava/lang/String;)V+1
v  ~StubRoutines::call_stub

siginfo: EXCEPTION_ACCESS_VIOLATION (0xc0000005), reading address 0x0000000000000000


Register to memory mapping:

RIP=0x000000006e7814a6 JavaController.dll
RAX=0x0 is NULL
RBX=0x0 is NULL
RCX=0x0000000000000001 is an unknown value
RDX=0x0000000000000006 is an unknown value
RSP=0x0000005b2a9ff100 is pointing into the stack for thread: 0x000001ae7eae9800
RBP=0x0000000000000001 is an unknown value
RSI=0x000001ae7eae9b40 points into unknown readable memory: 00 2d 2b 57 fa 7f 00 00
RDI=0x000001ae1d692d30 points into unknown readable memory: 30 02 de 88 00 00 00 00
R8 =0x000001ae1e207900 points into unknown readable memory: 00 00 00 00 00 00 00 00
R9 =0x0000000088de0240 is pointing into object: [I 
{0x0000000088de0230} - klass: {type array int}
 - length: 1
R10=0x0 is NULL
R11=0x0000005b2a9ff0e0 is pointing into the stack for thread: 0x000001ae7eae9800
R12=0x0 is NULL
R13=0x0000000088bb3318 is an oop: java.util.concurrent.locks.ReentrantLock$NonfairSync 
{0x0000000088bb3318} - klass: 'java/util/concurrent/locks/ReentrantLock$NonfairSync'
R14=0x0000005b2a9ff1f0 is pointing into the stack for thread: 0x000001ae7eae9800
R15=0x000001ae7eae9800 is a thread


Registers:
RAX=0x0000000000000000, RBX=0x0000000000000000, RCX=0x0000000000000001, RDX=0x0000000000000006
RSP=0x0000005b2a9ff100, RBP=0x0000000000000001, RSI=0x000001ae7eae9b40, RDI=0x000001ae1d692d30
R8 =0x000001ae1e207900, R9 =0x0000000088de0240, R10=0x0000000000000000, R11=0x0000005b2a9ff0e0
R12=0x0000000000000000, R13=0x0000000088bb3318, R14=0x0000005b2a9ff1f0, R15=0x000001ae7eae9800
RIP=0x000000006e7814a6, EFLAGS=0x0000000000010202

Top of Stack: (sp=0x0000005b2a9ff100)
0x0000005b2a9ff100:   0000000000000000 0000000000000001
0x0000005b2a9ff110:   000001ae7eae9b40 000001ae1d692d30
0x0000005b2a9ff120:   000001ae7c9dd4b0 000001ae7c9dd4b0
0x0000005b2a9ff130:   000001ae7eae9b40 0000000000000000
0x0000005b2a9ff140:   0000000000000001 000000006e7820a8
0x0000005b2a9ff150:   000001ae7c9dd4b0 0000000000000000
0x0000005b2a9ff160:   0000005b2a9ff200 000000006e7820bd
0x0000005b2a9ff170:   000001ae7c9dd430 0000000088b019a0
0x0000005b2a9ff180:   0000000000000000 0000000000000001
0x0000005b2a9ff190:   0000005b2a9ff200 000001ae0fe1d6b5
0x0000005b2a9ff1a0:   0000000000000000 000000006aa53763
0x0000005b2a9ff1b0:   0000000000000008 00007ffaae5829ce
0x0000005b2a9ff1c0:   000001ae00000000 0000000088bc0d10
0x0000005b2a9ff1d0:   0000000000000000 0000000000000000
0x0000005b2a9ff1e0:   0000000088b019a0 0000000064f45654
0x0000005b2a9ff1f0:   0000000088b6b728 00007ffa56f00829 

Instructions: (pc=0x000000006e7814a6)
0x000000006e781486:   00 48 89 fa 48 89 f1 ff 90 d8 05 00 00 49 89 c0
0x000000006e781496:   48 85 c0 74 3c 85 ed 7e 17 89 e9 b8 00 00 00 00
0x000000006e7814a6:   8b 14 83 41 89 14 80 48 83 c0 01 48 39 c8 75 f0
0x000000006e7814b6:   48 8b 06 41 b9 00 00 00 00 48 89 fa 48 89 f1 ff 


Stack slot to memory mapping:
stack at sp + 0 slots: 0x0 is NULL
stack at sp + 1 slots: 0x0000000000000001 is an unknown value
stack at sp + 2 slots: 0x000001ae7eae9b40 points into unknown readable memory: 00 2d 2b 57 fa 7f 00 00
stack at sp + 3 slots: 0x000001ae1d692d30 points into unknown readable memory: 30 02 de 88 00 00 00 00
stack at sp + 4 slots: 0x000001ae7c9dd4b0 points into unknown readable memory: 40 8c f5 64 00 00 00 00
stack at sp + 5 slots: 0x000001ae7c9dd4b0 points into unknown readable memory: 40 8c f5 64 00 00 00 00
stack at sp + 6 slots: 0x000001ae7eae9b40 points into unknown readable memory: 00 2d 2b 57 fa 7f 00 00
stack at sp + 7 slots: 0x0 is NULL


---------------  P R O C E S S  ---------------

Threads class SMR info:
_java_thread_list=0x000001ae1e9d4b40, length=12, elements={
0x000001ae7eae9800, 0x000001ae1d823800, 0x000001ae1d84f000, 0x000001ae1d868800,
0x000001ae1e0bc800, 0x000001ae1e0bd000, 0x000001ae1e0c9000, 0x000001ae1d86e000,
0x000001ae1e26d800, 0x000001ae1e26a800, 0x000001ae1e26e800, 0x000001ae1e26b800
}

Java Threads: ( => current thread )
=>0x000001ae7eae9800 JavaThread "main" [_thread_in_native, id=24524, stack(0x0000005b2a900000,0x0000005b2aa00000)]
  0x000001ae1d823800 JavaThread "Reference Handler" daemon [_thread_blocked, id=10548, stack(0x0000005b2b000000,0x0000005b2b100000)]
  0x000001ae1d84f000 JavaThread "Finalizer" daemon [_thread_blocked, id=4812, stack(0x0000005b2b100000,0x0000005b2b200000)]
  0x000001ae1d868800 JavaThread "Signal Dispatcher" daemon [_thread_blocked, id=20440, stack(0x0000005b2b200000,0x0000005b2b300000)]
  0x000001ae1e0bc800 JavaThread "Attach Listener" daemon [_thread_blocked, id=20332, stack(0x0000005b2b300000,0x0000005b2b400000)]
  0x000001ae1e0bd000 JavaThread "C2 CompilerThread0" daemon [_thread_blocked, id=23276, stack(0x0000005b2b400000,0x0000005b2b500000)]
  0x000001ae1e0c9000 JavaThread "C1 CompilerThread0" daemon [_thread_blocked, id=16108, stack(0x0000005b2b500000,0x0000005b2b600000)]
  0x000001ae1d86e000 JavaThread "Sweeper thread" daemon [_thread_blocked, id=21496, stack(0x0000005b2b600000,0x0000005b2b700000)]
  0x000001ae1e26d800 JavaThread "Service Thread" daemon [_thread_blocked, id=21868, stack(0x0000005b2b700000,0x0000005b2b800000)]
  0x000001ae1e26a800 JavaThread "Common-Cleaner" daemon [_thread_blocked, id=23140, stack(0x0000005b2b900000,0x0000005b2ba00000)]
  0x000001ae1e26e800 JavaThread "Thread-0" [_thread_in_native, id=13360, stack(0x0000005b2ba00000,0x0000005b2bb00000)]
  0x000001ae1e26b800 JavaThread "Thread-1" [_thread_blocked, id=10616, stack(0x0000005b2bb00000,0x0000005b2bc00000)]

Other Threads:
  0x000001ae1d821000 VMThread "VM Thread" [stack: 0x0000005b2af00000,0x0000005b2b000000] [id=13108]
  0x000001ae1e257000 WatcherThread [stack: 0x0000005b2b800000,0x0000005b2b900000] [id=5504]
  0x000001ae7eafe000 GCTaskThread "GC Thread#0" [stack: 0x0000005b2aa00000,0x0000005b2ab00000] [id=19576]
  0x000001ae1e1f1000 GCTaskThread "GC Thread#1" [stack: 0x0000005b2a600000,0x0000005b2a700000] [id=21072]
  0x000001ae1eb46000 GCTaskThread "GC Thread#2" [stack: 0x0000005b2a700000,0x0000005b2a800000] [id=736]
  0x000001ae1e1c0800 GCTaskThread "GC Thread#3" [stack: 0x0000005b2a800000,0x0000005b2a900000] [id=21676]
  0x000001ae1e1c1000 GCTaskThread "GC Thread#4" [stack: 0x0000005b2bc00000,0x0000005b2bd00000] [id=24376]
  0x000001ae1e13c000 GCTaskThread "GC Thread#5" [stack: 0x0000005b2bd00000,0x0000005b2be00000] [id=15020]
  0x000001ae7eb30800 ConcurrentGCThread "G1 Main Marker" [stack: 0x0000005b2ab00000,0x0000005b2ac00000] [id=22672]
  0x000001ae7eb33000 ConcurrentGCThread "G1 Conc#0" [stack: 0x0000005b2ac00000,0x0000005b2ad00000] [id=20588]
  0x000001ae1d690800 ConcurrentGCThread "G1 Refine#0" [stack: 0x0000005b2ad00000,0x0000005b2ae00000] [id=21568]
  0x000001ae1d691800 ConcurrentGCThread "G1 Young RemSet Sampling" [stack: 0x0000005b2ae00000,0x0000005b2af00000] [id=24400]

Threads with active compile tasks:

VM state:not at safepoint (normal execution)

VM Mutex/Monitor currently owned by a thread: None

Heap address: 0x0000000082600000, size: 2010 MB, Compressed Oops mode: 32-bit
Narrow klass base: 0x0000000000000000, Narrow klass shift: 3
Compressed class space size: 1073741824 Address: 0x0000000100000000

Heap:
 garbage-first heap   total 129024K, used 25067K [0x0000000082600000, 0x0000000100000000)
  region size 1024K, 26 young (26624K), 2 survivors (2048K)
 Metaspace       used 8262K, capacity 8483K, committed 8576K, reserved 1056768K
  class space    used 721K, capacity 804K, committed 896K, reserved 1048576K
Heap Regions: E=young(eden), S=young(survivor), O=old, HS=humongous(starts), HC=humongous(continues), CS=collection set, F=free, A=archive, TAMS=top-at-mark-start (previous, next)
|   0|0x0000000082600000, 0x0000000082600000, 0x0000000082700000|  0%| F|  |TAMS 0x0000000082600000, 0x0000000082600000| Untracked 
|   1|0x0000000082700000, 0x0000000082700000, 0x0000000082800000|  0%| F|  |TAMS 0x0000000082700000, 0x0000000082700000| Untracked 
|   2|0x0000000082800000, 0x0000000082800000, 0x0000000082900000|  0%| F|  |TAMS 0x0000000082800000, 0x0000000082800000| Untracked 
|   3|0x0000000082900000, 0x0000000082900000, 0x0000000082a00000|  0%| F|  |TAMS 0x0000000082900000, 0x0000000082900000| Untracked 
|   4|0x0000000082a00000, 0x0000000082a00000, 0x0000000082b00000|  0%| F|  |TAMS 0x0000000082a00000, 0x0000000082a00000| Untracked 
|   5|0x0000000082b00000, 0x0000000082b00000, 0x0000000082c00000|  0%| F|  |TAMS 0x0000000082b00000, 0x0000000082b00000| Untracked 
|   6|0x0000000082c00000, 0x0000000082c00000, 0x0000000082d00000|  0%| F|  |TAMS 0x0000000082c00000, 0x0000000082c00000| Untracked 
|   7|0x0000000082d00000, 0x0000000082d00000, 0x0000000082e00000|  0%| F|  |TAMS 0x0000000082d00000, 0x0000000082d00000| Untracked 
|   8|0x0000000082e00000, 0x0000000082e00000, 0x0000000082f00000|  0%| F|  |TAMS 0x0000000082e00000, 0x0000000082e00000| Untracked 
|   9|0x0000000082f00000, 0x0000000082f00000, 0x0000000083000000|  0%| F|  |TAMS 0x0000000082f00000, 0x0000000082f00000| Untracked 
|  10|0x0000000083000000, 0x0000000083000000, 0x0000000083100000|  0%| F|  |TAMS 0x0000000083000000, 0x0000000083000000| Untracked 
|  11|0x0000000083100000, 0x0000000083100000, 0x0000000083200000|  0%| F|  |TAMS 0x0000000083100000, 0x0000000083100000| Untracked 
|  12|0x0000000083200000, 0x0000000083200000, 0x0000000083300000|  0%| F|  |TAMS 0x0000000083200000, 0x0000000083200000| Untracked 
|  13|0x0000000083300000, 0x0000000083300000, 0x0000000083400000|  0%| F|  |TAMS 0x0000000083300000, 0x0000000083300000| Untracked 
|  14|0x0000000083400000, 0x0000000083400000, 0x0000000083500000|  0%| F|  |TAMS 0x0000000083400000, 0x0000000083400000| Untracked 
|  15|0x0000000083500000, 0x0000000083500000, 0x0000000083600000|  0%| F|  |TAMS 0x0000000083500000, 0x0000000083500000| Untracked 
|  16|0x0000000083600000, 0x0000000083600000, 0x0000000083700000|  0%| F|  |TAMS 0x0000000083600000, 0x0000000083600000| Untracked 
|  17|0x0000000083700000, 0x0000000083700000, 0x0000000083800000|  0%| F|  |TAMS 0x0000000083700000, 0x0000000083700000| Untracked 
|  18|0x0000000083800000, 0x0000000083800000, 0x0000000083900000|  0%| F|  |TAMS 0x0000000083800000, 0x0000000083800000| Untracked 
|  19|0x0000000083900000, 0x0000000083900000, 0x0000000083a00000|  0%| F|  |TAMS 0x0000000083900000, 0x0000000083900000| Untracked 
|  20|0x0000000083a00000, 0x0000000083a00000, 0x0000000083b00000|  0%| F|  |TAMS 0x0000000083a00000, 0x0000000083a00000| Untracked 
|  21|0x0000000083b00000, 0x0000000083b00000, 0x0000000083c00000|  0%| F|  |TAMS 0x0000000083b00000, 0x0000000083b00000| Untracked 
|  22|0x0000000083c00000, 0x0000000083c00000, 0x0000000083d00000|  0%| F|  |TAMS 0x0000000083c00000, 0x0000000083c00000| Untracked 
|  23|0x0000000083d00000, 0x0000000083d00000, 0x0000000083e00000|  0%| F|  |TAMS 0x0000000083d00000, 0x0000000083d00000| Untracked 
|  24|0x0000000083e00000, 0x0000000083e00000, 0x0000000083f00000|  0%| F|  |TAMS 0x0000000083e00000, 0x0000000083e00000| Untracked 
|  25|0x0000000083f00000, 0x0000000083f00000, 0x0000000084000000|  0%| F|  |TAMS 0x0000000083f00000, 0x0000000083f00000| Untracked 
|  26|0x0000000084000000, 0x0000000084000000, 0x0000000084100000|  0%| F|  |TAMS 0x0000000084000000, 0x0000000084000000| Untracked 
|  27|0x0000000084100000, 0x0000000084100000, 0x0000000084200000|  0%| F|  |TAMS 0x0000000084100000, 0x0000000084100000| Untracked 
|  28|0x0000000084200000, 0x0000000084200000, 0x0000000084300000|  0%| F|  |TAMS 0x0000000084200000, 0x0000000084200000| Untracked 
|  29|0x0000000084300000, 0x0000000084300000, 0x0000000084400000|  0%| F|  |TAMS 0x0000000084300000, 0x0000000084300000| Untracked 
|  30|0x0000000084400000, 0x0000000084400000, 0x0000000084500000|  0%| F|  |TAMS 0x0000000084400000, 0x0000000084400000| Untracked 
|  31|0x0000000084500000, 0x0000000084500000, 0x0000000084600000|  0%| F|  |TAMS 0x0000000084500000, 0x0000000084500000| Untracked 
|  32|0x0000000084600000, 0x0000000084600000, 0x0000000084700000|  0%| F|  |TAMS 0x0000000084600000, 0x0000000084600000| Untracked 
|  33|0x0000000084700000, 0x0000000084700000, 0x0000000084800000|  0%| F|  |TAMS 0x0000000084700000, 0x0000000084700000| Untracked 
|  34|0x0000000084800000, 0x0000000084800000, 0x0000000084900000|  0%| F|  |TAMS 0x0000000084800000, 0x0000000084800000| Untracked 
|  35|0x0000000084900000, 0x0000000084900000, 0x0000000084a00000|  0%| F|  |TAMS 0x0000000084900000, 0x0000000084900000| Untracked 
|  36|0x0000000084a00000, 0x0000000084a00000, 0x0000000084b00000|  0%| F|  |TAMS 0x0000000084a00000, 0x0000000084a00000| Untracked 
|  37|0x0000000084b00000, 0x0000000084b00000, 0x0000000084c00000|  0%| F|  |TAMS 0x0000000084b00000, 0x0000000084b00000| Untracked 
|  38|0x0000000084c00000, 0x0000000084c00000, 0x0000000084d00000|  0%| F|  |TAMS 0x0000000084c00000, 0x0000000084c00000| Untracked 
|  39|0x0000000084d00000, 0x0000000084d00000, 0x0000000084e00000|  0%| F|  |TAMS 0x0000000084d00000, 0x0000000084d00000| Untracked 
|  40|0x0000000084e00000, 0x0000000084e00000, 0x0000000084f00000|  0%| F|  |TAMS 0x0000000084e00000, 0x0000000084e00000| Untracked 
|  41|0x0000000084f00000, 0x0000000084f00000, 0x0000000085000000|  0%| F|  |TAMS 0x0000000084f00000, 0x0000000084f00000| Untracked 
|  42|0x0000000085000000, 0x0000000085000000, 0x0000000085100000|  0%| F|  |TAMS 0x0000000085000000, 0x0000000085000000| Untracked 
|  43|0x0000000085100000, 0x0000000085100000, 0x0000000085200000|  0%| F|  |TAMS 0x0000000085100000, 0x0000000085100000| Untracked 
|  44|0x0000000085200000, 0x0000000085200000, 0x0000000085300000|  0%| F|  |TAMS 0x0000000085200000, 0x0000000085200000| Untracked 
|  45|0x0000000085300000, 0x0000000085300000, 0x0000000085400000|  0%| F|  |TAMS 0x0000000085300000, 0x0000000085300000| Untracked 
|  46|0x0000000085400000, 0x0000000085400000, 0x0000000085500000|  0%| F|  |TAMS 0x0000000085400000, 0x0000000085400000| Untracked 
|  47|0x0000000085500000, 0x0000000085500000, 0x0000000085600000|  0%| F|  |TAMS 0x0000000085500000, 0x0000000085500000| Untracked 
|  48|0x0000000085600000, 0x0000000085600000, 0x0000000085700000|  0%| F|  |TAMS 0x0000000085600000, 0x0000000085600000| Untracked 
|  49|0x0000000085700000, 0x0000000085700000, 0x0000000085800000|  0%| F|  |TAMS 0x0000000085700000, 0x0000000085700000| Untracked 
|  50|0x0000000085800000, 0x0000000085800000, 0x0000000085900000|  0%| F|  |TAMS 0x0000000085800000, 0x0000000085800000| Untracked 
|  51|0x0000000085900000, 0x0000000085900000, 0x0000000085a00000|  0%| F|  |TAMS 0x0000000085900000, 0x0000000085900000| Untracked 
|  52|0x0000000085a00000, 0x0000000085a00000, 0x0000000085b00000|  0%| F|  |TAMS 0x0000000085a00000, 0x0000000085a00000| Untracked 
|  53|0x0000000085b00000, 0x0000000085b00000, 0x0000000085c00000|  0%| F|  |TAMS 0x0000000085b00000, 0x0000000085b00000| Untracked 
|  54|0x0000000085c00000, 0x0000000085c00000, 0x0000000085d00000|  0%| F|  |TAMS 0x0000000085c00000, 0x0000000085c00000| Untracked 
|  55|0x0000000085d00000, 0x0000000085d00000, 0x0000000085e00000|  0%| F|  |TAMS 0x0000000085d00000, 0x0000000085d00000| Untracked 
|  56|0x0000000085e00000, 0x0000000085e00000, 0x0000000085f00000|  0%| F|  |TAMS 0x0000000085e00000, 0x0000000085e00000| Untracked 
|  57|0x0000000085f00000, 0x0000000085f00000, 0x0000000086000000|  0%| F|  |TAMS 0x0000000085f00000, 0x0000000085f00000| Untracked 
|  58|0x0000000086000000, 0x0000000086000000, 0x0000000086100000|  0%| F|  |TAMS 0x0000000086000000, 0x0000000086000000| Untracked 
|  59|0x0000000086100000, 0x0000000086100000, 0x0000000086200000|  0%| F|  |TAMS 0x0000000086100000, 0x0000000086100000| Untracked 
|  60|0x0000000086200000, 0x0000000086200000, 0x0000000086300000|  0%| F|  |TAMS 0x0000000086200000, 0x0000000086200000| Untracked 
|  61|0x0000000086300000, 0x0000000086300000, 0x0000000086400000|  0%| F|  |TAMS 0x0000000086300000, 0x0000000086300000| Untracked 
|  62|0x0000000086400000, 0x0000000086400000, 0x0000000086500000|  0%| F|  |TAMS 0x0000000086400000, 0x0000000086400000| Untracked 
|  63|0x0000000086500000, 0x0000000086500000, 0x0000000086600000|  0%| F|  |TAMS 0x0000000086500000, 0x0000000086500000| Untracked 
|  64|0x0000000086600000, 0x0000000086600000, 0x0000000086700000|  0%| F|  |TAMS 0x0000000086600000, 0x0000000086600000| Untracked 
|  65|0x0000000086700000, 0x0000000086700000, 0x0000000086800000|  0%| F|  |TAMS 0x0000000086700000, 0x0000000086700000| Untracked 
|  66|0x0000000086800000, 0x0000000086800000, 0x0000000086900000|  0%| F|  |TAMS 0x0000000086800000, 0x0000000086800000| Untracked 
|  67|0x0000000086900000, 0x0000000086900000, 0x0000000086a00000|  0%| F|  |TAMS 0x0000000086900000, 0x0000000086900000| Untracked 
|  68|0x0000000086a00000, 0x0000000086a00000, 0x0000000086b00000|  0%| F|  |TAMS 0x0000000086a00000, 0x0000000086a00000| Untracked 
|  69|0x0000000086b00000, 0x0000000086b00000, 0x0000000086c00000|  0%| F|  |TAMS 0x0000000086b00000, 0x0000000086b00000| Untracked 
|  70|0x0000000086c00000, 0x0000000086c00000, 0x0000000086d00000|  0%| F|  |TAMS 0x0000000086c00000, 0x0000000086c00000| Untracked 
|  71|0x0000000086d00000, 0x0000000086d00000, 0x0000000086e00000|  0%| F|  |TAMS 0x0000000086d00000, 0x0000000086d00000| Untracked 
|  72|0x0000000086e00000, 0x0000000086e00000, 0x0000000086f00000|  0%| F|  |TAMS 0x0000000086e00000, 0x0000000086e00000| Untracked 
|  73|0x0000000086f00000, 0x0000000086f00000, 0x0000000087000000|  0%| F|  |TAMS 0x0000000086f00000, 0x0000000086f00000| Untracked 
|  74|0x0000000087000000, 0x0000000087000000, 0x0000000087100000|  0%| F|  |TAMS 0x0000000087000000, 0x0000000087000000| Untracked 
|  75|0x0000000087100000, 0x0000000087100000, 0x0000000087200000|  0%| F|  |TAMS 0x0000000087100000, 0x0000000087100000| Untracked 
|  76|0x0000000087200000, 0x0000000087200000, 0x0000000087300000|  0%| F|  |TAMS 0x0000000087200000, 0x0000000087200000| Untracked 
|  77|0x0000000087300000, 0x0000000087300000, 0x0000000087400000|  0%| F|  |TAMS 0x0000000087300000, 0x0000000087300000| Untracked 
|  78|0x0000000087400000, 0x0000000087400000, 0x0000000087500000|  0%| F|  |TAMS 0x0000000087400000, 0x0000000087400000| Untracked 
|  79|0x0000000087500000, 0x0000000087500000, 0x0000000087600000|  0%| F|  |TAMS 0x0000000087500000, 0x0000000087500000| Untracked 
|  80|0x0000000087600000, 0x0000000087600000, 0x0000000087700000|  0%| F|  |TAMS 0x0000000087600000, 0x0000000087600000| Untracked 
|  81|0x0000000087700000, 0x0000000087700000, 0x0000000087800000|  0%| F|  |TAMS 0x0000000087700000, 0x0000000087700000| Untracked 
|  82|0x0000000087800000, 0x0000000087800000, 0x0000000087900000|  0%| F|  |TAMS 0x0000000087800000, 0x0000000087800000| Untracked 
|  83|0x0000000087900000, 0x0000000087900000, 0x0000000087a00000|  0%| F|  |TAMS 0x0000000087900000, 0x0000000087900000| Untracked 
|  84|0x0000000087a00000, 0x0000000087a00000, 0x0000000087b00000|  0%| F|  |TAMS 0x0000000087a00000, 0x0000000087a00000| Untracked 
|  85|0x0000000087b00000, 0x0000000087b00000, 0x0000000087c00000|  0%| F|  |TAMS 0x0000000087b00000, 0x0000000087b00000| Untracked 
|  86|0x0000000087c00000, 0x0000000087c00000, 0x0000000087d00000|  0%| F|  |TAMS 0x0000000087c00000, 0x0000000087c00000| Untracked 
|  87|0x0000000087d00000, 0x0000000087d00000, 0x0000000087e00000|  0%| F|  |TAMS 0x0000000087d00000, 0x0000000087d00000| Untracked 
|  88|0x0000000087e00000, 0x0000000087e00000, 0x0000000087f00000|  0%| F|  |TAMS 0x0000000087e00000, 0x0000000087e00000| Untracked 
|  89|0x0000000087f00000, 0x0000000087f00000, 0x0000000088000000|  0%| F|  |TAMS 0x0000000087f00000, 0x0000000087f00000| Untracked 
|  90|0x0000000088000000, 0x0000000088000000, 0x0000000088100000|  0%| F|  |TAMS 0x0000000088000000, 0x0000000088000000| Untracked 
|  91|0x0000000088100000, 0x0000000088100000, 0x0000000088200000|  0%| F|  |TAMS 0x0000000088100000, 0x0000000088100000| Untracked 
|  92|0x0000000088200000, 0x0000000088200000, 0x0000000088300000|  0%| F|  |TAMS 0x0000000088200000, 0x0000000088200000| Untracked 
|  93|0x0000000088300000, 0x0000000088300000, 0x0000000088400000|  0%| F|  |TAMS 0x0000000088300000, 0x0000000088300000| Untracked 
|  94|0x0000000088400000, 0x0000000088400000, 0x0000000088500000|  0%| F|  |TAMS 0x0000000088400000, 0x0000000088400000| Untracked 
|  95|0x0000000088500000, 0x0000000088500000, 0x0000000088600000|  0%| F|  |TAMS 0x0000000088500000, 0x0000000088500000| Untracked 
|  96|0x0000000088600000, 0x0000000088600000, 0x0000000088700000|  0%| F|  |TAMS 0x0000000088600000, 0x0000000088600000| Untracked 
|  97|0x0000000088700000, 0x0000000088700000, 0x0000000088800000|  0%| F|  |TAMS 0x0000000088700000, 0x0000000088700000| Untracked 
|  98|0x0000000088800000, 0x0000000088800000, 0x0000000088900000|  0%| F|  |TAMS 0x0000000088800000, 0x0000000088800000| Untracked 
|  99|0x0000000088900000, 0x0000000088900000, 0x0000000088a00000|  0%| F|  |TAMS 0x0000000088900000, 0x0000000088900000| Untracked 
| 100|0x0000000088a00000, 0x0000000088a7afd0, 0x0000000088b00000| 48%| S|CS|TAMS 0x0000000088a00000, 0x0000000088a00000| Complete 
| 101|0x0000000088b00000, 0x0000000088c00000, 0x0000000088c00000|100%| S|CS|TAMS 0x0000000088b00000, 0x0000000088b00000| Complete 
| 102|0x0000000088c00000, 0x0000000088d00000, 0x0000000088d00000|100%| E|  |TAMS 0x0000000088c00000, 0x0000000088c00000| Complete 
| 103|0x0000000088d00000, 0x0000000088e00000, 0x0000000088e00000|100%| E|CS|TAMS 0x0000000088d00000, 0x0000000088d00000| Complete 
| 104|0x0000000088e00000, 0x0000000088f00000, 0x0000000088f00000|100%| E|CS|TAMS 0x0000000088e00000, 0x0000000088e00000| Complete 
| 105|0x0000000088f00000, 0x0000000089000000, 0x0000000089000000|100%| E|CS|TAMS 0x0000000088f00000, 0x0000000088f00000| Complete 
| 106|0x0000000089000000, 0x0000000089100000, 0x0000000089100000|100%| E|CS|TAMS 0x0000000089000000, 0x0000000089000000| Complete 
| 107|0x0000000089100000, 0x0000000089200000, 0x0000000089200000|100%| E|CS|TAMS 0x0000000089100000, 0x0000000089100000| Complete 
| 108|0x0000000089200000, 0x0000000089300000, 0x0000000089300000|100%| E|CS|TAMS 0x0000000089200000, 0x0000000089200000| Complete 
| 109|0x0000000089300000, 0x0000000089400000, 0x0000000089400000|100%| E|CS|TAMS 0x0000000089300000, 0x0000000089300000| Complete 
| 110|0x0000000089400000, 0x0000000089500000, 0x0000000089500000|100%| E|CS|TAMS 0x0000000089400000, 0x0000000089400000| Complete 
| 111|0x0000000089500000, 0x0000000089600000, 0x0000000089600000|100%| E|CS|TAMS 0x0000000089500000, 0x0000000089500000| Complete 
| 112|0x0000000089600000, 0x0000000089700000, 0x0000000089700000|100%| E|CS|TAMS 0x0000000089600000, 0x0000000089600000| Complete 
| 113|0x0000000089700000, 0x0000000089800000, 0x0000000089800000|100%| E|CS|TAMS 0x0000000089700000, 0x0000000089700000| Complete 
| 114|0x0000000089800000, 0x0000000089900000, 0x0000000089900000|100%| E|CS|TAMS 0x0000000089800000, 0x0000000089800000| Complete 
| 115|0x0000000089900000, 0x0000000089a00000, 0x0000000089a00000|100%| E|CS|TAMS 0x0000000089900000, 0x0000000089900000| Complete 
| 116|0x0000000089a00000, 0x0000000089b00000, 0x0000000089b00000|100%| E|CS|TAMS 0x0000000089a00000, 0x0000000089a00000| Complete 
| 117|0x0000000089b00000, 0x0000000089c00000, 0x0000000089c00000|100%| E|CS|TAMS 0x0000000089b00000, 0x0000000089b00000| Complete 
| 118|0x0000000089c00000, 0x0000000089d00000, 0x0000000089d00000|100%| E|CS|TAMS 0x0000000089c00000, 0x0000000089c00000| Complete 
| 119|0x0000000089d00000, 0x0000000089e00000, 0x0000000089e00000|100%| E|CS|TAMS 0x0000000089d00000, 0x0000000089d00000| Complete 
| 120|0x0000000089e00000, 0x0000000089f00000, 0x0000000089f00000|100%| E|CS|TAMS 0x0000000089e00000, 0x0000000089e00000| Complete 
| 121|0x0000000089f00000, 0x000000008a000000, 0x000000008a000000|100%| E|CS|TAMS 0x0000000089f00000, 0x0000000089f00000| Complete 
| 122|0x000000008a000000, 0x000000008a100000, 0x000000008a100000|100%| E|CS|TAMS 0x000000008a000000, 0x000000008a000000| Complete 
| 123|0x000000008a100000, 0x000000008a200000, 0x000000008a200000|100%| E|CS|TAMS 0x000000008a100000, 0x000000008a100000| Complete 
| 124|0x000000008a200000, 0x000000008a300000, 0x000000008a300000|100%| E|CS|TAMS 0x000000008a200000, 0x000000008a200000| Complete 
| 125|0x000000008a300000, 0x000000008a400000, 0x000000008a400000|100%| E|CS|TAMS 0x000000008a300000, 0x000000008a300000| Complete 

Card table byte_map: [0x000001ae7f2e0000,0x000001ae7f6d0000] _byte_map_base: 0x000001ae7eecd000

Marking Bits (Prev, Next): (CMBitMap*) 0x000001ae7eb27e38, (CMBitMap*) 0x000001ae7eb27e70
 Prev Bits: [0x000001ae17330000, 0x000001ae19298000)
 Next Bits: [0x000001ae192a0000, 0x000001ae1b208000)

Polling page: 0x000001ae7c9b0000

Metaspace:

Usage:
  Non-class:      7.50 MB capacity,     7.36 MB ( 98%) used,   128.28 KB (  2%) free+waste,     9.50 KB ( <1%) overhead. 
      Class:    804.00 KB capacity,   721.47 KB ( 90%) used,    78.09 KB ( 10%) free+waste,     4.44 KB ( <1%) overhead. 
       Both:      8.28 MB capacity,     8.07 MB ( 97%) used,   206.38 KB (  2%) free+waste,    13.94 KB ( <1%) overhead. 

Virtual space:
  Non-class space:        8.00 MB reserved,       7.50 MB ( 94%) committed 
      Class space:        1.00 GB reserved,     896.00 KB ( <1%) committed 
             Both:        1.01 GB reserved,       8.38 MB ( <1%) committed 

Chunk freelists:
   Non-Class:  128 bytes
       Class:  3.50 KB
        Both:  3.63 KB

CodeHeap 'non-profiled nmethods': size=120000Kb used=304Kb max_used=304Kb free=119695Kb
 bounds [0x000001ae0fe00000, 0x000001ae10070000, 0x000001ae17330000]
CodeHeap 'profiled nmethods': size=120000Kb used=1010Kb max_used=1010Kb free=118989Kb
 bounds [0x000001ae088d0000, 0x000001ae08b40000, 0x000001ae0fe00000]
CodeHeap 'non-nmethods': size=5760Kb used=1105Kb max_used=1121Kb free=4654Kb
 bounds [0x000001ae08330000, 0x000001ae085a0000, 0x000001ae088d0000]
 total_blobs=1049 nmethods=629 adapters=332
 compilation: enabled
              stopped_count=0, restarted_count=0
 full_count=0

Compilation events (10 events):
Event: 166.217 Thread 0x000001ae1e0c9000  625       3       java.lang.Integer::stringSize (47 bytes)
Event: 166.218 Thread 0x000001ae1e0c9000 nmethod 625 0x000001ae089cbd90 code [0x000001ae089cbf40, 0x000001ae089cc1d8]
Event: 166.218 Thread 0x000001ae1e0c9000  626       3       java.lang.Integer::getChars (131 bytes)
Event: 166.219 Thread 0x000001ae1e0c9000 nmethod 626 0x000001ae089cc290 code [0x000001ae089cc460, 0x000001ae089cc8f8]
Event: 172.585 Thread 0x000001ae1e0bd000  627       4       java.util.concurrent.locks.ReentrantLock::lock (9 bytes)
Event: 172.605 Thread 0x000001ae1e0bd000 nmethod 627 0x000001ae0fe4a010 code [0x000001ae0fe4a1c0, 0x000001ae0fe4aa78]
Event: 179.416 Thread 0x000001ae1e0bd000  628 % !   4       simlejos.robotics.RegulatedMotor::waitUntilTargetReached @ 78 (107 bytes)
Event: 179.430 Thread 0x000001ae1e0bd000 nmethod 628% 0x000001ae0fe4ad90 code [0x000001ae0fe4af80, 0x000001ae0fe4b1f0]
Event: 179.729 Thread 0x000001ae1e0bd000  629   !   4       simlejos.robotics.RegulatedMotor::waitUntilTargetReached (107 bytes)
Event: 179.741 Thread 0x000001ae1e0bd000 nmethod 629 0x000001ae0fe4b510 code [0x000001ae0fe4b780, 0x000001ae0fe4bd40]

GC Heap History (2 events):
Event: 87.857 GC heap before
{Heap before GC invocations=0 (full 0):
 garbage-first heap   total 129024K, used 24576K [0x0000000082600000, 0x0000000100000000)
  region size 1024K, 24 young (24576K), 0 survivors (0K)
 Metaspace       used 8221K, capacity 8419K, committed 8576K, reserved 1056768K
  class space    used 721K, capacity 804K, committed 896K, reserved 1048576K
}
Event: 87.860 GC heap after
{Heap after GC invocations=1 (full 0):
 garbage-first heap   total 129024K, used 1515K [0x0000000082600000, 0x0000000100000000)
  region size 1024K, 2 young (2048K), 2 survivors (2048K)
 Metaspace       used 8221K, capacity 8419K, committed 8576K, reserved 1056768K
  class space    used 721K, capacity 804K, committed 896K, reserved 1048576K
}

Deoptimization events (10 events):
Event: 12.607 Thread 0x000001ae1e26b800 Uncommon trap: reason=unstable_if action=reinterpret pc=0x000001ae0fe2140c method=java.util.concurrent.locks.ReentrantLock$Sync.nonfairTryAcquire(I)Z @ 19 c2
Event: 21.457 Thread 0x000001ae7eae9800 Uncommon trap: reason=unstable_if action=reinterpret pc=0x000001ae0fe3bd84 method=ca.mcgill.ecse211.project.LightLocalizer.isBlack(II)Z @ 13 c2
Event: 24.402 Thread 0x000001ae1e26b800 Uncommon trap: reason=unstable_if action=reinterpret pc=0x000001ae0fe29b74 method=java.util.concurrent.locks.ReentrantLock$Sync.nonfairTryAcquire(I)Z @ 19 c2
Event: 27.639 Thread 0x000001ae7eae9800 Uncommon trap: reason=unstable_if action=reinterpret pc=0x000001ae0fe2d8e0 method=java.util.concurrent.locks.ReentrantLock$FairSync.tryAcquire(I)Z @ 10 c2
Event: 27.639 Thread 0x000001ae7eae9800 Uncommon trap: reason=class_check action=maybe_recompile pc=0x000001ae0fe31ff4 method=java.util.concurrent.locks.AbstractQueuedSynchronizer.acquireQueued(Ljava/util/concurrent/locks/AbstractQueuedSynchronizer$Node;I)Z @ 19 c2
Event: 27.639 Thread 0x000001ae7eae9800 Uncommon trap: reason=unstable_if action=reinterpret pc=0x000001ae0fe2dc7c method=java.util.concurrent.locks.AbstractQueuedSynchronizer.hasQueuedPredecessors()Z @ 6 c2
Event: 27.640 Thread 0x000001ae1e26b800 Uncommon trap: reason=unstable_if action=reinterpret pc=0x000001ae0fe2f1a4 method=java.util.concurrent.locks.AbstractQueuedSynchronizer.hasQueuedPredecessors()Z @ 6 c2
Event: 27.640 Thread 0x000001ae1e26b800 Uncommon trap: reason=class_check action=maybe_recompile pc=0x000001ae0fe31ff4 method=java.util.concurrent.locks.AbstractQueuedSynchronizer.acquireQueued(Ljava/util/concurrent/locks/AbstractQueuedSynchronizer$Node;I)Z @ 19 c2
Event: 32.895 Thread 0x000001ae1e26b800 Uncommon trap: reason=class_check action=maybe_recompile pc=0x000001ae0fe31ff4 method=java.util.concurrent.locks.AbstractQueuedSynchronizer.acquireQueued(Ljava/util/concurrent/locks/AbstractQueuedSynchronizer$Node;I)Z @ 19 c2
Event: 99.400 Thread 0x000001ae1e26b800 Uncommon trap: reason=class_check action=maybe_recompile pc=0x000001ae0fe31ff4 method=java.util.concurrent.locks.AbstractQueuedSynchronizer.acquireQueued(Ljava/util/concurrent/locks/AbstractQueuedSynchronizer$Node;I)Z @ 19 c2

Classes redefined (0 events):
No events

Internal exceptions (0 events):
No events

Events (10 events):
Event: 130.670 Thread 0x000001ae7eae9800 DEOPT PACKING pc=0x000001ae089b2514 sp=0x0000005b2a9ff3d0
Event: 130.670 Thread 0x000001ae7eae9800 DEOPT UNPACKING pc=0x000001ae08358d4e sp=0x0000005b2a9fe8d8 mode 0
Event: 151.481 Thread 0x000001ae7eae9800 DEOPT PACKING pc=0x000001ae089b2514 sp=0x0000005b2a9ff360
Event: 151.481 Thread 0x000001ae7eae9800 DEOPT UNPACKING pc=0x000001ae08358d4e sp=0x0000005b2a9fe868 mode 0
Event: 158.833 Thread 0x000001ae7eae9800 DEOPT PACKING pc=0x000001ae089b2514 sp=0x0000005b2a9ff360
Event: 158.833 Thread 0x000001ae7eae9800 DEOPT UNPACKING pc=0x000001ae08358d4e sp=0x0000005b2a9fe868 mode 0
Event: 167.635 Thread 0x000001ae7eae9800 DEOPT PACKING pc=0x000001ae089b2514 sp=0x0000005b2a9ff400
Event: 167.635 Thread 0x000001ae7eae9800 DEOPT UNPACKING pc=0x000001ae08358d4e sp=0x0000005b2a9fe908 mode 0
Event: 179.416 Thread 0x000001ae7eae9800 DEOPT PACKING pc=0x000001ae089b2514 sp=0x0000005b2a9ff250
Event: 179.416 Thread 0x000001ae7eae9800 DEOPT UNPACKING pc=0x000001ae08358d4e sp=0x0000005b2a9fe758 mode 0


Dynamic libraries:
0x00007ff69a930000 - 0x00007ff69a93f000 	C:\Program Files\Java\jdk-11.0.8\bin\javaw.exe
0x00007ffab1580000 - 0x00007ffab1770000 	C:\WINDOWS\SYSTEM32\ntdll.dll
0x00007ffab0b40000 - 0x00007ffab0bf2000 	C:\WINDOWS\System32\KERNEL32.DLL
0x00007ffaae530000 - 0x00007ffaae7d5000 	C:\WINDOWS\System32\KERNELBASE.dll
0x00007ffaaf4a0000 - 0x00007ffaaf59a000 	C:\WINDOWS\System32\ucrtbase.dll
0x00007ffaa0350000 - 0x00007ffaa0368000 	C:\Program Files\Java\jdk-11.0.8\bin\jli.dll
0x00007ffa9b220000 - 0x00007ffa9b235000 	C:\Program Files\Java\jdk-11.0.8\bin\VCRUNTIME140.dll
0x00007ffab13a0000 - 0x00007ffab1443000 	C:\WINDOWS\System32\ADVAPI32.dll
0x00007ffab0190000 - 0x00007ffab022e000 	C:\WINDOWS\System32\msvcrt.dll
0x00007ffab0cc0000 - 0x00007ffab0d57000 	C:\WINDOWS\System32\sechost.dll
0x00007ffab0f90000 - 0x00007ffab10b0000 	C:\WINDOWS\System32\RPCRT4.dll
0x00007ffab0d60000 - 0x00007ffab0ef4000 	C:\WINDOWS\System32\USER32.dll
0x00007ffaae500000 - 0x00007ffaae521000 	C:\WINDOWS\System32\win32u.dll
0x00007ffab0630000 - 0x00007ffab0656000 	C:\WINDOWS\System32\GDI32.dll
0x00007ffaae850000 - 0x00007ffaae9e6000 	C:\WINDOWS\System32\gdi32full.dll
0x00007ffaaf350000 - 0x00007ffaaf3ee000 	C:\WINDOWS\System32\msvcp_win.dll
0x00007ffa9c910000 - 0x00007ffa9cb94000 	C:\WINDOWS\WinSxS\amd64_microsoft.windows.common-controls_6595b64144ccf1df_6.0.18362.1198_none_9e820b57e45ad92f\COMCTL32.dll
0x00007ffab0230000 - 0x00007ffab0565000 	C:\WINDOWS\System32\combase.dll
0x00007ffaaf180000 - 0x00007ffaaf200000 	C:\WINDOWS\System32\bcryptPrimitives.dll
0x00007ffaa6120000 - 0x00007ffaa612a000 	C:\WINDOWS\SYSTEM32\VERSION.dll
0x00007ffab0f60000 - 0x00007ffab0f8e000 	C:\WINDOWS\System32\IMM32.DLL
0x00007ffa808d0000 - 0x00007ffa8096b000 	C:\Program Files\Java\jdk-11.0.8\bin\msvcp140.dll
0x00007ffa56900000 - 0x00007ffa573e6000 	C:\Program Files\Java\jdk-11.0.8\bin\server\jvm.dll
0x00007ffab0570000 - 0x00007ffab0578000 	C:\WINDOWS\System32\PSAPI.DLL
0x00007ffaaa7e0000 - 0x00007ffaaa804000 	C:\WINDOWS\SYSTEM32\WINMM.dll
0x00007ffaa51b0000 - 0x00007ffaa51b9000 	C:\WINDOWS\SYSTEM32\WSOCK32.dll
0x00007ffab0880000 - 0x00007ffab08ef000 	C:\WINDOWS\System32\WS2_32.dll
0x00007ffaaa7b0000 - 0x00007ffaaa7dd000 	C:\WINDOWS\SYSTEM32\WINMMBASE.dll
0x00007ffaae7e0000 - 0x00007ffaae82a000 	C:\WINDOWS\System32\cfgmgr32.dll
0x00007ffaae490000 - 0x00007ffaae4a1000 	C:\WINDOWS\System32\kernel.appcore.dll
0x00007ffa9e5e0000 - 0x00007ffa9e5f0000 	C:\Program Files\Java\jdk-11.0.8\bin\verify.dll
0x00007ffaacbd0000 - 0x00007ffaacdc4000 	C:\WINDOWS\SYSTEM32\DBGHELP.DLL
0x00007ffa93e90000 - 0x00007ffa93eba000 	C:\WINDOWS\SYSTEM32\dbgcore.DLL
0x00007ffa92f80000 - 0x00007ffa92fa8000 	C:\Program Files\Java\jdk-11.0.8\bin\java.dll
0x00007ffa9a6a0000 - 0x00007ffa9a6aa000 	C:\Program Files\Java\jdk-11.0.8\bin\jimage.dll
0x00007ffa92f60000 - 0x00007ffa92f76000 	C:\Program Files\Java\jdk-11.0.8\bin\zip.dll
0x00007ffaafaa0000 - 0x00007ffab0187000 	C:\WINDOWS\System32\SHELL32.dll
0x00007ffab0580000 - 0x00007ffab0629000 	C:\WINDOWS\System32\shcore.dll
0x00007ffaae9f0000 - 0x00007ffaaf171000 	C:\WINDOWS\System32\windows.storage.dll
0x00007ffaae4d0000 - 0x00007ffaae4f3000 	C:\WINDOWS\System32\profapi.dll
0x00007ffaae440000 - 0x00007ffaae48a000 	C:\WINDOWS\System32\powrprof.dll
0x00007ffaae430000 - 0x00007ffaae440000 	C:\WINDOWS\System32\UMPDC.dll
0x00007ffab0f00000 - 0x00007ffab0f52000 	C:\WINDOWS\System32\shlwapi.dll
0x00007ffaae830000 - 0x00007ffaae847000 	C:\WINDOWS\System32\cryptsp.dll
0x00007ffa92f40000 - 0x00007ffa92f59000 	C:\Program Files\Java\jdk-11.0.8\bin\net.dll
0x00007ffaabf20000 - 0x00007ffaac010000 	C:\WINDOWS\SYSTEM32\WINHTTP.dll
0x00007ffaadc80000 - 0x00007ffaadce7000 	C:\WINDOWS\system32\mswsock.dll
0x00007ffa92f20000 - 0x00007ffa92f32000 	C:\Program Files\Java\jdk-11.0.8\bin\nio.dll
0x000000006e780000 - 0x000000006e7c0000 	C:\Users\denni\AppData\Local\Programs\Webots\lib\controller\java\JavaController.dll
0x0000000061440000 - 0x000000006145c000 	C:\Users\denni\AppData\Local\Programs\Webots\msys64\mingw64\bin\cpp\libgcc_s_seh-1.dll
0x000000006fc40000 - 0x000000006fdf1000 	C:\Users\denni\AppData\Local\Programs\Webots\msys64\mingw64\bin\cpp\libstdc++-6.dll
0x0000000064940000 - 0x0000000064956000 	C:\Users\denni\AppData\Local\Programs\Webots\msys64\mingw64\bin\cpp\libwinpthread-1.dll
0x0000000064f40000 - 0x0000000064fac000 	C:\Users\denni\AppData\Local\Programs\Webots\lib\controller\CppController.dll
0x000000006aa40000 - 0x000000006aac8000 	C:\Users\denni\AppData\Local\Programs\Webots\lib\controller\Controller.dll
0x0000000063e00000 - 0x0000000063e1b000 	C:\Users\denni\AppData\Local\Programs\Webots\RESOUR~1\projects\plugins\ROBOT_~1\generic\generic.dll

dbghelp: loaded successfully - version: 4.0.5 - missing functions: none
symbol engine: initialized successfully - sym options: 0x614 - pdb path: .;C:\Program Files\Java\jdk-11.0.8\bin;C:\WINDOWS\SYSTEM32;C:\WINDOWS\WinSxS\amd64_microsoft.windows.common-controls_6595b64144ccf1df_6.0.18362.1198_none_9e820b57e45ad92f;C:\Program Files\Java\jdk-11.0.8\bin\server;C:\Users\denni\AppData\Local\Programs\Webots\lib\controller\java;C:\Users\denni\AppData\Local\Programs\Webots\msys64\mingw64\bin\cpp;C:\Users\denni\AppData\Local\Programs\Webots\lib\controller;C:\Users\denni\AppData\Local\Programs\Webots\RESOUR~1\projects\plugins\ROBOT_~1\generic

VM Arguments:
jvm_args: -Djava.library.path=C:/Users/denni/AppData/Local/Programs/Webots/lib/controller/java 
java_command: T06Controller
java_class_path (initial): C:/Users/denni/AppData/Local/Programs/Webots/lib/controller/java/Controller.jar;C:/Users/denni/Desktop/School/MCGILL/ECSE21~1/WORKSP~1/LAB_FI~1/PROJEC~1/CONTRO~1/T06CON~1/;..\lib\simlejos.jar;..\lib\EV3WiFiClient.jar
Launcher Type: SUN_STANDARD

[Global flags]
     intx CICompilerCount                          = 4                                         {product} {ergonomic}
     uint ConcGCThreads                            = 2                                         {product} {ergonomic}
     uint G1ConcRefinementThreads                  = 8                                         {product} {ergonomic}
   size_t G1HeapRegionSize                         = 1048576                                   {product} {ergonomic}
    uintx GCDrainStackTargetSize                   = 64                                        {product} {ergonomic}
   size_t InitialHeapSize                          = 132120576                                 {product} {ergonomic}
   size_t MarkStackSize                            = 4194304                                   {product} {ergonomic}
   size_t MaxHeapSize                              = 2107637760                                {product} {ergonomic}
   size_t MaxNewSize                               = 1264582656                                {product} {ergonomic}
   size_t MinHeapDeltaBytes                        = 1048576                                   {product} {ergonomic}
    uintx NonNMethodCodeHeapSize                   = 5836300                                {pd product} {ergonomic}
    uintx NonProfiledCodeHeapSize                  = 122910970                              {pd product} {ergonomic}
    uintx ProfiledCodeHeapSize                     = 122910970                              {pd product} {ergonomic}
    uintx ReservedCodeCacheSize                    = 251658240                              {pd product} {ergonomic}
     bool SegmentedCodeCache                       = true                                      {product} {ergonomic}
     bool UseCompressedClassPointers               = true                                 {lp64_product} {ergonomic}
     bool UseCompressedOops                        = true                                 {lp64_product} {ergonomic}
     bool UseG1GC                                  = true                                      {product} {ergonomic}
     bool UseLargePagesIndividualAllocation        = false                                  {pd product} {ergonomic}

Logging:
Log output configuration:
 #0: stdout all=warning uptime,level,tags
 #1: stderr all=off uptime,level,tags

Environment Variables:
JAVA_HOME=C:\Program Files\Java\jdk-11.0.8
CLASSPATH=..\lib\simlejos.jar;..\lib\EV3WiFiClient.jar
PATH=C:\Users\denni\AppData\Local\Programs\Webots\msys64\mingw64\bin\cpp;C:\Program Files\Common Files\Oracle\Java\javapath;C:\Windows\system32;C:\Windows;C:\Windows\System32\Wbem;C:\Windows\System32\WindowsPowerShell\v1.0\;C:\Windows\System32\OpenSSH\;C:\Program Files (x86)\NVIDIA Corporation\PhysX\Common;C:\WINDOWS\system32;C:\WINDOWS;C:\WINDOWS\System32\Wbem;C:\WINDOWS\System32\WindowsPowerShell\v1.0\;C:\WINDOWS\System32\OpenSSH\;C:\Program Files\Git\cmd;C:\Program Files\Microsoft SQL Server\130\Tools\Binn\;C:\Users\denni\AppData\Local\Microsoft\WindowsApps;C:\Users\denni\AppData\Local\GitHubDesktop\bin;C:\intelFPGA\18.0\modelsim_ase\win32aloem;C:\Users\denni\AppData\Roaming\Dashlane\6.2035.0.38627\bin\Firefox_Extension\{442718d9-475e-452a-b3e1-fb1ee16b8e9f}\components;C:\Users\denni\AppData\Roaming\Dashlane\6.2035.0.38627\ucrt;C:\Users\denni\AppData\Roaming\Dashlane\6.2035.0.38627\bin\Qt;C:\Users\denni\AppData\Roaming\Dashlane\6.2035.0.38627\bin\Ssl;C:\Program Files\Java\jdk-11.0.8\bin;C:\Users\denni\AppData\Local\Programs\Webots\lib\controller
USERNAME=denni
OS=Windows_NT
PROCESSOR_IDENTIFIER=Intel64 Family 6 Model 142 Stepping 11, GenuineIntel



---------------  S Y S T E M  ---------------

OS: Windows 10 , 64 bit Build 18362 (10.0.18362.1110)

CPU:total 8 (initial active 8) (4 cores per cpu, 2 threads per core) family 6 model 142 stepping 11, cmov, cx8, fxsr, mmx, sse, sse2, sse3, ssse3, sse4.1, sse4.2, popcnt, avx, avx2, aes, clmul, erms, 3dnowpref, lzcnt, ht, tsc, tscinvbit, bmi1, bmi2, adx, fma

Memory: 4k page, system-wide physical 8037M (2439M free)
TotalPageFile size 11493M (AvailPageFile size 2261M)
current process WorkingSet (physical memory assigned to process): 64M, peak: 66M
current process commit charge ("private bytes"): 207M, peak: 212M

vm_info: Java HotSpot(TM) 64-Bit Server VM (11.0.8+10-LTS) for windows-amd64 JRE (11.0.8+10-LTS), built on Jun 16 2020 05:53:08 by "mach5one" with unknown MS VC++:1916

END.
