#
# A fatal error has been detected by the Java Runtime Environment:
#
#  EXCEPTION_ACCESS_VIOLATION (0xc0000005) at pc=0x000000006e7814a6, pid=18888, tid=17840
#
# JRE version: Java(TM) SE Runtime Environment 18.9 (11.0.8+10) (build 11.0.8+10-LTS)
# Java VM: Java HotSpot(TM) 64-Bit Server VM 18.9 (11.0.8+10-LTS, mixed mode, tiered, compressed oops, g1 gc, windows-amd64)
# Problematic frame:
# C  [JavaController.dll+0x14a6]
#
# No core dump will be written. Minidumps are not enabled by default on client versions of Windows
#
# If you would like to submit a bug report, please visit:
#   https://bugreport.java.com/bugreport/crash.jsp
# The crash happened outside the Java Virtual Machine in native code.
# See problematic frame for where to report the bug.
#

---------------  S U M M A R Y ------------

Command Line: -Djava.library.path=C:/Users/denni/AppData/Local/Programs/Webots/lib/controller/java T06Controller

Host: Intel(R) Core(TM) i5-8265U CPU @ 1.60GHz, 8 cores, 7G,  Windows 10 , 64 bit Build 18362 (10.0.18362.1082)
Time: Thu Nov 12 16:11:57 2020 ??2?¡À¨º¡Á?¨º¡À?? elapsed time: 36 seconds (0d 0h 0m 36s)

---------------  T H R E A D  ---------------

Current thread (0x0000022123a5d800):  JavaThread "main" [_thread_in_native, id=17840, stack(0x0000003e28900000,0x0000003e28a00000)]

Stack: [0x0000003e28900000,0x0000003e28a00000],  sp=0x0000003e289fefd0,  free space=1019k
Native frames: (J=compiled Java code, j=interpreted, Vv=VM code, C=native code)
C  [JavaController.dll+0x14a6]

Java frames: (J=compiled Java code, j=interpreted, Vv=VM code)
J 412  com.cyberbotics.webots.controller.wrapperJNI.Camera_getImage(JLcom/cyberbotics/webots/controller/Camera;)[I (0 bytes) @ 0x0000022133963095 [0x0000022133963040+0x0000000000000055]
J 415 c2 simlejos.hardware.sensor.EV3ColorSensor$RedMode.fetchSample([FI)V (89 bytes) @ 0x000002213396646c [0x0000022133966320+0x000000000000014c]
j  ca.mcgill.ecse211.project.Navigation.lineCorrection(II)V+61
j  ca.mcgill.ecse211.project.Navigation.goStraightFor(IZ)Z+227
j  ca.mcgill.ecse211.project.Navigation.travelTo(Lca/mcgill/ecse211/playingfield/Point;Z)Z+179
j  ca.mcgill.ecse211.project.Navigation.moveInSearchZone(Lca/mcgill/ecse211/playingfield/Region;Lca/mcgill/ecse211/playingfield/RampEdge;)V+160
j  ca.mcgill.ecse211.project.Main.main([Ljava/lang/String;)V+146
j  T06Controller.main([Ljava/lang/String;)V+1
v  ~StubRoutines::call_stub

siginfo: EXCEPTION_ACCESS_VIOLATION (0xc0000005), reading address 0x0000000000000000


Register to memory mapping:

RIP=0x000000006e7814a6 JavaController.dll
RAX=0x0 is NULL
RBX=0x0 is NULL
RCX=0x0000000000000001 is an unknown value
RDX=0x0000000000000006 is an unknown value
RSP=0x0000003e289fefd0 is pointing into the stack for thread: 0x0000022123a5d800
RBP=0x0000000000000001 is an unknown value
RSI=0x0000022123a5db40 points into unknown readable memory: 00 2d 7f ed fb 7f 00 00
RDI=0x0000022142692390 points into unknown readable memory: 20 44 1d 8a 00 00 00 00
R8 =0x0000022143330e30 points into unknown readable memory: 00 00 00 00 00 00 00 00
R9 =0x000000008a1d4430 is pointing into object: [I 
{0x000000008a1d4420} - klass: {type array int}
 - length: 1
R10=0x0 is NULL
R11=0x0000003e289fefb0 is pointing into the stack for thread: 0x0000022123a5d800
R12=0x0 is NULL
R13=0x0000000088b62180 is an oop: java.util.concurrent.locks.ReentrantLock$NonfairSync 
{0x0000000088b62180} - klass: 'java/util/concurrent/locks/ReentrantLock$NonfairSync'
R14=0x0000003e289ff0c0 is pointing into the stack for thread: 0x0000022123a5d800
R15=0x0000022123a5d800 is a thread


Registers:
RAX=0x0000000000000000, RBX=0x0000000000000000, RCX=0x0000000000000001, RDX=0x0000000000000006
RSP=0x0000003e289fefd0, RBP=0x0000000000000001, RSI=0x0000022123a5db40, RDI=0x0000022142692390
R8 =0x0000022143330e30, R9 =0x000000008a1d4430, R10=0x0000000000000000, R11=0x0000003e289fefb0
R12=0x0000000000000000, R13=0x0000000088b62180, R14=0x0000003e289ff0c0, R15=0x0000022123a5d800
RIP=0x000000006e7814a6, EFLAGS=0x0000000000010202

Top of Stack: (sp=0x0000003e289fefd0)
0x0000003e289fefd0:   0000000000000000 0000000000000001
0x0000003e289fefe0:   0000022123a5db40 0000022142692390
0x0000003e289feff0:   000002212197d830 000002212197d830
0x0000003e289ff000:   0000022123a5db40 0000000000000000
0x0000003e289ff010:   0000000000000001 000000006e7820a8
0x0000003e289ff020:   000002212197d830 0000003e289ff0a0
0x0000003e289ff030:   0000003e289ff0d0 000000006e7820bd
0x0000003e289ff040:   000002212197d4b0 0000000088b0d988
0x0000003e289ff050:   000000000000000a 0000000088b6ae60
0x0000003e289ff060:   0000003e289ff0d0 0000022133963135
0x0000003e289ff070:   0000022123a5d800 00007ffbed02783d
0x0000003e289ff080:   000000008a1d43f0 0000000000000478
0x0000003e289ff090:   0000000000000000 0000000088bb4a20
0x0000003e289ff0a0:   00007ffbed665438 0000022121a7b980
0x0000003e289ff0b0:   0000022123a5d800 0000000100000430
0x0000003e289ff0c0:   0000000088b60cd0 00007f0100000001 

Instructions: (pc=0x000000006e7814a6)
0x000000006e781486:   00 48 89 fa 48 89 f1 ff 90 d8 05 00 00 49 89 c0
0x000000006e781496:   48 85 c0 74 3c 85 ed 7e 17 89 e9 b8 00 00 00 00
0x000000006e7814a6:   8b 14 83 41 89 14 80 48 83 c0 01 48 39 c8 75 f0
0x000000006e7814b6:   48 8b 06 41 b9 00 00 00 00 48 89 fa 48 89 f1 ff 


Stack slot to memory mapping:
stack at sp + 0 slots: 0x0 is NULL
stack at sp + 1 slots: 0x0000000000000001 is an unknown value
stack at sp + 2 slots: 0x0000022123a5db40 points into unknown readable memory: 00 2d 7f ed fb 7f 00 00
stack at sp + 3 slots: 0x0000022142692390 points into unknown readable memory: 20 44 1d 8a 00 00 00 00
stack at sp + 4 slots: 0x000002212197d830 points into unknown readable memory: 40 8c f5 64 00 00 00 00
stack at sp + 5 slots: 0x000002212197d830 points into unknown readable memory: 40 8c f5 64 00 00 00 00
stack at sp + 6 slots: 0x0000022123a5db40 points into unknown readable memory: 00 2d 7f ed fb 7f 00 00
stack at sp + 7 slots: 0x0 is NULL


---------------  P R O C E S S  ---------------

Threads class SMR info:
_java_thread_list=0x0000022143889230, length=12, elements={
0x0000022123a5d800, 0x0000022142694000, 0x00000221426bd800, 0x0000022142f8a000,
0x0000022142f8c000, 0x0000022142f96000, 0x0000022142f99000, 0x0000022142fa2000,
0x000002214310d000, 0x0000022143104000, 0x0000022121981000, 0x0000022143116000
}

Java Threads: ( => current thread )
=>0x0000022123a5d800 JavaThread "main" [_thread_in_native, id=17840, stack(0x0000003e28900000,0x0000003e28a00000)]
  0x0000022142694000 JavaThread "Reference Handler" daemon [_thread_blocked, id=12552, stack(0x0000003e29000000,0x0000003e29100000)]
  0x00000221426bd800 JavaThread "Finalizer" daemon [_thread_blocked, id=2388, stack(0x0000003e29100000,0x0000003e29200000)]
  0x0000022142f8a000 JavaThread "Signal Dispatcher" daemon [_thread_blocked, id=17768, stack(0x0000003e29200000,0x0000003e29300000)]
  0x0000022142f8c000 JavaThread "Attach Listener" daemon [_thread_blocked, id=9664, stack(0x0000003e29300000,0x0000003e29400000)]
  0x0000022142f96000 JavaThread "C2 CompilerThread0" daemon [_thread_blocked, id=6500, stack(0x0000003e29400000,0x0000003e29500000)]
  0x0000022142f99000 JavaThread "C1 CompilerThread0" daemon [_thread_blocked, id=13252, stack(0x0000003e29500000,0x0000003e29600000)]
  0x0000022142fa2000 JavaThread "Sweeper thread" daemon [_thread_blocked, id=6260, stack(0x0000003e29600000,0x0000003e29700000)]
  0x000002214310d000 JavaThread "Service Thread" daemon [_thread_blocked, id=10156, stack(0x0000003e29700000,0x0000003e29800000)]
  0x0000022143104000 JavaThread "Common-Cleaner" daemon [_thread_blocked, id=15224, stack(0x0000003e29900000,0x0000003e29a00000)]
  0x0000022121981000 JavaThread "Thread-0" [_thread_blocked, id=12756, stack(0x0000003e29a00000,0x0000003e29b00000)]
  0x0000022143116000 JavaThread "Thread-1" [_thread_blocked, id=16004, stack(0x0000003e29b00000,0x0000003e29c00000)]

Other Threads:
  0x0000022142690800 VMThread "VM Thread" [stack: 0x0000003e28f00000,0x0000003e29000000] [id=12420]
  0x0000022143103800 WatcherThread [stack: 0x0000003e29800000,0x0000003e29900000] [id=19788]
  0x0000022123a6c800 GCTaskThread "GC Thread#0" [stack: 0x0000003e28a00000,0x0000003e28b00000] [id=21392]
  0x000002214394e800 GCTaskThread "GC Thread#1" [stack: 0x0000003e29c00000,0x0000003e29d00000] [id=1556]
  0x0000022143952000 GCTaskThread "GC Thread#2" [stack: 0x0000003e29d00000,0x0000003e29e00000] [id=9584]
  0x000002214394b800 GCTaskThread "GC Thread#3" [stack: 0x0000003e29e00000,0x0000003e29f00000] [id=7836]
  0x000002214394f000 GCTaskThread "GC Thread#4" [stack: 0x0000003e29f00000,0x0000003e2a000000] [id=16288]
  0x0000022143953000 GCTaskThread "GC Thread#5" [stack: 0x0000003e2a000000,0x0000003e2a100000] [id=6912]
  0x0000022123a9f800 ConcurrentGCThread "G1 Main Marker" [stack: 0x0000003e28b00000,0x0000003e28c00000] [id=5308]
  0x0000022123aa5000 ConcurrentGCThread "G1 Conc#0" [stack: 0x0000003e28c00000,0x0000003e28d00000] [id=14728]
  0x00000221424fa800 ConcurrentGCThread "G1 Refine#0" [stack: 0x0000003e28d00000,0x0000003e28e00000] [id=21324]
  0x00000221424fb000 ConcurrentGCThread "G1 Young RemSet Sampling" [stack: 0x0000003e28e00000,0x0000003e28f00000] [id=14052]

Threads with active compile tasks:

VM state:not at safepoint (normal execution)

VM Mutex/Monitor currently owned by a thread: None

Heap address: 0x0000000082600000, size: 2010 MB, Compressed Oops mode: 32-bit
Narrow klass base: 0x0000000000000000, Narrow klass shift: 3
Compressed class space size: 1073741824 Address: 0x0000000100000000

Heap:
 garbage-first heap   total 129024K, used 4504K [0x0000000082600000, 0x0000000100000000)
  region size 1024K, 6 young (6144K), 2 survivors (2048K)
 Metaspace       used 8070K, capacity 8248K, committed 8448K, reserved 1056768K
  class space    used 699K, capacity 745K, committed 768K, reserved 1048576K
Heap Regions: E=young(eden), S=young(survivor), O=old, HS=humongous(starts), HC=humongous(continues), CS=collection set, F=free, A=archive, TAMS=top-at-mark-start (previous, next)
|   0|0x0000000082600000, 0x0000000082600000, 0x0000000082700000|  0%| F|  |TAMS 0x0000000082600000, 0x0000000082600000| Untracked 
|   1|0x0000000082700000, 0x0000000082700000, 0x0000000082800000|  0%| F|  |TAMS 0x0000000082700000, 0x0000000082700000| Untracked 
|   2|0x0000000082800000, 0x0000000082800000, 0x0000000082900000|  0%| F|  |TAMS 0x0000000082800000, 0x0000000082800000| Untracked 
|   3|0x0000000082900000, 0x0000000082900000, 0x0000000082a00000|  0%| F|  |TAMS 0x0000000082900000, 0x0000000082900000| Untracked 
|   4|0x0000000082a00000, 0x0000000082a00000, 0x0000000082b00000|  0%| F|  |TAMS 0x0000000082a00000, 0x0000000082a00000| Untracked 
|   5|0x0000000082b00000, 0x0000000082b00000, 0x0000000082c00000|  0%| F|  |TAMS 0x0000000082b00000, 0x0000000082b00000| Untracked 
|   6|0x0000000082c00000, 0x0000000082c00000, 0x0000000082d00000|  0%| F|  |TAMS 0x0000000082c00000, 0x0000000082c00000| Untracked 
|   7|0x0000000082d00000, 0x0000000082d00000, 0x0000000082e00000|  0%| F|  |TAMS 0x0000000082d00000, 0x0000000082d00000| Untracked 
|   8|0x0000000082e00000, 0x0000000082e00000, 0x0000000082f00000|  0%| F|  |TAMS 0x0000000082e00000, 0x0000000082e00000| Untracked 
|   9|0x0000000082f00000, 0x0000000082f00000, 0x0000000083000000|  0%| F|  |TAMS 0x0000000082f00000, 0x0000000082f00000| Untracked 
|  10|0x0000000083000000, 0x0000000083000000, 0x0000000083100000|  0%| F|  |TAMS 0x0000000083000000, 0x0000000083000000| Untracked 
|  11|0x0000000083100000, 0x0000000083100000, 0x0000000083200000|  0%| F|  |TAMS 0x0000000083100000, 0x0000000083100000| Untracked 
|  12|0x0000000083200000, 0x0000000083200000, 0x0000000083300000|  0%| F|  |TAMS 0x0000000083200000, 0x0000000083200000| Untracked 
|  13|0x0000000083300000, 0x0000000083300000, 0x0000000083400000|  0%| F|  |TAMS 0x0000000083300000, 0x0000000083300000| Untracked 
|  14|0x0000000083400000, 0x0000000083400000, 0x0000000083500000|  0%| F|  |TAMS 0x0000000083400000, 0x0000000083400000| Untracked 
|  15|0x0000000083500000, 0x0000000083500000, 0x0000000083600000|  0%| F|  |TAMS 0x0000000083500000, 0x0000000083500000| Untracked 
|  16|0x0000000083600000, 0x0000000083600000, 0x0000000083700000|  0%| F|  |TAMS 0x0000000083600000, 0x0000000083600000| Untracked 
|  17|0x0000000083700000, 0x0000000083700000, 0x0000000083800000|  0%| F|  |TAMS 0x0000000083700000, 0x0000000083700000| Untracked 
|  18|0x0000000083800000, 0x0000000083800000, 0x0000000083900000|  0%| F|  |TAMS 0x0000000083800000, 0x0000000083800000| Untracked 
|  19|0x0000000083900000, 0x0000000083900000, 0x0000000083a00000|  0%| F|  |TAMS 0x0000000083900000, 0x0000000083900000| Untracked 
|  20|0x0000000083a00000, 0x0000000083a00000, 0x0000000083b00000|  0%| F|  |TAMS 0x0000000083a00000, 0x0000000083a00000| Untracked 
|  21|0x0000000083b00000, 0x0000000083b00000, 0x0000000083c00000|  0%| F|  |TAMS 0x0000000083b00000, 0x0000000083b00000| Untracked 
|  22|0x0000000083c00000, 0x0000000083c00000, 0x0000000083d00000|  0%| F|  |TAMS 0x0000000083c00000, 0x0000000083c00000| Untracked 
|  23|0x0000000083d00000, 0x0000000083d00000, 0x0000000083e00000|  0%| F|  |TAMS 0x0000000083d00000, 0x0000000083d00000| Untracked 
|  24|0x0000000083e00000, 0x0000000083e00000, 0x0000000083f00000|  0%| F|  |TAMS 0x0000000083e00000, 0x0000000083e00000| Untracked 
|  25|0x0000000083f00000, 0x0000000083f00000, 0x0000000084000000|  0%| F|  |TAMS 0x0000000083f00000, 0x0000000083f00000| Untracked 
|  26|0x0000000084000000, 0x0000000084000000, 0x0000000084100000|  0%| F|  |TAMS 0x0000000084000000, 0x0000000084000000| Untracked 
|  27|0x0000000084100000, 0x0000000084100000, 0x0000000084200000|  0%| F|  |TAMS 0x0000000084100000, 0x0000000084100000| Untracked 
|  28|0x0000000084200000, 0x0000000084200000, 0x0000000084300000|  0%| F|  |TAMS 0x0000000084200000, 0x0000000084200000| Untracked 
|  29|0x0000000084300000, 0x0000000084300000, 0x0000000084400000|  0%| F|  |TAMS 0x0000000084300000, 0x0000000084300000| Untracked 
|  30|0x0000000084400000, 0x0000000084400000, 0x0000000084500000|  0%| F|  |TAMS 0x0000000084400000, 0x0000000084400000| Untracked 
|  31|0x0000000084500000, 0x0000000084500000, 0x0000000084600000|  0%| F|  |TAMS 0x0000000084500000, 0x0000000084500000| Untracked 
|  32|0x0000000084600000, 0x0000000084600000, 0x0000000084700000|  0%| F|  |TAMS 0x0000000084600000, 0x0000000084600000| Untracked 
|  33|0x0000000084700000, 0x0000000084700000, 0x0000000084800000|  0%| F|  |TAMS 0x0000000084700000, 0x0000000084700000| Untracked 
|  34|0x0000000084800000, 0x0000000084800000, 0x0000000084900000|  0%| F|  |TAMS 0x0000000084800000, 0x0000000084800000| Untracked 
|  35|0x0000000084900000, 0x0000000084900000, 0x0000000084a00000|  0%| F|  |TAMS 0x0000000084900000, 0x0000000084900000| Untracked 
|  36|0x0000000084a00000, 0x0000000084a00000, 0x0000000084b00000|  0%| F|  |TAMS 0x0000000084a00000, 0x0000000084a00000| Untracked 
|  37|0x0000000084b00000, 0x0000000084b00000, 0x0000000084c00000|  0%| F|  |TAMS 0x0000000084b00000, 0x0000000084b00000| Untracked 
|  38|0x0000000084c00000, 0x0000000084c00000, 0x0000000084d00000|  0%| F|  |TAMS 0x0000000084c00000, 0x0000000084c00000| Untracked 
|  39|0x0000000084d00000, 0x0000000084d00000, 0x0000000084e00000|  0%| F|  |TAMS 0x0000000084d00000, 0x0000000084d00000| Untracked 
|  40|0x0000000084e00000, 0x0000000084e00000, 0x0000000084f00000|  0%| F|  |TAMS 0x0000000084e00000, 0x0000000084e00000| Untracked 
|  41|0x0000000084f00000, 0x0000000084f00000, 0x0000000085000000|  0%| F|  |TAMS 0x0000000084f00000, 0x0000000084f00000| Untracked 
|  42|0x0000000085000000, 0x0000000085000000, 0x0000000085100000|  0%| F|  |TAMS 0x0000000085000000, 0x0000000085000000| Untracked 
|  43|0x0000000085100000, 0x0000000085100000, 0x0000000085200000|  0%| F|  |TAMS 0x0000000085100000, 0x0000000085100000| Untracked 
|  44|0x0000000085200000, 0x0000000085200000, 0x0000000085300000|  0%| F|  |TAMS 0x0000000085200000, 0x0000000085200000| Untracked 
|  45|0x0000000085300000, 0x0000000085300000, 0x0000000085400000|  0%| F|  |TAMS 0x0000000085300000, 0x0000000085300000| Untracked 
|  46|0x0000000085400000, 0x0000000085400000, 0x0000000085500000|  0%| F|  |TAMS 0x0000000085400000, 0x0000000085400000| Untracked 
|  47|0x0000000085500000, 0x0000000085500000, 0x0000000085600000|  0%| F|  |TAMS 0x0000000085500000, 0x0000000085500000| Untracked 
|  48|0x0000000085600000, 0x0000000085600000, 0x0000000085700000|  0%| F|  |TAMS 0x0000000085600000, 0x0000000085600000| Untracked 
|  49|0x0000000085700000, 0x0000000085700000, 0x0000000085800000|  0%| F|  |TAMS 0x0000000085700000, 0x0000000085700000| Untracked 
|  50|0x0000000085800000, 0x0000000085800000, 0x0000000085900000|  0%| F|  |TAMS 0x0000000085800000, 0x0000000085800000| Untracked 
|  51|0x0000000085900000, 0x0000000085900000, 0x0000000085a00000|  0%| F|  |TAMS 0x0000000085900000, 0x0000000085900000| Untracked 
|  52|0x0000000085a00000, 0x0000000085a00000, 0x0000000085b00000|  0%| F|  |TAMS 0x0000000085a00000, 0x0000000085a00000| Untracked 
|  53|0x0000000085b00000, 0x0000000085b00000, 0x0000000085c00000|  0%| F|  |TAMS 0x0000000085b00000, 0x0000000085b00000| Untracked 
|  54|0x0000000085c00000, 0x0000000085c00000, 0x0000000085d00000|  0%| F|  |TAMS 0x0000000085c00000, 0x0000000085c00000| Untracked 
|  55|0x0000000085d00000, 0x0000000085d00000, 0x0000000085e00000|  0%| F|  |TAMS 0x0000000085d00000, 0x0000000085d00000| Untracked 
|  56|0x0000000085e00000, 0x0000000085e00000, 0x0000000085f00000|  0%| F|  |TAMS 0x0000000085e00000, 0x0000000085e00000| Untracked 
|  57|0x0000000085f00000, 0x0000000085f00000, 0x0000000086000000|  0%| F|  |TAMS 0x0000000085f00000, 0x0000000085f00000| Untracked 
|  58|0x0000000086000000, 0x0000000086000000, 0x0000000086100000|  0%| F|  |TAMS 0x0000000086000000, 0x0000000086000000| Untracked 
|  59|0x0000000086100000, 0x0000000086100000, 0x0000000086200000|  0%| F|  |TAMS 0x0000000086100000, 0x0000000086100000| Untracked 
|  60|0x0000000086200000, 0x0000000086200000, 0x0000000086300000|  0%| F|  |TAMS 0x0000000086200000, 0x0000000086200000| Untracked 
|  61|0x0000000086300000, 0x0000000086300000, 0x0000000086400000|  0%| F|  |TAMS 0x0000000086300000, 0x0000000086300000| Untracked 
|  62|0x0000000086400000, 0x0000000086400000, 0x0000000086500000|  0%| F|  |TAMS 0x0000000086400000, 0x0000000086400000| Untracked 
|  63|0x0000000086500000, 0x0000000086500000, 0x0000000086600000|  0%| F|  |TAMS 0x0000000086500000, 0x0000000086500000| Untracked 
|  64|0x0000000086600000, 0x0000000086600000, 0x0000000086700000|  0%| F|  |TAMS 0x0000000086600000, 0x0000000086600000| Untracked 
|  65|0x0000000086700000, 0x0000000086700000, 0x0000000086800000|  0%| F|  |TAMS 0x0000000086700000, 0x0000000086700000| Untracked 
|  66|0x0000000086800000, 0x0000000086800000, 0x0000000086900000|  0%| F|  |TAMS 0x0000000086800000, 0x0000000086800000| Untracked 
|  67|0x0000000086900000, 0x0000000086900000, 0x0000000086a00000|  0%| F|  |TAMS 0x0000000086900000, 0x0000000086900000| Untracked 
|  68|0x0000000086a00000, 0x0000000086a00000, 0x0000000086b00000|  0%| F|  |TAMS 0x0000000086a00000, 0x0000000086a00000| Untracked 
|  69|0x0000000086b00000, 0x0000000086b00000, 0x0000000086c00000|  0%| F|  |TAMS 0x0000000086b00000, 0x0000000086b00000| Untracked 
|  70|0x0000000086c00000, 0x0000000086c00000, 0x0000000086d00000|  0%| F|  |TAMS 0x0000000086c00000, 0x0000000086c00000| Untracked 
|  71|0x0000000086d00000, 0x0000000086d00000, 0x0000000086e00000|  0%| F|  |TAMS 0x0000000086d00000, 0x0000000086d00000| Untracked 
|  72|0x0000000086e00000, 0x0000000086e00000, 0x0000000086f00000|  0%| F|  |TAMS 0x0000000086e00000, 0x0000000086e00000| Untracked 
|  73|0x0000000086f00000, 0x0000000086f00000, 0x0000000087000000|  0%| F|  |TAMS 0x0000000086f00000, 0x0000000086f00000| Untracked 
|  74|0x0000000087000000, 0x0000000087000000, 0x0000000087100000|  0%| F|  |TAMS 0x0000000087000000, 0x0000000087000000| Untracked 
|  75|0x0000000087100000, 0x0000000087100000, 0x0000000087200000|  0%| F|  |TAMS 0x0000000087100000, 0x0000000087100000| Untracked 
|  76|0x0000000087200000, 0x0000000087200000, 0x0000000087300000|  0%| F|  |TAMS 0x0000000087200000, 0x0000000087200000| Untracked 
|  77|0x0000000087300000, 0x0000000087300000, 0x0000000087400000|  0%| F|  |TAMS 0x0000000087300000, 0x0000000087300000| Untracked 
|  78|0x0000000087400000, 0x0000000087400000, 0x0000000087500000|  0%| F|  |TAMS 0x0000000087400000, 0x0000000087400000| Untracked 
|  79|0x0000000087500000, 0x0000000087500000, 0x0000000087600000|  0%| F|  |TAMS 0x0000000087500000, 0x0000000087500000| Untracked 
|  80|0x0000000087600000, 0x0000000087600000, 0x0000000087700000|  0%| F|  |TAMS 0x0000000087600000, 0x0000000087600000| Untracked 
|  81|0x0000000087700000, 0x0000000087700000, 0x0000000087800000|  0%| F|  |TAMS 0x0000000087700000, 0x0000000087700000| Untracked 
|  82|0x0000000087800000, 0x0000000087800000, 0x0000000087900000|  0%| F|  |TAMS 0x0000000087800000, 0x0000000087800000| Untracked 
|  83|0x0000000087900000, 0x0000000087900000, 0x0000000087a00000|  0%| F|  |TAMS 0x0000000087900000, 0x0000000087900000| Untracked 
|  84|0x0000000087a00000, 0x0000000087a00000, 0x0000000087b00000|  0%| F|  |TAMS 0x0000000087a00000, 0x0000000087a00000| Untracked 
|  85|0x0000000087b00000, 0x0000000087b00000, 0x0000000087c00000|  0%| F|  |TAMS 0x0000000087b00000, 0x0000000087b00000| Untracked 
|  86|0x0000000087c00000, 0x0000000087c00000, 0x0000000087d00000|  0%| F|  |TAMS 0x0000000087c00000, 0x0000000087c00000| Untracked 
|  87|0x0000000087d00000, 0x0000000087d00000, 0x0000000087e00000|  0%| F|  |TAMS 0x0000000087d00000, 0x0000000087d00000| Untracked 
|  88|0x0000000087e00000, 0x0000000087e00000, 0x0000000087f00000|  0%| F|  |TAMS 0x0000000087e00000, 0x0000000087e00000| Untracked 
|  89|0x0000000087f00000, 0x0000000087f00000, 0x0000000088000000|  0%| F|  |TAMS 0x0000000087f00000, 0x0000000087f00000| Untracked 
|  90|0x0000000088000000, 0x0000000088000000, 0x0000000088100000|  0%| F|  |TAMS 0x0000000088000000, 0x0000000088000000| Untracked 
|  91|0x0000000088100000, 0x0000000088100000, 0x0000000088200000|  0%| F|  |TAMS 0x0000000088100000, 0x0000000088100000| Untracked 
|  92|0x0000000088200000, 0x0000000088200000, 0x0000000088300000|  0%| F|  |TAMS 0x0000000088200000, 0x0000000088200000| Untracked 
|  93|0x0000000088300000, 0x0000000088300000, 0x0000000088400000|  0%| F|  |TAMS 0x0000000088300000, 0x0000000088300000| Untracked 
|  94|0x0000000088400000, 0x0000000088400000, 0x0000000088500000|  0%| F|  |TAMS 0x0000000088400000, 0x0000000088400000| Untracked 
|  95|0x0000000088500000, 0x0000000088500000, 0x0000000088600000|  0%| F|  |TAMS 0x0000000088500000, 0x0000000088500000| Untracked 
|  96|0x0000000088600000, 0x0000000088600000, 0x0000000088700000|  0%| F|  |TAMS 0x0000000088600000, 0x0000000088600000| Untracked 
|  97|0x0000000088700000, 0x0000000088700000, 0x0000000088800000|  0%| F|  |TAMS 0x0000000088700000, 0x0000000088700000| Untracked 
|  98|0x0000000088800000, 0x0000000088800000, 0x0000000088900000|  0%| F|  |TAMS 0x0000000088800000, 0x0000000088800000| Untracked 
|  99|0x0000000088900000, 0x0000000088900000, 0x0000000088a00000|  0%| F|  |TAMS 0x0000000088900000, 0x0000000088900000| Untracked 
| 100|0x0000000088a00000, 0x0000000088a66008, 0x0000000088b00000| 39%| S|CS|TAMS 0x0000000088a00000, 0x0000000088a00000| Complete 
| 101|0x0000000088b00000, 0x0000000088c00000, 0x0000000088c00000|100%| S|CS|TAMS 0x0000000088b00000, 0x0000000088b00000| Complete 
| 102|0x0000000088c00000, 0x0000000088c00000, 0x0000000088d00000|  0%| F|  |TAMS 0x0000000088c00000, 0x0000000088c00000| Untracked 
| 103|0x0000000088d00000, 0x0000000088d00000, 0x0000000088e00000|  0%| F|  |TAMS 0x0000000088d00000, 0x0000000088d00000| Untracked 
| 104|0x0000000088e00000, 0x0000000088e00000, 0x0000000088f00000|  0%| F|  |TAMS 0x0000000088e00000, 0x0000000088e00000| Untracked 
| 105|0x0000000088f00000, 0x0000000088f00000, 0x0000000089000000|  0%| F|  |TAMS 0x0000000088f00000, 0x0000000088f00000| Untracked 
| 106|0x0000000089000000, 0x0000000089000000, 0x0000000089100000|  0%| F|  |TAMS 0x0000000089000000, 0x0000000089000000| Untracked 
| 107|0x0000000089100000, 0x0000000089100000, 0x0000000089200000|  0%| F|  |TAMS 0x0000000089100000, 0x0000000089100000| Untracked 
| 108|0x0000000089200000, 0x0000000089200000, 0x0000000089300000|  0%| F|  |TAMS 0x0000000089200000, 0x0000000089200000| Untracked 
| 109|0x0000000089300000, 0x0000000089300000, 0x0000000089400000|  0%| F|  |TAMS 0x0000000089300000, 0x0000000089300000| Untracked 
| 110|0x0000000089400000, 0x0000000089400000, 0x0000000089500000|  0%| F|  |TAMS 0x0000000089400000, 0x0000000089400000| Untracked 
| 111|0x0000000089500000, 0x0000000089500000, 0x0000000089600000|  0%| F|  |TAMS 0x0000000089500000, 0x0000000089500000| Untracked 
| 112|0x0000000089600000, 0x0000000089600000, 0x0000000089700000|  0%| F|  |TAMS 0x0000000089600000, 0x0000000089600000| Untracked 
| 113|0x0000000089700000, 0x0000000089700000, 0x0000000089800000|  0%| F|  |TAMS 0x0000000089700000, 0x0000000089700000| Untracked 
| 114|0x0000000089800000, 0x0000000089800000, 0x0000000089900000|  0%| F|  |TAMS 0x0000000089800000, 0x0000000089800000| Untracked 
| 115|0x0000000089900000, 0x0000000089900000, 0x0000000089a00000|  0%| F|  |TAMS 0x0000000089900000, 0x0000000089900000| Untracked 
| 116|0x0000000089a00000, 0x0000000089a00000, 0x0000000089b00000|  0%| F|  |TAMS 0x0000000089a00000, 0x0000000089a00000| Untracked 
| 117|0x0000000089b00000, 0x0000000089b00000, 0x0000000089c00000|  0%| F|  |TAMS 0x0000000089b00000, 0x0000000089b00000| Untracked 
| 118|0x0000000089c00000, 0x0000000089c00000, 0x0000000089d00000|  0%| F|  |TAMS 0x0000000089c00000, 0x0000000089c00000| Untracked 
| 119|0x0000000089d00000, 0x0000000089d00000, 0x0000000089e00000|  0%| F|  |TAMS 0x0000000089d00000, 0x0000000089d00000| Untracked 
| 120|0x0000000089e00000, 0x0000000089e00000, 0x0000000089f00000|  0%| F|  |TAMS 0x0000000089e00000, 0x0000000089e00000| Untracked 
| 121|0x0000000089f00000, 0x0000000089f00000, 0x000000008a000000|  0%| F|  |TAMS 0x0000000089f00000, 0x0000000089f00000| Untracked 
| 122|0x000000008a000000, 0x000000008a100000, 0x000000008a100000|100%| E|  |TAMS 0x000000008a000000, 0x000000008a000000| Complete 
| 123|0x000000008a100000, 0x000000008a200000, 0x000000008a200000|100%| E|CS|TAMS 0x000000008a100000, 0x000000008a100000| Complete 
| 124|0x000000008a200000, 0x000000008a300000, 0x000000008a300000|100%| E|CS|TAMS 0x000000008a200000, 0x000000008a200000| Complete 
| 125|0x000000008a300000, 0x000000008a400000, 0x000000008a400000|100%| E|CS|TAMS 0x000000008a300000, 0x000000008a300000| Complete 

Card table byte_map: [0x000002213b590000,0x000002213b980000] _byte_map_base: 0x000002213b17d000

Marking Bits (Prev, Next): (CMBitMap*) 0x0000022123a96e48, (CMBitMap*) 0x0000022123a96e80
 Prev Bits: [0x000002213bd70000, 0x000002213dcd8000)
 Next Bits: [0x000002213dce0000, 0x000002213fc48000)

Polling page: 0x0000022123230000

Metaspace:

Usage:
  Non-class:      7.33 MB capacity,     7.20 MB ( 98%) used,   125.70 KB (  2%) free+waste,     6.38 KB ( <1%) overhead. 
      Class:    745.00 KB capacity,   699.39 KB ( 94%) used,    42.92 KB (  6%) free+waste,     2.69 KB ( <1%) overhead. 
       Both:      8.05 MB capacity,     7.88 MB ( 98%) used,   168.62 KB (  2%) free+waste,     9.06 KB ( <1%) overhead. 

Virtual space:
  Non-class space:        8.00 MB reserved,       7.50 MB ( 94%) committed 
      Class space:        1.00 GB reserved,     768.00 KB ( <1%) committed 
             Both:        1.01 GB reserved,       8.25 MB ( <1%) committed 

Chunk freelists:
   Non-Class:  6.13 KB
       Class:  2.88 KB
        Both:  9.00 KB

CodeHeap 'non-profiled nmethods': size=120000Kb used=254Kb max_used=254Kb free=119746Kb
 bounds [0x0000022133930000, 0x0000022133ba0000, 0x000002213ae60000]
CodeHeap 'profiled nmethods': size=120000Kb used=762Kb max_used=762Kb free=119237Kb
 bounds [0x000002212c400000, 0x000002212c670000, 0x0000022133930000]
CodeHeap 'non-nmethods': size=5760Kb used=1100Kb max_used=1115Kb free=4659Kb
 bounds [0x000002212be60000, 0x000002212c0d0000, 0x000002212c400000]
 total_blobs=899 nmethods=487 adapters=324
 compilation: enabled
              stopped_count=0, restarted_count=0
 full_count=0

Compilation events (10 events):
Event: 34.745 Thread 0x0000022142f99000 nmethod 482 0x000002213396f190 code [0x000002213396f320, 0x000002213396f438]
Event: 34.745 Thread 0x0000022142f99000  484       3       java.nio.CharBuffer::arrayOffset (35 bytes)
Event: 34.746 Thread 0x0000022142f99000 nmethod 484 0x000002212c4b6f90 code [0x000002212c4b7160, 0x000002212c4b7440]
Event: 34.746 Thread 0x0000022142f99000  485       3       java.util.ArrayList::get (15 bytes)
Event: 34.746 Thread 0x0000022142f96000 nmethod 483 0x000002213396f490 code [0x000002213396f620, 0x000002213396f718]
Event: 34.746 Thread 0x0000022142f99000 nmethod 485 0x000002212c4b7590 code [0x000002212c4b77a0, 0x000002212c4b7ff0]
Event: 34.746 Thread 0x0000022142f99000  486       3       java.util.Objects::checkIndex (7 bytes)
Event: 34.747 Thread 0x0000022142f99000 nmethod 486 0x000002212c4b8290 code [0x000002212c4b84a0, 0x000002212c4b8b50]
Event: 34.755 Thread 0x0000022142f99000  487   !   3       sun.nio.cs.DoubleByte$Encoder::encodeArrayLoop (409 bytes)
Event: 34.759 Thread 0x0000022142f99000 nmethod 487 0x000002212c4b8d90 code [0x000002212c4b9560, 0x000002212c4bd010]

GC Heap History (2 events):
Event: 32.639 GC heap before
{Heap before GC invocations=0 (full 0):
 garbage-first heap   total 129024K, used 24576K [0x0000000082600000, 0x0000000100000000)
  region size 1024K, 24 young (24576K), 0 survivors (0K)
 Metaspace       used 8058K, capacity 8248K, committed 8448K, reserved 1056768K
  class space    used 699K, capacity 745K, committed 768K, reserved 1048576K
}
Event: 32.641 GC heap after
{Heap after GC invocations=1 (full 0):
 garbage-first heap   total 129024K, used 1432K [0x0000000082600000, 0x0000000100000000)
  region size 1024K, 2 young (2048K), 2 survivors (2048K)
 Metaspace       used 8058K, capacity 8248K, committed 8448K, reserved 1056768K
  class space    used 699K, capacity 745K, committed 768K, reserved 1048576K
}

Deoptimization events (10 events):
Event: 5.224 Thread 0x0000022123a5d800 Uncommon trap: reason=unstable_if action=reinterpret pc=0x0000022133952804 method=ca.mcgill.ecse211.project.UltrasonicLocalizer.filter(D)D @ 13 c2
Event: 9.499 Thread 0x0000022121981000 Uncommon trap: reason=unstable_if action=reinterpret pc=0x000002213394f0fc method=java.util.concurrent.locks.AbstractQueuedSynchronizer.isOnSyncQueue(Ljava/util/concurrent/locks/AbstractQueuedSynchronizer$Node;)Z @ 22 c2
Event: 9.499 Thread 0x0000022143116000 Uncommon trap: reason=unstable_if action=reinterpret pc=0x000002213394f0fc method=java.util.concurrent.locks.AbstractQueuedSynchronizer.isOnSyncQueue(Ljava/util/concurrent/locks/AbstractQueuedSynchronizer$Node;)Z @ 22 c2
Event: 17.026 Thread 0x0000022123a5d800 Uncommon trap: reason=unstable_if action=reinterpret pc=0x0000022133967904 method=ca.mcgill.ecse211.project.LightLocalizer.isBlack(II)Z @ 13 c2
Event: 20.234 Thread 0x0000022143116000 Uncommon trap: reason=unstable_if action=reinterpret pc=0x000002213395a0c4 method=java.util.concurrent.locks.ReentrantLock$FairSync.tryAcquire(I)Z @ 10 c2
Event: 20.234 Thread 0x0000022143116000 Uncommon trap: reason=class_check action=maybe_recompile pc=0x000002213395ca78 method=java.util.concurrent.locks.AbstractQueuedSynchronizer.acquireQueued(Ljava/util/concurrent/locks/AbstractQueuedSynchronizer$Node;I)Z @ 19 c2
Event: 20.234 Thread 0x0000022143116000 Uncommon trap: reason=unstable_if action=reinterpret pc=0x0000022133958860 method=java.util.concurrent.locks.ReentrantLock$FairSync.tryAcquire(I)Z @ 10 c2
Event: 20.257 Thread 0x0000022143116000 Uncommon trap: reason=unstable_if action=reinterpret pc=0x0000022133958bfc method=java.util.concurrent.locks.AbstractQueuedSynchronizer.hasQueuedPredecessors()Z @ 6 c2
Event: 26.091 Thread 0x0000022123a5d800 Uncommon trap: reason=unstable_if action=reinterpret pc=0x0000022133954350 method=java.lang.Math.round(D)J @ 31 c2
Event: 34.745 Thread 0x0000022143116000 Uncommon trap: reason=class_check action=maybe_recompile pc=0x000002213395ca78 method=java.util.concurrent.locks.AbstractQueuedSynchronizer.acquireQueued(Ljava/util/concurrent/locks/AbstractQueuedSynchronizer$Node;I)Z @ 19 c2

Classes redefined (0 events):
No events

Internal exceptions (0 events):
No events

Events (10 events):
Event: 32.642 Executing VM operation: RevokeBias done
Event: 32.642 Executing VM operation: RevokeBias
Event: 32.642 Executing VM operation: RevokeBias done
Event: 32.642 Executing VM operation: RevokeBias
Event: 32.642 Executing VM operation: RevokeBias done
Event: 34.745 Thread 0x0000022143116000 Uncommon trap: trap_request=0xffffffde fr.pc=0x000002213395ca78 relative=0x0000000000000898
Event: 34.745 Thread 0x0000022143116000 DEOPT PACKING pc=0x000002213395ca78 sp=0x0000003e29bfee30
Event: 34.745 Thread 0x0000022143116000 DEOPT UNPACKING pc=0x000002212be88f2f sp=0x0000003e29bfee00 mode 2
Event: 35.129 Thread 0x0000022123a5d800 DEOPT PACKING pc=0x000002212c4b6614 sp=0x0000003e289ff100
Event: 35.129 Thread 0x0000022123a5d800 DEOPT UNPACKING pc=0x000002212be88d4e sp=0x0000003e289fe608 mode 0


Dynamic libraries:
0x00007ff785170000 - 0x00007ff78517f000 	C:\Program Files\Java\jdk-11.0.8\bin\javaw.exe
0x00007ffc56960000 - 0x00007ffc56b50000 	C:\WINDOWS\SYSTEM32\ntdll.dll
0x00007ffc55060000 - 0x00007ffc55112000 	C:\WINDOWS\System32\KERNEL32.DLL
0x00007ffc54550000 - 0x00007ffc547f5000 	C:\WINDOWS\System32\KERNELBASE.dll
0x00007ffc538f0000 - 0x00007ffc539ea000 	C:\WINDOWS\System32\ucrtbase.dll
0x00007ffc46480000 - 0x00007ffc46498000 	C:\Program Files\Java\jdk-11.0.8\bin\jli.dll
0x00007ffc44200000 - 0x00007ffc44215000 	C:\Program Files\Java\jdk-11.0.8\bin\VCRUNTIME140.dll
0x00007ffc55180000 - 0x00007ffc55223000 	C:\WINDOWS\System32\ADVAPI32.dll
0x00007ffc54fc0000 - 0x00007ffc5505e000 	C:\WINDOWS\System32\msvcrt.dll
0x00007ffc55400000 - 0x00007ffc55497000 	C:\WINDOWS\System32\sechost.dll
0x00007ffc56750000 - 0x00007ffc56870000 	C:\WINDOWS\System32\RPCRT4.dll
0x00007ffc54a10000 - 0x00007ffc54ba5000 	C:\WINDOWS\System32\USER32.dll
0x00007ffc54800000 - 0x00007ffc54821000 	C:\WINDOWS\System32\win32u.dll
0x00007ffc56870000 - 0x00007ffc56896000 	C:\WINDOWS\System32\GDI32.dll
0x00007ffc543b0000 - 0x00007ffc54546000 	C:\WINDOWS\System32\gdi32full.dll
0x00007ffc54310000 - 0x00007ffc543ae000 	C:\WINDOWS\System32\msvcp_win.dll
0x00007ffc3b950000 - 0x00007ffc3bbd4000 	C:\WINDOWS\WinSxS\amd64_microsoft.windows.common-controls_6595b64144ccf1df_6.0.18362.1082_none_9e8193e1e45b25c1\COMCTL32.dll
0x00007ffc54bb0000 - 0x00007ffc54ee5000 	C:\WINDOWS\System32\combase.dll
0x00007ffc539f0000 - 0x00007ffc53a70000 	C:\WINDOWS\System32\bcryptPrimitives.dll
0x00007ffc4c2a0000 - 0x00007ffc4c2aa000 	C:\WINDOWS\SYSTEM32\VERSION.dll
0x00007ffc55a90000 - 0x00007ffc55abe000 	C:\WINDOWS\System32\IMM32.DLL
0x00007ffc3c050000 - 0x00007ffc3c0eb000 	C:\Program Files\Java\jdk-11.0.8\bin\msvcp140.dll
0x00007ffbece40000 - 0x00007ffbed926000 	C:\Program Files\Java\jdk-11.0.8\bin\server\jvm.dll
0x00007ffc555d0000 - 0x00007ffc555d8000 	C:\WINDOWS\System32\PSAPI.DLL
0x00007ffc50fb0000 - 0x00007ffc50fd4000 	C:\WINDOWS\SYSTEM32\WINMM.dll
0x00007ffc4c350000 - 0x00007ffc4c359000 	C:\WINDOWS\SYSTEM32\WSOCK32.dll
0x00007ffc568b0000 - 0x00007ffc5691f000 	C:\WINDOWS\System32\WS2_32.dll
0x00007ffc50f80000 - 0x00007ffc50fad000 	C:\WINDOWS\SYSTEM32\WINMMBASE.dll
0x00007ffc53b20000 - 0x00007ffc53b6a000 	C:\WINDOWS\System32\cfgmgr32.dll
0x00007ffc53830000 - 0x00007ffc53841000 	C:\WINDOWS\System32\kernel.appcore.dll
0x00007ffc4c310000 - 0x00007ffc4c320000 	C:\Program Files\Java\jdk-11.0.8\bin\verify.dll
0x00007ffc51fc0000 - 0x00007ffc521b4000 	C:\WINDOWS\SYSTEM32\DBGHELP.DLL
0x00007ffc459a0000 - 0x00007ffc459ca000 	C:\WINDOWS\SYSTEM32\dbgcore.DLL
0x00007ffc3ec30000 - 0x00007ffc3ec58000 	C:\Program Files\Java\jdk-11.0.8\bin\java.dll
0x00007ffc4ba90000 - 0x00007ffc4ba9a000 	C:\Program Files\Java\jdk-11.0.8\bin\jimage.dll
0x00007ffc40380000 - 0x00007ffc40396000 	C:\Program Files\Java\jdk-11.0.8\bin\zip.dll
0x00007ffc55bf0000 - 0x00007ffc562d7000 	C:\WINDOWS\System32\SHELL32.dll
0x00007ffc55520000 - 0x00007ffc555c9000 	C:\WINDOWS\System32\shcore.dll
0x00007ffc53b70000 - 0x00007ffc542f0000 	C:\WINDOWS\System32\windows.storage.dll
0x00007ffc538a0000 - 0x00007ffc538c3000 	C:\WINDOWS\System32\profapi.dll
0x00007ffc53850000 - 0x00007ffc5389a000 	C:\WINDOWS\System32\powrprof.dll
0x00007ffc53820000 - 0x00007ffc53830000 	C:\WINDOWS\System32\UMPDC.dll
0x00007ffc55120000 - 0x00007ffc55172000 	C:\WINDOWS\System32\shlwapi.dll
0x00007ffc542f0000 - 0x00007ffc54307000 	C:\WINDOWS\System32\cryptsp.dll
0x00007ffc3fdb0000 - 0x00007ffc3fdc9000 	C:\Program Files\Java\jdk-11.0.8\bin\net.dll
0x00007ffc51280000 - 0x00007ffc51370000 	C:\WINDOWS\SYSTEM32\WINHTTP.dll
0x00007ffc53060000 - 0x00007ffc530c7000 	C:\WINDOWS\system32\mswsock.dll
0x00007ffc3ec10000 - 0x00007ffc3ec22000 	C:\Program Files\Java\jdk-11.0.8\bin\nio.dll
0x000000006e780000 - 0x000000006e7c0000 	C:\Users\denni\AppData\Local\Programs\Webots\lib\controller\java\JavaController.dll
0x000000006fc40000 - 0x000000006fdf1000 	C:\Users\denni\AppData\Local\Programs\Webots\msys64\mingw64\bin\cpp\libstdc++-6.dll
0x0000000061440000 - 0x000000006145c000 	C:\Users\denni\AppData\Local\Programs\Webots\msys64\mingw64\bin\cpp\libgcc_s_seh-1.dll
0x0000000064940000 - 0x0000000064956000 	C:\Users\denni\AppData\Local\Programs\Webots\msys64\mingw64\bin\cpp\libwinpthread-1.dll
0x0000000064f40000 - 0x0000000064fac000 	C:\Users\denni\AppData\Local\Programs\Webots\lib\controller\CppController.dll
0x000000006aa40000 - 0x000000006aac8000 	C:\Users\denni\AppData\Local\Programs\Webots\lib\controller\Controller.dll
0x0000000063e00000 - 0x0000000063e1b000 	C:\Users\denni\AppData\Local\Programs\Webots\RESOUR~1\projects\plugins\ROBOT_~1\generic\generic.dll

dbghelp: loaded successfully - version: 4.0.5 - missing functions: none
symbol engine: initialized successfully - sym options: 0x614 - pdb path: .;C:\Program Files\Java\jdk-11.0.8\bin;C:\WINDOWS\SYSTEM32;C:\WINDOWS\WinSxS\amd64_microsoft.windows.common-controls_6595b64144ccf1df_6.0.18362.1082_none_9e8193e1e45b25c1;C:\Program Files\Java\jdk-11.0.8\bin\server;C:\Users\denni\AppData\Local\Programs\Webots\lib\controller\java;C:\Users\denni\AppData\Local\Programs\Webots\msys64\mingw64\bin\cpp;C:\Users\denni\AppData\Local\Programs\Webots\lib\controller;C:\Users\denni\AppData\Local\Programs\Webots\RESOUR~1\projects\plugins\ROBOT_~1\generic

VM Arguments:
jvm_args: -Djava.library.path=C:/Users/denni/AppData/Local/Programs/Webots/lib/controller/java 
java_command: T06Controller
java_class_path (initial): C:/Users/denni/AppData/Local/Programs/Webots/lib/controller/java/Controller.jar;C:/Users/denni/Desktop/School/MCGILL/ECSE21~1/WORKSP~1/LAB_FI~1/PROJEC~1/CONTRO~1/T06CON~1/;..\lib\simlejos.jar;..\lib\EV3WiFiClient.jar
Launcher Type: SUN_STANDARD

[Global flags]
     intx CICompilerCount                          = 4                                         {product} {ergonomic}
     uint ConcGCThreads                            = 2                                         {product} {ergonomic}
     uint G1ConcRefinementThreads                  = 8                                         {product} {ergonomic}
   size_t G1HeapRegionSize                         = 1048576                                   {product} {ergonomic}
    uintx GCDrainStackTargetSize                   = 64                                        {product} {ergonomic}
   size_t InitialHeapSize                          = 132120576                                 {product} {ergonomic}
   size_t MarkStackSize                            = 4194304                                   {product} {ergonomic}
   size_t MaxHeapSize                              = 2107637760                                {product} {ergonomic}
   size_t MaxNewSize                               = 1264582656                                {product} {ergonomic}
   size_t MinHeapDeltaBytes                        = 1048576                                   {product} {ergonomic}
    uintx NonNMethodCodeHeapSize                   = 5836300                                {pd product} {ergonomic}
    uintx NonProfiledCodeHeapSize                  = 122910970                              {pd product} {ergonomic}
    uintx ProfiledCodeHeapSize                     = 122910970                              {pd product} {ergonomic}
    uintx ReservedCodeCacheSize                    = 251658240                              {pd product} {ergonomic}
     bool SegmentedCodeCache                       = true                                      {product} {ergonomic}
     bool UseCompressedClassPointers               = true                                 {lp64_product} {ergonomic}
     bool UseCompressedOops                        = true                                 {lp64_product} {ergonomic}
     bool UseG1GC                                  = true                                      {product} {ergonomic}
     bool UseLargePagesIndividualAllocation        = false                                  {pd product} {ergonomic}

Logging:
Log output configuration:
 #0: stdout all=warning uptime,level,tags
 #1: stderr all=off uptime,level,tags

Environment Variables:
JAVA_HOME=C:\Program Files\Java\jdk-11.0.8
CLASSPATH=..\lib\simlejos.jar;..\lib\EV3WiFiClient.jar
PATH=C:\Users\denni\AppData\Local\Programs\Webots\msys64\mingw64\bin\cpp;C:\Program Files\Common Files\Oracle\Java\javapath;C:\Windows\system32;C:\Windows;C:\Windows\System32\Wbem;C:\Windows\System32\WindowsPowerShell\v1.0\;C:\Windows\System32\OpenSSH\;C:\Program Files (x86)\NVIDIA Corporation\PhysX\Common;C:\WINDOWS\system32;C:\WINDOWS;C:\WINDOWS\System32\Wbem;C:\WINDOWS\System32\WindowsPowerShell\v1.0\;C:\WINDOWS\System32\OpenSSH\;C:\Program Files\Git\cmd;C:\Program Files\Microsoft SQL Server\130\Tools\Binn\;C:\Users\denni\AppData\Local\Microsoft\WindowsApps;C:\Users\denni\AppData\Local\GitHubDesktop\bin;C:\intelFPGA\18.0\modelsim_ase\win32aloem;C:\Users\denni\AppData\Roaming\Dashlane\6.2035.0.38627\bin\Firefox_Extension\{442718d9-475e-452a-b3e1-fb1ee16b8e9f}\components;C:\Users\denni\AppData\Roaming\Dashlane\6.2035.0.38627\ucrt;C:\Users\denni\AppData\Roaming\Dashlane\6.2035.0.38627\bin\Qt;C:\Users\denni\AppData\Roaming\Dashlane\6.2035.0.38627\bin\Ssl;C:\Program Files\Java\jdk-11.0.8\bin;C:\Users\denni\AppData\Local\Programs\Webots\lib\controller
USERNAME=denni
OS=Windows_NT
PROCESSOR_IDENTIFIER=Intel64 Family 6 Model 142 Stepping 11, GenuineIntel



---------------  S Y S T E M  ---------------

OS: Windows 10 , 64 bit Build 18362 (10.0.18362.1082)

CPU:total 8 (initial active 8) (4 cores per cpu, 2 threads per core) family 6 model 142 stepping 11, cmov, cx8, fxsr, mmx, sse, sse2, sse3, ssse3, sse4.1, sse4.2, popcnt, avx, avx2, aes, clmul, erms, 3dnowpref, lzcnt, ht, tsc, tscinvbit, bmi1, bmi2, adx, fma

Memory: 4k page, system-wide physical 8037M (2698M free)
TotalPageFile size 11493M (AvailPageFile size 3518M)
current process WorkingSet (physical memory assigned to process): 63M, peak: 64M
current process commit charge ("private bytes"): 207M, peak: 211M

vm_info: Java HotSpot(TM) 64-Bit Server VM (11.0.8+10-LTS) for windows-amd64 JRE (11.0.8+10-LTS), built on Jun 16 2020 05:53:08 by "mach5one" with unknown MS VC++:1916

END.
